43.0 APEX_CODE,FINEST;APEX_PROFILING,INFO;CALLOUT,INFO;DB,INFO;NBA,INFO;SYSTEM,DEBUG;VALIDATION,INFO;VISUALFORCE,INFO;WAVE,INFO;WORKFLOW,INFO
17:44:49.0 (72314)|USER_INFO|[EXTERNAL]|005f2000008Qgef|gabriel.arce@salesforce.com|Argentine Time|GMT-03:00
17:44:49.0 (99146)|EXECUTION_STARTED
17:44:49.0 (102652)|CODE_UNIT_STARTED|[EXTERNAL]|Aura
17:44:49.0 (1229216)|CODE_UNIT_STARTED|[EXTERNAL]|01pf2000002PUqf|CompensationsController.getRecordTypes()
17:44:49.0 (1372925)|HEAP_ALLOCATE|[72]|Bytes:3
17:44:49.0 (1417161)|HEAP_ALLOCATE|[77]|Bytes:152
17:44:49.0 (1435530)|HEAP_ALLOCATE|[342]|Bytes:408
17:44:49.0 (1455744)|HEAP_ALLOCATE|[355]|Bytes:408
17:44:49.0 (1474903)|HEAP_ALLOCATE|[467]|Bytes:48
17:44:49.0 (1503093)|HEAP_ALLOCATE|[139]|Bytes:6
17:44:49.0 (1589007)|HEAP_ALLOCATE|[EXTERNAL]|Bytes:7
17:44:49.0 (1597882)|HEAP_ALLOCATE|[EXTERNAL]|Bytes:4
17:44:49.0 (1637916)|METHOD_ENTRY|[1]|01pf2000002PUqf|CompensationsController.CompensationsController()
17:44:49.0 (1647133)|STATEMENT_EXECUTE|[1]
17:44:49.0 (1653530)|STATEMENT_EXECUTE|[1]
17:44:49.0 (1710439)|HEAP_ALLOCATE|[50]|Bytes:5
17:44:49.0 (1741519)|HEAP_ALLOCATE|[56]|Bytes:5
17:44:49.0 (1750701)|HEAP_ALLOCATE|[64]|Bytes:7
17:44:49.0 (1774288)|SYSTEM_MODE_ENTER|false
17:44:49.0 (1883198)|HEAP_ALLOCATE|[EXTERNAL]|Bytes:5
17:44:49.0 (1891423)|SYSTEM_MODE_EXIT|false
17:44:49.0 (1912910)|METHOD_EXIT|[1]|CompensationsController
17:44:49.0 (1923420)|SYSTEM_MODE_ENTER|false
17:44:49.0 (1934698)|HEAP_ALLOCATE|[30]|Bytes:5
17:44:49.0 (1939394)|STATEMENT_EXECUTE|[29]
17:44:49.0 (1941731)|STATEMENT_EXECUTE|[30]
17:44:49.0 (1945654)|HEAP_ALLOCATE|[30]|Bytes:74
17:44:49.0 (1967537)|HEAP_ALLOCATE|[30]|Bytes:4
17:44:49.0 (2221689)|SOQL_EXECUTE_BEGIN|[30]|Aggregations:0|SELECT DeveloperName FROM RecordType WHERE SobjectType = 'Compensation__c'
17:44:49.0 (10421821)|SOQL_EXECUTE_END|[30]|Rows:3
17:44:49.0 (10449719)|HEAP_ALLOCATE|[30]|Bytes:16
17:44:49.0 (10475152)|HEAP_ALLOCATE|[30]|Bytes:157
17:44:49.0 (10559464)|HEAP_ALLOCATE|[30]|Bytes:16
17:44:49.0 (10582828)|VARIABLE_SCOPE_BEGIN|[30]|recordTypesCompensation|List<RecordType>|true|false
17:44:49.0 (10638303)|VARIABLE_ASSIGNMENT|[30]|recordTypesCompensation|[{"DeveloperName":"Research","Id":"012f2000000qOq6AAE"},{"DeveloperName":"Salary","Id":"012f2000000qOpwAAE"},{"DeveloperName":"Study","Id":"012f2000000qOq1AAE"}]|0x20180588
17:44:49.0 (10648707)|STATEMENT_EXECUTE|[32]
17:44:49.0 (10662128)|HEAP_ALLOCATE|[32]|Bytes:4
17:44:49.0 (10766539)|VARIABLE_SCOPE_BEGIN|[32]|nameList|List<String>|true|false
17:44:49.0 (10805525)|HEAP_ALLOCATE|[EXTERNAL]|Bytes:4
17:44:49.0 (10819402)|VARIABLE_ASSIGNMENT|[32]|nameList|[]|0x37b9ac65
17:44:49.0 (10827060)|STATEMENT_EXECUTE|[33]
17:44:49.0 (10831106)|HEAP_ALLOCATE|[33]|Bytes:3
17:44:49.0 (10886970)|HEAP_ALLOCATE|[EXTERNAL]|Bytes:4
17:44:49.0 (11025273)|HEAP_ALLOCATE|[35]|Bytes:5
17:44:49.0 (11073048)|HEAP_ALLOCATE|[35]|Bytes:12
17:44:49.0 (11083990)|VARIABLE_SCOPE_BEGIN|[35]|r|RecordType|true|false
17:44:49.0 (11103823)|VARIABLE_ASSIGNMENT|[35]|r|{"DeveloperName":"Research","Id":"012f2000000qOq6AAE"}|0x5734717f
17:44:49.0 (11114392)|STATEMENT_EXECUTE|[35]
17:44:49.0 (11116231)|STATEMENT_EXECUTE|[37]
17:44:49.0 (11163801)|HEAP_ALLOCATE|[EXTERNAL]|Bytes:4
17:44:49.0 (11180994)|HEAP_ALLOCATE|[35]|Bytes:5
17:44:49.0 (11192843)|HEAP_ALLOCATE|[35]|Bytes:12
17:44:49.0 (11199387)|VARIABLE_SCOPE_BEGIN|[35]|r|RecordType|true|false
17:44:49.0 (11216553)|VARIABLE_ASSIGNMENT|[35]|r|{"DeveloperName":"Salary","Id":"012f2000000qOpwAAE"}|0x2d942578
17:44:49.0 (11223561)|STATEMENT_EXECUTE|[35]
17:44:49.0 (11225139)|STATEMENT_EXECUTE|[37]
17:44:49.0 (11235973)|HEAP_ALLOCATE|[EXTERNAL]|Bytes:4
17:44:49.0 (11247852)|HEAP_ALLOCATE|[35]|Bytes:5
17:44:49.0 (11256856)|HEAP_ALLOCATE|[35]|Bytes:12
17:44:49.0 (11262358)|VARIABLE_SCOPE_BEGIN|[35]|r|RecordType|true|false
17:44:49.0 (11275779)|VARIABLE_ASSIGNMENT|[35]|r|{"DeveloperName":"Study","Id":"012f2000000qOq1AAE"}|0x7f9b9097
17:44:49.0 (11282289)|STATEMENT_EXECUTE|[35]
17:44:49.0 (11284170)|STATEMENT_EXECUTE|[37]
17:44:49.0 (11292001)|HEAP_ALLOCATE|[EXTERNAL]|Bytes:4
17:44:49.0 (11302796)|HEAP_ALLOCATE|[35]|Bytes:5
17:44:49.0 (11313258)|VARIABLE_ASSIGNMENT|[35]|r|null|
17:44:49.0 (11318962)|STATEMENT_EXECUTE|[39]
17:44:49.0 (11329871)|SYSTEM_MODE_EXIT|false
17:44:49.11 (11361304)|CUMULATIVE_LIMIT_USAGE
17:44:49.11 (11361304)|LIMIT_USAGE_FOR_NS|(default)|
  Number of SOQL queries: 1 out of 100
  Number of query rows: 3 out of 50000
  Number of SOSL queries: 0 out of 20
  Number of DML statements: 0 out of 150
  Number of DML rows: 0 out of 10000
  Maximum CPU time: 0 out of 10000
  Maximum heap size: 0 out of 6000000
  Number of callouts: 0 out of 100
  Number of Email Invocations: 0 out of 10
  Number of future calls: 0 out of 50
  Number of queueable jobs added to the queue: 0 out of 50
  Number of Mobile Apex push calls: 0 out of 10

17:44:49.11 (11361304)|CUMULATIVE_LIMIT_USAGE_END

17:44:49.0 (11395178)|CODE_UNIT_FINISHED|CompensationsController.getRecordTypes()
17:44:49.0 (11464640)|CODE_UNIT_FINISHED|Aura
17:44:49.0 (12957399)|EXECUTION_FINISHED
