43.0 APEX_CODE,FINEST;APEX_PROFILING,INFO;CALLOUT,INFO;DB,INFO;NBA,INFO;SYSTEM,DEBUG;VALIDATION,INFO;VISUALFORCE,INFO;WAVE,INFO;WORKFLOW,INFO
17:36:16.0 (144367)|USER_INFO|[EXTERNAL]|005f2000008Qgef|gabriel.arce@salesforce.com|Argentine Time|GMT-03:00
17:36:16.0 (662633)|EXECUTION_STARTED
17:36:16.0 (669978)|CODE_UNIT_STARTED|[EXTERNAL]|Aura
17:36:16.0 (2244992)|CODE_UNIT_STARTED|[EXTERNAL]|01pf2000002PUqf|CompensationsController.getRecordTypes()
17:36:16.0 (2534303)|HEAP_ALLOCATE|[72]|Bytes:3
17:36:16.0 (2623795)|HEAP_ALLOCATE|[77]|Bytes:152
17:36:16.0 (2660416)|HEAP_ALLOCATE|[342]|Bytes:408
17:36:16.0 (2688057)|HEAP_ALLOCATE|[355]|Bytes:408
17:36:16.0 (2713471)|HEAP_ALLOCATE|[467]|Bytes:48
17:36:16.0 (2747865)|HEAP_ALLOCATE|[139]|Bytes:6
17:36:16.0 (2781485)|HEAP_ALLOCATE|[EXTERNAL]|Bytes:7
17:36:16.0 (2824721)|HEAP_ALLOCATE|[EXTERNAL]|Bytes:4
17:36:16.0 (35810700)|METHOD_ENTRY|[1]|01pf2000002PUqf|CompensationsController.CompensationsController()
17:36:16.0 (35843357)|STATEMENT_EXECUTE|[1]
17:36:16.0 (35856316)|STATEMENT_EXECUTE|[1]
17:36:16.0 (35945592)|HEAP_ALLOCATE|[50]|Bytes:5
17:36:16.0 (36004279)|HEAP_ALLOCATE|[56]|Bytes:5
17:36:16.0 (36023471)|HEAP_ALLOCATE|[64]|Bytes:7
17:36:16.0 (36073782)|SYSTEM_MODE_ENTER|false
17:36:16.0 (36301384)|HEAP_ALLOCATE|[EXTERNAL]|Bytes:5
17:36:16.0 (36313022)|SYSTEM_MODE_EXIT|false
17:36:16.0 (36348121)|METHOD_EXIT|[1]|CompensationsController
17:36:16.0 (36366311)|SYSTEM_MODE_ENTER|false
17:36:16.0 (36381517)|HEAP_ALLOCATE|[30]|Bytes:5
17:36:16.0 (36386535)|STATEMENT_EXECUTE|[29]
17:36:16.0 (36388622)|STATEMENT_EXECUTE|[30]
17:36:16.0 (36392467)|HEAP_ALLOCATE|[30]|Bytes:74
17:36:16.0 (36421415)|HEAP_ALLOCATE|[30]|Bytes:4
17:36:16.0 (36882406)|SOQL_EXECUTE_BEGIN|[30]|Aggregations:0|SELECT DeveloperName FROM RecordType WHERE SobjectType = 'Compensation__c'
17:36:16.0 (69673674)|SOQL_EXECUTE_END|[30]|Rows:3
17:36:16.0 (69723350)|HEAP_ALLOCATE|[30]|Bytes:16
17:36:16.0 (69752620)|HEAP_ALLOCATE|[30]|Bytes:157
17:36:16.0 (69822305)|HEAP_ALLOCATE|[30]|Bytes:16
17:36:16.0 (69847931)|VARIABLE_SCOPE_BEGIN|[30]|recordTypesCompensation|List<RecordType>|true|false
17:36:16.0 (69930569)|VARIABLE_ASSIGNMENT|[30]|recordTypesCompensation|[{"DeveloperName":"Research","Id":"012f2000000qOq6AAE"},{"DeveloperName":"Salary","Id":"012f2000000qOpwAAE"},{"DeveloperName":"Study","Id":"012f2000000qOq1AAE"}]|0x5113808
17:36:16.0 (69950545)|STATEMENT_EXECUTE|[32]
17:36:16.0 (69964207)|HEAP_ALLOCATE|[32]|Bytes:4
17:36:16.0 (89655796)|VARIABLE_SCOPE_BEGIN|[32]|nameList|List<String>|true|false
17:36:16.0 (89745443)|HEAP_ALLOCATE|[EXTERNAL]|Bytes:4
17:36:16.0 (89778690)|VARIABLE_ASSIGNMENT|[32]|nameList|[]|0x29b7fe5d
17:36:16.0 (89791176)|STATEMENT_EXECUTE|[33]
17:36:16.0 (89805280)|HEAP_ALLOCATE|[33]|Bytes:3
17:36:16.0 (89902297)|HEAP_ALLOCATE|[EXTERNAL]|Bytes:4
17:36:16.0 (90238571)|HEAP_ALLOCATE|[35]|Bytes:5
17:36:16.0 (90316871)|HEAP_ALLOCATE|[35]|Bytes:12
17:36:16.0 (90334309)|VARIABLE_SCOPE_BEGIN|[35]|r|RecordType|true|false
17:36:16.0 (90375720)|VARIABLE_ASSIGNMENT|[35]|r|{"DeveloperName":"Research","Id":"012f2000000qOq6AAE"}|0x109d816a
17:36:16.0 (90389537)|STATEMENT_EXECUTE|[35]
17:36:16.0 (90392157)|STATEMENT_EXECUTE|[37]
17:36:16.0 (90457461)|HEAP_ALLOCATE|[EXTERNAL]|Bytes:4
17:36:16.0 (90479297)|HEAP_ALLOCATE|[35]|Bytes:5
17:36:16.0 (90494694)|HEAP_ALLOCATE|[35]|Bytes:12
17:36:16.0 (90503983)|VARIABLE_SCOPE_BEGIN|[35]|r|RecordType|true|false
17:36:16.0 (90529018)|VARIABLE_ASSIGNMENT|[35]|r|{"DeveloperName":"Salary","Id":"012f2000000qOpwAAE"}|0x6ced032
17:36:16.0 (90538382)|STATEMENT_EXECUTE|[35]
17:36:16.0 (90540542)|STATEMENT_EXECUTE|[37]
17:36:16.0 (90555335)|HEAP_ALLOCATE|[EXTERNAL]|Bytes:4
17:36:16.0 (90573178)|HEAP_ALLOCATE|[35]|Bytes:5
17:36:16.0 (90585867)|HEAP_ALLOCATE|[35]|Bytes:12
17:36:16.0 (90593128)|VARIABLE_SCOPE_BEGIN|[35]|r|RecordType|true|false
17:36:16.0 (90612605)|VARIABLE_ASSIGNMENT|[35]|r|{"DeveloperName":"Study","Id":"012f2000000qOq1AAE"}|0x425f1f8e
17:36:16.0 (90625165)|STATEMENT_EXECUTE|[35]
17:36:16.0 (90627414)|STATEMENT_EXECUTE|[37]
17:36:16.0 (90639434)|HEAP_ALLOCATE|[EXTERNAL]|Bytes:4
17:36:16.0 (90656382)|HEAP_ALLOCATE|[35]|Bytes:5
17:36:16.0 (90673391)|VARIABLE_ASSIGNMENT|[35]|r|null|
17:36:16.0 (90681896)|STATEMENT_EXECUTE|[39]
17:36:16.0 (90702272)|SYSTEM_MODE_EXIT|false
17:36:16.90 (90751866)|CUMULATIVE_LIMIT_USAGE
17:36:16.90 (90751866)|LIMIT_USAGE_FOR_NS|(default)|
  Number of SOQL queries: 1 out of 100
  Number of query rows: 3 out of 50000
  Number of SOSL queries: 0 out of 20
  Number of DML statements: 0 out of 150
  Number of DML rows: 0 out of 10000
  Maximum CPU time: 0 out of 10000
  Maximum heap size: 0 out of 6000000
  Number of callouts: 0 out of 100
  Number of Email Invocations: 0 out of 10
  Number of future calls: 0 out of 50
  Number of queueable jobs added to the queue: 0 out of 50
  Number of Mobile Apex push calls: 0 out of 10

17:36:16.90 (90751866)|CUMULATIVE_LIMIT_USAGE_END

17:36:16.0 (90804104)|CODE_UNIT_FINISHED|CompensationsController.getRecordTypes()
17:36:16.0 (90898940)|CODE_UNIT_FINISHED|Aura
17:36:16.0 (93117089)|EXECUTION_FINISHED
