43.0 APEX_CODE,FINEST;APEX_PROFILING,INFO;CALLOUT,INFO;DB,INFO;NBA,INFO;SYSTEM,DEBUG;VALIDATION,INFO;VISUALFORCE,INFO;WAVE,INFO;WORKFLOW,INFO
17:49:23.0 (71880)|USER_INFO|[EXTERNAL]|005f2000008Qgef|gabriel.arce@salesforce.com|Argentine Time|GMT-03:00
17:49:23.0 (102628)|EXECUTION_STARTED
17:49:23.0 (107474)|CODE_UNIT_STARTED|[EXTERNAL]|Aura
17:49:23.0 (1438589)|CODE_UNIT_STARTED|[EXTERNAL]|01pf2000002PUqf|CompensationsController.getCompensations(String, String)
17:49:23.0 (1548901)|HEAP_ALLOCATE|[72]|Bytes:3
17:49:23.0 (1583465)|HEAP_ALLOCATE|[77]|Bytes:152
17:49:23.0 (1595368)|HEAP_ALLOCATE|[342]|Bytes:408
17:49:23.0 (1608893)|HEAP_ALLOCATE|[355]|Bytes:408
17:49:23.0 (1620526)|HEAP_ALLOCATE|[467]|Bytes:48
17:49:23.0 (1641040)|HEAP_ALLOCATE|[139]|Bytes:6
17:49:23.0 (1678710)|HEAP_ALLOCATE|[EXTERNAL]|Bytes:7
17:49:23.0 (1684473)|HEAP_ALLOCATE|[EXTERNAL]|Bytes:4
17:49:23.0 (1691138)|METHOD_ENTRY|[1]|01pf2000002PUqf|CompensationsController.CompensationsController()
17:49:23.0 (1696336)|STATEMENT_EXECUTE|[1]
17:49:23.0 (1700020)|STATEMENT_EXECUTE|[1]
17:49:23.0 (1725269)|HEAP_ALLOCATE|[50]|Bytes:5
17:49:23.0 (1741136)|HEAP_ALLOCATE|[56]|Bytes:5
17:49:23.0 (1748221)|HEAP_ALLOCATE|[64]|Bytes:7
17:49:23.0 (1763637)|SYSTEM_MODE_ENTER|false
17:49:23.0 (1772548)|HEAP_ALLOCATE|[EXTERNAL]|Bytes:5
17:49:23.0 (1779086)|SYSTEM_MODE_EXIT|false
17:49:23.0 (1786519)|METHOD_EXIT|[1]|CompensationsController
17:49:23.0 (1793750)|SYSTEM_MODE_ENTER|false
17:49:23.0 (1799814)|VARIABLE_SCOPE_BEGIN|[5]|contactRecordId|String|false|false
17:49:23.0 (1819064)|VARIABLE_ASSIGNMENT|[5]|contactRecordId|null
17:49:23.0 (1824400)|VARIABLE_SCOPE_BEGIN|[5]|recordType|String|false|false
17:49:23.0 (1831541)|VARIABLE_ASSIGNMENT|[5]|recordType|null
17:49:23.0 (1840789)|HEAP_ALLOCATE|[7]|Bytes:5
17:49:23.0 (1845632)|STATEMENT_EXECUTE|[5]
17:49:23.0 (1847476)|STATEMENT_EXECUTE|[7]
17:49:23.0 (1849762)|HEAP_ALLOCATE|[7]|Bytes:1
17:49:23.0 (1862632)|HEAP_ALLOCATE|[7]|Bytes:9
17:49:23.0 (1900233)|USER_DEBUG|[7]|DEBUG|null null
17:49:23.0 (1910752)|STATEMENT_EXECUTE|[9]
17:49:23.0 (1913901)|HEAP_ALLOCATE|[9]|Bytes:171
17:49:23.0 (1919781)|VARIABLE_SCOPE_BEGIN|[9]|squery|String|false|false
17:49:23.0 (1936217)|VARIABLE_ASSIGNMENT|[9]|squery|"SELECT Id, Name, Con (151 more) ..."
17:49:23.0 (1941447)|STATEMENT_EXECUTE|[15]
17:49:23.0 (1944546)|STATEMENT_EXECUTE|[16]
17:49:23.0 (1946208)|STATEMENT_EXECUTE|[17]
17:49:23.0 (1948878)|HEAP_ALLOCATE|[17]|Bytes:32
17:49:23.0 (1952544)|HEAP_ALLOCATE|[17]|Bytes:1
17:49:23.0 (1958423)|HEAP_ALLOCATE|[17]|Bytes:37
17:49:23.0 (1965369)|HEAP_ALLOCATE|[17]|Bytes:208
17:49:23.0 (1973375)|VARIABLE_ASSIGNMENT|[17]|squery|"SELECT Id, Name, Con (188 more) ..."
17:49:23.0 (1978108)|STATEMENT_EXECUTE|[20]
17:49:23.0 (1989694)|USER_DEBUG|[20]|DEBUG|SELECT Id, Name, Contact__r.Name,Contact__r.Birthdate,Job_Category__c,RecordType.DeveloperName,Amount__c,Location__c,Office__c,Submitted__c,Status__C FROM Compensation__c where RecordType.DeveloperName='null'
17:49:23.0 (1998889)|STATEMENT_EXECUTE|[21]
17:49:23.0 (2700810)|SOQL_EXECUTE_BEGIN|[21]|Aggregations:0|SELECT Id, Name, Contact__r.Name,Contact__r.Birthdate,Job_Category__c,RecordType.DeveloperName,Amount__c,Location__c,Office__c,Submitted__c,Status__C FROM Compensation__c where RecordType.DeveloperName='null'
17:49:23.0 (5502860)|SOQL_EXECUTE_END|[21]|Rows:0
17:49:23.0 (5534825)|HEAP_ALLOCATE|[21]|Bytes:4
17:49:23.0 (5573035)|HEAP_ALLOCATE|[21]|Bytes:0
17:49:23.0 (5661798)|HEAP_ALLOCATE|[21]|Bytes:4
17:49:23.0 (5687400)|VARIABLE_SCOPE_BEGIN|[21]|returnList|List<Compensation__c>|true|false
17:49:23.0 (5710109)|VARIABLE_ASSIGNMENT|[21]|returnList|[]|0x6ebcbb51
17:49:23.0 (5716861)|STATEMENT_EXECUTE|[25]
17:49:23.0 (5728715)|SYSTEM_MODE_EXIT|false
17:49:23.5 (5756627)|CUMULATIVE_LIMIT_USAGE
17:49:23.5 (5756627)|LIMIT_USAGE_FOR_NS|(default)|
  Number of SOQL queries: 1 out of 100
  Number of query rows: 0 out of 50000
  Number of SOSL queries: 0 out of 20
  Number of DML statements: 0 out of 150
  Number of DML rows: 0 out of 10000
  Maximum CPU time: 0 out of 10000
  Maximum heap size: 0 out of 6000000
  Number of callouts: 0 out of 100
  Number of Email Invocations: 0 out of 10
  Number of future calls: 0 out of 50
  Number of queueable jobs added to the queue: 0 out of 50
  Number of Mobile Apex push calls: 0 out of 10

17:49:23.5 (5756627)|CUMULATIVE_LIMIT_USAGE_END

17:49:23.0 (5789902)|CODE_UNIT_FINISHED|CompensationsController.getCompensations(String, String)
17:49:23.0 (5852572)|CODE_UNIT_FINISHED|Aura
17:49:23.0 (6945525)|EXECUTION_FINISHED
