43.0 APEX_CODE,FINEST;APEX_PROFILING,INFO;CALLOUT,INFO;DB,INFO;NBA,INFO;SYSTEM,DEBUG;VALIDATION,INFO;VISUALFORCE,INFO;WAVE,INFO;WORKFLOW,INFO
16:48:42.0 (91421)|USER_INFO|[EXTERNAL]|005f2000008Qgef|gabriel.arce@salesforce.com|Argentine Time|GMT-03:00
16:48:42.0 (139233)|EXECUTION_STARTED
16:48:42.0 (145794)|CODE_UNIT_STARTED|[EXTERNAL]|Aura
16:48:42.0 (884160)|HEAP_ALLOCATE|[72]|Bytes:3
16:48:42.0 (940673)|HEAP_ALLOCATE|[77]|Bytes:152
16:48:42.0 (958271)|HEAP_ALLOCATE|[342]|Bytes:408
16:48:42.0 (974206)|HEAP_ALLOCATE|[355]|Bytes:408
16:48:42.0 (985973)|HEAP_ALLOCATE|[467]|Bytes:48
16:48:42.0 (1009709)|HEAP_ALLOCATE|[139]|Bytes:6
16:48:42.0 (1029678)|HEAP_ALLOCATE|[EXTERNAL]|Bytes:3
16:48:42.0 (1038280)|HEAP_ALLOCATE|[EXTERNAL]|Bytes:3
16:48:42.0 (2194167)|CODE_UNIT_STARTED|[EXTERNAL]|01pf2000002PUqf|CompensationsController.getCompensations(String)
16:48:42.0 (2295337)|HEAP_ALLOCATE|[EXTERNAL]|Bytes:7
16:48:42.0 (2302743)|HEAP_ALLOCATE|[EXTERNAL]|Bytes:3
16:48:42.0 (2314400)|METHOD_ENTRY|[1]|01pf2000002PUqf|CompensationsController.CompensationsController()
16:48:42.0 (2322417)|STATEMENT_EXECUTE|[1]
16:48:42.0 (2327703)|STATEMENT_EXECUTE|[1]
16:48:42.0 (2360211)|HEAP_ALLOCATE|[50]|Bytes:5
16:48:42.0 (2385802)|HEAP_ALLOCATE|[56]|Bytes:5
16:48:42.0 (2393487)|HEAP_ALLOCATE|[64]|Bytes:7
16:48:42.0 (2410184)|SYSTEM_MODE_ENTER|false
16:48:42.0 (2420785)|HEAP_ALLOCATE|[EXTERNAL]|Bytes:5
16:48:42.0 (2427465)|SYSTEM_MODE_EXIT|false
16:48:42.0 (2435932)|METHOD_EXIT|[1]|CompensationsController
16:48:42.0 (2440671)|HEAP_ALLOCATE|[EXTERNAL]|Bytes:3
16:48:42.0 (2446997)|SYSTEM_MODE_ENTER|false
16:48:42.0 (2453777)|VARIABLE_SCOPE_BEGIN|[5]|recordType|String|false|false
16:48:42.0 (2480455)|VARIABLE_ASSIGNMENT|[5]|recordType|"All"
16:48:42.0 (2494051)|HEAP_ALLOCATE|[7]|Bytes:5
16:48:42.0 (2498649)|STATEMENT_EXECUTE|[5]
16:48:42.0 (2500514)|STATEMENT_EXECUTE|[7]
16:48:42.0 (2503134)|HEAP_ALLOCATE|[7]|Bytes:21
16:48:42.0 (2545313)|USER_DEBUG|[7]|DEBUG|Accesing to the list 
16:48:42.0 (2556825)|STATEMENT_EXECUTE|[8]
16:48:42.0 (2559448)|HEAP_ALLOCATE|[8]|Bytes:6
16:48:42.0 (2573160)|HEAP_ALLOCATE|[8]|Bytes:9
16:48:42.0 (2586037)|USER_DEBUG|[8]|DEBUG|Llegó:All
16:48:42.0 (2594980)|HEAP_ALLOCATE|[9]|Bytes:3
16:48:42.0 (2613643)|STATEMENT_EXECUTE|[9]
16:48:42.0 (2615276)|STATEMENT_EXECUTE|[11]
16:48:42.0 (2617640)|HEAP_ALLOCATE|[11]|Bytes:178
16:48:42.0 (2638111)|HEAP_ALLOCATE|[11]|Bytes:4
16:48:42.0 (3361560)|SOQL_EXECUTE_BEGIN|[11]|Aggregations:0|SELECT Id, Name, Contact__r.Name, Contact__r.Birthdate, Job_Category__c, RecordType.DeveloperName, Amount__c, Location__c, Office__c, Submitted__c, Status__C FROM Compensation__c
16:48:42.0 (9344347)|SOQL_EXECUTE_END|[11]|Rows:12
16:48:42.0 (9367342)|HEAP_ALLOCATE|[11]|Bytes:52
16:48:42.0 (9440803)|HEAP_ALLOCATE|[11]|Bytes:3535
16:48:42.0 (9516091)|HEAP_ALLOCATE|[11]|Bytes:52
16:48:42.0 (9535028)|SYSTEM_MODE_EXIT|false
16:48:42.9 (9559390)|CUMULATIVE_LIMIT_USAGE
16:48:42.9 (9559390)|LIMIT_USAGE_FOR_NS|(default)|
  Number of SOQL queries: 1 out of 100
  Number of query rows: 12 out of 50000
  Number of SOSL queries: 0 out of 20
  Number of DML statements: 0 out of 150
  Number of DML rows: 0 out of 10000
  Maximum CPU time: 0 out of 10000
  Maximum heap size: 0 out of 6000000
  Number of callouts: 0 out of 100
  Number of Email Invocations: 0 out of 10
  Number of future calls: 0 out of 50
  Number of queueable jobs added to the queue: 0 out of 50
  Number of Mobile Apex push calls: 0 out of 10

16:48:42.9 (9559390)|CUMULATIVE_LIMIT_USAGE_END

16:48:42.0 (9588602)|CODE_UNIT_FINISHED|CompensationsController.getCompensations(String)
16:48:42.0 (10135197)|CODE_UNIT_FINISHED|Aura
16:48:42.0 (11634147)|EXECUTION_FINISHED
16:48:42.21 (21155860)|USER_INFO|[EXTERNAL]|005f2000008Qgef|gabriel.arce@salesforce.com|Argentine Time|GMT-03:00
16:48:42.21 (21176356)|EXECUTION_STARTED
16:48:42.21 (21180299)|CODE_UNIT_STARTED|[EXTERNAL]|Aura
16:48:42.21 (21962406)|CODE_UNIT_STARTED|[EXTERNAL]|01pf2000002PUqf|CompensationsController.getRecordTypes()
16:48:42.21 (22032641)|SYSTEM_MODE_ENTER|false
16:48:42.21 (22054071)|HEAP_ALLOCATE|[28]|Bytes:5
16:48:42.21 (22063677)|STATEMENT_EXECUTE|[27]
16:48:42.21 (22066258)|STATEMENT_EXECUTE|[28]
16:48:42.21 (22069805)|HEAP_ALLOCATE|[28]|Bytes:74
16:48:42.21 (22084529)|HEAP_ALLOCATE|[28]|Bytes:4
16:48:42.21 (22254294)|SOQL_EXECUTE_BEGIN|[28]|Aggregations:0|SELECT DeveloperName FROM RecordType WHERE SobjectType = 'Compensation__c'
16:48:42.21 (30602581)|SOQL_EXECUTE_END|[28]|Rows:3
16:48:42.21 (30627313)|HEAP_ALLOCATE|[28]|Bytes:16
16:48:42.21 (30645880)|HEAP_ALLOCATE|[28]|Bytes:157
16:48:42.21 (30698804)|HEAP_ALLOCATE|[28]|Bytes:16
16:48:42.21 (30715329)|VARIABLE_SCOPE_BEGIN|[28]|recordTypesCompensation|List<RecordType>|true|false
16:48:42.21 (30770274)|VARIABLE_ASSIGNMENT|[28]|recordTypesCompensation|[{"DeveloperName":"Research","Id":"012f2000000qOq6AAE"},{"DeveloperName":"Salary","Id":"012f2000000qOpwAAE"},{"DeveloperName":"Study","Id":"012f2000000qOq1AAE"}]|0x6458879
16:48:42.21 (30779709)|STATEMENT_EXECUTE|[30]
16:48:42.21 (30790775)|HEAP_ALLOCATE|[30]|Bytes:4
16:48:42.21 (30824974)|VARIABLE_SCOPE_BEGIN|[30]|nameList|List<String>|true|false
16:48:42.21 (30847450)|HEAP_ALLOCATE|[EXTERNAL]|Bytes:4
16:48:42.21 (30858059)|VARIABLE_ASSIGNMENT|[30]|nameList|[]|0x87fbecc
16:48:42.21 (30864174)|STATEMENT_EXECUTE|[31]
16:48:42.21 (30905589)|HEAP_ALLOCATE|[EXTERNAL]|Bytes:4
16:48:42.21 (31068163)|HEAP_ALLOCATE|[33]|Bytes:5
16:48:42.21 (31099809)|HEAP_ALLOCATE|[33]|Bytes:12
16:48:42.21 (31109871)|VARIABLE_SCOPE_BEGIN|[33]|r|RecordType|true|false
16:48:42.21 (31133962)|VARIABLE_ASSIGNMENT|[33]|r|{"DeveloperName":"Research","Id":"012f2000000qOq6AAE"}|0x4626e072
16:48:42.21 (31141257)|STATEMENT_EXECUTE|[33]
16:48:42.21 (31143228)|STATEMENT_EXECUTE|[35]
16:48:42.21 (31187720)|HEAP_ALLOCATE|[EXTERNAL]|Bytes:4
16:48:42.21 (31204281)|HEAP_ALLOCATE|[33]|Bytes:5
16:48:42.21 (31215408)|HEAP_ALLOCATE|[33]|Bytes:12
16:48:42.21 (31221785)|VARIABLE_SCOPE_BEGIN|[33]|r|RecordType|true|false
16:48:42.21 (31238330)|VARIABLE_ASSIGNMENT|[33]|r|{"DeveloperName":"Salary","Id":"012f2000000qOpwAAE"}|0x33daafa4
16:48:42.21 (31244523)|STATEMENT_EXECUTE|[33]
16:48:42.21 (31246044)|STATEMENT_EXECUTE|[35]
16:48:42.21 (31257117)|HEAP_ALLOCATE|[EXTERNAL]|Bytes:4
16:48:42.21 (31268628)|HEAP_ALLOCATE|[33]|Bytes:5
16:48:42.21 (31277556)|HEAP_ALLOCATE|[33]|Bytes:12
16:48:42.21 (31282906)|VARIABLE_SCOPE_BEGIN|[33]|r|RecordType|true|false
16:48:42.21 (31296617)|VARIABLE_ASSIGNMENT|[33]|r|{"DeveloperName":"Study","Id":"012f2000000qOq1AAE"}|0x65d7fd76
16:48:42.21 (31302617)|STATEMENT_EXECUTE|[33]
16:48:42.21 (31304237)|STATEMENT_EXECUTE|[35]
16:48:42.21 (31312261)|HEAP_ALLOCATE|[EXTERNAL]|Bytes:4
16:48:42.21 (31323328)|HEAP_ALLOCATE|[33]|Bytes:5
16:48:42.21 (31334043)|VARIABLE_ASSIGNMENT|[33]|r|null|
16:48:42.21 (31338559)|STATEMENT_EXECUTE|[37]
16:48:42.21 (31346538)|SYSTEM_MODE_EXIT|false
16:48:42.31 (31374802)|CUMULATIVE_LIMIT_USAGE
16:48:42.31 (31374802)|LIMIT_USAGE_FOR_NS|(default)|
  Number of SOQL queries: 2 out of 100
  Number of query rows: 15 out of 50000
  Number of SOSL queries: 0 out of 20
  Number of DML statements: 0 out of 150
  Number of DML rows: 0 out of 10000
  Maximum CPU time: 0 out of 10000
  Maximum heap size: 0 out of 6000000
  Number of callouts: 0 out of 100
  Number of Email Invocations: 0 out of 10
  Number of future calls: 0 out of 50
  Number of queueable jobs added to the queue: 0 out of 50
  Number of Mobile Apex push calls: 0 out of 10

16:48:42.31 (31374802)|CUMULATIVE_LIMIT_USAGE_END

16:48:42.21 (31406889)|CODE_UNIT_FINISHED|CompensationsController.getRecordTypes()
16:48:42.21 (31468660)|CODE_UNIT_FINISHED|Aura
16:48:42.21 (32930277)|EXECUTION_FINISHED
