43.0 APEX_CODE,FINEST;APEX_PROFILING,INFO;CALLOUT,INFO;DB,INFO;NBA,INFO;SYSTEM,DEBUG;VALIDATION,INFO;VISUALFORCE,INFO;WAVE,INFO;WORKFLOW,INFO
17:50:04.0 (150352)|USER_INFO|[EXTERNAL]|005f2000008Qgef|gabriel.arce@salesforce.com|Argentine Time|GMT-03:00
17:50:04.0 (191486)|EXECUTION_STARTED
17:50:04.0 (196305)|CODE_UNIT_STARTED|[EXTERNAL]|Aura
17:50:04.0 (898465)|HEAP_ALLOCATE|[72]|Bytes:3
17:50:04.0 (950231)|HEAP_ALLOCATE|[77]|Bytes:152
17:50:04.0 (966687)|HEAP_ALLOCATE|[342]|Bytes:408
17:50:04.0 (982377)|HEAP_ALLOCATE|[355]|Bytes:408
17:50:04.0 (993929)|HEAP_ALLOCATE|[467]|Bytes:48
17:50:04.0 (1016118)|HEAP_ALLOCATE|[139]|Bytes:6
17:50:04.0 (1034288)|HEAP_ALLOCATE|[EXTERNAL]|Bytes:6
17:50:04.0 (1042040)|HEAP_ALLOCATE|[EXTERNAL]|Bytes:6
17:50:04.0 (2040437)|CODE_UNIT_STARTED|[EXTERNAL]|01pf2000002PUqf|CompensationsController.getCompensations(String, String)
17:50:04.0 (2161523)|HEAP_ALLOCATE|[EXTERNAL]|Bytes:7
17:50:04.0 (2172723)|HEAP_ALLOCATE|[EXTERNAL]|Bytes:4
17:50:04.0 (2188077)|METHOD_ENTRY|[1]|01pf2000002PUqf|CompensationsController.CompensationsController()
17:50:04.0 (2196678)|STATEMENT_EXECUTE|[1]
17:50:04.0 (2202817)|STATEMENT_EXECUTE|[1]
17:50:04.0 (2239067)|HEAP_ALLOCATE|[50]|Bytes:5
17:50:04.0 (2267791)|HEAP_ALLOCATE|[56]|Bytes:5
17:50:04.0 (2279535)|HEAP_ALLOCATE|[64]|Bytes:7
17:50:04.0 (2304458)|SYSTEM_MODE_ENTER|false
17:50:04.0 (2319989)|HEAP_ALLOCATE|[EXTERNAL]|Bytes:5
17:50:04.0 (2328473)|SYSTEM_MODE_EXIT|false
17:50:04.0 (2339635)|METHOD_EXIT|[1]|CompensationsController
17:50:04.0 (2347204)|HEAP_ALLOCATE|[EXTERNAL]|Bytes:6
17:50:04.0 (2356666)|SYSTEM_MODE_ENTER|false
17:50:04.0 (2365984)|VARIABLE_SCOPE_BEGIN|[5]|contactRecordId|String|false|false
17:50:04.0 (2399870)|VARIABLE_ASSIGNMENT|[5]|contactRecordId|null
17:50:04.0 (2408495)|VARIABLE_SCOPE_BEGIN|[5]|recordType|String|false|false
17:50:04.0 (2427272)|VARIABLE_ASSIGNMENT|[5]|recordType|"Salary"
17:50:04.0 (2443503)|HEAP_ALLOCATE|[7]|Bytes:5
17:50:04.0 (2450639)|STATEMENT_EXECUTE|[5]
17:50:04.0 (2453230)|STATEMENT_EXECUTE|[7]
17:50:04.0 (2456767)|HEAP_ALLOCATE|[7]|Bytes:1
17:50:04.0 (2471248)|HEAP_ALLOCATE|[7]|Bytes:11
17:50:04.0 (2522590)|USER_DEBUG|[7]|DEBUG|null Salary
17:50:04.0 (2534918)|STATEMENT_EXECUTE|[9]
17:50:04.0 (2538471)|HEAP_ALLOCATE|[9]|Bytes:171
17:50:04.0 (2545419)|VARIABLE_SCOPE_BEGIN|[9]|squery|String|false|false
17:50:04.0 (2560156)|VARIABLE_ASSIGNMENT|[9]|squery|"SELECT Id, Name, Con (151 more) ..."
17:50:04.0 (2565677)|STATEMENT_EXECUTE|[15]
17:50:04.0 (2568588)|HEAP_ALLOCATE|[16]|Bytes:3
17:50:04.0 (2581848)|STATEMENT_EXECUTE|[16]
17:50:04.0 (2583728)|STATEMENT_EXECUTE|[17]
17:50:04.0 (2586416)|HEAP_ALLOCATE|[17]|Bytes:32
17:50:04.0 (2590272)|HEAP_ALLOCATE|[17]|Bytes:1
17:50:04.0 (2596796)|HEAP_ALLOCATE|[17]|Bytes:39
17:50:04.0 (2603885)|HEAP_ALLOCATE|[17]|Bytes:210
17:50:04.0 (2612609)|VARIABLE_ASSIGNMENT|[17]|squery|"SELECT Id, Name, Con (190 more) ..."
17:50:04.0 (2617727)|STATEMENT_EXECUTE|[20]
17:50:04.0 (2630113)|USER_DEBUG|[20]|DEBUG|SELECT Id, Name, Contact__r.Name,Contact__r.Birthdate,Job_Category__c,RecordType.DeveloperName,Amount__c,Location__c,Office__c,Submitted__c,Status__C FROM Compensation__c where RecordType.DeveloperName='Salary'
17:50:04.0 (2639715)|STATEMENT_EXECUTE|[21]
17:50:04.0 (3408653)|SOQL_EXECUTE_BEGIN|[21]|Aggregations:0|SELECT Id, Name, Contact__r.Name,Contact__r.Birthdate,Job_Category__c,RecordType.DeveloperName,Amount__c,Location__c,Office__c,Submitted__c,Status__C FROM Compensation__c where RecordType.DeveloperName='Salary'
17:50:04.0 (11083035)|SOQL_EXECUTE_END|[21]|Rows:10
17:50:04.0 (11114265)|HEAP_ALLOCATE|[21]|Bytes:44
17:50:04.0 (11182267)|HEAP_ALLOCATE|[21]|Bytes:2894
17:50:04.0 (11257352)|HEAP_ALLOCATE|[21]|Bytes:44
17:50:04.0 (11285651)|VARIABLE_SCOPE_BEGIN|[21]|returnList|List<Compensation__c>|true|false
17:50:04.0 (11325974)|VARIABLE_ASSIGNMENT|[21]|returnList|"List of size 10 too large to display"|0x16e4136c
17:50:04.0 (11339550)|STATEMENT_EXECUTE|[25]
17:50:04.0 (11354266)|SYSTEM_MODE_EXIT|false
17:50:04.11 (11453687)|CUMULATIVE_LIMIT_USAGE
17:50:04.11 (11453687)|LIMIT_USAGE_FOR_NS|(default)|
  Number of SOQL queries: 1 out of 100
  Number of query rows: 10 out of 50000
  Number of SOSL queries: 0 out of 20
  Number of DML statements: 0 out of 150
  Number of DML rows: 0 out of 10000
  Maximum CPU time: 0 out of 10000
  Maximum heap size: 0 out of 6000000
  Number of callouts: 0 out of 100
  Number of Email Invocations: 0 out of 10
  Number of future calls: 0 out of 50
  Number of queueable jobs added to the queue: 0 out of 50
  Number of Mobile Apex push calls: 0 out of 10

17:50:04.11 (11453687)|CUMULATIVE_LIMIT_USAGE_END

17:50:04.0 (11495736)|CODE_UNIT_FINISHED|CompensationsController.getCompensations(String, String)
17:50:04.0 (12001815)|CODE_UNIT_FINISHED|Aura
17:50:04.0 (13255134)|EXECUTION_FINISHED
