43.0 APEX_CODE,FINEST;APEX_PROFILING,INFO;CALLOUT,INFO;DB,INFO;NBA,INFO;SYSTEM,DEBUG;VALIDATION,INFO;VISUALFORCE,INFO;WAVE,INFO;WORKFLOW,INFO
17:37:32.0 (119910)|USER_INFO|[EXTERNAL]|005f2000008Qgef|gabriel.arce@salesforce.com|Argentine Time|GMT-03:00
17:37:32.0 (175316)|EXECUTION_STARTED
17:37:32.0 (180779)|CODE_UNIT_STARTED|[EXTERNAL]|Aura
17:37:32.0 (1195791)|HEAP_ALLOCATE|[72]|Bytes:3
17:37:32.0 (1266408)|HEAP_ALLOCATE|[77]|Bytes:152
17:37:32.0 (1293372)|HEAP_ALLOCATE|[342]|Bytes:408
17:37:32.0 (1318761)|HEAP_ALLOCATE|[355]|Bytes:408
17:37:32.0 (1338217)|HEAP_ALLOCATE|[467]|Bytes:48
17:37:32.0 (1371739)|HEAP_ALLOCATE|[139]|Bytes:6
17:37:32.0 (1397577)|HEAP_ALLOCATE|[EXTERNAL]|Bytes:3
17:37:32.0 (1408073)|HEAP_ALLOCATE|[EXTERNAL]|Bytes:3
17:37:32.0 (2281804)|CODE_UNIT_STARTED|[EXTERNAL]|01pf2000002PUqf|CompensationsController.getCompensations(String, String)
17:37:32.0 (2465124)|HEAP_ALLOCATE|[EXTERNAL]|Bytes:7
17:37:32.0 (2474031)|HEAP_ALLOCATE|[EXTERNAL]|Bytes:4
17:37:32.0 (2484518)|METHOD_ENTRY|[1]|01pf2000002PUqf|CompensationsController.CompensationsController()
17:37:32.0 (2490525)|STATEMENT_EXECUTE|[1]
17:37:32.0 (2496576)|STATEMENT_EXECUTE|[1]
17:37:32.0 (2526852)|HEAP_ALLOCATE|[50]|Bytes:5
17:37:32.0 (2553332)|HEAP_ALLOCATE|[56]|Bytes:5
17:37:32.0 (2561216)|HEAP_ALLOCATE|[64]|Bytes:7
17:37:32.0 (2579982)|SYSTEM_MODE_ENTER|false
17:37:32.0 (2590874)|HEAP_ALLOCATE|[EXTERNAL]|Bytes:5
17:37:32.0 (2599137)|SYSTEM_MODE_EXIT|false
17:37:32.0 (2607842)|METHOD_EXIT|[1]|CompensationsController
17:37:32.0 (2612954)|HEAP_ALLOCATE|[EXTERNAL]|Bytes:3
17:37:32.0 (2619580)|SYSTEM_MODE_ENTER|false
17:37:32.0 (2627449)|VARIABLE_SCOPE_BEGIN|[5]|contactRecordId|String|false|false
17:37:32.0 (2647153)|VARIABLE_ASSIGNMENT|[5]|contactRecordId|null
17:37:32.0 (2654022)|VARIABLE_SCOPE_BEGIN|[5]|recordType|String|false|false
17:37:32.0 (2671426)|VARIABLE_ASSIGNMENT|[5]|recordType|"All"
17:37:32.0 (2684580)|HEAP_ALLOCATE|[7]|Bytes:5
17:37:32.0 (2688820)|STATEMENT_EXECUTE|[5]
17:37:32.0 (2690727)|STATEMENT_EXECUTE|[7]
17:37:32.0 (2693493)|HEAP_ALLOCATE|[7]|Bytes:1
17:37:32.0 (2707187)|HEAP_ALLOCATE|[7]|Bytes:8
17:37:32.0 (2761883)|USER_DEBUG|[7]|DEBUG|null All
17:37:32.0 (2779587)|STATEMENT_EXECUTE|[9]
17:37:32.0 (2783941)|HEAP_ALLOCATE|[9]|Bytes:171
17:37:32.0 (2792443)|VARIABLE_SCOPE_BEGIN|[9]|squery|String|false|false
17:37:32.0 (2811511)|VARIABLE_ASSIGNMENT|[9]|squery|"SELECT Id, Name, Con (151 more) ..."
17:37:32.0 (2820474)|STATEMENT_EXECUTE|[10]
17:37:32.0 (2822656)|STATEMENT_EXECUTE|[11]
17:37:32.0 (2826271)|HEAP_ALLOCATE|[11]|Bytes:21
17:37:32.0 (2832469)|HEAP_ALLOCATE|[11]|Bytes:1
17:37:32.0 (2840743)|HEAP_ALLOCATE|[11]|Bytes:26
17:37:32.0 (2851316)|HEAP_ALLOCATE|[11]|Bytes:197
17:37:32.0 (2864644)|VARIABLE_ASSIGNMENT|[11]|squery|"SELECT Id, Name, Con (177 more) ..."
17:37:32.0 (2871701)|HEAP_ALLOCATE|[12]|Bytes:3
17:37:32.0 (2898233)|STATEMENT_EXECUTE|[12]
17:37:32.0 (2900985)|STATEMENT_EXECUTE|[20]
17:37:32.0 (2918156)|USER_DEBUG|[20]|DEBUG|SELECT Id, Name, Contact__r.Name,Contact__r.Birthdate,Job_Category__c,RecordType.DeveloperName,Amount__c,Location__c,Office__c,Submitted__c,Status__C FROM Compensation__c where contact__r.id='null'
17:37:32.0 (2932024)|STATEMENT_EXECUTE|[21]
17:37:32.0 (4052019)|EXCEPTION_THROWN|[21]|System.QueryException: invalid ID field: null
17:37:32.0 (4152999)|HEAP_ALLOCATE|[21]|Bytes:26
17:37:32.0 (4231214)|FATAL_ERROR|System.QueryException: invalid ID field: null

Class.CompensationsController.getCompensations: line 21, column 1
17:37:32.0 (4243746)|FATAL_ERROR|System.QueryException: invalid ID field: null

Class.CompensationsController.getCompensations: line 21, column 1
17:37:32.4 (4248710)|CUMULATIVE_LIMIT_USAGE
17:37:32.4 (4248710)|LIMIT_USAGE_FOR_NS|(default)|
  Number of SOQL queries: 0 out of 100
  Number of query rows: 0 out of 50000
  Number of SOSL queries: 0 out of 20
  Number of DML statements: 0 out of 150
  Number of DML rows: 0 out of 10000
  Maximum CPU time: 0 out of 10000
  Maximum heap size: 0 out of 6000000
  Number of callouts: 0 out of 100
  Number of Email Invocations: 0 out of 10
  Number of future calls: 0 out of 50
  Number of queueable jobs added to the queue: 0 out of 50
  Number of Mobile Apex push calls: 0 out of 10

17:37:32.4 (4248710)|CUMULATIVE_LIMIT_USAGE_END

17:37:32.0 (4279343)|CODE_UNIT_FINISHED|CompensationsController.getCompensations(String, String)
17:37:32.0 (10464196)|CODE_UNIT_FINISHED|Aura
17:37:32.0 (11923487)|EXECUTION_FINISHED
