43.0 APEX_CODE,FINEST;APEX_PROFILING,INFO;CALLOUT,INFO;DB,INFO;NBA,INFO;SYSTEM,DEBUG;VALIDATION,INFO;VISUALFORCE,INFO;WAVE,INFO;WORKFLOW,INFO
17:49:18.0 (86924)|USER_INFO|[EXTERNAL]|005f2000008Qgef|gabriel.arce@salesforce.com|Argentine Time|GMT-03:00
17:49:18.0 (122427)|EXECUTION_STARTED
17:49:18.0 (126548)|CODE_UNIT_STARTED|[EXTERNAL]|Aura
17:49:18.0 (1457716)|CODE_UNIT_STARTED|[EXTERNAL]|01pf2000002PUqf|CompensationsController.getCompensations(String, String)
17:49:18.0 (1602223)|HEAP_ALLOCATE|[72]|Bytes:3
17:49:18.0 (1648802)|HEAP_ALLOCATE|[77]|Bytes:152
17:49:18.0 (1665756)|HEAP_ALLOCATE|[342]|Bytes:408
17:49:18.0 (1687804)|HEAP_ALLOCATE|[355]|Bytes:408
17:49:18.0 (1701439)|HEAP_ALLOCATE|[467]|Bytes:48
17:49:18.0 (1727244)|HEAP_ALLOCATE|[139]|Bytes:6
17:49:18.0 (1779862)|HEAP_ALLOCATE|[EXTERNAL]|Bytes:7
17:49:18.0 (1785909)|HEAP_ALLOCATE|[EXTERNAL]|Bytes:4
17:49:18.0 (1795463)|METHOD_ENTRY|[1]|01pf2000002PUqf|CompensationsController.CompensationsController()
17:49:18.0 (1801239)|STATEMENT_EXECUTE|[1]
17:49:18.0 (1806921)|STATEMENT_EXECUTE|[1]
17:49:18.0 (1833502)|HEAP_ALLOCATE|[50]|Bytes:5
17:49:18.0 (1851916)|HEAP_ALLOCATE|[56]|Bytes:5
17:49:18.0 (1859372)|HEAP_ALLOCATE|[64]|Bytes:7
17:49:18.0 (1874613)|SYSTEM_MODE_ENTER|false
17:49:18.0 (1885946)|HEAP_ALLOCATE|[EXTERNAL]|Bytes:5
17:49:18.0 (1892942)|SYSTEM_MODE_EXIT|false
17:49:18.0 (1900558)|METHOD_EXIT|[1]|CompensationsController
17:49:18.0 (1909146)|SYSTEM_MODE_ENTER|false
17:49:18.0 (1915128)|VARIABLE_SCOPE_BEGIN|[5]|contactRecordId|String|false|false
17:49:18.0 (1938233)|VARIABLE_ASSIGNMENT|[5]|contactRecordId|null
17:49:18.0 (1943828)|VARIABLE_SCOPE_BEGIN|[5]|recordType|String|false|false
17:49:18.0 (1951474)|VARIABLE_ASSIGNMENT|[5]|recordType|null
17:49:18.0 (1962718)|HEAP_ALLOCATE|[7]|Bytes:5
17:49:18.0 (1967440)|STATEMENT_EXECUTE|[5]
17:49:18.0 (1969368)|STATEMENT_EXECUTE|[7]
17:49:18.0 (1972188)|HEAP_ALLOCATE|[7]|Bytes:1
17:49:18.0 (1984767)|HEAP_ALLOCATE|[7]|Bytes:9
17:49:18.0 (2025997)|USER_DEBUG|[7]|DEBUG|null null
17:49:18.0 (2038310)|STATEMENT_EXECUTE|[9]
17:49:18.0 (2041373)|HEAP_ALLOCATE|[9]|Bytes:171
17:49:18.0 (2047755)|VARIABLE_SCOPE_BEGIN|[9]|squery|String|false|false
17:49:18.0 (2067010)|VARIABLE_ASSIGNMENT|[9]|squery|"SELECT Id, Name, Con (151 more) ..."
17:49:18.0 (2072589)|STATEMENT_EXECUTE|[15]
17:49:18.0 (2075391)|STATEMENT_EXECUTE|[16]
17:49:18.0 (2076967)|STATEMENT_EXECUTE|[17]
17:49:18.0 (2079320)|HEAP_ALLOCATE|[17]|Bytes:32
17:49:18.0 (2083404)|HEAP_ALLOCATE|[17]|Bytes:1
17:49:18.0 (2089517)|HEAP_ALLOCATE|[17]|Bytes:37
17:49:18.0 (2097039)|HEAP_ALLOCATE|[17]|Bytes:208
17:49:18.0 (2105348)|VARIABLE_ASSIGNMENT|[17]|squery|"SELECT Id, Name, Con (188 more) ..."
17:49:18.0 (2110318)|STATEMENT_EXECUTE|[20]
17:49:18.0 (2123632)|USER_DEBUG|[20]|DEBUG|SELECT Id, Name, Contact__r.Name,Contact__r.Birthdate,Job_Category__c,RecordType.DeveloperName,Amount__c,Location__c,Office__c,Submitted__c,Status__C FROM Compensation__c where RecordType.DeveloperName='null'
17:49:18.0 (2132644)|STATEMENT_EXECUTE|[21]
17:49:18.0 (2876170)|SOQL_EXECUTE_BEGIN|[21]|Aggregations:0|SELECT Id, Name, Contact__r.Name,Contact__r.Birthdate,Job_Category__c,RecordType.DeveloperName,Amount__c,Location__c,Office__c,Submitted__c,Status__C FROM Compensation__c where RecordType.DeveloperName='null'
17:49:18.0 (5710835)|SOQL_EXECUTE_END|[21]|Rows:0
17:49:18.0 (5738454)|HEAP_ALLOCATE|[21]|Bytes:4
17:49:18.0 (5751711)|HEAP_ALLOCATE|[21]|Bytes:0
17:49:18.0 (5835632)|HEAP_ALLOCATE|[21]|Bytes:4
17:49:18.0 (5860630)|VARIABLE_SCOPE_BEGIN|[21]|returnList|List<Compensation__c>|true|false
17:49:18.0 (5884517)|VARIABLE_ASSIGNMENT|[21]|returnList|[]|0x23dd268e
17:49:18.0 (5891679)|STATEMENT_EXECUTE|[25]
17:49:18.0 (5902257)|SYSTEM_MODE_EXIT|false
17:49:18.5 (5928641)|CUMULATIVE_LIMIT_USAGE
17:49:18.5 (5928641)|LIMIT_USAGE_FOR_NS|(default)|
  Number of SOQL queries: 1 out of 100
  Number of query rows: 0 out of 50000
  Number of SOSL queries: 0 out of 20
  Number of DML statements: 0 out of 150
  Number of DML rows: 0 out of 10000
  Maximum CPU time: 0 out of 10000
  Maximum heap size: 0 out of 6000000
  Number of callouts: 0 out of 100
  Number of Email Invocations: 0 out of 10
  Number of future calls: 0 out of 50
  Number of queueable jobs added to the queue: 0 out of 50
  Number of Mobile Apex push calls: 0 out of 10

17:49:18.5 (5928641)|CUMULATIVE_LIMIT_USAGE_END

17:49:18.0 (5956581)|CODE_UNIT_FINISHED|CompensationsController.getCompensations(String, String)
17:49:18.0 (6017299)|CODE_UNIT_FINISHED|Aura
17:49:18.0 (7067908)|EXECUTION_FINISHED
