43.0 APEX_CODE,FINEST;APEX_PROFILING,INFO;CALLOUT,INFO;DB,INFO;NBA,INFO;SYSTEM,DEBUG;VALIDATION,INFO;VISUALFORCE,INFO;WAVE,INFO;WORKFLOW,INFO
16:19:25.0 (107940)|USER_INFO|[EXTERNAL]|005f2000008Qgef|gabriel.arce@salesforce.com|Argentine Time|GMT-03:00
16:19:25.0 (155158)|EXECUTION_STARTED
16:19:25.0 (161465)|CODE_UNIT_STARTED|[EXTERNAL]|Aura
16:19:25.0 (1004318)|HEAP_ALLOCATE|[72]|Bytes:3
16:19:25.0 (1064462)|HEAP_ALLOCATE|[77]|Bytes:152
16:19:25.0 (1093331)|HEAP_ALLOCATE|[342]|Bytes:408
16:19:25.0 (1119445)|HEAP_ALLOCATE|[355]|Bytes:408
16:19:25.0 (1140268)|HEAP_ALLOCATE|[467]|Bytes:48
16:19:25.0 (1172342)|HEAP_ALLOCATE|[139]|Bytes:6
16:19:25.0 (1196865)|HEAP_ALLOCATE|[EXTERNAL]|Bytes:3
16:19:25.0 (1207488)|HEAP_ALLOCATE|[EXTERNAL]|Bytes:3
16:19:25.0 (2209453)|CODE_UNIT_STARTED|[EXTERNAL]|01pf2000002PUqf|CompensationsController.getCompensations(String)
16:19:25.0 (2326955)|HEAP_ALLOCATE|[EXTERNAL]|Bytes:7
16:19:25.0 (2338543)|HEAP_ALLOCATE|[EXTERNAL]|Bytes:3
16:19:25.0 (2353890)|METHOD_ENTRY|[1]|01pf2000002PUqf|CompensationsController.CompensationsController()
16:19:25.0 (2362870)|STATEMENT_EXECUTE|[1]
16:19:25.0 (2370032)|STATEMENT_EXECUTE|[1]
16:19:25.0 (2413451)|HEAP_ALLOCATE|[50]|Bytes:5
16:19:25.0 (2443508)|HEAP_ALLOCATE|[56]|Bytes:5
16:19:25.0 (2456118)|HEAP_ALLOCATE|[64]|Bytes:7
16:19:25.0 (2479567)|SYSTEM_MODE_ENTER|false
16:19:25.0 (2495123)|HEAP_ALLOCATE|[EXTERNAL]|Bytes:5
16:19:25.0 (2504669)|SYSTEM_MODE_EXIT|false
16:19:25.0 (2516613)|METHOD_EXIT|[1]|CompensationsController
16:19:25.0 (2523780)|HEAP_ALLOCATE|[EXTERNAL]|Bytes:3
16:19:25.0 (2533486)|SYSTEM_MODE_ENTER|false
16:19:25.0 (2542730)|VARIABLE_SCOPE_BEGIN|[5]|recordType|String|false|false
16:19:25.0 (2574461)|VARIABLE_ASSIGNMENT|[5]|recordType|"All"
16:19:25.0 (2590391)|HEAP_ALLOCATE|[7]|Bytes:5
16:19:25.0 (2597067)|STATEMENT_EXECUTE|[5]
16:19:25.0 (2599845)|STATEMENT_EXECUTE|[7]
16:19:25.0 (2603681)|HEAP_ALLOCATE|[7]|Bytes:21
16:19:25.0 (2658854)|USER_DEBUG|[7]|DEBUG|Accesing to the list 
16:19:25.0 (2675086)|STATEMENT_EXECUTE|[8]
16:19:25.0 (2679068)|HEAP_ALLOCATE|[8]|Bytes:6
16:19:25.0 (2695347)|HEAP_ALLOCATE|[8]|Bytes:9
16:19:25.0 (2714819)|USER_DEBUG|[8]|DEBUG|Llegó:All
16:19:25.0 (2727598)|HEAP_ALLOCATE|[9]|Bytes:3
16:19:25.0 (2747548)|STATEMENT_EXECUTE|[9]
16:19:25.0 (2750075)|STATEMENT_EXECUTE|[11]
16:19:25.0 (2754001)|HEAP_ALLOCATE|[11]|Bytes:178
16:19:25.0 (2782545)|HEAP_ALLOCATE|[11]|Bytes:4
16:19:25.0 (3788744)|SOQL_EXECUTE_BEGIN|[11]|Aggregations:0|SELECT Id, Name, Contact__r.Name, Contact__r.Birthdate, Job_Category__c, RecordType.DeveloperName, Amount__c, Location__c, Office__c, Submitted__c, Status__C FROM Compensation__c
16:19:25.0 (10674937)|SOQL_EXECUTE_END|[11]|Rows:12
16:19:25.0 (10702325)|HEAP_ALLOCATE|[11]|Bytes:52
16:19:25.0 (10782288)|HEAP_ALLOCATE|[11]|Bytes:3535
16:19:25.0 (10890772)|HEAP_ALLOCATE|[11]|Bytes:52
16:19:25.0 (10917140)|SYSTEM_MODE_EXIT|false
16:19:25.10 (10948424)|CUMULATIVE_LIMIT_USAGE
16:19:25.10 (10948424)|LIMIT_USAGE_FOR_NS|(default)|
  Number of SOQL queries: 1 out of 100
  Number of query rows: 12 out of 50000
  Number of SOSL queries: 0 out of 20
  Number of DML statements: 0 out of 150
  Number of DML rows: 0 out of 10000
  Maximum CPU time: 0 out of 10000
  Maximum heap size: 0 out of 6000000
  Number of callouts: 0 out of 100
  Number of Email Invocations: 0 out of 10
  Number of future calls: 0 out of 50
  Number of queueable jobs added to the queue: 0 out of 50
  Number of Mobile Apex push calls: 0 out of 10

16:19:25.10 (10948424)|CUMULATIVE_LIMIT_USAGE_END

16:19:25.0 (10980829)|CODE_UNIT_FINISHED|CompensationsController.getCompensations(String)
16:19:25.0 (11427465)|CODE_UNIT_FINISHED|Aura
16:19:25.0 (12687863)|EXECUTION_FINISHED
