43.0 APEX_CODE,FINEST;APEX_PROFILING,INFO;CALLOUT,INFO;DB,INFO;NBA,INFO;SYSTEM,DEBUG;VALIDATION,INFO;VISUALFORCE,INFO;WAVE,INFO;WORKFLOW,INFO
16:50:32.0 (103091)|USER_INFO|[EXTERNAL]|005f2000008Qgef|gabriel.arce@salesforce.com|Argentine Time|GMT-03:00
16:50:32.0 (142810)|EXECUTION_STARTED
16:50:32.0 (148317)|CODE_UNIT_STARTED|[EXTERNAL]|Aura
16:50:32.0 (804687)|HEAP_ALLOCATE|[72]|Bytes:3
16:50:32.0 (865313)|HEAP_ALLOCATE|[77]|Bytes:152
16:50:32.0 (884329)|HEAP_ALLOCATE|[342]|Bytes:408
16:50:32.0 (900776)|HEAP_ALLOCATE|[355]|Bytes:408
16:50:32.0 (912032)|HEAP_ALLOCATE|[467]|Bytes:48
16:50:32.0 (942652)|HEAP_ALLOCATE|[139]|Bytes:6
16:50:32.0 (961977)|HEAP_ALLOCATE|[EXTERNAL]|Bytes:3
16:50:32.0 (969837)|HEAP_ALLOCATE|[EXTERNAL]|Bytes:3
16:50:32.0 (1760879)|CODE_UNIT_STARTED|[EXTERNAL]|01pf2000002PUqf|CompensationsController.getCompensations(String)
16:50:32.0 (1873051)|HEAP_ALLOCATE|[EXTERNAL]|Bytes:7
16:50:32.0 (1883487)|HEAP_ALLOCATE|[EXTERNAL]|Bytes:3
16:50:32.0 (1898631)|METHOD_ENTRY|[1]|01pf2000002PUqf|CompensationsController.CompensationsController()
16:50:32.0 (1907231)|STATEMENT_EXECUTE|[1]
16:50:32.0 (1915056)|STATEMENT_EXECUTE|[1]
16:50:32.0 (21024357)|HEAP_ALLOCATE|[50]|Bytes:5
16:50:32.0 (21062493)|HEAP_ALLOCATE|[56]|Bytes:5
16:50:32.0 (21071612)|HEAP_ALLOCATE|[64]|Bytes:7
16:50:32.0 (21095979)|SYSTEM_MODE_ENTER|false
16:50:32.0 (21118821)|HEAP_ALLOCATE|[EXTERNAL]|Bytes:5
16:50:32.0 (21131512)|SYSTEM_MODE_EXIT|false
16:50:32.0 (21144860)|METHOD_EXIT|[1]|CompensationsController
16:50:32.0 (21151657)|HEAP_ALLOCATE|[EXTERNAL]|Bytes:3
16:50:32.0 (21160826)|SYSTEM_MODE_ENTER|false
16:50:32.0 (21168881)|VARIABLE_SCOPE_BEGIN|[5]|recordType|String|false|false
16:50:32.0 (21197268)|VARIABLE_ASSIGNMENT|[5]|recordType|"All"
16:50:32.0 (21213625)|HEAP_ALLOCATE|[7]|Bytes:5
16:50:32.0 (21220605)|STATEMENT_EXECUTE|[5]
16:50:32.0 (21222710)|STATEMENT_EXECUTE|[7]
16:50:32.0 (21225514)|HEAP_ALLOCATE|[7]|Bytes:21
16:50:32.0 (21277421)|USER_DEBUG|[7]|DEBUG|Accesing to the list 
16:50:32.0 (21289807)|STATEMENT_EXECUTE|[8]
16:50:32.0 (21292345)|HEAP_ALLOCATE|[8]|Bytes:6
16:50:32.0 (21306777)|HEAP_ALLOCATE|[8]|Bytes:9
16:50:32.0 (21319749)|USER_DEBUG|[8]|DEBUG|Llegó:All
16:50:32.0 (21328410)|HEAP_ALLOCATE|[9]|Bytes:3
16:50:32.0 (21348402)|STATEMENT_EXECUTE|[9]
16:50:32.0 (21350196)|STATEMENT_EXECUTE|[11]
16:50:32.0 (21352498)|HEAP_ALLOCATE|[11]|Bytes:178
16:50:32.0 (21376594)|HEAP_ALLOCATE|[11]|Bytes:4
16:50:32.0 (22381830)|SOQL_EXECUTE_BEGIN|[11]|Aggregations:0|SELECT Id, Name, Contact__r.Name, Contact__r.Birthdate, Job_Category__c, RecordType.DeveloperName, Amount__c, Location__c, Office__c, Submitted__c, Status__C FROM Compensation__c
16:50:32.0 (35099896)|SOQL_EXECUTE_END|[11]|Rows:12
16:50:32.0 (35140864)|HEAP_ALLOCATE|[11]|Bytes:52
16:50:32.0 (35220756)|HEAP_ALLOCATE|[11]|Bytes:3535
16:50:32.0 (35359384)|HEAP_ALLOCATE|[11]|Bytes:52
16:50:32.0 (35390767)|SYSTEM_MODE_EXIT|false
16:50:32.35 (35416859)|CUMULATIVE_LIMIT_USAGE
16:50:32.35 (35416859)|LIMIT_USAGE_FOR_NS|(default)|
  Number of SOQL queries: 1 out of 100
  Number of query rows: 12 out of 50000
  Number of SOSL queries: 0 out of 20
  Number of DML statements: 0 out of 150
  Number of DML rows: 0 out of 10000
  Maximum CPU time: 0 out of 10000
  Maximum heap size: 0 out of 6000000
  Number of callouts: 0 out of 100
  Number of Email Invocations: 0 out of 10
  Number of future calls: 0 out of 50
  Number of queueable jobs added to the queue: 0 out of 50
  Number of Mobile Apex push calls: 0 out of 10

16:50:32.35 (35416859)|CUMULATIVE_LIMIT_USAGE_END

16:50:32.0 (35450804)|CODE_UNIT_FINISHED|CompensationsController.getCompensations(String)
16:50:32.0 (35896574)|CODE_UNIT_FINISHED|Aura
16:50:32.0 (37077883)|EXECUTION_FINISHED
16:50:32.38 (38723481)|USER_INFO|[EXTERNAL]|005f2000008Qgef|gabriel.arce@salesforce.com|Argentine Time|GMT-03:00
16:50:32.38 (38755917)|EXECUTION_STARTED
16:50:32.38 (38760710)|CODE_UNIT_STARTED|[EXTERNAL]|Aura
16:50:32.38 (39722584)|CODE_UNIT_STARTED|[EXTERNAL]|01pf2000002PUqf|CompensationsController.getRecordTypes()
16:50:32.38 (39799646)|SYSTEM_MODE_ENTER|false
16:50:32.38 (39829271)|HEAP_ALLOCATE|[28]|Bytes:5
16:50:32.38 (39837774)|STATEMENT_EXECUTE|[27]
16:50:32.38 (39840651)|STATEMENT_EXECUTE|[28]
16:50:32.38 (39846745)|HEAP_ALLOCATE|[28]|Bytes:74
16:50:32.38 (39872425)|HEAP_ALLOCATE|[28]|Bytes:4
16:50:32.38 (40078733)|SOQL_EXECUTE_BEGIN|[28]|Aggregations:0|SELECT DeveloperName FROM RecordType WHERE SobjectType = 'Compensation__c'
16:50:32.38 (48944225)|SOQL_EXECUTE_END|[28]|Rows:3
16:50:32.38 (48980727)|HEAP_ALLOCATE|[28]|Bytes:16
16:50:32.38 (49006947)|HEAP_ALLOCATE|[28]|Bytes:157
16:50:32.38 (49110819)|HEAP_ALLOCATE|[28]|Bytes:16
16:50:32.38 (49134624)|VARIABLE_SCOPE_BEGIN|[28]|recordTypesCompensation|List<RecordType>|true|false
16:50:32.38 (49191714)|VARIABLE_ASSIGNMENT|[28]|recordTypesCompensation|[{"DeveloperName":"Research","Id":"012f2000000qOq6AAE"},{"DeveloperName":"Salary","Id":"012f2000000qOpwAAE"},{"DeveloperName":"Study","Id":"012f2000000qOq1AAE"}]|0x4c1e318a
16:50:32.38 (49202021)|STATEMENT_EXECUTE|[30]
16:50:32.38 (49219312)|HEAP_ALLOCATE|[30]|Bytes:4
16:50:32.38 (49267442)|VARIABLE_SCOPE_BEGIN|[30]|nameList|List<String>|true|false
16:50:32.38 (49296642)|HEAP_ALLOCATE|[EXTERNAL]|Bytes:4
16:50:32.38 (49308224)|VARIABLE_ASSIGNMENT|[30]|nameList|[]|0x2d8b9e14
16:50:32.38 (49314210)|STATEMENT_EXECUTE|[31]
16:50:32.38 (49364265)|HEAP_ALLOCATE|[EXTERNAL]|Bytes:4
16:50:32.38 (49588449)|HEAP_ALLOCATE|[33]|Bytes:5
16:50:32.38 (49630818)|HEAP_ALLOCATE|[33]|Bytes:12
16:50:32.38 (49642827)|VARIABLE_SCOPE_BEGIN|[33]|r|RecordType|true|false
16:50:32.38 (49662740)|VARIABLE_ASSIGNMENT|[33]|r|{"DeveloperName":"Research","Id":"012f2000000qOq6AAE"}|0x1029fca3
16:50:32.38 (49670624)|STATEMENT_EXECUTE|[33]
16:50:32.38 (49672469)|STATEMENT_EXECUTE|[35]
16:50:32.38 (49725362)|HEAP_ALLOCATE|[EXTERNAL]|Bytes:4
16:50:32.38 (49741729)|HEAP_ALLOCATE|[33]|Bytes:5
16:50:32.38 (49753023)|HEAP_ALLOCATE|[33]|Bytes:12
16:50:32.38 (49759439)|VARIABLE_SCOPE_BEGIN|[33]|r|RecordType|true|false
16:50:32.38 (49774648)|VARIABLE_ASSIGNMENT|[33]|r|{"DeveloperName":"Salary","Id":"012f2000000qOpwAAE"}|0x6123bb8c
16:50:32.38 (49780795)|STATEMENT_EXECUTE|[33]
16:50:32.38 (49782546)|STATEMENT_EXECUTE|[35]
16:50:32.38 (49793419)|HEAP_ALLOCATE|[EXTERNAL]|Bytes:4
16:50:32.38 (49804010)|HEAP_ALLOCATE|[33]|Bytes:5
16:50:32.38 (49813391)|HEAP_ALLOCATE|[33]|Bytes:12
16:50:32.38 (49818135)|VARIABLE_SCOPE_BEGIN|[33]|r|RecordType|true|false
16:50:32.38 (49831687)|VARIABLE_ASSIGNMENT|[33]|r|{"DeveloperName":"Study","Id":"012f2000000qOq1AAE"}|0x575f5abe
16:50:32.38 (49837497)|STATEMENT_EXECUTE|[33]
16:50:32.38 (49839018)|STATEMENT_EXECUTE|[35]
16:50:32.38 (49847003)|HEAP_ALLOCATE|[EXTERNAL]|Bytes:4
16:50:32.38 (49857847)|HEAP_ALLOCATE|[33]|Bytes:5
16:50:32.38 (49868532)|VARIABLE_ASSIGNMENT|[33]|r|null|
16:50:32.38 (49873860)|STATEMENT_EXECUTE|[37]
16:50:32.38 (49887898)|SYSTEM_MODE_EXIT|false
16:50:32.49 (49918127)|CUMULATIVE_LIMIT_USAGE
16:50:32.49 (49918127)|LIMIT_USAGE_FOR_NS|(default)|
  Number of SOQL queries: 2 out of 100
  Number of query rows: 15 out of 50000
  Number of SOSL queries: 0 out of 20
  Number of DML statements: 0 out of 150
  Number of DML rows: 0 out of 10000
  Maximum CPU time: 0 out of 10000
  Maximum heap size: 0 out of 6000000
  Number of callouts: 0 out of 100
  Number of Email Invocations: 0 out of 10
  Number of future calls: 0 out of 50
  Number of queueable jobs added to the queue: 0 out of 50
  Number of Mobile Apex push calls: 0 out of 10

16:50:32.49 (49918127)|CUMULATIVE_LIMIT_USAGE_END

16:50:32.38 (49955314)|CODE_UNIT_FINISHED|CompensationsController.getRecordTypes()
16:50:32.38 (50026667)|CODE_UNIT_FINISHED|Aura
16:50:32.38 (51356603)|EXECUTION_FINISHED
