43.0 APEX_CODE,FINEST;APEX_PROFILING,INFO;CALLOUT,INFO;DB,INFO;NBA,INFO;SYSTEM,DEBUG;VALIDATION,INFO;VISUALFORCE,INFO;WAVE,INFO;WORKFLOW,INFO
16:36:29.0 (106424)|USER_INFO|[EXTERNAL]|005f2000008Qgef|gabriel.arce@salesforce.com|Argentine Time|GMT-03:00
16:36:29.0 (159110)|EXECUTION_STARTED
16:36:29.0 (165375)|CODE_UNIT_STARTED|[EXTERNAL]|Aura
16:36:29.0 (1032263)|HEAP_ALLOCATE|[72]|Bytes:3
16:36:29.0 (1100193)|HEAP_ALLOCATE|[77]|Bytes:152
16:36:29.0 (1127664)|HEAP_ALLOCATE|[342]|Bytes:408
16:36:29.0 (1152344)|HEAP_ALLOCATE|[355]|Bytes:408
16:36:29.0 (1171895)|HEAP_ALLOCATE|[467]|Bytes:48
16:36:29.0 (1206569)|HEAP_ALLOCATE|[139]|Bytes:6
16:36:29.0 (1236718)|HEAP_ALLOCATE|[EXTERNAL]|Bytes:3
16:36:29.0 (1248105)|HEAP_ALLOCATE|[EXTERNAL]|Bytes:3
16:36:29.0 (2073106)|CODE_UNIT_STARTED|[EXTERNAL]|01pf2000002PUqf|CompensationsController.getCompensations(String)
16:36:29.0 (2190268)|HEAP_ALLOCATE|[EXTERNAL]|Bytes:7
16:36:29.0 (2200254)|HEAP_ALLOCATE|[EXTERNAL]|Bytes:3
16:36:29.0 (2214590)|METHOD_ENTRY|[1]|01pf2000002PUqf|CompensationsController.CompensationsController()
16:36:29.0 (2222764)|STATEMENT_EXECUTE|[1]
16:36:29.0 (2229748)|STATEMENT_EXECUTE|[1]
16:36:29.0 (2269754)|HEAP_ALLOCATE|[50]|Bytes:5
16:36:29.0 (2305782)|HEAP_ALLOCATE|[56]|Bytes:5
16:36:29.0 (2318606)|HEAP_ALLOCATE|[64]|Bytes:7
16:36:29.0 (2342534)|SYSTEM_MODE_ENTER|false
16:36:29.0 (2358702)|HEAP_ALLOCATE|[EXTERNAL]|Bytes:5
16:36:29.0 (2368986)|SYSTEM_MODE_EXIT|false
16:36:29.0 (2381216)|METHOD_EXIT|[1]|CompensationsController
16:36:29.0 (2388433)|HEAP_ALLOCATE|[EXTERNAL]|Bytes:3
16:36:29.0 (2397387)|SYSTEM_MODE_ENTER|false
16:36:29.0 (2406236)|VARIABLE_SCOPE_BEGIN|[5]|recordType|String|false|false
16:36:29.0 (2439615)|VARIABLE_ASSIGNMENT|[5]|recordType|"All"
16:36:29.0 (2458392)|HEAP_ALLOCATE|[7]|Bytes:5
16:36:29.0 (2465481)|STATEMENT_EXECUTE|[5]
16:36:29.0 (2468024)|STATEMENT_EXECUTE|[7]
16:36:29.0 (2472170)|HEAP_ALLOCATE|[7]|Bytes:21
16:36:29.0 (2528505)|USER_DEBUG|[7]|DEBUG|Accesing to the list 
16:36:29.0 (2544998)|STATEMENT_EXECUTE|[8]
16:36:29.0 (2548696)|HEAP_ALLOCATE|[8]|Bytes:6
16:36:29.0 (2565379)|HEAP_ALLOCATE|[8]|Bytes:9
16:36:29.0 (2587262)|USER_DEBUG|[8]|DEBUG|Llegó:All
16:36:29.0 (2600921)|HEAP_ALLOCATE|[9]|Bytes:3
16:36:29.0 (2623330)|STATEMENT_EXECUTE|[9]
16:36:29.0 (2625942)|STATEMENT_EXECUTE|[11]
16:36:29.0 (2629370)|HEAP_ALLOCATE|[11]|Bytes:178
16:36:29.0 (2661167)|HEAP_ALLOCATE|[11]|Bytes:4
16:36:29.0 (3591969)|SOQL_EXECUTE_BEGIN|[11]|Aggregations:0|SELECT Id, Name, Contact__r.Name, Contact__r.Birthdate, Job_Category__c, RecordType.DeveloperName, Amount__c, Location__c, Office__c, Submitted__c, Status__C FROM Compensation__c
16:36:29.0 (11455427)|SOQL_EXECUTE_END|[11]|Rows:12
16:36:29.0 (11494258)|HEAP_ALLOCATE|[11]|Bytes:52
16:36:29.0 (11596946)|HEAP_ALLOCATE|[11]|Bytes:3535
16:36:29.0 (11725202)|HEAP_ALLOCATE|[11]|Bytes:52
16:36:29.0 (11757088)|SYSTEM_MODE_EXIT|false
16:36:29.11 (11789084)|CUMULATIVE_LIMIT_USAGE
16:36:29.11 (11789084)|LIMIT_USAGE_FOR_NS|(default)|
  Number of SOQL queries: 1 out of 100
  Number of query rows: 12 out of 50000
  Number of SOSL queries: 0 out of 20
  Number of DML statements: 0 out of 150
  Number of DML rows: 0 out of 10000
  Maximum CPU time: 0 out of 10000
  Maximum heap size: 0 out of 6000000
  Number of callouts: 0 out of 100
  Number of Email Invocations: 0 out of 10
  Number of future calls: 0 out of 50
  Number of queueable jobs added to the queue: 0 out of 50
  Number of Mobile Apex push calls: 0 out of 10

16:36:29.11 (11789084)|CUMULATIVE_LIMIT_USAGE_END

16:36:29.0 (11827846)|CODE_UNIT_FINISHED|CompensationsController.getCompensations(String)
16:36:29.0 (12384774)|CODE_UNIT_FINISHED|Aura
16:36:29.0 (14648597)|EXECUTION_FINISHED
16:36:29.16 (16388485)|USER_INFO|[EXTERNAL]|005f2000008Qgef|gabriel.arce@salesforce.com|Argentine Time|GMT-03:00
16:36:29.16 (16404558)|EXECUTION_STARTED
16:36:29.16 (16408339)|CODE_UNIT_STARTED|[EXTERNAL]|Aura
16:36:29.16 (17296415)|CODE_UNIT_STARTED|[EXTERNAL]|01pf2000002PUqf|CompensationsController.getRecordTypes()
16:36:29.16 (17367186)|SYSTEM_MODE_ENTER|false
16:36:29.16 (17395784)|HEAP_ALLOCATE|[28]|Bytes:5
16:36:29.16 (17404076)|STATEMENT_EXECUTE|[27]
16:36:29.16 (17406716)|STATEMENT_EXECUTE|[28]
16:36:29.16 (17412167)|HEAP_ALLOCATE|[28]|Bytes:74
16:36:29.16 (17437043)|HEAP_ALLOCATE|[28]|Bytes:4
16:36:29.16 (17666323)|SOQL_EXECUTE_BEGIN|[28]|Aggregations:0|SELECT DeveloperName FROM RecordType WHERE SobjectType = 'Compensation__c'
16:36:29.16 (26046994)|SOQL_EXECUTE_END|[28]|Rows:3
16:36:29.16 (26082635)|HEAP_ALLOCATE|[28]|Bytes:16
16:36:29.16 (26106270)|HEAP_ALLOCATE|[28]|Bytes:157
16:36:29.16 (26224470)|HEAP_ALLOCATE|[28]|Bytes:16
16:36:29.16 (26256626)|VARIABLE_SCOPE_BEGIN|[28]|recordTypesCompensation|List<RecordType>|true|false
16:36:29.16 (26310288)|VARIABLE_ASSIGNMENT|[28]|recordTypesCompensation|[{"DeveloperName":"Research","Id":"012f2000000qOq6AAE"},{"DeveloperName":"Salary","Id":"012f2000000qOpwAAE"},{"DeveloperName":"Study","Id":"012f2000000qOq1AAE"}]|0x21ebf122
16:36:29.16 (26320567)|STATEMENT_EXECUTE|[30]
16:36:29.16 (26338231)|HEAP_ALLOCATE|[30]|Bytes:4
16:36:29.16 (26383609)|VARIABLE_SCOPE_BEGIN|[30]|nameList|List<String>|true|false
16:36:29.16 (26412570)|HEAP_ALLOCATE|[EXTERNAL]|Bytes:4
16:36:29.16 (26423777)|VARIABLE_ASSIGNMENT|[30]|nameList|[]|0x6b94e36b
16:36:29.16 (26431456)|STATEMENT_EXECUTE|[31]
16:36:29.16 (26482688)|HEAP_ALLOCATE|[EXTERNAL]|Bytes:4
16:36:29.16 (26703725)|HEAP_ALLOCATE|[33]|Bytes:5
16:36:29.16 (26742573)|HEAP_ALLOCATE|[33]|Bytes:12
16:36:29.16 (26754161)|VARIABLE_SCOPE_BEGIN|[33]|r|RecordType|true|false
16:36:29.16 (26773834)|VARIABLE_ASSIGNMENT|[33]|r|{"DeveloperName":"Research","Id":"012f2000000qOq6AAE"}|0x476e7d67
16:36:29.16 (26781643)|STATEMENT_EXECUTE|[33]
16:36:29.16 (26783488)|STATEMENT_EXECUTE|[35]
16:36:29.16 (26837196)|HEAP_ALLOCATE|[EXTERNAL]|Bytes:4
16:36:29.16 (26854130)|HEAP_ALLOCATE|[33]|Bytes:5
16:36:29.16 (26864729)|HEAP_ALLOCATE|[33]|Bytes:12
16:36:29.16 (26871283)|VARIABLE_SCOPE_BEGIN|[33]|r|RecordType|true|false
16:36:29.16 (26887338)|VARIABLE_ASSIGNMENT|[33]|r|{"DeveloperName":"Salary","Id":"012f2000000qOpwAAE"}|0xb2d415a
16:36:29.16 (26893538)|STATEMENT_EXECUTE|[33]
16:36:29.16 (26895152)|STATEMENT_EXECUTE|[35]
16:36:29.16 (26921533)|HEAP_ALLOCATE|[EXTERNAL]|Bytes:4
16:36:29.16 (26933443)|HEAP_ALLOCATE|[33]|Bytes:5
16:36:29.16 (26945176)|HEAP_ALLOCATE|[33]|Bytes:12
16:36:29.16 (26951068)|VARIABLE_SCOPE_BEGIN|[33]|r|RecordType|true|false
16:36:29.16 (26965246)|VARIABLE_ASSIGNMENT|[33]|r|{"DeveloperName":"Study","Id":"012f2000000qOq1AAE"}|0x63dc5ab2
16:36:29.16 (26971083)|STATEMENT_EXECUTE|[33]
16:36:29.16 (26972591)|STATEMENT_EXECUTE|[35]
16:36:29.16 (26980566)|HEAP_ALLOCATE|[EXTERNAL]|Bytes:4
16:36:29.16 (26990931)|HEAP_ALLOCATE|[33]|Bytes:5
16:36:29.16 (27001768)|VARIABLE_ASSIGNMENT|[33]|r|null|
16:36:29.16 (27007764)|STATEMENT_EXECUTE|[37]
16:36:29.16 (27021932)|SYSTEM_MODE_EXIT|false
16:36:29.27 (27047729)|CUMULATIVE_LIMIT_USAGE
16:36:29.27 (27047729)|LIMIT_USAGE_FOR_NS|(default)|
  Number of SOQL queries: 2 out of 100
  Number of query rows: 15 out of 50000
  Number of SOSL queries: 0 out of 20
  Number of DML statements: 0 out of 150
  Number of DML rows: 0 out of 10000
  Maximum CPU time: 0 out of 10000
  Maximum heap size: 0 out of 6000000
  Number of callouts: 0 out of 100
  Number of Email Invocations: 0 out of 10
  Number of future calls: 0 out of 50
  Number of queueable jobs added to the queue: 0 out of 50
  Number of Mobile Apex push calls: 0 out of 10

16:36:29.27 (27047729)|CUMULATIVE_LIMIT_USAGE_END

16:36:29.16 (27079755)|CODE_UNIT_FINISHED|CompensationsController.getRecordTypes()
16:36:29.16 (27140012)|CODE_UNIT_FINISHED|Aura
16:36:29.16 (28312502)|EXECUTION_FINISHED
