43.0 APEX_CODE,FINEST;APEX_PROFILING,INFO;CALLOUT,INFO;DB,INFO;NBA,INFO;SYSTEM,DEBUG;VALIDATION,INFO;VISUALFORCE,INFO;WAVE,INFO;WORKFLOW,INFO
16:43:54.0 (62384)|USER_INFO|[EXTERNAL]|005f2000008Qgef|gabriel.arce@salesforce.com|Argentine Time|GMT-03:00
16:43:54.0 (86263)|EXECUTION_STARTED
16:43:54.0 (89559)|CODE_UNIT_STARTED|[EXTERNAL]|Aura
16:43:54.0 (744060)|HEAP_ALLOCATE|[72]|Bytes:3
16:43:54.0 (779771)|HEAP_ALLOCATE|[77]|Bytes:152
16:43:54.0 (791369)|HEAP_ALLOCATE|[342]|Bytes:408
16:43:54.0 (804513)|HEAP_ALLOCATE|[355]|Bytes:408
16:43:54.0 (815340)|HEAP_ALLOCATE|[467]|Bytes:48
16:43:54.0 (834240)|HEAP_ALLOCATE|[139]|Bytes:6
16:43:54.0 (850463)|HEAP_ALLOCATE|[EXTERNAL]|Bytes:3
16:43:54.0 (858236)|HEAP_ALLOCATE|[EXTERNAL]|Bytes:3
16:43:54.0 (1626424)|CODE_UNIT_STARTED|[EXTERNAL]|01pf2000002PUqf|CompensationsController.getCompensations(String)
16:43:54.0 (1715546)|HEAP_ALLOCATE|[EXTERNAL]|Bytes:7
16:43:54.0 (1724746)|HEAP_ALLOCATE|[EXTERNAL]|Bytes:3
16:43:54.0 (1735869)|METHOD_ENTRY|[1]|01pf2000002PUqf|CompensationsController.CompensationsController()
16:43:54.0 (1742841)|STATEMENT_EXECUTE|[1]
16:43:54.0 (1747062)|STATEMENT_EXECUTE|[1]
16:43:54.0 (1787629)|HEAP_ALLOCATE|[50]|Bytes:5
16:43:54.0 (1811990)|HEAP_ALLOCATE|[56]|Bytes:5
16:43:54.0 (1824128)|HEAP_ALLOCATE|[64]|Bytes:7
16:43:54.0 (1847118)|SYSTEM_MODE_ENTER|false
16:43:54.0 (1858172)|HEAP_ALLOCATE|[EXTERNAL]|Bytes:5
16:43:54.0 (1867053)|SYSTEM_MODE_EXIT|false
16:43:54.0 (1877955)|METHOD_EXIT|[1]|CompensationsController
16:43:54.0 (1885573)|HEAP_ALLOCATE|[EXTERNAL]|Bytes:3
16:43:54.0 (1894448)|SYSTEM_MODE_ENTER|false
16:43:54.0 (1904002)|VARIABLE_SCOPE_BEGIN|[5]|recordType|String|false|false
16:43:54.0 (1938368)|VARIABLE_ASSIGNMENT|[5]|recordType|"All"
16:43:54.0 (1958883)|HEAP_ALLOCATE|[7]|Bytes:5
16:43:54.0 (1964586)|STATEMENT_EXECUTE|[5]
16:43:54.0 (1966411)|STATEMENT_EXECUTE|[7]
16:43:54.0 (1968937)|HEAP_ALLOCATE|[7]|Bytes:21
16:43:54.0 (2006812)|USER_DEBUG|[7]|DEBUG|Accesing to the list 
16:43:54.0 (2019288)|STATEMENT_EXECUTE|[8]
16:43:54.0 (2021762)|HEAP_ALLOCATE|[8]|Bytes:6
16:43:54.0 (2031279)|HEAP_ALLOCATE|[8]|Bytes:9
16:43:54.0 (2044277)|USER_DEBUG|[8]|DEBUG|Llegó:All
16:43:54.0 (2053064)|HEAP_ALLOCATE|[9]|Bytes:3
16:43:54.0 (2065810)|STATEMENT_EXECUTE|[9]
16:43:54.0 (2067439)|STATEMENT_EXECUTE|[11]
16:43:54.0 (2069855)|HEAP_ALLOCATE|[11]|Bytes:178
16:43:54.0 (2083924)|HEAP_ALLOCATE|[11]|Bytes:4
16:43:54.0 (2737817)|SOQL_EXECUTE_BEGIN|[11]|Aggregations:0|SELECT Id, Name, Contact__r.Name, Contact__r.Birthdate, Job_Category__c, RecordType.DeveloperName, Amount__c, Location__c, Office__c, Submitted__c, Status__C FROM Compensation__c
16:43:54.0 (10277923)|SOQL_EXECUTE_END|[11]|Rows:12
16:43:54.0 (10300571)|HEAP_ALLOCATE|[11]|Bytes:52
16:43:54.0 (10372773)|HEAP_ALLOCATE|[11]|Bytes:3535
16:43:54.0 (10434578)|HEAP_ALLOCATE|[11]|Bytes:52
16:43:54.0 (10456941)|SYSTEM_MODE_EXIT|false
16:43:54.10 (10478544)|CUMULATIVE_LIMIT_USAGE
16:43:54.10 (10478544)|LIMIT_USAGE_FOR_NS|(default)|
  Number of SOQL queries: 1 out of 100
  Number of query rows: 12 out of 50000
  Number of SOSL queries: 0 out of 20
  Number of DML statements: 0 out of 150
  Number of DML rows: 0 out of 10000
  Maximum CPU time: 0 out of 10000
  Maximum heap size: 0 out of 6000000
  Number of callouts: 0 out of 100
  Number of Email Invocations: 0 out of 10
  Number of future calls: 0 out of 50
  Number of queueable jobs added to the queue: 0 out of 50
  Number of Mobile Apex push calls: 0 out of 10

16:43:54.10 (10478544)|CUMULATIVE_LIMIT_USAGE_END

16:43:54.0 (10500654)|CODE_UNIT_FINISHED|CompensationsController.getCompensations(String)
16:43:54.0 (10876437)|CODE_UNIT_FINISHED|Aura
16:43:54.0 (12052841)|EXECUTION_FINISHED
