43.0 APEX_CODE,FINEST;APEX_PROFILING,INFO;CALLOUT,INFO;DB,INFO;NBA,INFO;SYSTEM,DEBUG;VALIDATION,INFO;VISUALFORCE,INFO;WAVE,INFO;WORKFLOW,INFO
17:49:31.0 (84475)|USER_INFO|[EXTERNAL]|005f2000008Qgef|gabriel.arce@salesforce.com|Argentine Time|GMT-03:00
17:49:31.0 (120846)|EXECUTION_STARTED
17:49:31.0 (125136)|CODE_UNIT_STARTED|[EXTERNAL]|Aura
17:49:31.0 (2303126)|CODE_UNIT_STARTED|[EXTERNAL]|01pf2000002PUqf|CompensationsController.getCompensations(String, String)
17:49:31.0 (2466585)|HEAP_ALLOCATE|[72]|Bytes:3
17:49:31.0 (2522059)|HEAP_ALLOCATE|[77]|Bytes:152
17:49:31.0 (2539628)|HEAP_ALLOCATE|[342]|Bytes:408
17:49:31.0 (2555683)|HEAP_ALLOCATE|[355]|Bytes:408
17:49:31.0 (2566535)|HEAP_ALLOCATE|[467]|Bytes:48
17:49:31.0 (2592911)|HEAP_ALLOCATE|[139]|Bytes:6
17:49:31.0 (2658575)|HEAP_ALLOCATE|[EXTERNAL]|Bytes:7
17:49:31.0 (2664700)|HEAP_ALLOCATE|[EXTERNAL]|Bytes:4
17:49:31.0 (2673644)|METHOD_ENTRY|[1]|01pf2000002PUqf|CompensationsController.CompensationsController()
17:49:31.0 (2679536)|STATEMENT_EXECUTE|[1]
17:49:31.0 (2685407)|STATEMENT_EXECUTE|[1]
17:49:31.0 (2716322)|HEAP_ALLOCATE|[50]|Bytes:5
17:49:31.0 (2740954)|HEAP_ALLOCATE|[56]|Bytes:5
17:49:31.0 (2748826)|HEAP_ALLOCATE|[64]|Bytes:7
17:49:31.0 (2763779)|SYSTEM_MODE_ENTER|false
17:49:31.0 (2780236)|HEAP_ALLOCATE|[EXTERNAL]|Bytes:5
17:49:31.0 (2788922)|SYSTEM_MODE_EXIT|false
17:49:31.0 (2797455)|METHOD_EXIT|[1]|CompensationsController
17:49:31.0 (2805142)|SYSTEM_MODE_ENTER|false
17:49:31.0 (2811823)|VARIABLE_SCOPE_BEGIN|[5]|contactRecordId|String|false|false
17:49:31.0 (2833006)|VARIABLE_ASSIGNMENT|[5]|contactRecordId|null
17:49:31.0 (2838555)|VARIABLE_SCOPE_BEGIN|[5]|recordType|String|false|false
17:49:31.0 (2846296)|VARIABLE_ASSIGNMENT|[5]|recordType|null
17:49:31.0 (2855676)|HEAP_ALLOCATE|[7]|Bytes:5
17:49:31.0 (2860194)|STATEMENT_EXECUTE|[5]
17:49:31.0 (2862067)|STATEMENT_EXECUTE|[7]
17:49:31.0 (2864640)|HEAP_ALLOCATE|[7]|Bytes:1
17:49:31.0 (2880487)|HEAP_ALLOCATE|[7]|Bytes:9
17:49:31.0 (2919330)|USER_DEBUG|[7]|DEBUG|null null
17:49:31.0 (2930067)|STATEMENT_EXECUTE|[9]
17:49:31.0 (2933012)|HEAP_ALLOCATE|[9]|Bytes:171
17:49:31.0 (2939362)|VARIABLE_SCOPE_BEGIN|[9]|squery|String|false|false
17:49:31.0 (2957133)|VARIABLE_ASSIGNMENT|[9]|squery|"SELECT Id, Name, Con (151 more) ..."
17:49:31.0 (2962436)|STATEMENT_EXECUTE|[15]
17:49:31.0 (2965411)|STATEMENT_EXECUTE|[16]
17:49:31.0 (2967016)|STATEMENT_EXECUTE|[17]
17:49:31.0 (2969515)|HEAP_ALLOCATE|[17]|Bytes:32
17:49:31.0 (2973138)|HEAP_ALLOCATE|[17]|Bytes:1
17:49:31.0 (2978846)|HEAP_ALLOCATE|[17]|Bytes:37
17:49:31.0 (2986133)|HEAP_ALLOCATE|[17]|Bytes:208
17:49:31.0 (2993961)|VARIABLE_ASSIGNMENT|[17]|squery|"SELECT Id, Name, Con (188 more) ..."
17:49:31.0 (2998276)|STATEMENT_EXECUTE|[20]
17:49:31.0 (3009900)|USER_DEBUG|[20]|DEBUG|SELECT Id, Name, Contact__r.Name,Contact__r.Birthdate,Job_Category__c,RecordType.DeveloperName,Amount__c,Location__c,Office__c,Submitted__c,Status__C FROM Compensation__c where RecordType.DeveloperName='null'
17:49:31.0 (3019419)|STATEMENT_EXECUTE|[21]
17:49:31.0 (3705104)|SOQL_EXECUTE_BEGIN|[21]|Aggregations:0|SELECT Id, Name, Contact__r.Name,Contact__r.Birthdate,Job_Category__c,RecordType.DeveloperName,Amount__c,Location__c,Office__c,Submitted__c,Status__C FROM Compensation__c where RecordType.DeveloperName='null'
17:49:31.0 (6487225)|SOQL_EXECUTE_END|[21]|Rows:0
17:49:31.0 (6515340)|HEAP_ALLOCATE|[21]|Bytes:4
17:49:31.0 (6534176)|HEAP_ALLOCATE|[21]|Bytes:0
17:49:31.0 (6616275)|HEAP_ALLOCATE|[21]|Bytes:4
17:49:31.0 (6638229)|VARIABLE_SCOPE_BEGIN|[21]|returnList|List<Compensation__c>|true|false
17:49:31.0 (6658187)|VARIABLE_ASSIGNMENT|[21]|returnList|[]|0x27cda2a6
17:49:31.0 (6664114)|STATEMENT_EXECUTE|[25]
17:49:31.0 (6673151)|SYSTEM_MODE_EXIT|false
17:49:31.6 (6699433)|CUMULATIVE_LIMIT_USAGE
17:49:31.6 (6699433)|LIMIT_USAGE_FOR_NS|(default)|
  Number of SOQL queries: 1 out of 100
  Number of query rows: 0 out of 50000
  Number of SOSL queries: 0 out of 20
  Number of DML statements: 0 out of 150
  Number of DML rows: 0 out of 10000
  Maximum CPU time: 0 out of 10000
  Maximum heap size: 0 out of 6000000
  Number of callouts: 0 out of 100
  Number of Email Invocations: 0 out of 10
  Number of future calls: 0 out of 50
  Number of queueable jobs added to the queue: 0 out of 50
  Number of Mobile Apex push calls: 0 out of 10

17:49:31.6 (6699433)|CUMULATIVE_LIMIT_USAGE_END

17:49:31.0 (6729235)|CODE_UNIT_FINISHED|CompensationsController.getCompensations(String, String)
17:49:31.0 (6788408)|CODE_UNIT_FINISHED|Aura
17:49:31.0 (7892705)|EXECUTION_FINISHED
