43.0 APEX_CODE,FINEST;APEX_PROFILING,INFO;CALLOUT,INFO;DB,INFO;NBA,INFO;SYSTEM,DEBUG;VALIDATION,INFO;VISUALFORCE,INFO;WAVE,INFO;WORKFLOW,INFO
17:50:38.0 (91110)|USER_INFO|[EXTERNAL]|005f2000008Qgef|gabriel.arce@salesforce.com|Argentine Time|GMT-03:00
17:50:38.0 (128181)|EXECUTION_STARTED
17:50:38.0 (133129)|CODE_UNIT_STARTED|[EXTERNAL]|Aura
17:50:38.0 (786650)|HEAP_ALLOCATE|[72]|Bytes:3
17:50:38.0 (844950)|HEAP_ALLOCATE|[77]|Bytes:152
17:50:38.0 (862208)|HEAP_ALLOCATE|[342]|Bytes:408
17:50:38.0 (878219)|HEAP_ALLOCATE|[355]|Bytes:408
17:50:38.0 (889480)|HEAP_ALLOCATE|[467]|Bytes:48
17:50:38.0 (912721)|HEAP_ALLOCATE|[139]|Bytes:6
17:50:38.0 (931423)|HEAP_ALLOCATE|[EXTERNAL]|Bytes:18
17:50:38.0 (941004)|HEAP_ALLOCATE|[EXTERNAL]|Bytes:18
17:50:38.0 (994785)|HEAP_ALLOCATE|[EXTERNAL]|Bytes:5
17:50:38.0 (1000041)|HEAP_ALLOCATE|[EXTERNAL]|Bytes:5
17:50:38.0 (1792605)|CODE_UNIT_STARTED|[EXTERNAL]|01pf2000002PUqf|CompensationsController.getCompensations(String, String)
17:50:38.0 (1903016)|HEAP_ALLOCATE|[EXTERNAL]|Bytes:7
17:50:38.0 (1910068)|HEAP_ALLOCATE|[EXTERNAL]|Bytes:4
17:50:38.0 (1920019)|METHOD_ENTRY|[1]|01pf2000002PUqf|CompensationsController.CompensationsController()
17:50:38.0 (1926327)|STATEMENT_EXECUTE|[1]
17:50:38.0 (1932030)|STATEMENT_EXECUTE|[1]
17:50:38.0 (1967571)|HEAP_ALLOCATE|[50]|Bytes:5
17:50:38.0 (1995186)|HEAP_ALLOCATE|[56]|Bytes:5
17:50:38.0 (2002823)|HEAP_ALLOCATE|[64]|Bytes:7
17:50:38.0 (2022425)|SYSTEM_MODE_ENTER|false
17:50:38.0 (2038790)|HEAP_ALLOCATE|[EXTERNAL]|Bytes:5
17:50:38.0 (2047812)|SYSTEM_MODE_EXIT|false
17:50:38.0 (2055508)|METHOD_EXIT|[1]|CompensationsController
17:50:38.0 (2060799)|HEAP_ALLOCATE|[EXTERNAL]|Bytes:18
17:50:38.0 (2064191)|HEAP_ALLOCATE|[EXTERNAL]|Bytes:5
17:50:38.0 (2069864)|SYSTEM_MODE_ENTER|false
17:50:38.0 (2076939)|VARIABLE_SCOPE_BEGIN|[5]|contactRecordId|String|false|false
17:50:38.0 (2104021)|VARIABLE_ASSIGNMENT|[5]|contactRecordId|"003f200002PxJqDAAV"
17:50:38.0 (2109796)|VARIABLE_SCOPE_BEGIN|[5]|recordType|String|false|false
17:50:38.0 (2118232)|VARIABLE_ASSIGNMENT|[5]|recordType|"Study"
17:50:38.0 (2129997)|HEAP_ALLOCATE|[7]|Bytes:5
17:50:38.0 (2134712)|STATEMENT_EXECUTE|[5]
17:50:38.0 (2136933)|STATEMENT_EXECUTE|[7]
17:50:38.0 (2140054)|HEAP_ALLOCATE|[7]|Bytes:1
17:50:38.0 (2152561)|HEAP_ALLOCATE|[7]|Bytes:24
17:50:38.0 (2197595)|USER_DEBUG|[7]|DEBUG|003f200002PxJqDAAV Study
17:50:38.0 (2209454)|STATEMENT_EXECUTE|[9]
17:50:38.0 (2212421)|HEAP_ALLOCATE|[9]|Bytes:171
17:50:38.0 (2218618)|VARIABLE_SCOPE_BEGIN|[9]|squery|String|false|false
17:50:38.0 (2233393)|VARIABLE_ASSIGNMENT|[9]|squery|"SELECT Id, Name, Con (151 more) ..."
17:50:38.0 (2238526)|STATEMENT_EXECUTE|[10]
17:50:38.0 (2240170)|STATEMENT_EXECUTE|[11]
17:50:38.0 (2243015)|HEAP_ALLOCATE|[11]|Bytes:21
17:50:38.0 (2246591)|HEAP_ALLOCATE|[11]|Bytes:1
17:50:38.0 (2252627)|HEAP_ALLOCATE|[11]|Bytes:40
17:50:38.0 (2259227)|HEAP_ALLOCATE|[11]|Bytes:211
17:50:38.0 (2267151)|VARIABLE_ASSIGNMENT|[11]|squery|"SELECT Id, Name, Con (191 more) ..."
17:50:38.0 (2272192)|HEAP_ALLOCATE|[12]|Bytes:3
17:50:38.0 (2289821)|STATEMENT_EXECUTE|[12]
17:50:38.0 (2291718)|STATEMENT_EXECUTE|[13]
17:50:38.0 (2293834)|HEAP_ALLOCATE|[13]|Bytes:31
17:50:38.0 (2298805)|HEAP_ALLOCATE|[13]|Bytes:37
17:50:38.0 (2303616)|HEAP_ALLOCATE|[13]|Bytes:248
17:50:38.0 (2311179)|VARIABLE_ASSIGNMENT|[13]|squery|"SELECT Id, Name, Con (228 more) ..."
17:50:38.0 (2315576)|STATEMENT_EXECUTE|[20]
17:50:38.0 (2327485)|USER_DEBUG|[20]|DEBUG|SELECT Id, Name, Contact__r.Name,Contact__r.Birthdate,Job_Category__c,RecordType.DeveloperName,Amount__c,Location__c,Office__c,Submitted__c,Status__C FROM Compensation__c where contact__r.id='003f200002PxJqDAAV' and RecordType.DeveloperName='Study'
17:50:38.0 (2339977)|STATEMENT_EXECUTE|[21]
17:50:38.0 (3194246)|SOQL_EXECUTE_BEGIN|[21]|Aggregations:0|SELECT Id, Name, Contact__r.Name,Contact__r.Birthdate,Job_Category__c,RecordType.DeveloperName,Amount__c,Location__c,Office__c,Submitted__c,Status__C FROM Compensation__c where contact__r.id='003f200002PxJqDAAV' and RecordType.DeveloperName='Study'
17:50:38.0 (8492891)|SOQL_EXECUTE_END|[21]|Rows:0
17:50:38.0 (8528982)|HEAP_ALLOCATE|[21]|Bytes:4
17:50:38.0 (8547160)|HEAP_ALLOCATE|[21]|Bytes:0
17:50:38.0 (8690475)|HEAP_ALLOCATE|[21]|Bytes:4
17:50:38.0 (8720307)|VARIABLE_SCOPE_BEGIN|[21]|returnList|List<Compensation__c>|true|false
17:50:38.0 (8748391)|VARIABLE_ASSIGNMENT|[21]|returnList|[]|0x6cf83d0
17:50:38.0 (8756475)|STATEMENT_EXECUTE|[25]
17:50:38.0 (8771614)|SYSTEM_MODE_EXIT|false
17:50:38.8 (8801978)|CUMULATIVE_LIMIT_USAGE
17:50:38.8 (8801978)|LIMIT_USAGE_FOR_NS|(default)|
  Number of SOQL queries: 1 out of 100
  Number of query rows: 0 out of 50000
  Number of SOSL queries: 0 out of 20
  Number of DML statements: 0 out of 150
  Number of DML rows: 0 out of 10000
  Maximum CPU time: 0 out of 10000
  Maximum heap size: 0 out of 6000000
  Number of callouts: 0 out of 100
  Number of Email Invocations: 0 out of 10
  Number of future calls: 0 out of 50
  Number of queueable jobs added to the queue: 0 out of 50
  Number of Mobile Apex push calls: 0 out of 10

17:50:38.8 (8801978)|CUMULATIVE_LIMIT_USAGE_END

17:50:38.0 (8840222)|CODE_UNIT_FINISHED|CompensationsController.getCompensations(String, String)
17:50:38.0 (8907419)|CODE_UNIT_FINISHED|Aura
17:50:38.0 (9996093)|EXECUTION_FINISHED
