43.0 APEX_CODE,FINEST;APEX_PROFILING,INFO;CALLOUT,INFO;DB,INFO;NBA,INFO;SYSTEM,DEBUG;VALIDATION,INFO;VISUALFORCE,INFO;WAVE,INFO;WORKFLOW,INFO
17:50:12.0 (98139)|USER_INFO|[EXTERNAL]|005f2000008Qgef|gabriel.arce@salesforce.com|Argentine Time|GMT-03:00
17:50:12.0 (133898)|EXECUTION_STARTED
17:50:12.0 (138580)|CODE_UNIT_STARTED|[EXTERNAL]|Aura
17:50:12.0 (1618314)|CODE_UNIT_STARTED|[EXTERNAL]|01pf2000002PUqf|CompensationsController.getRecordTypes()
17:50:12.0 (1821015)|HEAP_ALLOCATE|[72]|Bytes:3
17:50:12.0 (1891528)|HEAP_ALLOCATE|[77]|Bytes:152
17:50:12.0 (1914816)|HEAP_ALLOCATE|[342]|Bytes:408
17:50:12.0 (1934619)|HEAP_ALLOCATE|[355]|Bytes:408
17:50:12.0 (1950336)|HEAP_ALLOCATE|[467]|Bytes:48
17:50:12.0 (1982466)|HEAP_ALLOCATE|[139]|Bytes:6
17:50:12.0 (2319551)|HEAP_ALLOCATE|[EXTERNAL]|Bytes:7
17:50:12.0 (2331350)|HEAP_ALLOCATE|[EXTERNAL]|Bytes:4
17:50:12.0 (2344275)|METHOD_ENTRY|[1]|01pf2000002PUqf|CompensationsController.CompensationsController()
17:50:12.0 (2368862)|STATEMENT_EXECUTE|[1]
17:50:12.0 (2393216)|STATEMENT_EXECUTE|[1]
17:50:12.0 (2433207)|HEAP_ALLOCATE|[50]|Bytes:5
17:50:12.0 (2461063)|HEAP_ALLOCATE|[56]|Bytes:5
17:50:12.0 (2471810)|HEAP_ALLOCATE|[64]|Bytes:7
17:50:12.0 (2493558)|SYSTEM_MODE_ENTER|false
17:50:12.0 (2511239)|HEAP_ALLOCATE|[EXTERNAL]|Bytes:5
17:50:12.0 (2521330)|SYSTEM_MODE_EXIT|false
17:50:12.0 (2532318)|METHOD_EXIT|[1]|CompensationsController
17:50:12.0 (2542781)|SYSTEM_MODE_ENTER|false
17:50:12.0 (2555366)|HEAP_ALLOCATE|[30]|Bytes:5
17:50:12.0 (2578279)|STATEMENT_EXECUTE|[29]
17:50:12.0 (2597868)|STATEMENT_EXECUTE|[30]
17:50:12.0 (2602043)|HEAP_ALLOCATE|[30]|Bytes:74
17:50:12.0 (2634448)|HEAP_ALLOCATE|[30]|Bytes:4
17:50:12.0 (2976276)|SOQL_EXECUTE_BEGIN|[30]|Aggregations:0|SELECT DeveloperName FROM RecordType WHERE SobjectType = 'Compensation__c'
17:50:12.0 (13418744)|SOQL_EXECUTE_END|[30]|Rows:3
17:50:12.0 (13463632)|HEAP_ALLOCATE|[30]|Bytes:16
17:50:12.0 (13493506)|HEAP_ALLOCATE|[30]|Bytes:157
17:50:12.0 (13636456)|HEAP_ALLOCATE|[30]|Bytes:16
17:50:12.0 (13663582)|VARIABLE_SCOPE_BEGIN|[30]|recordTypesCompensation|List<RecordType>|true|false
17:50:12.0 (13721948)|VARIABLE_ASSIGNMENT|[30]|recordTypesCompensation|[{"DeveloperName":"Research","Id":"012f2000000qOq6AAE"},{"DeveloperName":"Salary","Id":"012f2000000qOpwAAE"},{"DeveloperName":"Study","Id":"012f2000000qOq1AAE"}]|0x65854786
17:50:12.0 (13733618)|STATEMENT_EXECUTE|[32]
17:50:12.0 (13752581)|HEAP_ALLOCATE|[32]|Bytes:4
17:50:12.0 (13805240)|VARIABLE_SCOPE_BEGIN|[32]|nameList|List<String>|true|false
17:50:12.0 (13837028)|HEAP_ALLOCATE|[EXTERNAL]|Bytes:4
17:50:12.0 (13848910)|VARIABLE_ASSIGNMENT|[32]|nameList|[]|0x1da9dd37
17:50:12.0 (13856428)|STATEMENT_EXECUTE|[33]
17:50:12.0 (13863786)|HEAP_ALLOCATE|[33]|Bytes:3
17:50:12.0 (13918042)|HEAP_ALLOCATE|[EXTERNAL]|Bytes:4
17:50:12.0 (14134683)|HEAP_ALLOCATE|[35]|Bytes:5
17:50:12.0 (14183829)|HEAP_ALLOCATE|[35]|Bytes:12
17:50:12.0 (14199910)|VARIABLE_SCOPE_BEGIN|[35]|r|RecordType|true|false
17:50:12.0 (14224568)|VARIABLE_ASSIGNMENT|[35]|r|{"DeveloperName":"Research","Id":"012f2000000qOq6AAE"}|0x23c1fab7
17:50:12.0 (14234983)|STATEMENT_EXECUTE|[35]
17:50:12.0 (14237369)|STATEMENT_EXECUTE|[37]
17:50:12.0 (14292323)|HEAP_ALLOCATE|[EXTERNAL]|Bytes:4
17:50:12.0 (14310250)|HEAP_ALLOCATE|[35]|Bytes:5
17:50:12.0 (14325020)|HEAP_ALLOCATE|[35]|Bytes:12
17:50:12.0 (14334294)|VARIABLE_SCOPE_BEGIN|[35]|r|RecordType|true|false
17:50:12.0 (14356579)|VARIABLE_ASSIGNMENT|[35]|r|{"DeveloperName":"Salary","Id":"012f2000000qOpwAAE"}|0x70d2cb9d
17:50:12.0 (14368805)|STATEMENT_EXECUTE|[35]
17:50:12.0 (14371290)|STATEMENT_EXECUTE|[37]
17:50:12.0 (14389401)|HEAP_ALLOCATE|[EXTERNAL]|Bytes:4
17:50:12.0 (14409187)|HEAP_ALLOCATE|[35]|Bytes:5
17:50:12.0 (14425568)|HEAP_ALLOCATE|[35]|Bytes:12
17:50:12.0 (14435149)|VARIABLE_SCOPE_BEGIN|[35]|r|RecordType|true|false
17:50:12.0 (14456481)|VARIABLE_ASSIGNMENT|[35]|r|{"DeveloperName":"Study","Id":"012f2000000qOq1AAE"}|0x55a9f7f4
17:50:12.0 (14466200)|STATEMENT_EXECUTE|[35]
17:50:12.0 (14468504)|STATEMENT_EXECUTE|[37]
17:50:12.0 (14481413)|HEAP_ALLOCATE|[EXTERNAL]|Bytes:4
17:50:12.0 (14498404)|HEAP_ALLOCATE|[35]|Bytes:5
17:50:12.0 (14515181)|VARIABLE_ASSIGNMENT|[35]|r|null|
17:50:12.0 (14523849)|STATEMENT_EXECUTE|[39]
17:50:12.0 (14538267)|SYSTEM_MODE_EXIT|false
17:50:12.14 (14575264)|CUMULATIVE_LIMIT_USAGE
17:50:12.14 (14575264)|LIMIT_USAGE_FOR_NS|(default)|
  Number of SOQL queries: 1 out of 100
  Number of query rows: 3 out of 50000
  Number of SOSL queries: 0 out of 20
  Number of DML statements: 0 out of 150
  Number of DML rows: 0 out of 10000
  Maximum CPU time: 0 out of 10000
  Maximum heap size: 0 out of 6000000
  Number of callouts: 0 out of 100
  Number of Email Invocations: 0 out of 10
  Number of future calls: 0 out of 50
  Number of queueable jobs added to the queue: 0 out of 50
  Number of Mobile Apex push calls: 0 out of 10

17:50:12.14 (14575264)|CUMULATIVE_LIMIT_USAGE_END

17:50:12.0 (14609782)|CODE_UNIT_FINISHED|CompensationsController.getRecordTypes()
17:50:12.0 (14677319)|CODE_UNIT_FINISHED|Aura
17:50:12.0 (16257801)|EXECUTION_FINISHED
