43.0 APEX_CODE,FINEST;APEX_PROFILING,INFO;CALLOUT,INFO;DB,INFO;NBA,INFO;SYSTEM,DEBUG;VALIDATION,INFO;VISUALFORCE,INFO;WAVE,INFO;WORKFLOW,INFO
16:44:05.0 (94670)|USER_INFO|[EXTERNAL]|005f2000008Qgef|gabriel.arce@salesforce.com|Argentine Time|GMT-03:00
16:44:05.0 (138934)|EXECUTION_STARTED
16:44:05.0 (144499)|CODE_UNIT_STARTED|[EXTERNAL]|Aura
16:44:05.0 (1044102)|HEAP_ALLOCATE|[72]|Bytes:3
16:44:05.0 (1134257)|HEAP_ALLOCATE|[77]|Bytes:152
16:44:05.0 (1155886)|HEAP_ALLOCATE|[342]|Bytes:408
16:44:05.0 (1173199)|HEAP_ALLOCATE|[355]|Bytes:408
16:44:05.0 (1185643)|HEAP_ALLOCATE|[467]|Bytes:48
16:44:05.0 (1211862)|HEAP_ALLOCATE|[139]|Bytes:6
16:44:05.0 (1231548)|HEAP_ALLOCATE|[EXTERNAL]|Bytes:3
16:44:05.0 (1252212)|HEAP_ALLOCATE|[EXTERNAL]|Bytes:3
16:44:05.0 (2105727)|CODE_UNIT_STARTED|[EXTERNAL]|01pf2000002PUqf|CompensationsController.getCompensations(String)
16:44:05.0 (2215802)|HEAP_ALLOCATE|[EXTERNAL]|Bytes:7
16:44:05.0 (2223096)|HEAP_ALLOCATE|[EXTERNAL]|Bytes:3
16:44:05.0 (2252820)|METHOD_ENTRY|[1]|01pf2000002PUqf|CompensationsController.CompensationsController()
16:44:05.0 (2260445)|STATEMENT_EXECUTE|[1]
16:44:05.0 (2266318)|STATEMENT_EXECUTE|[1]
16:44:05.0 (2304496)|HEAP_ALLOCATE|[50]|Bytes:5
16:44:05.0 (2326788)|HEAP_ALLOCATE|[56]|Bytes:5
16:44:05.0 (2335371)|HEAP_ALLOCATE|[64]|Bytes:7
16:44:05.0 (2355419)|SYSTEM_MODE_ENTER|false
16:44:05.0 (2501889)|HEAP_ALLOCATE|[EXTERNAL]|Bytes:5
16:44:05.0 (2509620)|SYSTEM_MODE_EXIT|false
16:44:05.0 (2529030)|METHOD_EXIT|[1]|CompensationsController
16:44:05.0 (2537996)|HEAP_ALLOCATE|[EXTERNAL]|Bytes:3
16:44:05.0 (2546334)|SYSTEM_MODE_ENTER|false
16:44:05.0 (2554108)|VARIABLE_SCOPE_BEGIN|[5]|recordType|String|false|false
16:44:05.0 (2582821)|VARIABLE_ASSIGNMENT|[5]|recordType|"All"
16:44:05.0 (2596738)|HEAP_ALLOCATE|[7]|Bytes:5
16:44:05.0 (2601752)|STATEMENT_EXECUTE|[5]
16:44:05.0 (2604130)|STATEMENT_EXECUTE|[7]
16:44:05.0 (2607157)|HEAP_ALLOCATE|[7]|Bytes:21
16:44:05.0 (2673150)|USER_DEBUG|[7]|DEBUG|Accesing to the list 
16:44:05.0 (2710127)|STATEMENT_EXECUTE|[8]
16:44:05.0 (2713067)|HEAP_ALLOCATE|[8]|Bytes:6
16:44:05.0 (2724103)|HEAP_ALLOCATE|[8]|Bytes:9
16:44:05.0 (2740303)|USER_DEBUG|[8]|DEBUG|Llegó:All
16:44:05.0 (2749550)|HEAP_ALLOCATE|[9]|Bytes:3
16:44:05.0 (2769802)|STATEMENT_EXECUTE|[9]
16:44:05.0 (2771549)|STATEMENT_EXECUTE|[11]
16:44:05.0 (2773847)|HEAP_ALLOCATE|[11]|Bytes:178
16:44:05.0 (2790626)|HEAP_ALLOCATE|[11]|Bytes:4
16:44:05.0 (3747695)|SOQL_EXECUTE_BEGIN|[11]|Aggregations:0|SELECT Id, Name, Contact__r.Name, Contact__r.Birthdate, Job_Category__c, RecordType.DeveloperName, Amount__c, Location__c, Office__c, Submitted__c, Status__C FROM Compensation__c
16:44:05.0 (12568213)|SOQL_EXECUTE_END|[11]|Rows:12
16:44:05.0 (12611133)|HEAP_ALLOCATE|[11]|Bytes:52
16:44:05.0 (12737986)|HEAP_ALLOCATE|[11]|Bytes:3535
16:44:05.0 (12887393)|HEAP_ALLOCATE|[11]|Bytes:52
16:44:05.0 (12918844)|SYSTEM_MODE_EXIT|false
16:44:05.12 (12953355)|CUMULATIVE_LIMIT_USAGE
16:44:05.12 (12953355)|LIMIT_USAGE_FOR_NS|(default)|
  Number of SOQL queries: 1 out of 100
  Number of query rows: 12 out of 50000
  Number of SOSL queries: 0 out of 20
  Number of DML statements: 0 out of 150
  Number of DML rows: 0 out of 10000
  Maximum CPU time: 0 out of 10000
  Maximum heap size: 0 out of 6000000
  Number of callouts: 0 out of 100
  Number of Email Invocations: 0 out of 10
  Number of future calls: 0 out of 50
  Number of queueable jobs added to the queue: 0 out of 50
  Number of Mobile Apex push calls: 0 out of 10

16:44:05.12 (12953355)|CUMULATIVE_LIMIT_USAGE_END

16:44:05.0 (13003059)|CODE_UNIT_FINISHED|CompensationsController.getCompensations(String)
16:44:05.0 (13850592)|CODE_UNIT_FINISHED|Aura
16:44:05.0 (15106086)|EXECUTION_FINISHED
16:44:05.16 (16935641)|USER_INFO|[EXTERNAL]|005f2000008Qgef|gabriel.arce@salesforce.com|Argentine Time|GMT-03:00
16:44:05.16 (16952722)|EXECUTION_STARTED
16:44:05.16 (16959835)|CODE_UNIT_STARTED|[EXTERNAL]|Aura
16:44:05.16 (17708722)|CODE_UNIT_STARTED|[EXTERNAL]|01pf2000002PUqf|CompensationsController.getRecordTypes()
16:44:05.16 (17781085)|SYSTEM_MODE_ENTER|false
16:44:05.16 (17801975)|HEAP_ALLOCATE|[28]|Bytes:5
16:44:05.16 (17811633)|STATEMENT_EXECUTE|[27]
16:44:05.16 (17814645)|STATEMENT_EXECUTE|[28]
16:44:05.16 (17818487)|HEAP_ALLOCATE|[28]|Bytes:74
16:44:05.16 (17835857)|HEAP_ALLOCATE|[28]|Bytes:4
16:44:05.16 (18053381)|SOQL_EXECUTE_BEGIN|[28]|Aggregations:0|SELECT DeveloperName FROM RecordType WHERE SobjectType = 'Compensation__c'
16:44:05.16 (28311402)|SOQL_EXECUTE_END|[28]|Rows:3
16:44:05.16 (28346069)|HEAP_ALLOCATE|[28]|Bytes:16
16:44:05.16 (28371543)|HEAP_ALLOCATE|[28]|Bytes:157
16:44:05.16 (28461802)|HEAP_ALLOCATE|[28]|Bytes:16
16:44:05.16 (28492656)|VARIABLE_SCOPE_BEGIN|[28]|recordTypesCompensation|List<RecordType>|true|false
16:44:05.16 (28563655)|VARIABLE_ASSIGNMENT|[28]|recordTypesCompensation|[{"DeveloperName":"Research","Id":"012f2000000qOq6AAE"},{"DeveloperName":"Salary","Id":"012f2000000qOpwAAE"},{"DeveloperName":"Study","Id":"012f2000000qOq1AAE"}]|0xbf13421
16:44:05.16 (28583518)|STATEMENT_EXECUTE|[30]
16:44:05.16 (28599284)|HEAP_ALLOCATE|[30]|Bytes:4
16:44:05.16 (28744639)|VARIABLE_SCOPE_BEGIN|[30]|nameList|List<String>|true|false
16:44:05.16 (28786145)|HEAP_ALLOCATE|[EXTERNAL]|Bytes:4
16:44:05.16 (28802987)|VARIABLE_ASSIGNMENT|[30]|nameList|[]|0x6631de5
16:44:05.16 (28812035)|STATEMENT_EXECUTE|[31]
16:44:05.16 (28889346)|HEAP_ALLOCATE|[EXTERNAL]|Bytes:4
16:44:05.16 (29167024)|HEAP_ALLOCATE|[33]|Bytes:5
16:44:05.16 (29227779)|HEAP_ALLOCATE|[33]|Bytes:12
16:44:05.16 (29242600)|VARIABLE_SCOPE_BEGIN|[33]|r|RecordType|true|false
16:44:05.16 (29275095)|VARIABLE_ASSIGNMENT|[33]|r|{"DeveloperName":"Research","Id":"012f2000000qOq6AAE"}|0x5ad7e5b7
16:44:05.16 (29290621)|STATEMENT_EXECUTE|[33]
16:44:05.16 (29293526)|STATEMENT_EXECUTE|[35]
16:44:05.16 (29361851)|HEAP_ALLOCATE|[EXTERNAL]|Bytes:4
16:44:05.16 (29386367)|HEAP_ALLOCATE|[33]|Bytes:5
16:44:05.16 (29403351)|HEAP_ALLOCATE|[33]|Bytes:12
16:44:05.16 (29414085)|VARIABLE_SCOPE_BEGIN|[33]|r|RecordType|true|false
16:44:05.16 (29444348)|VARIABLE_ASSIGNMENT|[33]|r|{"DeveloperName":"Salary","Id":"012f2000000qOpwAAE"}|0x44c5473d
16:44:05.16 (29456137)|STATEMENT_EXECUTE|[33]
16:44:05.16 (29458479)|STATEMENT_EXECUTE|[35]
16:44:05.16 (29475803)|HEAP_ALLOCATE|[EXTERNAL]|Bytes:4
16:44:05.16 (29495782)|HEAP_ALLOCATE|[33]|Bytes:5
16:44:05.16 (29513516)|HEAP_ALLOCATE|[33]|Bytes:12
16:44:05.16 (29523429)|VARIABLE_SCOPE_BEGIN|[33]|r|RecordType|true|false
16:44:05.16 (29549552)|VARIABLE_ASSIGNMENT|[33]|r|{"DeveloperName":"Study","Id":"012f2000000qOq1AAE"}|0x16fd7736
16:44:05.16 (29563765)|STATEMENT_EXECUTE|[33]
16:44:05.16 (29565883)|STATEMENT_EXECUTE|[35]
16:44:05.16 (29581271)|HEAP_ALLOCATE|[EXTERNAL]|Bytes:4
16:44:05.16 (29599964)|HEAP_ALLOCATE|[33]|Bytes:5
16:44:05.16 (29625814)|VARIABLE_ASSIGNMENT|[33]|r|null|
16:44:05.16 (29635562)|STATEMENT_EXECUTE|[37]
16:44:05.16 (29648835)|SYSTEM_MODE_EXIT|false
16:44:05.29 (29691243)|CUMULATIVE_LIMIT_USAGE
16:44:05.29 (29691243)|LIMIT_USAGE_FOR_NS|(default)|
  Number of SOQL queries: 2 out of 100
  Number of query rows: 15 out of 50000
  Number of SOSL queries: 0 out of 20
  Number of DML statements: 0 out of 150
  Number of DML rows: 0 out of 10000
  Maximum CPU time: 0 out of 10000
  Maximum heap size: 0 out of 6000000
  Number of callouts: 0 out of 100
  Number of Email Invocations: 0 out of 10
  Number of future calls: 0 out of 50
  Number of queueable jobs added to the queue: 0 out of 50
  Number of Mobile Apex push calls: 0 out of 10

16:44:05.29 (29691243)|CUMULATIVE_LIMIT_USAGE_END

16:44:05.16 (29732534)|CODE_UNIT_FINISHED|CompensationsController.getRecordTypes()
16:44:05.16 (29799362)|CODE_UNIT_FINISHED|Aura
16:44:05.16 (30898005)|EXECUTION_FINISHED
