43.0 APEX_CODE,FINEST;APEX_PROFILING,INFO;CALLOUT,INFO;DB,INFO;NBA,INFO;SYSTEM,DEBUG;VALIDATION,INFO;VISUALFORCE,INFO;WAVE,INFO;WORKFLOW,INFO
17:29:35.0 (84534)|USER_INFO|[EXTERNAL]|005f2000008Qgef|gabriel.arce@salesforce.com|Argentine Time|GMT-03:00
17:29:35.0 (119119)|EXECUTION_STARTED
17:29:35.0 (123234)|CODE_UNIT_STARTED|[EXTERNAL]|Aura
17:29:35.0 (796081)|HEAP_ALLOCATE|[72]|Bytes:3
17:29:35.0 (846240)|HEAP_ALLOCATE|[77]|Bytes:152
17:29:35.0 (863886)|HEAP_ALLOCATE|[342]|Bytes:408
17:29:35.0 (879695)|HEAP_ALLOCATE|[355]|Bytes:408
17:29:35.0 (890669)|HEAP_ALLOCATE|[467]|Bytes:48
17:29:35.0 (911973)|HEAP_ALLOCATE|[139]|Bytes:6
17:29:35.0 (930935)|HEAP_ALLOCATE|[EXTERNAL]|Bytes:5
17:29:35.0 (945035)|HEAP_ALLOCATE|[EXTERNAL]|Bytes:5
17:29:35.0 (1715265)|CODE_UNIT_STARTED|[EXTERNAL]|01pf2000002PUqf|CompensationsController.getCompensations(String, String)
17:29:35.0 (1813664)|HEAP_ALLOCATE|[EXTERNAL]|Bytes:7
17:29:35.0 (1821055)|HEAP_ALLOCATE|[EXTERNAL]|Bytes:5
17:29:35.0 (1831257)|METHOD_ENTRY|[1]|01pf2000002PUqf|CompensationsController.CompensationsController()
17:29:35.0 (1837235)|STATEMENT_EXECUTE|[1]
17:29:35.0 (1843629)|STATEMENT_EXECUTE|[1]
17:29:35.0 (1877868)|HEAP_ALLOCATE|[50]|Bytes:5
17:29:35.0 (1901247)|HEAP_ALLOCATE|[56]|Bytes:5
17:29:35.0 (1908650)|HEAP_ALLOCATE|[64]|Bytes:7
17:29:35.0 (1925794)|SYSTEM_MODE_ENTER|false
17:29:35.0 (1945530)|HEAP_ALLOCATE|[EXTERNAL]|Bytes:5
17:29:35.0 (1953521)|SYSTEM_MODE_EXIT|false
17:29:35.0 (1961735)|METHOD_EXIT|[1]|CompensationsController
17:29:35.0 (1966935)|HEAP_ALLOCATE|[EXTERNAL]|Bytes:5
17:29:35.0 (1973974)|SYSTEM_MODE_ENTER|false
17:29:35.0 (1979966)|VARIABLE_SCOPE_BEGIN|[5]|contactRecordId|String|false|false
17:29:35.0 (2004344)|VARIABLE_ASSIGNMENT|[5]|contactRecordId|"Study"
17:29:35.0 (2010905)|VARIABLE_SCOPE_BEGIN|[5]|recordType|String|false|false
17:29:35.0 (2021201)|VARIABLE_ASSIGNMENT|[5]|recordType|null
17:29:35.0 (2033014)|HEAP_ALLOCATE|[7]|Bytes:5
17:29:35.0 (2038134)|STATEMENT_EXECUTE|[5]
17:29:35.0 (2039891)|STATEMENT_EXECUTE|[7]
17:29:35.0 (2042759)|HEAP_ALLOCATE|[7]|Bytes:21
17:29:35.0 (2086694)|USER_DEBUG|[7]|DEBUG|Accesing to the list 
17:29:35.0 (2097664)|STATEMENT_EXECUTE|[8]
17:29:35.0 (2100167)|HEAP_ALLOCATE|[8]|Bytes:6
17:29:35.0 (2112602)|HEAP_ALLOCATE|[8]|Bytes:10
17:29:35.0 (2125169)|USER_DEBUG|[8]|DEBUG|Llegó:null
17:29:35.0 (2132629)|STATEMENT_EXECUTE|[9]
17:29:35.0 (2136918)|HEAP_ALLOCATE|[9]|Bytes:11
17:29:35.0 (2146228)|USER_DEBUG|[9]|DEBUG|Llegó:Study
17:29:35.0 (2152416)|STATEMENT_EXECUTE|[10]
17:29:35.0 (2154899)|HEAP_ALLOCATE|[10]|Bytes:171
17:29:35.0 (2159923)|VARIABLE_SCOPE_BEGIN|[10]|squery|String|false|false
17:29:35.0 (2174718)|VARIABLE_ASSIGNMENT|[10]|squery|"SELECT Id, Name, Con (151 more) ..."
17:29:35.0 (2192504)|STATEMENT_EXECUTE|[11]
17:29:35.0 (2194253)|STATEMENT_EXECUTE|[12]
17:29:35.0 (2196284)|HEAP_ALLOCATE|[12]|Bytes:21
17:29:35.0 (2200474)|HEAP_ALLOCATE|[12]|Bytes:1
17:29:35.0 (2206949)|HEAP_ALLOCATE|[12]|Bytes:27
17:29:35.0 (2211439)|HEAP_ALLOCATE|[12]|Bytes:198
17:29:35.0 (2219630)|VARIABLE_ASSIGNMENT|[12]|squery|"SELECT Id, Name, Con (178 more) ..."
17:29:35.0 (2225041)|STATEMENT_EXECUTE|[13]
17:29:35.0 (2226653)|STATEMENT_EXECUTE|[14]
17:29:35.0 (2228724)|HEAP_ALLOCATE|[14]|Bytes:31
17:29:35.0 (2233342)|HEAP_ALLOCATE|[14]|Bytes:36
17:29:35.0 (2237545)|HEAP_ALLOCATE|[14]|Bytes:234
17:29:35.0 (2244197)|VARIABLE_ASSIGNMENT|[14]|squery|"SELECT Id, Name, Con (214 more) ..."
17:29:35.0 (2248932)|STATEMENT_EXECUTE|[22]
17:29:35.0 (3137918)|EXCEPTION_THROWN|[22]|System.QueryException: invalid ID field: Study
17:29:35.0 (3220899)|HEAP_ALLOCATE|[22]|Bytes:27
17:29:35.0 (3296654)|FATAL_ERROR|System.QueryException: invalid ID field: Study

Class.CompensationsController.getCompensations: line 22, column 1
17:29:35.0 (3309263)|FATAL_ERROR|System.QueryException: invalid ID field: Study

Class.CompensationsController.getCompensations: line 22, column 1
17:29:35.3 (3313436)|CUMULATIVE_LIMIT_USAGE
17:29:35.3 (3313436)|LIMIT_USAGE_FOR_NS|(default)|
  Number of SOQL queries: 0 out of 100
  Number of query rows: 0 out of 50000
  Number of SOSL queries: 0 out of 20
  Number of DML statements: 0 out of 150
  Number of DML rows: 0 out of 10000
  Maximum CPU time: 0 out of 10000
  Maximum heap size: 0 out of 6000000
  Number of callouts: 0 out of 100
  Number of Email Invocations: 0 out of 10
  Number of future calls: 0 out of 50
  Number of queueable jobs added to the queue: 0 out of 50
  Number of Mobile Apex push calls: 0 out of 10

17:29:35.3 (3313436)|CUMULATIVE_LIMIT_USAGE_END

17:29:35.0 (3343429)|CODE_UNIT_FINISHED|CompensationsController.getCompensations(String, String)
17:29:35.0 (9643017)|CODE_UNIT_FINISHED|Aura
17:29:35.0 (10755828)|EXECUTION_FINISHED
