43.0 APEX_CODE,FINEST;APEX_PROFILING,INFO;CALLOUT,INFO;DB,INFO;NBA,INFO;SYSTEM,DEBUG;VALIDATION,INFO;VISUALFORCE,INFO;WAVE,INFO;WORKFLOW,INFO
15:32:46.0 (404854)|USER_INFO|[EXTERNAL]|005f2000008Qgef|gabriel.arce@salesforce.com|Argentine Time|GMT-03:00
15:32:46.0 (442421)|EXECUTION_STARTED
15:32:46.0 (446991)|CODE_UNIT_STARTED|[EXTERNAL]|Aura
15:32:46.0 (2155152)|CODE_UNIT_STARTED|[EXTERNAL]|01pf2000002PUqf|CompensationsController.getRecordTypes()
15:32:46.0 (2339365)|HEAP_ALLOCATE|[72]|Bytes:3
15:32:46.0 (2372983)|HEAP_ALLOCATE|[77]|Bytes:152
15:32:46.0 (2384479)|HEAP_ALLOCATE|[342]|Bytes:408
15:32:46.0 (2396191)|HEAP_ALLOCATE|[355]|Bytes:408
15:32:46.0 (2407226)|HEAP_ALLOCATE|[467]|Bytes:48
15:32:46.0 (2426460)|HEAP_ALLOCATE|[139]|Bytes:6
15:32:46.0 (2439775)|HEAP_ALLOCATE|[EXTERNAL]|Bytes:7
15:32:46.0 (2445002)|HEAP_ALLOCATE|[EXTERNAL]|Bytes:3
15:32:46.0 (2477974)|METHOD_ENTRY|[1]|01pf2000002PUqf|CompensationsController.CompensationsController()
15:32:46.0 (2487091)|STATEMENT_EXECUTE|[1]
15:32:46.0 (2494849)|STATEMENT_EXECUTE|[1]
15:32:46.0 (2528018)|HEAP_ALLOCATE|[50]|Bytes:5
15:32:46.0 (2550373)|HEAP_ALLOCATE|[56]|Bytes:5
15:32:46.0 (2557645)|HEAP_ALLOCATE|[64]|Bytes:7
15:32:46.0 (2579302)|SYSTEM_MODE_ENTER|false
15:32:46.0 (2715675)|HEAP_ALLOCATE|[EXTERNAL]|Bytes:5
15:32:46.0 (2724607)|SYSTEM_MODE_EXIT|false
15:32:46.0 (2745404)|METHOD_EXIT|[1]|CompensationsController
15:32:46.0 (2755046)|SYSTEM_MODE_ENTER|false
15:32:46.0 (2766234)|HEAP_ALLOCATE|[28]|Bytes:5
15:32:46.0 (2770837)|STATEMENT_EXECUTE|[27]
15:32:46.0 (2772932)|STATEMENT_EXECUTE|[28]
15:32:46.0 (2776145)|HEAP_ALLOCATE|[28]|Bytes:74
15:32:46.0 (2808848)|HEAP_ALLOCATE|[28]|Bytes:4
15:32:46.0 (3131203)|SOQL_EXECUTE_BEGIN|[28]|Aggregations:0|SELECT DeveloperName FROM RecordType WHERE SobjectType = 'Compensation__c'
15:32:46.0 (11640093)|SOQL_EXECUTE_END|[28]|Rows:3
15:32:46.0 (11661689)|HEAP_ALLOCATE|[28]|Bytes:16
15:32:46.0 (11677418)|HEAP_ALLOCATE|[28]|Bytes:157
15:32:46.0 (11742463)|HEAP_ALLOCATE|[28]|Bytes:16
15:32:46.0 (11757883)|VARIABLE_SCOPE_BEGIN|[28]|recordTypesCompensation|List<RecordType>|true|false
15:32:46.0 (11802441)|VARIABLE_ASSIGNMENT|[28]|recordTypesCompensation|[{"DeveloperName":"Research","Id":"012f2000000qOq6AAE"},{"DeveloperName":"Salary","Id":"012f2000000qOpwAAE"},{"DeveloperName":"Study","Id":"012f2000000qOq1AAE"}]|0x26196f6c
15:32:46.0 (11813223)|STATEMENT_EXECUTE|[30]
15:32:46.0 (11827378)|HEAP_ALLOCATE|[30]|Bytes:4
15:32:46.0 (11923678)|VARIABLE_SCOPE_BEGIN|[30]|nameList|List<String>|true|false
15:32:46.0 (11951635)|HEAP_ALLOCATE|[EXTERNAL]|Bytes:4
15:32:46.0 (11963032)|VARIABLE_ASSIGNMENT|[30]|nameList|[]|0x3308a770
15:32:46.0 (11970178)|STATEMENT_EXECUTE|[31]
15:32:46.0 (11976534)|HEAP_ALLOCATE|[31]|Bytes:3
15:32:46.0 (12025746)|HEAP_ALLOCATE|[EXTERNAL]|Bytes:4
15:32:46.0 (12229940)|HEAP_ALLOCATE|[33]|Bytes:5
15:32:46.0 (12266685)|HEAP_ALLOCATE|[33]|Bytes:12
15:32:46.0 (12278478)|VARIABLE_SCOPE_BEGIN|[33]|r|RecordType|true|false
15:32:46.0 (12298008)|VARIABLE_ASSIGNMENT|[33]|r|{"DeveloperName":"Research","Id":"012f2000000qOq6AAE"}|0x47fda6da
15:32:46.0 (12305947)|STATEMENT_EXECUTE|[33]
15:32:46.0 (12307984)|STATEMENT_EXECUTE|[35]
15:32:46.0 (12356671)|HEAP_ALLOCATE|[EXTERNAL]|Bytes:4
15:32:46.0 (12372753)|HEAP_ALLOCATE|[33]|Bytes:5
15:32:46.0 (12383589)|HEAP_ALLOCATE|[33]|Bytes:12
15:32:46.0 (12390185)|VARIABLE_SCOPE_BEGIN|[33]|r|RecordType|true|false
15:32:46.0 (12405963)|VARIABLE_ASSIGNMENT|[33]|r|{"DeveloperName":"Salary","Id":"012f2000000qOpwAAE"}|0x31b8ba72
15:32:46.0 (12412789)|STATEMENT_EXECUTE|[33]
15:32:46.0 (12414484)|STATEMENT_EXECUTE|[35]
15:32:46.0 (12429454)|HEAP_ALLOCATE|[EXTERNAL]|Bytes:4
15:32:46.0 (12440942)|HEAP_ALLOCATE|[33]|Bytes:5
15:32:46.0 (12449695)|HEAP_ALLOCATE|[33]|Bytes:12
15:32:46.0 (12454807)|VARIABLE_SCOPE_BEGIN|[33]|r|RecordType|true|false
15:32:46.0 (12468221)|VARIABLE_ASSIGNMENT|[33]|r|{"DeveloperName":"Study","Id":"012f2000000qOq1AAE"}|0x35a9c5d4
15:32:46.0 (12474696)|STATEMENT_EXECUTE|[33]
15:32:46.0 (12476461)|STATEMENT_EXECUTE|[35]
15:32:46.0 (12483599)|HEAP_ALLOCATE|[EXTERNAL]|Bytes:4
15:32:46.0 (12497037)|HEAP_ALLOCATE|[33]|Bytes:5
15:32:46.0 (12507772)|VARIABLE_ASSIGNMENT|[33]|r|null|
15:32:46.0 (12513559)|STATEMENT_EXECUTE|[37]
15:32:46.0 (12520637)|SYSTEM_MODE_EXIT|false
15:32:46.12 (12540289)|CUMULATIVE_LIMIT_USAGE
15:32:46.12 (12540289)|LIMIT_USAGE_FOR_NS|(default)|
  Number of SOQL queries: 1 out of 100
  Number of query rows: 3 out of 50000
  Number of SOSL queries: 0 out of 20
  Number of DML statements: 0 out of 150
  Number of DML rows: 0 out of 10000
  Maximum CPU time: 0 out of 10000
  Maximum heap size: 0 out of 6000000
  Number of callouts: 0 out of 100
  Number of Email Invocations: 0 out of 10
  Number of future calls: 0 out of 50
  Number of queueable jobs added to the queue: 0 out of 50
  Number of Mobile Apex push calls: 0 out of 10

15:32:46.12 (12540289)|CUMULATIVE_LIMIT_USAGE_END

15:32:46.0 (12570127)|CODE_UNIT_FINISHED|CompensationsController.getRecordTypes()
15:32:46.0 (12617342)|CODE_UNIT_FINISHED|Aura
15:32:46.0 (13687262)|EXECUTION_FINISHED
