43.0 APEX_CODE,FINEST;APEX_PROFILING,INFO;CALLOUT,INFO;DB,INFO;NBA,INFO;SYSTEM,DEBUG;VALIDATION,INFO;VISUALFORCE,INFO;WAVE,INFO;WORKFLOW,INFO
17:33:22.0 (67228)|USER_INFO|[EXTERNAL]|005f2000008Qgef|gabriel.arce@salesforce.com|Argentine Time|GMT-03:00
17:33:22.0 (92458)|EXECUTION_STARTED
17:33:22.0 (96021)|CODE_UNIT_STARTED|[EXTERNAL]|Aura
17:33:22.0 (686332)|HEAP_ALLOCATE|[72]|Bytes:3
17:33:22.0 (757456)|HEAP_ALLOCATE|[77]|Bytes:152
17:33:22.0 (776343)|HEAP_ALLOCATE|[342]|Bytes:408
17:33:22.0 (792566)|HEAP_ALLOCATE|[355]|Bytes:408
17:33:22.0 (804817)|HEAP_ALLOCATE|[467]|Bytes:48
17:33:22.0 (829273)|HEAP_ALLOCATE|[139]|Bytes:6
17:33:22.0 (851359)|HEAP_ALLOCATE|[EXTERNAL]|Bytes:3
17:33:22.0 (859881)|HEAP_ALLOCATE|[EXTERNAL]|Bytes:3
17:33:22.0 (1653721)|CODE_UNIT_STARTED|[EXTERNAL]|01pf2000002PUqf|CompensationsController.getCompensations(String, String)
17:33:22.0 (1743128)|HEAP_ALLOCATE|[EXTERNAL]|Bytes:7
17:33:22.0 (1751419)|HEAP_ALLOCATE|[EXTERNAL]|Bytes:2
17:33:22.0 (1775093)|METHOD_ENTRY|[1]|01pf2000002PUqf|CompensationsController.CompensationsController()
17:33:22.0 (1781719)|STATEMENT_EXECUTE|[1]
17:33:22.0 (1785267)|STATEMENT_EXECUTE|[1]
17:33:22.0 (1818576)|HEAP_ALLOCATE|[50]|Bytes:5
17:33:22.0 (1837416)|HEAP_ALLOCATE|[56]|Bytes:5
17:33:22.0 (1845149)|HEAP_ALLOCATE|[64]|Bytes:7
17:33:22.0 (1861565)|SYSTEM_MODE_ENTER|false
17:33:22.0 (1871565)|HEAP_ALLOCATE|[EXTERNAL]|Bytes:5
17:33:22.0 (1878055)|SYSTEM_MODE_EXIT|false
17:33:22.0 (1884717)|METHOD_EXIT|[1]|CompensationsController
17:33:22.0 (1890438)|HEAP_ALLOCATE|[EXTERNAL]|Bytes:3
17:33:22.0 (1896412)|SYSTEM_MODE_ENTER|false
17:33:22.0 (1964684)|VARIABLE_SCOPE_BEGIN|[5]|contactRecordId|String|false|false
17:33:22.0 (1985996)|VARIABLE_ASSIGNMENT|[5]|contactRecordId|null
17:33:22.0 (1992848)|VARIABLE_SCOPE_BEGIN|[5]|recordType|String|false|false
17:33:22.0 (2004485)|VARIABLE_ASSIGNMENT|[5]|recordType|"All"
17:33:22.0 (2016103)|HEAP_ALLOCATE|[9]|Bytes:5
17:33:22.0 (2021163)|STATEMENT_EXECUTE|[5]
17:33:22.0 (2022952)|STATEMENT_EXECUTE|[9]
17:33:22.0 (2025350)|HEAP_ALLOCATE|[9]|Bytes:171
17:33:22.0 (2030606)|VARIABLE_SCOPE_BEGIN|[9]|squery|String|false|false
17:33:22.0 (2044328)|VARIABLE_ASSIGNMENT|[9]|squery|"SELECT Id, Name, Con (151 more) ..."
17:33:22.0 (2050029)|STATEMENT_EXECUTE|[10]
17:33:22.0 (2051648)|STATEMENT_EXECUTE|[11]
17:33:22.0 (2053881)|HEAP_ALLOCATE|[11]|Bytes:21
17:33:22.0 (2057237)|HEAP_ALLOCATE|[11]|Bytes:1
17:33:22.0 (2069794)|HEAP_ALLOCATE|[11]|Bytes:26
17:33:22.0 (2077155)|HEAP_ALLOCATE|[11]|Bytes:197
17:33:22.0 (2085820)|VARIABLE_ASSIGNMENT|[11]|squery|"SELECT Id, Name, Con (177 more) ..."
17:33:22.0 (2091652)|HEAP_ALLOCATE|[12]|Bytes:3
17:33:22.0 (2121167)|STATEMENT_EXECUTE|[12]
17:33:22.0 (2123716)|STATEMENT_EXECUTE|[20]
17:33:22.0 (2156863)|USER_DEBUG|[20]|DEBUG|SELECT Id, Name, Contact__r.Name,Contact__r.Birthdate,Job_Category__c,RecordType.DeveloperName,Amount__c,Location__c,Office__c,Submitted__c,Status__C FROM Compensation__c where contact__r.id='null'
17:33:22.0 (2170001)|STATEMENT_EXECUTE|[21]
17:33:22.0 (2751923)|EXCEPTION_THROWN|[21]|System.QueryException: invalid ID field: null
17:33:22.0 (2845710)|HEAP_ALLOCATE|[21]|Bytes:26
17:33:22.0 (2959917)|FATAL_ERROR|System.QueryException: invalid ID field: null

Class.CompensationsController.getCompensations: line 21, column 1
17:33:22.0 (2989841)|FATAL_ERROR|System.QueryException: invalid ID field: null

Class.CompensationsController.getCompensations: line 21, column 1
17:33:22.2 (2995407)|CUMULATIVE_LIMIT_USAGE
17:33:22.2 (2995407)|LIMIT_USAGE_FOR_NS|(default)|
  Number of SOQL queries: 0 out of 100
  Number of query rows: 0 out of 50000
  Number of SOSL queries: 0 out of 20
  Number of DML statements: 0 out of 150
  Number of DML rows: 0 out of 10000
  Maximum CPU time: 0 out of 10000
  Maximum heap size: 0 out of 6000000
  Number of callouts: 0 out of 100
  Number of Email Invocations: 0 out of 10
  Number of future calls: 0 out of 50
  Number of queueable jobs added to the queue: 0 out of 50
  Number of Mobile Apex push calls: 0 out of 10

17:33:22.2 (2995407)|CUMULATIVE_LIMIT_USAGE_END

17:33:22.0 (3027552)|CODE_UNIT_FINISHED|CompensationsController.getCompensations(String, String)
17:33:22.0 (9773531)|CODE_UNIT_FINISHED|Aura
17:33:22.0 (10932830)|EXECUTION_FINISHED
