43.0 APEX_CODE,FINEST;APEX_PROFILING,INFO;CALLOUT,INFO;DB,INFO;NBA,INFO;SYSTEM,DEBUG;VALIDATION,INFO;VISUALFORCE,INFO;WAVE,INFO;WORKFLOW,INFO
17:29:37.0 (96307)|USER_INFO|[EXTERNAL]|005f2000008Qgef|gabriel.arce@salesforce.com|Argentine Time|GMT-03:00
17:29:37.0 (132572)|EXECUTION_STARTED
17:29:37.0 (136661)|CODE_UNIT_STARTED|[EXTERNAL]|Aura
17:29:37.0 (868983)|HEAP_ALLOCATE|[72]|Bytes:3
17:29:37.0 (918748)|HEAP_ALLOCATE|[77]|Bytes:152
17:29:37.0 (935396)|HEAP_ALLOCATE|[342]|Bytes:408
17:29:37.0 (951898)|HEAP_ALLOCATE|[355]|Bytes:408
17:29:37.0 (963748)|HEAP_ALLOCATE|[467]|Bytes:48
17:29:37.0 (986420)|HEAP_ALLOCATE|[139]|Bytes:6
17:29:37.0 (1004902)|HEAP_ALLOCATE|[EXTERNAL]|Bytes:8
17:29:37.0 (1014099)|HEAP_ALLOCATE|[EXTERNAL]|Bytes:8
17:29:37.0 (1891946)|CODE_UNIT_STARTED|[EXTERNAL]|01pf2000002PUqf|CompensationsController.getCompensations(String, String)
17:29:37.0 (1993386)|HEAP_ALLOCATE|[EXTERNAL]|Bytes:7
17:29:37.0 (2001642)|HEAP_ALLOCATE|[EXTERNAL]|Bytes:5
17:29:37.0 (2013064)|METHOD_ENTRY|[1]|01pf2000002PUqf|CompensationsController.CompensationsController()
17:29:37.0 (2019199)|STATEMENT_EXECUTE|[1]
17:29:37.0 (2024867)|STATEMENT_EXECUTE|[1]
17:29:37.0 (2053846)|HEAP_ALLOCATE|[50]|Bytes:5
17:29:37.0 (2075400)|HEAP_ALLOCATE|[56]|Bytes:5
17:29:37.0 (2083677)|HEAP_ALLOCATE|[64]|Bytes:7
17:29:37.0 (2101077)|SYSTEM_MODE_ENTER|false
17:29:37.0 (2111777)|HEAP_ALLOCATE|[EXTERNAL]|Bytes:5
17:29:37.0 (2117731)|SYSTEM_MODE_EXIT|false
17:29:37.0 (2125166)|METHOD_EXIT|[1]|CompensationsController
17:29:37.0 (2130730)|HEAP_ALLOCATE|[EXTERNAL]|Bytes:8
17:29:37.0 (2138827)|SYSTEM_MODE_ENTER|false
17:29:37.0 (2147230)|VARIABLE_SCOPE_BEGIN|[5]|contactRecordId|String|false|false
17:29:37.0 (2186909)|VARIABLE_ASSIGNMENT|[5]|contactRecordId|"Research"
17:29:37.0 (2196048)|VARIABLE_SCOPE_BEGIN|[5]|recordType|String|false|false
17:29:37.0 (2205737)|VARIABLE_ASSIGNMENT|[5]|recordType|null
17:29:37.0 (2218306)|HEAP_ALLOCATE|[7]|Bytes:5
17:29:37.0 (2223321)|STATEMENT_EXECUTE|[5]
17:29:37.0 (2225152)|STATEMENT_EXECUTE|[7]
17:29:37.0 (2228527)|HEAP_ALLOCATE|[7]|Bytes:21
17:29:37.0 (2281027)|USER_DEBUG|[7]|DEBUG|Accesing to the list 
17:29:37.0 (2298342)|STATEMENT_EXECUTE|[8]
17:29:37.0 (2302356)|HEAP_ALLOCATE|[8]|Bytes:6
17:29:37.0 (2316414)|HEAP_ALLOCATE|[8]|Bytes:10
17:29:37.0 (2336372)|USER_DEBUG|[8]|DEBUG|Llegó:null
17:29:37.0 (2346656)|STATEMENT_EXECUTE|[9]
17:29:37.0 (2352751)|HEAP_ALLOCATE|[9]|Bytes:14
17:29:37.0 (2367584)|USER_DEBUG|[9]|DEBUG|Llegó:Research
17:29:37.0 (2376886)|STATEMENT_EXECUTE|[10]
17:29:37.0 (2380506)|HEAP_ALLOCATE|[10]|Bytes:171
17:29:37.0 (2388272)|VARIABLE_SCOPE_BEGIN|[10]|squery|String|false|false
17:29:37.0 (2409142)|VARIABLE_ASSIGNMENT|[10]|squery|"SELECT Id, Name, Con (151 more) ..."
17:29:37.0 (2436754)|STATEMENT_EXECUTE|[11]
17:29:37.0 (2439254)|STATEMENT_EXECUTE|[12]
17:29:37.0 (2442441)|HEAP_ALLOCATE|[12]|Bytes:21
17:29:37.0 (2448766)|HEAP_ALLOCATE|[12]|Bytes:1
17:29:37.0 (2458675)|HEAP_ALLOCATE|[12]|Bytes:30
17:29:37.0 (2465553)|HEAP_ALLOCATE|[12]|Bytes:201
17:29:37.0 (2478184)|VARIABLE_ASSIGNMENT|[12]|squery|"SELECT Id, Name, Con (181 more) ..."
17:29:37.0 (2486232)|STATEMENT_EXECUTE|[13]
17:29:37.0 (2488474)|STATEMENT_EXECUTE|[14]
17:29:37.0 (2491766)|HEAP_ALLOCATE|[14]|Bytes:31
17:29:37.0 (2499027)|HEAP_ALLOCATE|[14]|Bytes:36
17:29:37.0 (2505184)|HEAP_ALLOCATE|[14]|Bytes:237
17:29:37.0 (2516437)|VARIABLE_ASSIGNMENT|[14]|squery|"SELECT Id, Name, Con (217 more) ..."
17:29:37.0 (2522912)|STATEMENT_EXECUTE|[22]
17:29:37.0 (3783136)|EXCEPTION_THROWN|[22]|System.QueryException: invalid ID field: Research
17:29:37.0 (3887304)|HEAP_ALLOCATE|[22]|Bytes:30
17:29:37.0 (3994199)|FATAL_ERROR|System.QueryException: invalid ID field: Research

Class.CompensationsController.getCompensations: line 22, column 1
17:29:37.0 (4012329)|FATAL_ERROR|System.QueryException: invalid ID field: Research

Class.CompensationsController.getCompensations: line 22, column 1
17:29:37.4 (4021141)|CUMULATIVE_LIMIT_USAGE
17:29:37.4 (4021141)|LIMIT_USAGE_FOR_NS|(default)|
  Number of SOQL queries: 0 out of 100
  Number of query rows: 0 out of 50000
  Number of SOSL queries: 0 out of 20
  Number of DML statements: 0 out of 150
  Number of DML rows: 0 out of 10000
  Maximum CPU time: 0 out of 10000
  Maximum heap size: 0 out of 6000000
  Number of callouts: 0 out of 100
  Number of Email Invocations: 0 out of 10
  Number of future calls: 0 out of 50
  Number of queueable jobs added to the queue: 0 out of 50
  Number of Mobile Apex push calls: 0 out of 10

17:29:37.4 (4021141)|CUMULATIVE_LIMIT_USAGE_END

17:29:37.0 (4058881)|CODE_UNIT_FINISHED|CompensationsController.getCompensations(String, String)
17:29:37.0 (11137265)|CODE_UNIT_FINISHED|Aura
17:29:37.0 (12459629)|EXECUTION_FINISHED
