43.0 APEX_CODE,FINEST;APEX_PROFILING,INFO;CALLOUT,INFO;DB,INFO;NBA,INFO;SYSTEM,DEBUG;VALIDATION,INFO;VISUALFORCE,INFO;WAVE,INFO;WORKFLOW,INFO
15:43:32.0 (57614)|USER_INFO|[EXTERNAL]|005f2000008Qgef|gabriel.arce@salesforce.com|Argentine Time|GMT-03:00
15:43:32.0 (80585)|EXECUTION_STARTED
15:43:32.0 (84240)|CODE_UNIT_STARTED|[EXTERNAL]|Aura
15:43:32.0 (1037203)|CODE_UNIT_STARTED|[EXTERNAL]|01pf2000002PUqf|CompensationsController.getRecordTypes()
15:43:32.0 (1140069)|HEAP_ALLOCATE|[72]|Bytes:3
15:43:32.0 (1177231)|HEAP_ALLOCATE|[77]|Bytes:152
15:43:32.0 (1188681)|HEAP_ALLOCATE|[342]|Bytes:408
15:43:32.0 (1201291)|HEAP_ALLOCATE|[355]|Bytes:408
15:43:32.0 (1212107)|HEAP_ALLOCATE|[467]|Bytes:48
15:43:32.0 (1232316)|HEAP_ALLOCATE|[139]|Bytes:6
15:43:32.0 (1272184)|HEAP_ALLOCATE|[EXTERNAL]|Bytes:7
15:43:32.0 (1277752)|HEAP_ALLOCATE|[EXTERNAL]|Bytes:3
15:43:32.0 (1284242)|METHOD_ENTRY|[1]|01pf2000002PUqf|CompensationsController.CompensationsController()
15:43:32.0 (1289976)|STATEMENT_EXECUTE|[1]
15:43:32.0 (1293639)|STATEMENT_EXECUTE|[1]
15:43:32.0 (1319171)|HEAP_ALLOCATE|[50]|Bytes:5
15:43:32.0 (1336530)|HEAP_ALLOCATE|[56]|Bytes:5
15:43:32.0 (1343841)|HEAP_ALLOCATE|[64]|Bytes:7
15:43:32.0 (1358630)|SYSTEM_MODE_ENTER|false
15:43:32.0 (1368010)|HEAP_ALLOCATE|[EXTERNAL]|Bytes:5
15:43:32.0 (1374558)|SYSTEM_MODE_EXIT|false
15:43:32.0 (1381922)|METHOD_EXIT|[1]|CompensationsController
15:43:32.0 (1388745)|SYSTEM_MODE_ENTER|false
15:43:32.0 (1397604)|HEAP_ALLOCATE|[28]|Bytes:5
15:43:32.0 (1402316)|STATEMENT_EXECUTE|[27]
15:43:32.0 (1404497)|STATEMENT_EXECUTE|[28]
15:43:32.0 (1407100)|HEAP_ALLOCATE|[28]|Bytes:74
15:43:32.0 (1421608)|HEAP_ALLOCATE|[28]|Bytes:4
15:43:32.0 (1654824)|SOQL_EXECUTE_BEGIN|[28]|Aggregations:0|SELECT DeveloperName FROM RecordType WHERE SobjectType = 'Compensation__c'
15:43:32.0 (9894377)|SOQL_EXECUTE_END|[28]|Rows:3
15:43:32.0 (9945194)|HEAP_ALLOCATE|[28]|Bytes:16
15:43:32.0 (9967085)|HEAP_ALLOCATE|[28]|Bytes:157
15:43:32.0 (10081052)|HEAP_ALLOCATE|[28]|Bytes:16
15:43:32.0 (10107062)|VARIABLE_SCOPE_BEGIN|[28]|recordTypesCompensation|List<RecordType>|true|false
15:43:32.0 (10169889)|VARIABLE_ASSIGNMENT|[28]|recordTypesCompensation|[{"DeveloperName":"Research","Id":"012f2000000qOq6AAE"},{"DeveloperName":"Salary","Id":"012f2000000qOpwAAE"},{"DeveloperName":"Study","Id":"012f2000000qOq1AAE"}]|0x42c883d9
15:43:32.0 (10187578)|STATEMENT_EXECUTE|[30]
15:43:32.0 (10211512)|HEAP_ALLOCATE|[30]|Bytes:4
15:43:32.0 (10277410)|VARIABLE_SCOPE_BEGIN|[30]|nameList|List<String>|true|false
15:43:32.0 (10322959)|HEAP_ALLOCATE|[EXTERNAL]|Bytes:4
15:43:32.0 (10340165)|VARIABLE_ASSIGNMENT|[30]|nameList|[]|0x33e1e850
15:43:32.0 (10350921)|STATEMENT_EXECUTE|[31]
15:43:32.0 (10359640)|HEAP_ALLOCATE|[31]|Bytes:3
15:43:32.0 (10440914)|HEAP_ALLOCATE|[EXTERNAL]|Bytes:4
15:43:32.0 (10719058)|HEAP_ALLOCATE|[33]|Bytes:5
15:43:32.0 (10777097)|HEAP_ALLOCATE|[33]|Bytes:12
15:43:32.0 (10802315)|VARIABLE_SCOPE_BEGIN|[33]|r|RecordType|true|false
15:43:32.0 (10831946)|VARIABLE_ASSIGNMENT|[33]|r|{"DeveloperName":"Research","Id":"012f2000000qOq6AAE"}|0x2bd67848
15:43:32.0 (10844255)|STATEMENT_EXECUTE|[33]
15:43:32.0 (10847018)|STATEMENT_EXECUTE|[35]
15:43:32.0 (10924098)|HEAP_ALLOCATE|[EXTERNAL]|Bytes:4
15:43:32.0 (10950199)|HEAP_ALLOCATE|[33]|Bytes:5
15:43:32.0 (10968842)|HEAP_ALLOCATE|[33]|Bytes:12
15:43:32.0 (10980141)|VARIABLE_SCOPE_BEGIN|[33]|r|RecordType|true|false
15:43:32.0 (11004859)|VARIABLE_ASSIGNMENT|[33]|r|{"DeveloperName":"Salary","Id":"012f2000000qOpwAAE"}|0x1749b60a
15:43:32.0 (11016510)|STATEMENT_EXECUTE|[33]
15:43:32.0 (11019097)|STATEMENT_EXECUTE|[35]
15:43:32.0 (11037457)|HEAP_ALLOCATE|[EXTERNAL]|Bytes:4
15:43:32.0 (11056594)|HEAP_ALLOCATE|[33]|Bytes:5
15:43:32.0 (11073198)|HEAP_ALLOCATE|[33]|Bytes:12
15:43:32.0 (11083142)|VARIABLE_SCOPE_BEGIN|[33]|r|RecordType|true|false
15:43:32.0 (11104584)|VARIABLE_ASSIGNMENT|[33]|r|{"DeveloperName":"Study","Id":"012f2000000qOq1AAE"}|0x35ef13b9
15:43:32.0 (11114617)|STATEMENT_EXECUTE|[33]
15:43:32.0 (11117269)|STATEMENT_EXECUTE|[35]
15:43:32.0 (11132317)|HEAP_ALLOCATE|[EXTERNAL]|Bytes:4
15:43:32.0 (11150286)|HEAP_ALLOCATE|[33]|Bytes:5
15:43:32.0 (11168315)|VARIABLE_ASSIGNMENT|[33]|r|null|
15:43:32.0 (11177511)|STATEMENT_EXECUTE|[37]
15:43:32.0 (11189306)|SYSTEM_MODE_EXIT|false
15:43:32.11 (11218453)|CUMULATIVE_LIMIT_USAGE
15:43:32.11 (11218453)|LIMIT_USAGE_FOR_NS|(default)|
  Number of SOQL queries: 1 out of 100
  Number of query rows: 3 out of 50000
  Number of SOSL queries: 0 out of 20
  Number of DML statements: 0 out of 150
  Number of DML rows: 0 out of 10000
  Maximum CPU time: 0 out of 10000
  Maximum heap size: 0 out of 6000000
  Number of callouts: 0 out of 100
  Number of Email Invocations: 0 out of 10
  Number of future calls: 0 out of 50
  Number of queueable jobs added to the queue: 0 out of 50
  Number of Mobile Apex push calls: 0 out of 10

15:43:32.11 (11218453)|CUMULATIVE_LIMIT_USAGE_END

15:43:32.0 (11254680)|CODE_UNIT_FINISHED|CompensationsController.getRecordTypes()
15:43:32.0 (11318209)|CODE_UNIT_FINISHED|Aura
15:43:32.0 (12528056)|EXECUTION_FINISHED
