43.0 APEX_CODE,FINEST;APEX_PROFILING,INFO;CALLOUT,INFO;DB,INFO;NBA,INFO;SYSTEM,DEBUG;VALIDATION,INFO;VISUALFORCE,INFO;WAVE,INFO;WORKFLOW,INFO
17:50:30.0 (87207)|USER_INFO|[EXTERNAL]|005f2000008Qgef|gabriel.arce@salesforce.com|Argentine Time|GMT-03:00
17:50:30.0 (124612)|EXECUTION_STARTED
17:50:30.0 (128845)|CODE_UNIT_STARTED|[EXTERNAL]|Aura
17:50:30.0 (788259)|HEAP_ALLOCATE|[72]|Bytes:3
17:50:30.0 (832275)|HEAP_ALLOCATE|[77]|Bytes:152
17:50:30.0 (847402)|HEAP_ALLOCATE|[342]|Bytes:408
17:50:30.0 (863430)|HEAP_ALLOCATE|[355]|Bytes:408
17:50:30.0 (874840)|HEAP_ALLOCATE|[467]|Bytes:48
17:50:30.0 (896821)|HEAP_ALLOCATE|[139]|Bytes:6
17:50:30.0 (913245)|HEAP_ALLOCATE|[EXTERNAL]|Bytes:18
17:50:30.0 (920136)|HEAP_ALLOCATE|[EXTERNAL]|Bytes:18
17:50:30.0 (974643)|HEAP_ALLOCATE|[EXTERNAL]|Bytes:8
17:50:30.0 (979934)|HEAP_ALLOCATE|[EXTERNAL]|Bytes:8
17:50:30.0 (1860945)|CODE_UNIT_STARTED|[EXTERNAL]|01pf2000002PUqf|CompensationsController.getCompensations(String, String)
17:50:30.0 (1952745)|HEAP_ALLOCATE|[EXTERNAL]|Bytes:7
17:50:30.0 (1960346)|HEAP_ALLOCATE|[EXTERNAL]|Bytes:4
17:50:30.0 (1970705)|METHOD_ENTRY|[1]|01pf2000002PUqf|CompensationsController.CompensationsController()
17:50:30.0 (1976365)|STATEMENT_EXECUTE|[1]
17:50:30.0 (1981903)|STATEMENT_EXECUTE|[1]
17:50:30.0 (2009907)|HEAP_ALLOCATE|[50]|Bytes:5
17:50:30.0 (2030778)|HEAP_ALLOCATE|[56]|Bytes:5
17:50:30.0 (2038223)|HEAP_ALLOCATE|[64]|Bytes:7
17:50:30.0 (2055367)|SYSTEM_MODE_ENTER|false
17:50:30.0 (2065720)|HEAP_ALLOCATE|[EXTERNAL]|Bytes:5
17:50:30.0 (2072278)|SYSTEM_MODE_EXIT|false
17:50:30.0 (2079366)|METHOD_EXIT|[1]|CompensationsController
17:50:30.0 (2085074)|HEAP_ALLOCATE|[EXTERNAL]|Bytes:18
17:50:30.0 (2089344)|HEAP_ALLOCATE|[EXTERNAL]|Bytes:8
17:50:30.0 (2095521)|SYSTEM_MODE_ENTER|false
17:50:30.0 (2103078)|VARIABLE_SCOPE_BEGIN|[5]|contactRecordId|String|false|false
17:50:30.0 (2128423)|VARIABLE_ASSIGNMENT|[5]|contactRecordId|"003f200002PxJqDAAV"
17:50:30.0 (2134260)|VARIABLE_SCOPE_BEGIN|[5]|recordType|String|false|false
17:50:30.0 (2142026)|VARIABLE_ASSIGNMENT|[5]|recordType|"Research"
17:50:30.0 (2152281)|HEAP_ALLOCATE|[7]|Bytes:5
17:50:30.0 (2156871)|STATEMENT_EXECUTE|[5]
17:50:30.0 (2158785)|STATEMENT_EXECUTE|[7]
17:50:30.0 (2161534)|HEAP_ALLOCATE|[7]|Bytes:1
17:50:30.0 (2176135)|HEAP_ALLOCATE|[7]|Bytes:27
17:50:30.0 (2217878)|USER_DEBUG|[7]|DEBUG|003f200002PxJqDAAV Research
17:50:30.0 (2228804)|STATEMENT_EXECUTE|[9]
17:50:30.0 (2231743)|HEAP_ALLOCATE|[9]|Bytes:171
17:50:30.0 (2237327)|VARIABLE_SCOPE_BEGIN|[9]|squery|String|false|false
17:50:30.0 (2252084)|VARIABLE_ASSIGNMENT|[9]|squery|"SELECT Id, Name, Con (151 more) ..."
17:50:30.0 (2256771)|STATEMENT_EXECUTE|[10]
17:50:30.0 (2258430)|STATEMENT_EXECUTE|[11]
17:50:30.0 (2261236)|HEAP_ALLOCATE|[11]|Bytes:21
17:50:30.0 (2264530)|HEAP_ALLOCATE|[11]|Bytes:1
17:50:30.0 (2270050)|HEAP_ALLOCATE|[11]|Bytes:40
17:50:30.0 (2276796)|HEAP_ALLOCATE|[11]|Bytes:211
17:50:30.0 (2285169)|VARIABLE_ASSIGNMENT|[11]|squery|"SELECT Id, Name, Con (191 more) ..."
17:50:30.0 (2290078)|HEAP_ALLOCATE|[12]|Bytes:3
17:50:30.0 (2301890)|STATEMENT_EXECUTE|[12]
17:50:30.0 (2303765)|STATEMENT_EXECUTE|[13]
17:50:30.0 (2306272)|HEAP_ALLOCATE|[13]|Bytes:31
17:50:30.0 (2311610)|HEAP_ALLOCATE|[13]|Bytes:40
17:50:30.0 (2316189)|HEAP_ALLOCATE|[13]|Bytes:251
17:50:30.0 (2323651)|VARIABLE_ASSIGNMENT|[13]|squery|"SELECT Id, Name, Con (231 more) ..."
17:50:30.0 (2328153)|STATEMENT_EXECUTE|[20]
17:50:30.0 (2339739)|USER_DEBUG|[20]|DEBUG|SELECT Id, Name, Contact__r.Name,Contact__r.Birthdate,Job_Category__c,RecordType.DeveloperName,Amount__c,Location__c,Office__c,Submitted__c,Status__C FROM Compensation__c where contact__r.id='003f200002PxJqDAAV' and RecordType.DeveloperName='Research'
17:50:30.0 (2350108)|STATEMENT_EXECUTE|[21]
17:50:30.0 (3089238)|SOQL_EXECUTE_BEGIN|[21]|Aggregations:0|SELECT Id, Name, Contact__r.Name,Contact__r.Birthdate,Job_Category__c,RecordType.DeveloperName,Amount__c,Location__c,Office__c,Submitted__c,Status__C FROM Compensation__c where contact__r.id='003f200002PxJqDAAV' and RecordType.DeveloperName='Research'
17:50:30.0 (6797053)|SOQL_EXECUTE_END|[21]|Rows:0
17:50:30.0 (6823768)|HEAP_ALLOCATE|[21]|Bytes:4
17:50:30.0 (6839099)|HEAP_ALLOCATE|[21]|Bytes:0
17:50:30.0 (6903709)|HEAP_ALLOCATE|[21]|Bytes:4
17:50:30.0 (6927248)|VARIABLE_SCOPE_BEGIN|[21]|returnList|List<Compensation__c>|true|false
17:50:30.0 (6950142)|VARIABLE_ASSIGNMENT|[21]|returnList|[]|0x1a6075d2
17:50:30.0 (6956529)|STATEMENT_EXECUTE|[25]
17:50:30.0 (6964993)|SYSTEM_MODE_EXIT|false
17:50:30.6 (6989455)|CUMULATIVE_LIMIT_USAGE
17:50:30.6 (6989455)|LIMIT_USAGE_FOR_NS|(default)|
  Number of SOQL queries: 1 out of 100
  Number of query rows: 0 out of 50000
  Number of SOSL queries: 0 out of 20
  Number of DML statements: 0 out of 150
  Number of DML rows: 0 out of 10000
  Maximum CPU time: 0 out of 10000
  Maximum heap size: 0 out of 6000000
  Number of callouts: 0 out of 100
  Number of Email Invocations: 0 out of 10
  Number of future calls: 0 out of 50
  Number of queueable jobs added to the queue: 0 out of 50
  Number of Mobile Apex push calls: 0 out of 10

17:50:30.6 (6989455)|CUMULATIVE_LIMIT_USAGE_END

17:50:30.0 (7020442)|CODE_UNIT_FINISHED|CompensationsController.getCompensations(String, String)
17:50:30.0 (7081918)|CODE_UNIT_FINISHED|Aura
17:50:30.0 (8219700)|EXECUTION_FINISHED
