43.0 APEX_CODE,FINEST;APEX_PROFILING,INFO;CALLOUT,INFO;DB,INFO;NBA,INFO;SYSTEM,DEBUG;VALIDATION,INFO;VISUALFORCE,INFO;WAVE,INFO;WORKFLOW,INFO
16:38:08.0 (92069)|USER_INFO|[EXTERNAL]|005f2000008Qgef|gabriel.arce@salesforce.com|Argentine Time|GMT-03:00
16:38:08.0 (149113)|EXECUTION_STARTED
16:38:08.0 (155420)|CODE_UNIT_STARTED|[EXTERNAL]|Aura
16:38:08.0 (864635)|HEAP_ALLOCATE|[72]|Bytes:3
16:38:08.0 (923513)|HEAP_ALLOCATE|[77]|Bytes:152
16:38:08.0 (941828)|HEAP_ALLOCATE|[342]|Bytes:408
16:38:08.0 (959013)|HEAP_ALLOCATE|[355]|Bytes:408
16:38:08.0 (970224)|HEAP_ALLOCATE|[467]|Bytes:48
16:38:08.0 (993516)|HEAP_ALLOCATE|[139]|Bytes:6
16:38:08.0 (1012575)|HEAP_ALLOCATE|[EXTERNAL]|Bytes:3
16:38:08.0 (1021563)|HEAP_ALLOCATE|[EXTERNAL]|Bytes:3
16:38:08.0 (2086500)|CODE_UNIT_STARTED|[EXTERNAL]|01pf2000002PUqf|CompensationsController.getCompensations(String)
16:38:08.0 (2188821)|HEAP_ALLOCATE|[EXTERNAL]|Bytes:7
16:38:08.0 (2196768)|HEAP_ALLOCATE|[EXTERNAL]|Bytes:3
16:38:08.0 (2208478)|METHOD_ENTRY|[1]|01pf2000002PUqf|CompensationsController.CompensationsController()
16:38:08.0 (2215504)|STATEMENT_EXECUTE|[1]
16:38:08.0 (2221094)|STATEMENT_EXECUTE|[1]
16:38:08.0 (2253490)|HEAP_ALLOCATE|[50]|Bytes:5
16:38:08.0 (2276000)|HEAP_ALLOCATE|[56]|Bytes:5
16:38:08.0 (2283815)|HEAP_ALLOCATE|[64]|Bytes:7
16:38:08.0 (2346943)|SYSTEM_MODE_ENTER|false
16:38:08.0 (2363832)|HEAP_ALLOCATE|[EXTERNAL]|Bytes:5
16:38:08.0 (2372243)|SYSTEM_MODE_EXIT|false
16:38:08.0 (2381244)|METHOD_EXIT|[1]|CompensationsController
16:38:08.0 (2387284)|HEAP_ALLOCATE|[EXTERNAL]|Bytes:3
16:38:08.0 (2393986)|SYSTEM_MODE_ENTER|false
16:38:08.0 (2401229)|VARIABLE_SCOPE_BEGIN|[5]|recordType|String|false|false
16:38:08.0 (2430174)|VARIABLE_ASSIGNMENT|[5]|recordType|"All"
16:38:08.0 (2443165)|HEAP_ALLOCATE|[7]|Bytes:5
16:38:08.0 (2448598)|STATEMENT_EXECUTE|[5]
16:38:08.0 (2450613)|STATEMENT_EXECUTE|[7]
16:38:08.0 (2453677)|HEAP_ALLOCATE|[7]|Bytes:21
16:38:08.0 (2498008)|USER_DEBUG|[7]|DEBUG|Accesing to the list 
16:38:08.0 (2510727)|STATEMENT_EXECUTE|[8]
16:38:08.0 (2513185)|HEAP_ALLOCATE|[8]|Bytes:6
16:38:08.0 (2534326)|HEAP_ALLOCATE|[8]|Bytes:9
16:38:08.0 (2554756)|USER_DEBUG|[8]|DEBUG|Llegó:All
16:38:08.0 (2567788)|HEAP_ALLOCATE|[9]|Bytes:3
16:38:08.0 (2586951)|STATEMENT_EXECUTE|[9]
16:38:08.0 (2589446)|STATEMENT_EXECUTE|[11]
16:38:08.0 (2592615)|HEAP_ALLOCATE|[11]|Bytes:178
16:38:08.0 (2616118)|HEAP_ALLOCATE|[11]|Bytes:4
16:38:08.0 (3628719)|SOQL_EXECUTE_BEGIN|[11]|Aggregations:0|SELECT Id, Name, Contact__r.Name, Contact__r.Birthdate, Job_Category__c, RecordType.DeveloperName, Amount__c, Location__c, Office__c, Submitted__c, Status__C FROM Compensation__c
16:38:08.0 (12079575)|SOQL_EXECUTE_END|[11]|Rows:12
16:38:08.0 (12124624)|HEAP_ALLOCATE|[11]|Bytes:52
16:38:08.0 (12214845)|HEAP_ALLOCATE|[11]|Bytes:3535
16:38:08.0 (12350881)|HEAP_ALLOCATE|[11]|Bytes:52
16:38:08.0 (12382952)|SYSTEM_MODE_EXIT|false
16:38:08.12 (12421252)|CUMULATIVE_LIMIT_USAGE
16:38:08.12 (12421252)|LIMIT_USAGE_FOR_NS|(default)|
  Number of SOQL queries: 1 out of 100
  Number of query rows: 12 out of 50000
  Number of SOSL queries: 0 out of 20
  Number of DML statements: 0 out of 150
  Number of DML rows: 0 out of 10000
  Maximum CPU time: 0 out of 10000
  Maximum heap size: 0 out of 6000000
  Number of callouts: 0 out of 100
  Number of Email Invocations: 0 out of 10
  Number of future calls: 0 out of 50
  Number of queueable jobs added to the queue: 0 out of 50
  Number of Mobile Apex push calls: 0 out of 10

16:38:08.12 (12421252)|CUMULATIVE_LIMIT_USAGE_END

16:38:08.0 (12467570)|CODE_UNIT_FINISHED|CompensationsController.getCompensations(String)
16:38:08.0 (13202230)|CODE_UNIT_FINISHED|Aura
16:38:08.0 (14571419)|EXECUTION_FINISHED
16:38:08.20 (20795770)|USER_INFO|[EXTERNAL]|005f2000008Qgef|gabriel.arce@salesforce.com|Argentine Time|GMT-03:00
16:38:08.20 (20823882)|EXECUTION_STARTED
16:38:08.20 (20829488)|CODE_UNIT_STARTED|[EXTERNAL]|Aura
16:38:08.20 (21762023)|CODE_UNIT_STARTED|[EXTERNAL]|01pf2000002PUqf|CompensationsController.getRecordTypes()
16:38:08.20 (21838862)|SYSTEM_MODE_ENTER|false
16:38:08.20 (21863661)|HEAP_ALLOCATE|[28]|Bytes:5
16:38:08.20 (21872956)|STATEMENT_EXECUTE|[27]
16:38:08.20 (21876102)|STATEMENT_EXECUTE|[28]
16:38:08.20 (21880328)|HEAP_ALLOCATE|[28]|Bytes:74
16:38:08.20 (21898047)|HEAP_ALLOCATE|[28]|Bytes:4
16:38:08.20 (22153053)|SOQL_EXECUTE_BEGIN|[28]|Aggregations:0|SELECT DeveloperName FROM RecordType WHERE SobjectType = 'Compensation__c'
16:38:08.20 (31992510)|SOQL_EXECUTE_END|[28]|Rows:3
16:38:08.20 (32031986)|HEAP_ALLOCATE|[28]|Bytes:16
16:38:08.20 (32056972)|HEAP_ALLOCATE|[28]|Bytes:157
16:38:08.20 (32164537)|HEAP_ALLOCATE|[28]|Bytes:16
16:38:08.20 (32189257)|VARIABLE_SCOPE_BEGIN|[28]|recordTypesCompensation|List<RecordType>|true|false
16:38:08.20 (32249003)|VARIABLE_ASSIGNMENT|[28]|recordTypesCompensation|[{"DeveloperName":"Research","Id":"012f2000000qOq6AAE"},{"DeveloperName":"Salary","Id":"012f2000000qOpwAAE"},{"DeveloperName":"Study","Id":"012f2000000qOq1AAE"}]|0x47f1f7ec
16:38:08.20 (32259207)|STATEMENT_EXECUTE|[30]
16:38:08.20 (32277733)|HEAP_ALLOCATE|[30]|Bytes:4
16:38:08.20 (32325553)|VARIABLE_SCOPE_BEGIN|[30]|nameList|List<String>|true|false
16:38:08.20 (32358189)|HEAP_ALLOCATE|[EXTERNAL]|Bytes:4
16:38:08.20 (32369850)|VARIABLE_ASSIGNMENT|[30]|nameList|[]|0x57db7e33
16:38:08.20 (32375767)|STATEMENT_EXECUTE|[31]
16:38:08.20 (32435927)|HEAP_ALLOCATE|[EXTERNAL]|Bytes:4
16:38:08.20 (32660334)|HEAP_ALLOCATE|[33]|Bytes:5
16:38:08.20 (32703966)|HEAP_ALLOCATE|[33]|Bytes:12
16:38:08.20 (32717159)|VARIABLE_SCOPE_BEGIN|[33]|r|RecordType|true|false
16:38:08.20 (32738232)|VARIABLE_ASSIGNMENT|[33]|r|{"DeveloperName":"Research","Id":"012f2000000qOq6AAE"}|0x7b9eb16
16:38:08.20 (32746194)|STATEMENT_EXECUTE|[33]
16:38:08.20 (32748293)|STATEMENT_EXECUTE|[35]
16:38:08.20 (32802925)|HEAP_ALLOCATE|[EXTERNAL]|Bytes:4
16:38:08.20 (32819491)|HEAP_ALLOCATE|[33]|Bytes:5
16:38:08.20 (32831099)|HEAP_ALLOCATE|[33]|Bytes:12
16:38:08.20 (32837425)|VARIABLE_SCOPE_BEGIN|[33]|r|RecordType|true|false
16:38:08.20 (32852631)|VARIABLE_ASSIGNMENT|[33]|r|{"DeveloperName":"Salary","Id":"012f2000000qOpwAAE"}|0xb9f2734
16:38:08.20 (32858992)|STATEMENT_EXECUTE|[33]
16:38:08.20 (32860608)|STATEMENT_EXECUTE|[35]
16:38:08.20 (32871699)|HEAP_ALLOCATE|[EXTERNAL]|Bytes:4
16:38:08.20 (32883043)|HEAP_ALLOCATE|[33]|Bytes:5
16:38:08.20 (32891764)|HEAP_ALLOCATE|[33]|Bytes:12
16:38:08.20 (32897196)|VARIABLE_SCOPE_BEGIN|[33]|r|RecordType|true|false
16:38:08.20 (32909991)|VARIABLE_ASSIGNMENT|[33]|r|{"DeveloperName":"Study","Id":"012f2000000qOq1AAE"}|0x485eb1b1
16:38:08.20 (32915630)|STATEMENT_EXECUTE|[33]
16:38:08.20 (32917375)|STATEMENT_EXECUTE|[35]
16:38:08.20 (32925094)|HEAP_ALLOCATE|[EXTERNAL]|Bytes:4
16:38:08.20 (32935583)|HEAP_ALLOCATE|[33]|Bytes:5
16:38:08.20 (32946500)|VARIABLE_ASSIGNMENT|[33]|r|null|
16:38:08.20 (32953117)|STATEMENT_EXECUTE|[37]
16:38:08.20 (32966323)|SYSTEM_MODE_EXIT|false
16:38:08.33 (33001209)|CUMULATIVE_LIMIT_USAGE
16:38:08.33 (33001209)|LIMIT_USAGE_FOR_NS|(default)|
  Number of SOQL queries: 2 out of 100
  Number of query rows: 15 out of 50000
  Number of SOSL queries: 0 out of 20
  Number of DML statements: 0 out of 150
  Number of DML rows: 0 out of 10000
  Maximum CPU time: 0 out of 10000
  Maximum heap size: 0 out of 6000000
  Number of callouts: 0 out of 100
  Number of Email Invocations: 0 out of 10
  Number of future calls: 0 out of 50
  Number of queueable jobs added to the queue: 0 out of 50
  Number of Mobile Apex push calls: 0 out of 10

16:38:08.33 (33001209)|CUMULATIVE_LIMIT_USAGE_END

16:38:08.20 (33037270)|CODE_UNIT_FINISHED|CompensationsController.getRecordTypes()
16:38:08.20 (33108481)|CODE_UNIT_FINISHED|Aura
16:38:08.20 (34380251)|EXECUTION_FINISHED
