43.0 APEX_CODE,FINEST;APEX_PROFILING,INFO;CALLOUT,INFO;DB,INFO;NBA,INFO;SYSTEM,DEBUG;VALIDATION,INFO;VISUALFORCE,INFO;WAVE,INFO;WORKFLOW,INFO
16:45:50.0 (103103)|USER_INFO|[EXTERNAL]|005f2000008Qgef|gabriel.arce@salesforce.com|Argentine Time|GMT-03:00
16:45:50.0 (1215738)|EXECUTION_STARTED
16:45:50.0 (1221463)|CODE_UNIT_STARTED|[EXTERNAL]|Aura
16:45:50.0 (2018020)|HEAP_ALLOCATE|[72]|Bytes:3
16:45:50.0 (2078024)|HEAP_ALLOCATE|[77]|Bytes:152
16:45:50.0 (2107321)|HEAP_ALLOCATE|[342]|Bytes:408
16:45:50.0 (2132627)|HEAP_ALLOCATE|[355]|Bytes:408
16:45:50.0 (2153096)|HEAP_ALLOCATE|[467]|Bytes:48
16:45:50.0 (2185573)|HEAP_ALLOCATE|[139]|Bytes:6
16:45:50.0 (2212446)|HEAP_ALLOCATE|[EXTERNAL]|Bytes:3
16:45:50.0 (2223366)|HEAP_ALLOCATE|[EXTERNAL]|Bytes:3
16:45:50.0 (3053484)|CODE_UNIT_STARTED|[EXTERNAL]|01pf2000002PUqf|CompensationsController.getCompensations(String)
16:45:50.0 (3166525)|HEAP_ALLOCATE|[EXTERNAL]|Bytes:7
16:45:50.0 (3178200)|HEAP_ALLOCATE|[EXTERNAL]|Bytes:3
16:45:50.0 (3192508)|METHOD_ENTRY|[1]|01pf2000002PUqf|CompensationsController.CompensationsController()
16:45:50.0 (3201538)|STATEMENT_EXECUTE|[1]
16:45:50.0 (3207653)|STATEMENT_EXECUTE|[1]
16:45:50.0 (3247921)|HEAP_ALLOCATE|[50]|Bytes:5
16:45:50.0 (3275992)|HEAP_ALLOCATE|[56]|Bytes:5
16:45:50.0 (3288346)|HEAP_ALLOCATE|[64]|Bytes:7
16:45:50.0 (3314672)|SYSTEM_MODE_ENTER|false
16:45:50.0 (3328713)|HEAP_ALLOCATE|[EXTERNAL]|Bytes:5
16:45:50.0 (3337711)|SYSTEM_MODE_EXIT|false
16:45:50.0 (3350828)|METHOD_EXIT|[1]|CompensationsController
16:45:50.0 (3358612)|HEAP_ALLOCATE|[EXTERNAL]|Bytes:3
16:45:50.0 (3369870)|SYSTEM_MODE_ENTER|false
16:45:50.0 (3378970)|VARIABLE_SCOPE_BEGIN|[5]|recordType|String|false|false
16:45:50.0 (3413682)|VARIABLE_ASSIGNMENT|[5]|recordType|"All"
16:45:50.0 (3430696)|HEAP_ALLOCATE|[7]|Bytes:5
16:45:50.0 (3437067)|STATEMENT_EXECUTE|[5]
16:45:50.0 (3439361)|STATEMENT_EXECUTE|[7]
16:45:50.0 (3449799)|HEAP_ALLOCATE|[7]|Bytes:21
16:45:50.0 (3502509)|USER_DEBUG|[7]|DEBUG|Accesing to the list 
16:45:50.0 (3517999)|STATEMENT_EXECUTE|[8]
16:45:50.0 (3521246)|HEAP_ALLOCATE|[8]|Bytes:6
16:45:50.0 (3532380)|HEAP_ALLOCATE|[8]|Bytes:9
16:45:50.0 (3550472)|USER_DEBUG|[8]|DEBUG|Llegó:All
16:45:50.0 (3559733)|HEAP_ALLOCATE|[9]|Bytes:3
16:45:50.0 (3573358)|STATEMENT_EXECUTE|[9]
16:45:50.0 (3574962)|STATEMENT_EXECUTE|[11]
16:45:50.0 (3577429)|HEAP_ALLOCATE|[11]|Bytes:178
16:45:50.0 (3593796)|HEAP_ALLOCATE|[11]|Bytes:4
16:45:50.0 (4567478)|SOQL_EXECUTE_BEGIN|[11]|Aggregations:0|SELECT Id, Name, Contact__r.Name, Contact__r.Birthdate, Job_Category__c, RecordType.DeveloperName, Amount__c, Location__c, Office__c, Submitted__c, Status__C FROM Compensation__c
16:45:50.0 (11899074)|SOQL_EXECUTE_END|[11]|Rows:12
16:45:50.0 (11922179)|HEAP_ALLOCATE|[11]|Bytes:52
16:45:50.0 (11990073)|HEAP_ALLOCATE|[11]|Bytes:3535
16:45:50.0 (12060667)|HEAP_ALLOCATE|[11]|Bytes:52
16:45:50.0 (12078656)|SYSTEM_MODE_EXIT|false
16:45:50.12 (12108625)|CUMULATIVE_LIMIT_USAGE
16:45:50.12 (12108625)|LIMIT_USAGE_FOR_NS|(default)|
  Number of SOQL queries: 1 out of 100
  Number of query rows: 12 out of 50000
  Number of SOSL queries: 0 out of 20
  Number of DML statements: 0 out of 150
  Number of DML rows: 0 out of 10000
  Maximum CPU time: 0 out of 10000
  Maximum heap size: 0 out of 6000000
  Number of callouts: 0 out of 100
  Number of Email Invocations: 0 out of 10
  Number of future calls: 0 out of 50
  Number of queueable jobs added to the queue: 0 out of 50
  Number of Mobile Apex push calls: 0 out of 10

16:45:50.12 (12108625)|CUMULATIVE_LIMIT_USAGE_END

16:45:50.0 (12138964)|CODE_UNIT_FINISHED|CompensationsController.getCompensations(String)
16:45:50.0 (12490397)|CODE_UNIT_FINISHED|Aura
16:45:50.0 (13585539)|EXECUTION_FINISHED
16:45:50.15 (15258719)|USER_INFO|[EXTERNAL]|005f2000008Qgef|gabriel.arce@salesforce.com|Argentine Time|GMT-03:00
16:45:50.15 (15281357)|EXECUTION_STARTED
16:45:50.15 (15286603)|CODE_UNIT_STARTED|[EXTERNAL]|Aura
16:45:50.15 (16091626)|CODE_UNIT_STARTED|[EXTERNAL]|01pf2000002PUqf|CompensationsController.getRecordTypes()
16:45:50.15 (16155784)|SYSTEM_MODE_ENTER|false
16:45:50.15 (16173186)|HEAP_ALLOCATE|[28]|Bytes:5
16:45:50.15 (16179802)|STATEMENT_EXECUTE|[27]
16:45:50.15 (16182564)|STATEMENT_EXECUTE|[28]
16:45:50.15 (16186032)|HEAP_ALLOCATE|[28]|Bytes:74
16:45:50.15 (16200007)|HEAP_ALLOCATE|[28]|Bytes:4
16:45:50.15 (16409946)|SOQL_EXECUTE_BEGIN|[28]|Aggregations:0|SELECT DeveloperName FROM RecordType WHERE SobjectType = 'Compensation__c'
16:45:50.15 (24484192)|SOQL_EXECUTE_END|[28]|Rows:3
16:45:50.15 (24507111)|HEAP_ALLOCATE|[28]|Bytes:16
16:45:50.15 (24526799)|HEAP_ALLOCATE|[28]|Bytes:157
16:45:50.15 (24582925)|HEAP_ALLOCATE|[28]|Bytes:16
16:45:50.15 (24600407)|VARIABLE_SCOPE_BEGIN|[28]|recordTypesCompensation|List<RecordType>|true|false
16:45:50.15 (24647959)|VARIABLE_ASSIGNMENT|[28]|recordTypesCompensation|[{"DeveloperName":"Research","Id":"012f2000000qOq6AAE"},{"DeveloperName":"Salary","Id":"012f2000000qOpwAAE"},{"DeveloperName":"Study","Id":"012f2000000qOq1AAE"}]|0x74d2ee33
16:45:50.15 (24658361)|STATEMENT_EXECUTE|[30]
16:45:50.15 (24669525)|HEAP_ALLOCATE|[30]|Bytes:4
16:45:50.15 (24703932)|VARIABLE_SCOPE_BEGIN|[30]|nameList|List<String>|true|false
16:45:50.15 (24728152)|HEAP_ALLOCATE|[EXTERNAL]|Bytes:4
16:45:50.15 (24739154)|VARIABLE_ASSIGNMENT|[30]|nameList|[]|0x212f17a4
16:45:50.15 (24745357)|STATEMENT_EXECUTE|[31]
16:45:50.15 (24788097)|HEAP_ALLOCATE|[EXTERNAL]|Bytes:4
16:45:50.15 (24935297)|HEAP_ALLOCATE|[33]|Bytes:5
16:45:50.15 (24969840)|HEAP_ALLOCATE|[33]|Bytes:12
16:45:50.15 (24980804)|VARIABLE_SCOPE_BEGIN|[33]|r|RecordType|true|false
16:45:50.15 (25000379)|VARIABLE_ASSIGNMENT|[33]|r|{"DeveloperName":"Research","Id":"012f2000000qOq6AAE"}|0x60c72134
16:45:50.15 (25008114)|STATEMENT_EXECUTE|[33]
16:45:50.15 (25010031)|STATEMENT_EXECUTE|[35]
16:45:50.15 (25056410)|HEAP_ALLOCATE|[EXTERNAL]|Bytes:4
16:45:50.15 (25074306)|HEAP_ALLOCATE|[33]|Bytes:5
16:45:50.15 (25085372)|HEAP_ALLOCATE|[33]|Bytes:12
16:45:50.15 (25092300)|VARIABLE_SCOPE_BEGIN|[33]|r|RecordType|true|false
16:45:50.15 (25108484)|VARIABLE_ASSIGNMENT|[33]|r|{"DeveloperName":"Salary","Id":"012f2000000qOpwAAE"}|0x398c98bf
16:45:50.15 (25115351)|STATEMENT_EXECUTE|[33]
16:45:50.15 (25116908)|STATEMENT_EXECUTE|[35]
16:45:50.15 (25128574)|HEAP_ALLOCATE|[EXTERNAL]|Bytes:4
16:45:50.15 (25140310)|HEAP_ALLOCATE|[33]|Bytes:5
16:45:50.15 (25150110)|HEAP_ALLOCATE|[33]|Bytes:12
16:45:50.15 (25155291)|VARIABLE_SCOPE_BEGIN|[33]|r|RecordType|true|false
16:45:50.15 (25170741)|VARIABLE_ASSIGNMENT|[33]|r|{"DeveloperName":"Study","Id":"012f2000000qOq1AAE"}|0x70bb015f
16:45:50.15 (25177189)|STATEMENT_EXECUTE|[33]
16:45:50.15 (25178799)|STATEMENT_EXECUTE|[35]
16:45:50.15 (25188670)|HEAP_ALLOCATE|[EXTERNAL]|Bytes:4
16:45:50.15 (25199914)|HEAP_ALLOCATE|[33]|Bytes:5
16:45:50.15 (25210773)|VARIABLE_ASSIGNMENT|[33]|r|null|
16:45:50.15 (25216273)|STATEMENT_EXECUTE|[37]
16:45:50.15 (25224759)|SYSTEM_MODE_EXIT|false
16:45:50.25 (25250706)|CUMULATIVE_LIMIT_USAGE
16:45:50.25 (25250706)|LIMIT_USAGE_FOR_NS|(default)|
  Number of SOQL queries: 2 out of 100
  Number of query rows: 15 out of 50000
  Number of SOSL queries: 0 out of 20
  Number of DML statements: 0 out of 150
  Number of DML rows: 0 out of 10000
  Maximum CPU time: 0 out of 10000
  Maximum heap size: 0 out of 6000000
  Number of callouts: 0 out of 100
  Number of Email Invocations: 0 out of 10
  Number of future calls: 0 out of 50
  Number of queueable jobs added to the queue: 0 out of 50
  Number of Mobile Apex push calls: 0 out of 10

16:45:50.25 (25250706)|CUMULATIVE_LIMIT_USAGE_END

16:45:50.15 (25279944)|CODE_UNIT_FINISHED|CompensationsController.getRecordTypes()
16:45:50.15 (25338175)|CODE_UNIT_FINISHED|Aura
16:45:50.15 (26399602)|EXECUTION_FINISHED
