43.0 APEX_CODE,FINEST;APEX_PROFILING,INFO;CALLOUT,INFO;DB,INFO;NBA,INFO;SYSTEM,DEBUG;VALIDATION,INFO;VISUALFORCE,INFO;WAVE,INFO;WORKFLOW,INFO
17:29:27.0 (87381)|USER_INFO|[EXTERNAL]|005f2000008Qgef|gabriel.arce@salesforce.com|Argentine Time|GMT-03:00
17:29:27.0 (123543)|EXECUTION_STARTED
17:29:27.0 (127717)|CODE_UNIT_STARTED|[EXTERNAL]|Aura
17:29:27.0 (795040)|HEAP_ALLOCATE|[72]|Bytes:3
17:29:27.0 (854038)|HEAP_ALLOCATE|[77]|Bytes:152
17:29:27.0 (872064)|HEAP_ALLOCATE|[342]|Bytes:408
17:29:27.0 (888653)|HEAP_ALLOCATE|[355]|Bytes:408
17:29:27.0 (899563)|HEAP_ALLOCATE|[467]|Bytes:48
17:29:27.0 (923122)|HEAP_ALLOCATE|[139]|Bytes:6
17:29:27.0 (949070)|HEAP_ALLOCATE|[EXTERNAL]|Bytes:8
17:29:27.0 (957989)|HEAP_ALLOCATE|[EXTERNAL]|Bytes:8
17:29:27.0 (1738097)|CODE_UNIT_STARTED|[EXTERNAL]|01pf2000002PUqf|CompensationsController.getCompensations(String, String)
17:29:27.0 (1820579)|HEAP_ALLOCATE|[EXTERNAL]|Bytes:7
17:29:27.0 (1828452)|HEAP_ALLOCATE|[EXTERNAL]|Bytes:5
17:29:27.0 (1838732)|METHOD_ENTRY|[1]|01pf2000002PUqf|CompensationsController.CompensationsController()
17:29:27.0 (1845223)|STATEMENT_EXECUTE|[1]
17:29:27.0 (1850815)|STATEMENT_EXECUTE|[1]
17:29:27.0 (1878491)|HEAP_ALLOCATE|[50]|Bytes:5
17:29:27.0 (1898230)|HEAP_ALLOCATE|[56]|Bytes:5
17:29:27.0 (1906033)|HEAP_ALLOCATE|[64]|Bytes:7
17:29:27.0 (1924381)|SYSTEM_MODE_ENTER|false
17:29:27.0 (1938568)|HEAP_ALLOCATE|[EXTERNAL]|Bytes:5
17:29:27.0 (1946620)|SYSTEM_MODE_EXIT|false
17:29:27.0 (1954847)|METHOD_EXIT|[1]|CompensationsController
17:29:27.0 (1960355)|HEAP_ALLOCATE|[EXTERNAL]|Bytes:8
17:29:27.0 (1967089)|SYSTEM_MODE_ENTER|false
17:29:27.0 (1973002)|VARIABLE_SCOPE_BEGIN|[5]|contactRecordId|String|false|false
17:29:27.0 (2001556)|VARIABLE_ASSIGNMENT|[5]|contactRecordId|"Research"
17:29:27.0 (2007599)|VARIABLE_SCOPE_BEGIN|[5]|recordType|String|false|false
17:29:27.0 (2014867)|VARIABLE_ASSIGNMENT|[5]|recordType|null
17:29:27.0 (2026045)|HEAP_ALLOCATE|[7]|Bytes:5
17:29:27.0 (2030639)|STATEMENT_EXECUTE|[5]
17:29:27.0 (2032499)|STATEMENT_EXECUTE|[7]
17:29:27.0 (2035332)|HEAP_ALLOCATE|[7]|Bytes:21
17:29:27.0 (2081026)|USER_DEBUG|[7]|DEBUG|Accesing to the list 
17:29:27.0 (2092119)|STATEMENT_EXECUTE|[8]
17:29:27.0 (2094896)|HEAP_ALLOCATE|[8]|Bytes:6
17:29:27.0 (2108100)|HEAP_ALLOCATE|[8]|Bytes:10
17:29:27.0 (2120221)|USER_DEBUG|[8]|DEBUG|Llegó:null
17:29:27.0 (2127080)|STATEMENT_EXECUTE|[9]
17:29:27.0 (2131429)|HEAP_ALLOCATE|[9]|Bytes:14
17:29:27.0 (2141293)|USER_DEBUG|[9]|DEBUG|Llegó:Research
17:29:27.0 (2147410)|STATEMENT_EXECUTE|[10]
17:29:27.0 (2149773)|HEAP_ALLOCATE|[10]|Bytes:171
17:29:27.0 (2155675)|VARIABLE_SCOPE_BEGIN|[10]|squery|String|false|false
17:29:27.0 (2169988)|VARIABLE_ASSIGNMENT|[10]|squery|"SELECT Id, Name, Con (151 more) ..."
17:29:27.0 (2188789)|STATEMENT_EXECUTE|[11]
17:29:27.0 (2191212)|STATEMENT_EXECUTE|[12]
17:29:27.0 (2193997)|HEAP_ALLOCATE|[12]|Bytes:21
17:29:27.0 (2198747)|HEAP_ALLOCATE|[12]|Bytes:1
17:29:27.0 (2206360)|HEAP_ALLOCATE|[12]|Bytes:30
17:29:27.0 (2210852)|HEAP_ALLOCATE|[12]|Bytes:201
17:29:27.0 (2219708)|VARIABLE_ASSIGNMENT|[12]|squery|"SELECT Id, Name, Con (181 more) ..."
17:29:27.0 (2224492)|STATEMENT_EXECUTE|[13]
17:29:27.0 (2226140)|STATEMENT_EXECUTE|[14]
17:29:27.0 (2228812)|HEAP_ALLOCATE|[14]|Bytes:31
17:29:27.0 (2233792)|HEAP_ALLOCATE|[14]|Bytes:36
17:29:27.0 (2238444)|HEAP_ALLOCATE|[14]|Bytes:237
17:29:27.0 (2245067)|VARIABLE_ASSIGNMENT|[14]|squery|"SELECT Id, Name, Con (217 more) ..."
17:29:27.0 (2249327)|STATEMENT_EXECUTE|[22]
17:29:27.0 (3624333)|EXCEPTION_THROWN|[22]|System.QueryException: invalid ID field: Research
17:29:27.0 (3741230)|HEAP_ALLOCATE|[22]|Bytes:30
17:29:27.0 (3851238)|FATAL_ERROR|System.QueryException: invalid ID field: Research

Class.CompensationsController.getCompensations: line 22, column 1
17:29:27.0 (3868590)|FATAL_ERROR|System.QueryException: invalid ID field: Research

Class.CompensationsController.getCompensations: line 22, column 1
17:29:27.3 (3938758)|CUMULATIVE_LIMIT_USAGE
17:29:27.3 (3938758)|LIMIT_USAGE_FOR_NS|(default)|
  Number of SOQL queries: 0 out of 100
  Number of query rows: 0 out of 50000
  Number of SOSL queries: 0 out of 20
  Number of DML statements: 0 out of 150
  Number of DML rows: 0 out of 10000
  Maximum CPU time: 0 out of 10000
  Maximum heap size: 0 out of 6000000
  Number of callouts: 0 out of 100
  Number of Email Invocations: 0 out of 10
  Number of future calls: 0 out of 50
  Number of queueable jobs added to the queue: 0 out of 50
  Number of Mobile Apex push calls: 0 out of 10

17:29:27.3 (3938758)|CUMULATIVE_LIMIT_USAGE_END

17:29:27.0 (3987596)|CODE_UNIT_FINISHED|CompensationsController.getCompensations(String, String)
17:29:27.0 (10201109)|CODE_UNIT_FINISHED|Aura
17:29:27.0 (11448067)|EXECUTION_FINISHED
