43.0 APEX_CODE,FINEST;APEX_PROFILING,INFO;CALLOUT,INFO;DB,INFO;NBA,INFO;SYSTEM,DEBUG;VALIDATION,INFO;VISUALFORCE,INFO;WAVE,INFO;WORKFLOW,INFO
16:18:26.0 (72586)|USER_INFO|[EXTERNAL]|005f2000008Qgef|gabriel.arce@salesforce.com|Argentine Time|GMT-03:00
16:18:26.0 (112075)|EXECUTION_STARTED
16:18:26.0 (120390)|CODE_UNIT_STARTED|[EXTERNAL]|Aura
16:18:26.0 (1312071)|CODE_UNIT_STARTED|[EXTERNAL]|01pf2000002PUqf|CompensationsController.getRecordTypes()
16:18:26.0 (1468744)|HEAP_ALLOCATE|[72]|Bytes:3
16:18:26.0 (1519573)|HEAP_ALLOCATE|[77]|Bytes:152
16:18:26.0 (1544314)|HEAP_ALLOCATE|[342]|Bytes:408
16:18:26.0 (1568801)|HEAP_ALLOCATE|[355]|Bytes:408
16:18:26.0 (1590110)|HEAP_ALLOCATE|[467]|Bytes:48
16:18:26.0 (1626787)|HEAP_ALLOCATE|[139]|Bytes:6
16:18:26.0 (1709548)|HEAP_ALLOCATE|[EXTERNAL]|Bytes:7
16:18:26.0 (1719793)|HEAP_ALLOCATE|[EXTERNAL]|Bytes:3
16:18:26.0 (1732685)|METHOD_ENTRY|[1]|01pf2000002PUqf|CompensationsController.CompensationsController()
16:18:26.0 (1741279)|STATEMENT_EXECUTE|[1]
16:18:26.0 (1746149)|STATEMENT_EXECUTE|[1]
16:18:26.0 (1783999)|HEAP_ALLOCATE|[50]|Bytes:5
16:18:26.0 (1811446)|HEAP_ALLOCATE|[56]|Bytes:5
16:18:26.0 (1824928)|HEAP_ALLOCATE|[64]|Bytes:7
16:18:26.0 (1853854)|SYSTEM_MODE_ENTER|false
16:18:26.0 (1872352)|HEAP_ALLOCATE|[EXTERNAL]|Bytes:5
16:18:26.0 (1883530)|SYSTEM_MODE_EXIT|false
16:18:26.0 (1896364)|METHOD_EXIT|[1]|CompensationsController
16:18:26.0 (1908651)|SYSTEM_MODE_ENTER|false
16:18:26.0 (1958186)|HEAP_ALLOCATE|[28]|Bytes:5
16:18:26.0 (1970954)|STATEMENT_EXECUTE|[27]
16:18:26.0 (1973843)|STATEMENT_EXECUTE|[28]
16:18:26.0 (1977954)|HEAP_ALLOCATE|[28]|Bytes:74
16:18:26.0 (1997755)|HEAP_ALLOCATE|[28]|Bytes:4
16:18:26.0 (2318409)|SOQL_EXECUTE_BEGIN|[28]|Aggregations:0|SELECT DeveloperName FROM RecordType WHERE SobjectType = 'Compensation__c'
16:18:26.0 (12242937)|SOQL_EXECUTE_END|[28]|Rows:3
16:18:26.0 (12270024)|HEAP_ALLOCATE|[28]|Bytes:16
16:18:26.0 (12289952)|HEAP_ALLOCATE|[28]|Bytes:157
16:18:26.0 (12397419)|HEAP_ALLOCATE|[28]|Bytes:16
16:18:26.0 (12419272)|VARIABLE_SCOPE_BEGIN|[28]|recordTypesCompensation|List<RecordType>|true|false
16:18:26.0 (12481692)|VARIABLE_ASSIGNMENT|[28]|recordTypesCompensation|[{"DeveloperName":"Research","Id":"012f2000000qOq6AAE"},{"DeveloperName":"Salary","Id":"012f2000000qOpwAAE"},{"DeveloperName":"Study","Id":"012f2000000qOq1AAE"}]|0x7e53b4e8
16:18:26.0 (12495977)|STATEMENT_EXECUTE|[30]
16:18:26.0 (12512394)|HEAP_ALLOCATE|[30]|Bytes:4
16:18:26.0 (12568399)|VARIABLE_SCOPE_BEGIN|[30]|nameList|List<String>|true|false
16:18:26.0 (12606200)|HEAP_ALLOCATE|[EXTERNAL]|Bytes:4
16:18:26.0 (12620736)|VARIABLE_ASSIGNMENT|[30]|nameList|[]|0x38e7c711
16:18:26.0 (12628833)|STATEMENT_EXECUTE|[31]
16:18:26.0 (12634361)|HEAP_ALLOCATE|[31]|Bytes:3
16:18:26.0 (12691598)|HEAP_ALLOCATE|[EXTERNAL]|Bytes:4
16:18:26.0 (12930820)|HEAP_ALLOCATE|[33]|Bytes:5
16:18:26.0 (12982965)|HEAP_ALLOCATE|[33]|Bytes:12
16:18:26.0 (12994876)|VARIABLE_SCOPE_BEGIN|[33]|r|RecordType|true|false
16:18:26.0 (13016727)|VARIABLE_ASSIGNMENT|[33]|r|{"DeveloperName":"Research","Id":"012f2000000qOq6AAE"}|0x5543cc06
16:18:26.0 (13025515)|STATEMENT_EXECUTE|[33]
16:18:26.0 (13028029)|STATEMENT_EXECUTE|[35]
16:18:26.0 (13086171)|HEAP_ALLOCATE|[EXTERNAL]|Bytes:4
16:18:26.0 (13104060)|HEAP_ALLOCATE|[33]|Bytes:5
16:18:26.0 (13115495)|HEAP_ALLOCATE|[33]|Bytes:12
16:18:26.0 (13122095)|VARIABLE_SCOPE_BEGIN|[33]|r|RecordType|true|false
16:18:26.0 (13139119)|VARIABLE_ASSIGNMENT|[33]|r|{"DeveloperName":"Salary","Id":"012f2000000qOpwAAE"}|0x531a56f0
16:18:26.0 (13145290)|STATEMENT_EXECUTE|[33]
16:18:26.0 (13146918)|STATEMENT_EXECUTE|[35]
16:18:26.0 (13158521)|HEAP_ALLOCATE|[EXTERNAL]|Bytes:4
16:18:26.0 (13170389)|HEAP_ALLOCATE|[33]|Bytes:5
16:18:26.0 (13179409)|HEAP_ALLOCATE|[33]|Bytes:12
16:18:26.0 (13184967)|VARIABLE_SCOPE_BEGIN|[33]|r|RecordType|true|false
16:18:26.0 (13199257)|VARIABLE_ASSIGNMENT|[33]|r|{"DeveloperName":"Study","Id":"012f2000000qOq1AAE"}|0x2f22c02f
16:18:26.0 (13205339)|STATEMENT_EXECUTE|[33]
16:18:26.0 (13207091)|STATEMENT_EXECUTE|[35]
16:18:26.0 (13215605)|HEAP_ALLOCATE|[EXTERNAL]|Bytes:4
16:18:26.0 (13226359)|HEAP_ALLOCATE|[33]|Bytes:5
16:18:26.0 (13236556)|VARIABLE_ASSIGNMENT|[33]|r|null|
16:18:26.0 (13241231)|STATEMENT_EXECUTE|[37]
16:18:26.0 (13248421)|SYSTEM_MODE_EXIT|false
16:18:26.13 (13270770)|CUMULATIVE_LIMIT_USAGE
16:18:26.13 (13270770)|LIMIT_USAGE_FOR_NS|(default)|
  Number of SOQL queries: 1 out of 100
  Number of query rows: 3 out of 50000
  Number of SOSL queries: 0 out of 20
  Number of DML statements: 0 out of 150
  Number of DML rows: 0 out of 10000
  Maximum CPU time: 0 out of 10000
  Maximum heap size: 0 out of 6000000
  Number of callouts: 0 out of 100
  Number of Email Invocations: 0 out of 10
  Number of future calls: 0 out of 50
  Number of queueable jobs added to the queue: 0 out of 50
  Number of Mobile Apex push calls: 0 out of 10

16:18:26.13 (13270770)|CUMULATIVE_LIMIT_USAGE_END

16:18:26.0 (13299071)|CODE_UNIT_FINISHED|CompensationsController.getRecordTypes()
16:18:26.0 (13361746)|CODE_UNIT_FINISHED|Aura
16:18:26.0 (14513317)|EXECUTION_FINISHED
