43.0 APEX_CODE,FINEST;APEX_PROFILING,INFO;CALLOUT,INFO;DB,INFO;NBA,INFO;SYSTEM,DEBUG;VALIDATION,INFO;VISUALFORCE,INFO;WAVE,INFO;WORKFLOW,INFO
17:30:03.0 (55731)|USER_INFO|[EXTERNAL]|005f2000008Qgef|gabriel.arce@salesforce.com|Argentine Time|GMT-03:00
17:30:03.0 (79775)|EXECUTION_STARTED
17:30:03.0 (82891)|CODE_UNIT_STARTED|[EXTERNAL]|Aura
17:30:03.0 (1359034)|CODE_UNIT_STARTED|[EXTERNAL]|01pf2000002PUqf|CompensationsController.getRecordTypes()
17:30:03.0 (1457409)|HEAP_ALLOCATE|[72]|Bytes:3
17:30:03.0 (1491091)|HEAP_ALLOCATE|[77]|Bytes:152
17:30:03.0 (1507860)|HEAP_ALLOCATE|[342]|Bytes:408
17:30:03.0 (1522376)|HEAP_ALLOCATE|[355]|Bytes:408
17:30:03.0 (1533525)|HEAP_ALLOCATE|[467]|Bytes:48
17:30:03.0 (1555646)|HEAP_ALLOCATE|[139]|Bytes:6
17:30:03.0 (1593965)|HEAP_ALLOCATE|[EXTERNAL]|Bytes:7
17:30:03.0 (1599786)|HEAP_ALLOCATE|[EXTERNAL]|Bytes:5
17:30:03.0 (1607062)|METHOD_ENTRY|[1]|01pf2000002PUqf|CompensationsController.CompensationsController()
17:30:03.0 (1612443)|STATEMENT_EXECUTE|[1]
17:30:03.0 (1615952)|STATEMENT_EXECUTE|[1]
17:30:03.0 (1643672)|HEAP_ALLOCATE|[50]|Bytes:5
17:30:03.0 (1659181)|HEAP_ALLOCATE|[56]|Bytes:5
17:30:03.0 (1666140)|HEAP_ALLOCATE|[64]|Bytes:7
17:30:03.0 (1680268)|SYSTEM_MODE_ENTER|false
17:30:03.0 (1688968)|HEAP_ALLOCATE|[EXTERNAL]|Bytes:5
17:30:03.0 (1694850)|SYSTEM_MODE_EXIT|false
17:30:03.0 (1702456)|METHOD_EXIT|[1]|CompensationsController
17:30:03.0 (1708911)|SYSTEM_MODE_ENTER|false
17:30:03.0 (1717128)|HEAP_ALLOCATE|[31]|Bytes:5
17:30:03.0 (1721647)|STATEMENT_EXECUTE|[30]
17:30:03.0 (1723519)|STATEMENT_EXECUTE|[31]
17:30:03.0 (1726167)|HEAP_ALLOCATE|[31]|Bytes:74
17:30:03.0 (1740325)|HEAP_ALLOCATE|[31]|Bytes:4
17:30:03.0 (1962082)|SOQL_EXECUTE_BEGIN|[31]|Aggregations:0|SELECT DeveloperName FROM RecordType WHERE SobjectType = 'Compensation__c'
17:30:03.0 (10288386)|SOQL_EXECUTE_END|[31]|Rows:3
17:30:03.0 (10327326)|HEAP_ALLOCATE|[31]|Bytes:16
17:30:03.0 (10345512)|HEAP_ALLOCATE|[31]|Bytes:157
17:30:03.0 (10471038)|HEAP_ALLOCATE|[31]|Bytes:16
17:30:03.0 (10492201)|VARIABLE_SCOPE_BEGIN|[31]|recordTypesCompensation|List<RecordType>|true|false
17:30:03.0 (10554502)|VARIABLE_ASSIGNMENT|[31]|recordTypesCompensation|[{"DeveloperName":"Research","Id":"012f2000000qOq6AAE"},{"DeveloperName":"Salary","Id":"012f2000000qOpwAAE"},{"DeveloperName":"Study","Id":"012f2000000qOq1AAE"}]|0x698fc0c1
17:30:03.0 (10564845)|STATEMENT_EXECUTE|[33]
17:30:03.0 (10576689)|HEAP_ALLOCATE|[33]|Bytes:4
17:30:03.0 (10617175)|VARIABLE_SCOPE_BEGIN|[33]|nameList|List<String>|true|false
17:30:03.0 (10663537)|HEAP_ALLOCATE|[EXTERNAL]|Bytes:4
17:30:03.0 (10679034)|VARIABLE_ASSIGNMENT|[33]|nameList|[]|0x5916ede5
17:30:03.0 (10689284)|STATEMENT_EXECUTE|[34]
17:30:03.0 (10694311)|HEAP_ALLOCATE|[34]|Bytes:3
17:30:03.0 (10754195)|HEAP_ALLOCATE|[EXTERNAL]|Bytes:4
17:30:03.0 (10924152)|HEAP_ALLOCATE|[36]|Bytes:5
17:30:03.0 (10956428)|HEAP_ALLOCATE|[36]|Bytes:12
17:30:03.0 (10966641)|VARIABLE_SCOPE_BEGIN|[36]|r|RecordType|true|false
17:30:03.0 (10986614)|VARIABLE_ASSIGNMENT|[36]|r|{"DeveloperName":"Research","Id":"012f2000000qOq6AAE"}|0x135134b3
17:30:03.0 (10993739)|STATEMENT_EXECUTE|[36]
17:30:03.0 (10995536)|STATEMENT_EXECUTE|[38]
17:30:03.0 (11039992)|HEAP_ALLOCATE|[EXTERNAL]|Bytes:4
17:30:03.0 (11060224)|HEAP_ALLOCATE|[36]|Bytes:5
17:30:03.0 (11075849)|HEAP_ALLOCATE|[36]|Bytes:12
17:30:03.0 (11085957)|VARIABLE_SCOPE_BEGIN|[36]|r|RecordType|true|false
17:30:03.0 (11111317)|VARIABLE_ASSIGNMENT|[36]|r|{"DeveloperName":"Salary","Id":"012f2000000qOpwAAE"}|0x7dc69af9
17:30:03.0 (11122069)|STATEMENT_EXECUTE|[36]
17:30:03.0 (11124297)|STATEMENT_EXECUTE|[38]
17:30:03.0 (11140561)|HEAP_ALLOCATE|[EXTERNAL]|Bytes:4
17:30:03.0 (11159940)|HEAP_ALLOCATE|[36]|Bytes:5
17:30:03.0 (11175077)|HEAP_ALLOCATE|[36]|Bytes:12
17:30:03.0 (11185023)|VARIABLE_SCOPE_BEGIN|[36]|r|RecordType|true|false
17:30:03.0 (11226979)|VARIABLE_ASSIGNMENT|[36]|r|{"DeveloperName":"Study","Id":"012f2000000qOq1AAE"}|0x31241773
17:30:03.0 (11238078)|STATEMENT_EXECUTE|[36]
17:30:03.0 (11240759)|STATEMENT_EXECUTE|[38]
17:30:03.0 (11257154)|HEAP_ALLOCATE|[EXTERNAL]|Bytes:4
17:30:03.0 (11276902)|HEAP_ALLOCATE|[36]|Bytes:5
17:30:03.0 (11294950)|VARIABLE_ASSIGNMENT|[36]|r|null|
17:30:03.0 (11303707)|STATEMENT_EXECUTE|[40]
17:30:03.0 (11322212)|SYSTEM_MODE_EXIT|false
17:30:03.11 (11358425)|CUMULATIVE_LIMIT_USAGE
17:30:03.11 (11358425)|LIMIT_USAGE_FOR_NS|(default)|
  Number of SOQL queries: 1 out of 100
  Number of query rows: 3 out of 50000
  Number of SOSL queries: 0 out of 20
  Number of DML statements: 0 out of 150
  Number of DML rows: 0 out of 10000
  Maximum CPU time: 0 out of 10000
  Maximum heap size: 0 out of 6000000
  Number of callouts: 0 out of 100
  Number of Email Invocations: 0 out of 10
  Number of future calls: 0 out of 50
  Number of queueable jobs added to the queue: 0 out of 50
  Number of Mobile Apex push calls: 0 out of 10

17:30:03.11 (11358425)|CUMULATIVE_LIMIT_USAGE_END

17:30:03.0 (11401775)|CODE_UNIT_FINISHED|CompensationsController.getRecordTypes()
17:30:03.0 (11470315)|CODE_UNIT_FINISHED|Aura
17:30:03.0 (12785073)|EXECUTION_FINISHED
