43.0 APEX_CODE,FINEST;APEX_PROFILING,INFO;CALLOUT,INFO;DB,INFO;NBA,INFO;SYSTEM,DEBUG;VALIDATION,INFO;VISUALFORCE,INFO;WAVE,INFO;WORKFLOW,INFO
16:05:22.0 (86281)|USER_INFO|[EXTERNAL]|005f2000008Qgef|gabriel.arce@salesforce.com|Argentine Time|GMT-03:00
16:05:22.0 (122603)|EXECUTION_STARTED
16:05:22.0 (127201)|CODE_UNIT_STARTED|[EXTERNAL]|Aura
16:05:22.0 (768508)|HEAP_ALLOCATE|[72]|Bytes:3
16:05:22.0 (821677)|HEAP_ALLOCATE|[77]|Bytes:152
16:05:22.0 (838503)|HEAP_ALLOCATE|[342]|Bytes:408
16:05:22.0 (854705)|HEAP_ALLOCATE|[355]|Bytes:408
16:05:22.0 (865761)|HEAP_ALLOCATE|[467]|Bytes:48
16:05:22.0 (887925)|HEAP_ALLOCATE|[139]|Bytes:6
16:05:22.0 (905860)|HEAP_ALLOCATE|[EXTERNAL]|Bytes:3
16:05:22.0 (914406)|HEAP_ALLOCATE|[EXTERNAL]|Bytes:3
16:05:22.0 (1709199)|CODE_UNIT_STARTED|[EXTERNAL]|01pf2000002PUqf|CompensationsController.getCompensations(String)
16:05:22.0 (1809208)|HEAP_ALLOCATE|[EXTERNAL]|Bytes:7
16:05:22.0 (1816295)|HEAP_ALLOCATE|[EXTERNAL]|Bytes:3
16:05:22.0 (1829489)|METHOD_ENTRY|[1]|01pf2000002PUqf|CompensationsController.CompensationsController()
16:05:22.0 (1835759)|STATEMENT_EXECUTE|[1]
16:05:22.0 (1842270)|STATEMENT_EXECUTE|[1]
16:05:22.0 (1874399)|HEAP_ALLOCATE|[50]|Bytes:5
16:05:22.0 (1896095)|HEAP_ALLOCATE|[56]|Bytes:5
16:05:22.0 (1903611)|HEAP_ALLOCATE|[64]|Bytes:7
16:05:22.0 (1919880)|SYSTEM_MODE_ENTER|false
16:05:22.0 (1931405)|HEAP_ALLOCATE|[EXTERNAL]|Bytes:5
16:05:22.0 (1939661)|SYSTEM_MODE_EXIT|false
16:05:22.0 (1947261)|METHOD_EXIT|[1]|CompensationsController
16:05:22.0 (1952562)|HEAP_ALLOCATE|[EXTERNAL]|Bytes:3
16:05:22.0 (1958584)|SYSTEM_MODE_ENTER|false
16:05:22.0 (1964439)|VARIABLE_SCOPE_BEGIN|[5]|recordType|String|false|false
16:05:22.0 (1988149)|VARIABLE_ASSIGNMENT|[5]|recordType|"All"
16:05:22.0 (1999465)|HEAP_ALLOCATE|[7]|Bytes:5
16:05:22.0 (2004064)|STATEMENT_EXECUTE|[5]
16:05:22.0 (2006612)|STATEMENT_EXECUTE|[7]
16:05:22.0 (2009289)|HEAP_ALLOCATE|[7]|Bytes:21
16:05:22.0 (2051783)|USER_DEBUG|[7]|DEBUG|Accesing to the list 
16:05:22.0 (2063721)|STATEMENT_EXECUTE|[8]
16:05:22.0 (2066595)|HEAP_ALLOCATE|[8]|Bytes:6
16:05:22.0 (2079623)|HEAP_ALLOCATE|[8]|Bytes:9
16:05:22.0 (2092107)|USER_DEBUG|[8]|DEBUG|Llegó:All
16:05:22.0 (2100287)|HEAP_ALLOCATE|[9]|Bytes:3
16:05:22.0 (2113083)|STATEMENT_EXECUTE|[9]
16:05:22.0 (2114730)|STATEMENT_EXECUTE|[11]
16:05:22.0 (2116970)|HEAP_ALLOCATE|[11]|Bytes:178
16:05:22.0 (2142686)|HEAP_ALLOCATE|[11]|Bytes:4
16:05:22.0 (3016605)|SOQL_EXECUTE_BEGIN|[11]|Aggregations:0|SELECT Id, Name, Contact__r.Name, Contact__r.Birthdate, Job_Category__c, RecordType.DeveloperName, Amount__c, Location__c, Office__c, Submitted__c, Status__C FROM Compensation__c
16:05:22.0 (11437500)|SOQL_EXECUTE_END|[11]|Rows:12
16:05:22.0 (11471572)|HEAP_ALLOCATE|[11]|Bytes:52
16:05:22.0 (11550034)|HEAP_ALLOCATE|[11]|Bytes:3532
16:05:22.0 (11634052)|HEAP_ALLOCATE|[11]|Bytes:52
16:05:22.0 (11655040)|SYSTEM_MODE_EXIT|false
16:05:22.11 (11681386)|CUMULATIVE_LIMIT_USAGE
16:05:22.11 (11681386)|LIMIT_USAGE_FOR_NS|(default)|
  Number of SOQL queries: 1 out of 100
  Number of query rows: 12 out of 50000
  Number of SOSL queries: 0 out of 20
  Number of DML statements: 0 out of 150
  Number of DML rows: 0 out of 10000
  Maximum CPU time: 0 out of 10000
  Maximum heap size: 0 out of 6000000
  Number of callouts: 0 out of 100
  Number of Email Invocations: 0 out of 10
  Number of future calls: 0 out of 50
  Number of queueable jobs added to the queue: 0 out of 50
  Number of Mobile Apex push calls: 0 out of 10

16:05:22.11 (11681386)|CUMULATIVE_LIMIT_USAGE_END

16:05:22.0 (11719566)|CODE_UNIT_FINISHED|CompensationsController.getCompensations(String)
16:05:22.0 (12083902)|CODE_UNIT_FINISHED|Aura
16:05:22.0 (13476194)|EXECUTION_FINISHED
