43.0 APEX_CODE,FINEST;APEX_PROFILING,INFO;CALLOUT,INFO;DB,INFO;NBA,INFO;SYSTEM,DEBUG;VALIDATION,INFO;VISUALFORCE,INFO;WAVE,INFO;WORKFLOW,INFO
17:30:00.0 (87041)|USER_INFO|[EXTERNAL]|005f2000008Qgef|gabriel.arce@salesforce.com|Argentine Time|GMT-03:00
17:30:00.0 (126140)|EXECUTION_STARTED
17:30:00.0 (131414)|CODE_UNIT_STARTED|[EXTERNAL]|Aura
17:30:00.0 (841554)|HEAP_ALLOCATE|[72]|Bytes:3
17:30:00.0 (897943)|HEAP_ALLOCATE|[77]|Bytes:152
17:30:00.0 (960590)|HEAP_ALLOCATE|[342]|Bytes:408
17:30:00.0 (979602)|HEAP_ALLOCATE|[355]|Bytes:408
17:30:00.0 (991936)|HEAP_ALLOCATE|[467]|Bytes:48
17:30:00.0 (1022398)|HEAP_ALLOCATE|[139]|Bytes:6
17:30:00.0 (1043232)|HEAP_ALLOCATE|[EXTERNAL]|Bytes:5
17:30:00.0 (1051454)|HEAP_ALLOCATE|[EXTERNAL]|Bytes:5
17:30:00.0 (1880740)|CODE_UNIT_STARTED|[EXTERNAL]|01pf2000002PUqf|CompensationsController.getCompensations(String, String)
17:30:00.0 (1996012)|HEAP_ALLOCATE|[EXTERNAL]|Bytes:7
17:30:00.0 (2003545)|HEAP_ALLOCATE|[EXTERNAL]|Bytes:5
17:30:00.0 (2014523)|METHOD_ENTRY|[1]|01pf2000002PUqf|CompensationsController.CompensationsController()
17:30:00.0 (2020899)|STATEMENT_EXECUTE|[1]
17:30:00.0 (2026779)|STATEMENT_EXECUTE|[1]
17:30:00.0 (2058402)|HEAP_ALLOCATE|[50]|Bytes:5
17:30:00.0 (2083912)|HEAP_ALLOCATE|[56]|Bytes:5
17:30:00.0 (2091210)|HEAP_ALLOCATE|[64]|Bytes:7
17:30:00.0 (2110762)|SYSTEM_MODE_ENTER|false
17:30:00.0 (2125157)|HEAP_ALLOCATE|[EXTERNAL]|Bytes:5
17:30:00.0 (2134253)|SYSTEM_MODE_EXIT|false
17:30:00.0 (2142137)|METHOD_EXIT|[1]|CompensationsController
17:30:00.0 (2147134)|HEAP_ALLOCATE|[EXTERNAL]|Bytes:5
17:30:00.0 (2153761)|SYSTEM_MODE_ENTER|false
17:30:00.0 (2160310)|VARIABLE_SCOPE_BEGIN|[5]|contactRecordId|String|false|false
17:30:00.0 (2184784)|VARIABLE_ASSIGNMENT|[5]|contactRecordId|"Study"
17:30:00.0 (2190677)|VARIABLE_SCOPE_BEGIN|[5]|recordType|String|false|false
17:30:00.0 (2199877)|VARIABLE_ASSIGNMENT|[5]|recordType|null
17:30:00.0 (2211940)|HEAP_ALLOCATE|[7]|Bytes:5
17:30:00.0 (2216588)|STATEMENT_EXECUTE|[5]
17:30:00.0 (2218630)|STATEMENT_EXECUTE|[7]
17:30:00.0 (2221713)|HEAP_ALLOCATE|[7]|Bytes:21
17:30:00.0 (2267822)|USER_DEBUG|[7]|DEBUG|Accesing to the list 
17:30:00.0 (2278908)|STATEMENT_EXECUTE|[8]
17:30:00.0 (2281474)|HEAP_ALLOCATE|[8]|Bytes:6
17:30:00.0 (2295351)|HEAP_ALLOCATE|[8]|Bytes:10
17:30:00.0 (2307213)|USER_DEBUG|[8]|DEBUG|Llegó:null
17:30:00.0 (2314574)|STATEMENT_EXECUTE|[9]
17:30:00.0 (2318479)|HEAP_ALLOCATE|[9]|Bytes:11
17:30:00.0 (2327663)|USER_DEBUG|[9]|DEBUG|Llegó:Study
17:30:00.0 (2334022)|STATEMENT_EXECUTE|[10]
17:30:00.0 (2336416)|HEAP_ALLOCATE|[10]|Bytes:171
17:30:00.0 (2341839)|VARIABLE_SCOPE_BEGIN|[10]|squery|String|false|false
17:30:00.0 (2357849)|VARIABLE_ASSIGNMENT|[10]|squery|"SELECT Id, Name, Con (151 more) ..."
17:30:00.0 (2379033)|STATEMENT_EXECUTE|[11]
17:30:00.0 (2381089)|STATEMENT_EXECUTE|[12]
17:30:00.0 (2383371)|HEAP_ALLOCATE|[12]|Bytes:21
17:30:00.0 (2387544)|HEAP_ALLOCATE|[12]|Bytes:1
17:30:00.0 (2394438)|HEAP_ALLOCATE|[12]|Bytes:27
17:30:00.0 (2399454)|HEAP_ALLOCATE|[12]|Bytes:198
17:30:00.0 (2407412)|VARIABLE_ASSIGNMENT|[12]|squery|"SELECT Id, Name, Con (178 more) ..."
17:30:00.0 (2412852)|STATEMENT_EXECUTE|[13]
17:30:00.0 (2414577)|STATEMENT_EXECUTE|[14]
17:30:00.0 (2416542)|HEAP_ALLOCATE|[14]|Bytes:31
17:30:00.0 (2421667)|HEAP_ALLOCATE|[14]|Bytes:36
17:30:00.0 (2425858)|HEAP_ALLOCATE|[14]|Bytes:234
17:30:00.0 (2432326)|VARIABLE_ASSIGNMENT|[14]|squery|"SELECT Id, Name, Con (214 more) ..."
17:30:00.0 (2436794)|STATEMENT_EXECUTE|[22]
17:30:00.0 (3405979)|EXCEPTION_THROWN|[22]|System.QueryException: invalid ID field: Study
17:30:00.0 (3486922)|HEAP_ALLOCATE|[22]|Bytes:27
17:30:00.0 (3562741)|FATAL_ERROR|System.QueryException: invalid ID field: Study

Class.CompensationsController.getCompensations: line 22, column 1
17:30:00.0 (3575155)|FATAL_ERROR|System.QueryException: invalid ID field: Study

Class.CompensationsController.getCompensations: line 22, column 1
17:30:00.3 (3580082)|CUMULATIVE_LIMIT_USAGE
17:30:00.3 (3580082)|LIMIT_USAGE_FOR_NS|(default)|
  Number of SOQL queries: 0 out of 100
  Number of query rows: 0 out of 50000
  Number of SOSL queries: 0 out of 20
  Number of DML statements: 0 out of 150
  Number of DML rows: 0 out of 10000
  Maximum CPU time: 0 out of 10000
  Maximum heap size: 0 out of 6000000
  Number of callouts: 0 out of 100
  Number of Email Invocations: 0 out of 10
  Number of future calls: 0 out of 50
  Number of queueable jobs added to the queue: 0 out of 50
  Number of Mobile Apex push calls: 0 out of 10

17:30:00.3 (3580082)|CUMULATIVE_LIMIT_USAGE_END

17:30:00.0 (3610522)|CODE_UNIT_FINISHED|CompensationsController.getCompensations(String, String)
17:30:00.0 (9911277)|CODE_UNIT_FINISHED|Aura
17:30:00.0 (11172738)|EXECUTION_FINISHED
