43.0 APEX_CODE,FINEST;APEX_PROFILING,INFO;CALLOUT,INFO;DB,INFO;NBA,INFO;SYSTEM,DEBUG;VALIDATION,INFO;VISUALFORCE,INFO;WAVE,INFO;WORKFLOW,INFO
17:33:26.0 (58654)|USER_INFO|[EXTERNAL]|005f2000008Qgef|gabriel.arce@salesforce.com|Argentine Time|GMT-03:00
17:33:26.0 (85199)|EXECUTION_STARTED
17:33:26.0 (88560)|CODE_UNIT_STARTED|[EXTERNAL]|Aura
17:33:26.0 (1163116)|CODE_UNIT_STARTED|[EXTERNAL]|01pf2000002PUqf|CompensationsController.getRecordTypes()
17:33:26.0 (1328601)|HEAP_ALLOCATE|[72]|Bytes:3
17:33:26.0 (1365167)|HEAP_ALLOCATE|[77]|Bytes:152
17:33:26.0 (1382460)|HEAP_ALLOCATE|[342]|Bytes:408
17:33:26.0 (1395524)|HEAP_ALLOCATE|[355]|Bytes:408
17:33:26.0 (1406904)|HEAP_ALLOCATE|[467]|Bytes:48
17:33:26.0 (1427998)|HEAP_ALLOCATE|[139]|Bytes:6
17:33:26.0 (1441794)|HEAP_ALLOCATE|[EXTERNAL]|Bytes:7
17:33:26.0 (1446728)|HEAP_ALLOCATE|[EXTERNAL]|Bytes:2
17:33:26.0 (1454451)|METHOD_ENTRY|[1]|01pf2000002PUqf|CompensationsController.CompensationsController()
17:33:26.0 (1460008)|STATEMENT_EXECUTE|[1]
17:33:26.0 (1463331)|STATEMENT_EXECUTE|[1]
17:33:26.0 (1491182)|HEAP_ALLOCATE|[50]|Bytes:5
17:33:26.0 (1507356)|HEAP_ALLOCATE|[56]|Bytes:5
17:33:26.0 (1514562)|HEAP_ALLOCATE|[64]|Bytes:7
17:33:26.0 (1528136)|SYSTEM_MODE_ENTER|false
17:33:26.0 (1537516)|HEAP_ALLOCATE|[EXTERNAL]|Bytes:5
17:33:26.0 (1543947)|SYSTEM_MODE_EXIT|false
17:33:26.0 (1551199)|METHOD_EXIT|[1]|CompensationsController
17:33:26.0 (1558310)|SYSTEM_MODE_ENTER|false
17:33:26.0 (1566554)|HEAP_ALLOCATE|[30]|Bytes:5
17:33:26.0 (1570628)|STATEMENT_EXECUTE|[29]
17:33:26.0 (1572553)|STATEMENT_EXECUTE|[30]
17:33:26.0 (1575559)|HEAP_ALLOCATE|[30]|Bytes:74
17:33:26.0 (1593751)|HEAP_ALLOCATE|[30]|Bytes:4
17:33:26.0 (1795059)|SOQL_EXECUTE_BEGIN|[30]|Aggregations:0|SELECT DeveloperName FROM RecordType WHERE SobjectType = 'Compensation__c'
17:33:26.0 (10629781)|SOQL_EXECUTE_END|[30]|Rows:3
17:33:26.0 (10662366)|HEAP_ALLOCATE|[30]|Bytes:16
17:33:26.0 (10686766)|HEAP_ALLOCATE|[30]|Bytes:157
17:33:26.0 (10785569)|HEAP_ALLOCATE|[30]|Bytes:16
17:33:26.0 (10806841)|VARIABLE_SCOPE_BEGIN|[30]|recordTypesCompensation|List<RecordType>|true|false
17:33:26.0 (10854475)|VARIABLE_ASSIGNMENT|[30]|recordTypesCompensation|[{"DeveloperName":"Research","Id":"012f2000000qOq6AAE"},{"DeveloperName":"Salary","Id":"012f2000000qOpwAAE"},{"DeveloperName":"Study","Id":"012f2000000qOq1AAE"}]|0x5531d685
17:33:26.0 (10864150)|STATEMENT_EXECUTE|[32]
17:33:26.0 (10879897)|HEAP_ALLOCATE|[32]|Bytes:4
17:33:26.0 (10926086)|VARIABLE_SCOPE_BEGIN|[32]|nameList|List<String>|true|false
17:33:26.0 (10954705)|HEAP_ALLOCATE|[EXTERNAL]|Bytes:4
17:33:26.0 (10965436)|VARIABLE_ASSIGNMENT|[32]|nameList|[]|0x6aed0076
17:33:26.0 (10971774)|STATEMENT_EXECUTE|[33]
17:33:26.0 (10977845)|HEAP_ALLOCATE|[33]|Bytes:3
17:33:26.0 (11029403)|HEAP_ALLOCATE|[EXTERNAL]|Bytes:4
17:33:26.0 (11264041)|HEAP_ALLOCATE|[35]|Bytes:5
17:33:26.0 (11302338)|HEAP_ALLOCATE|[35]|Bytes:12
17:33:26.0 (11315562)|VARIABLE_SCOPE_BEGIN|[35]|r|RecordType|true|false
17:33:26.0 (11336776)|VARIABLE_ASSIGNMENT|[35]|r|{"DeveloperName":"Research","Id":"012f2000000qOq6AAE"}|0x29f77805
17:33:26.0 (11344686)|STATEMENT_EXECUTE|[35]
17:33:26.0 (11346512)|STATEMENT_EXECUTE|[37]
17:33:26.0 (11399521)|HEAP_ALLOCATE|[EXTERNAL]|Bytes:4
17:33:26.0 (11416106)|HEAP_ALLOCATE|[35]|Bytes:5
17:33:26.0 (11426451)|HEAP_ALLOCATE|[35]|Bytes:12
17:33:26.0 (11433513)|VARIABLE_SCOPE_BEGIN|[35]|r|RecordType|true|false
17:33:26.0 (11449714)|VARIABLE_ASSIGNMENT|[35]|r|{"DeveloperName":"Salary","Id":"012f2000000qOpwAAE"}|0x2b1b23fd
17:33:26.0 (11456442)|STATEMENT_EXECUTE|[35]
17:33:26.0 (11458161)|STATEMENT_EXECUTE|[37]
17:33:26.0 (11469331)|HEAP_ALLOCATE|[EXTERNAL]|Bytes:4
17:33:26.0 (11480576)|HEAP_ALLOCATE|[35]|Bytes:5
17:33:26.0 (11489613)|HEAP_ALLOCATE|[35]|Bytes:12
17:33:26.0 (11494859)|VARIABLE_SCOPE_BEGIN|[35]|r|RecordType|true|false
17:33:26.0 (11507882)|VARIABLE_ASSIGNMENT|[35]|r|{"DeveloperName":"Study","Id":"012f2000000qOq1AAE"}|0x5be470f3
17:33:26.0 (11513909)|STATEMENT_EXECUTE|[35]
17:33:26.0 (11515520)|STATEMENT_EXECUTE|[37]
17:33:26.0 (11523124)|HEAP_ALLOCATE|[EXTERNAL]|Bytes:4
17:33:26.0 (11533381)|HEAP_ALLOCATE|[35]|Bytes:5
17:33:26.0 (11543550)|VARIABLE_ASSIGNMENT|[35]|r|null|
17:33:26.0 (11549806)|STATEMENT_EXECUTE|[39]
17:33:26.0 (11560664)|SYSTEM_MODE_EXIT|false
17:33:26.11 (11585488)|CUMULATIVE_LIMIT_USAGE
17:33:26.11 (11585488)|LIMIT_USAGE_FOR_NS|(default)|
  Number of SOQL queries: 1 out of 100
  Number of query rows: 3 out of 50000
  Number of SOSL queries: 0 out of 20
  Number of DML statements: 0 out of 150
  Number of DML rows: 0 out of 10000
  Maximum CPU time: 0 out of 10000
  Maximum heap size: 0 out of 6000000
  Number of callouts: 0 out of 100
  Number of Email Invocations: 0 out of 10
  Number of future calls: 0 out of 50
  Number of queueable jobs added to the queue: 0 out of 50
  Number of Mobile Apex push calls: 0 out of 10

17:33:26.11 (11585488)|CUMULATIVE_LIMIT_USAGE_END

17:33:26.0 (11616173)|CODE_UNIT_FINISHED|CompensationsController.getRecordTypes()
17:33:26.0 (11670156)|CODE_UNIT_FINISHED|Aura
17:33:26.0 (12904505)|EXECUTION_FINISHED
