43.0 APEX_CODE,FINEST;APEX_PROFILING,INFO;CALLOUT,INFO;DB,INFO;NBA,INFO;SYSTEM,DEBUG;VALIDATION,INFO;VISUALFORCE,INFO;WAVE,INFO;WORKFLOW,INFO
15:35:06.0 (110873)|USER_INFO|[EXTERNAL]|005f2000008Qgef|gabriel.arce@salesforce.com|Argentine Time|GMT-03:00
15:35:06.0 (411330)|EXECUTION_STARTED
15:35:06.0 (418189)|CODE_UNIT_STARTED|[EXTERNAL]|Aura
15:35:06.0 (1662157)|CODE_UNIT_STARTED|[EXTERNAL]|01pf2000002PUqf|CompensationsController.getRecordTypes()
15:35:06.0 (1828072)|HEAP_ALLOCATE|[72]|Bytes:3
15:35:06.0 (1882941)|HEAP_ALLOCATE|[77]|Bytes:152
15:35:06.0 (1900793)|HEAP_ALLOCATE|[342]|Bytes:408
15:35:06.0 (1922513)|HEAP_ALLOCATE|[355]|Bytes:408
15:35:06.0 (1944295)|HEAP_ALLOCATE|[467]|Bytes:48
15:35:06.0 (1971454)|HEAP_ALLOCATE|[139]|Bytes:6
15:35:06.0 (2027073)|HEAP_ALLOCATE|[EXTERNAL]|Bytes:7
15:35:06.0 (2036888)|HEAP_ALLOCATE|[EXTERNAL]|Bytes:3
15:35:06.0 (2079002)|METHOD_ENTRY|[1]|01pf2000002PUqf|CompensationsController.CompensationsController()
15:35:06.0 (2089251)|STATEMENT_EXECUTE|[1]
15:35:06.0 (2094954)|STATEMENT_EXECUTE|[1]
15:35:06.0 (2138081)|HEAP_ALLOCATE|[50]|Bytes:5
15:35:06.0 (2163275)|HEAP_ALLOCATE|[56]|Bytes:5
15:35:06.0 (2173577)|HEAP_ALLOCATE|[64]|Bytes:7
15:35:06.0 (2192438)|SYSTEM_MODE_ENTER|false
15:35:06.0 (2329986)|HEAP_ALLOCATE|[EXTERNAL]|Bytes:5
15:35:06.0 (2341308)|SYSTEM_MODE_EXIT|false
15:35:06.0 (2363589)|METHOD_EXIT|[1]|CompensationsController
15:35:06.0 (2376696)|SYSTEM_MODE_ENTER|false
15:35:06.0 (2390002)|HEAP_ALLOCATE|[28]|Bytes:5
15:35:06.0 (2395224)|STATEMENT_EXECUTE|[27]
15:35:06.0 (2398322)|STATEMENT_EXECUTE|[28]
15:35:06.0 (2401732)|HEAP_ALLOCATE|[28]|Bytes:74
15:35:06.0 (2425229)|HEAP_ALLOCATE|[28]|Bytes:4
15:35:06.0 (2812136)|SOQL_EXECUTE_BEGIN|[28]|Aggregations:0|SELECT DeveloperName FROM RecordType WHERE SobjectType = 'Compensation__c'
15:35:06.0 (12554437)|SOQL_EXECUTE_END|[28]|Rows:3
15:35:06.0 (12588043)|HEAP_ALLOCATE|[28]|Bytes:16
15:35:06.0 (12609647)|HEAP_ALLOCATE|[28]|Bytes:157
15:35:06.0 (12739698)|HEAP_ALLOCATE|[28]|Bytes:16
15:35:06.0 (12761875)|VARIABLE_SCOPE_BEGIN|[28]|recordTypesCompensation|List<RecordType>|true|false
15:35:06.0 (12822482)|VARIABLE_ASSIGNMENT|[28]|recordTypesCompensation|[{"DeveloperName":"Research","Id":"012f2000000qOq6AAE"},{"DeveloperName":"Salary","Id":"012f2000000qOpwAAE"},{"DeveloperName":"Study","Id":"012f2000000qOq1AAE"}]|0xf5df844
15:35:06.0 (12837864)|STATEMENT_EXECUTE|[30]
15:35:06.0 (12859187)|HEAP_ALLOCATE|[30]|Bytes:4
15:35:06.0 (12974330)|VARIABLE_SCOPE_BEGIN|[30]|nameList|List<String>|true|false
15:35:06.0 (13008633)|HEAP_ALLOCATE|[EXTERNAL]|Bytes:4
15:35:06.0 (13024374)|VARIABLE_ASSIGNMENT|[30]|nameList|[]|0x1c09dbcc
15:35:06.0 (13033624)|STATEMENT_EXECUTE|[31]
15:35:06.0 (13042139)|HEAP_ALLOCATE|[31]|Bytes:3
15:35:06.0 (13107329)|HEAP_ALLOCATE|[EXTERNAL]|Bytes:4
15:35:06.0 (13308725)|HEAP_ALLOCATE|[33]|Bytes:5
15:35:06.0 (13369709)|HEAP_ALLOCATE|[33]|Bytes:12
15:35:06.0 (13383677)|VARIABLE_SCOPE_BEGIN|[33]|r|RecordType|true|false
15:35:06.0 (13405830)|VARIABLE_ASSIGNMENT|[33]|r|{"DeveloperName":"Research","Id":"012f2000000qOq6AAE"}|0x2ec988a9
15:35:06.0 (13425345)|STATEMENT_EXECUTE|[33]
15:35:06.0 (13427427)|STATEMENT_EXECUTE|[35]
15:35:06.0 (13488626)|HEAP_ALLOCATE|[EXTERNAL]|Bytes:4
15:35:06.0 (13509738)|HEAP_ALLOCATE|[33]|Bytes:5
15:35:06.0 (13522038)|HEAP_ALLOCATE|[33]|Bytes:12
15:35:06.0 (13532701)|VARIABLE_SCOPE_BEGIN|[33]|r|RecordType|true|false
15:35:06.0 (13551763)|VARIABLE_ASSIGNMENT|[33]|r|{"DeveloperName":"Salary","Id":"012f2000000qOpwAAE"}|0x7c4ce107
15:35:06.0 (13559992)|STATEMENT_EXECUTE|[33]
15:35:06.0 (13561758)|STATEMENT_EXECUTE|[35]
15:35:06.0 (13574239)|HEAP_ALLOCATE|[EXTERNAL]|Bytes:4
15:35:06.0 (13592444)|HEAP_ALLOCATE|[33]|Bytes:5
15:35:06.0 (13603598)|HEAP_ALLOCATE|[33]|Bytes:12
15:35:06.0 (13610780)|VARIABLE_SCOPE_BEGIN|[33]|r|RecordType|true|false
15:35:06.0 (13626489)|VARIABLE_ASSIGNMENT|[33]|r|{"DeveloperName":"Study","Id":"012f2000000qOq1AAE"}|0x3e41bc1c
15:35:06.0 (13633479)|STATEMENT_EXECUTE|[33]
15:35:06.0 (13635978)|STATEMENT_EXECUTE|[35]
15:35:06.0 (13648435)|HEAP_ALLOCATE|[EXTERNAL]|Bytes:4
15:35:06.0 (13660966)|HEAP_ALLOCATE|[33]|Bytes:5
15:35:06.0 (13675126)|VARIABLE_ASSIGNMENT|[33]|r|null|
15:35:06.0 (13682041)|STATEMENT_EXECUTE|[37]
15:35:06.0 (13694683)|SYSTEM_MODE_EXIT|false
15:35:06.13 (13726157)|CUMULATIVE_LIMIT_USAGE
15:35:06.13 (13726157)|LIMIT_USAGE_FOR_NS|(default)|
  Number of SOQL queries: 1 out of 100
  Number of query rows: 3 out of 50000
  Number of SOSL queries: 0 out of 20
  Number of DML statements: 0 out of 150
  Number of DML rows: 0 out of 10000
  Maximum CPU time: 0 out of 10000
  Maximum heap size: 0 out of 6000000
  Number of callouts: 0 out of 100
  Number of Email Invocations: 0 out of 10
  Number of future calls: 0 out of 50
  Number of queueable jobs added to the queue: 0 out of 50
  Number of Mobile Apex push calls: 0 out of 10

15:35:06.13 (13726157)|CUMULATIVE_LIMIT_USAGE_END

15:35:06.0 (13766380)|CODE_UNIT_FINISHED|CompensationsController.getRecordTypes()
15:35:06.0 (13834166)|CODE_UNIT_FINISHED|Aura
15:35:06.0 (14996403)|EXECUTION_FINISHED
