43.0 APEX_CODE,FINEST;APEX_PROFILING,INFO;CALLOUT,INFO;DB,INFO;NBA,INFO;SYSTEM,DEBUG;VALIDATION,INFO;VISUALFORCE,INFO;WAVE,INFO;WORKFLOW,INFO
16:17:15.0 (85456)|USER_INFO|[EXTERNAL]|005f2000008Qgef|gabriel.arce@salesforce.com|Argentine Time|GMT-03:00
16:17:15.0 (121355)|EXECUTION_STARTED
16:17:15.0 (125580)|CODE_UNIT_STARTED|[EXTERNAL]|Aura
16:17:15.0 (850045)|HEAP_ALLOCATE|[72]|Bytes:3
16:17:15.0 (898854)|HEAP_ALLOCATE|[77]|Bytes:152
16:17:15.0 (915965)|HEAP_ALLOCATE|[342]|Bytes:408
16:17:15.0 (932284)|HEAP_ALLOCATE|[355]|Bytes:408
16:17:15.0 (943616)|HEAP_ALLOCATE|[467]|Bytes:48
16:17:15.0 (964684)|HEAP_ALLOCATE|[139]|Bytes:6
16:17:15.0 (988956)|HEAP_ALLOCATE|[EXTERNAL]|Bytes:3
16:17:15.0 (997238)|HEAP_ALLOCATE|[EXTERNAL]|Bytes:3
16:17:15.0 (1777250)|CODE_UNIT_STARTED|[EXTERNAL]|01pf2000002PUqf|CompensationsController.getCompensations(String)
16:17:15.0 (1878960)|HEAP_ALLOCATE|[EXTERNAL]|Bytes:7
16:17:15.0 (1886455)|HEAP_ALLOCATE|[EXTERNAL]|Bytes:3
16:17:15.0 (1896450)|METHOD_ENTRY|[1]|01pf2000002PUqf|CompensationsController.CompensationsController()
16:17:15.0 (1902760)|STATEMENT_EXECUTE|[1]
16:17:15.0 (1908541)|STATEMENT_EXECUTE|[1]
16:17:15.0 (1940729)|HEAP_ALLOCATE|[50]|Bytes:5
16:17:15.0 (1965124)|HEAP_ALLOCATE|[56]|Bytes:5
16:17:15.0 (1972698)|HEAP_ALLOCATE|[64]|Bytes:7
16:17:15.0 (1999219)|SYSTEM_MODE_ENTER|false
16:17:15.0 (2012665)|HEAP_ALLOCATE|[EXTERNAL]|Bytes:5
16:17:15.0 (2021326)|SYSTEM_MODE_EXIT|false
16:17:15.0 (2029914)|METHOD_EXIT|[1]|CompensationsController
16:17:15.0 (2035072)|HEAP_ALLOCATE|[EXTERNAL]|Bytes:3
16:17:15.0 (2041373)|SYSTEM_MODE_ENTER|false
16:17:15.0 (2048459)|VARIABLE_SCOPE_BEGIN|[5]|recordType|String|false|false
16:17:15.0 (2076211)|VARIABLE_ASSIGNMENT|[5]|recordType|"All"
16:17:15.0 (2088539)|HEAP_ALLOCATE|[7]|Bytes:5
16:17:15.0 (2093501)|STATEMENT_EXECUTE|[5]
16:17:15.0 (2095242)|STATEMENT_EXECUTE|[7]
16:17:15.0 (2098043)|HEAP_ALLOCATE|[7]|Bytes:21
16:17:15.0 (2140648)|USER_DEBUG|[7]|DEBUG|Accesing to the list 
16:17:15.0 (2152247)|STATEMENT_EXECUTE|[8]
16:17:15.0 (2154806)|HEAP_ALLOCATE|[8]|Bytes:6
16:17:15.0 (2167080)|HEAP_ALLOCATE|[8]|Bytes:9
16:17:15.0 (2178324)|USER_DEBUG|[8]|DEBUG|Llegó:All
16:17:15.0 (2187212)|HEAP_ALLOCATE|[9]|Bytes:3
16:17:15.0 (2202675)|STATEMENT_EXECUTE|[9]
16:17:15.0 (2204242)|STATEMENT_EXECUTE|[11]
16:17:15.0 (2206780)|HEAP_ALLOCATE|[11]|Bytes:178
16:17:15.0 (2226791)|HEAP_ALLOCATE|[11]|Bytes:4
16:17:15.0 (2925886)|SOQL_EXECUTE_BEGIN|[11]|Aggregations:0|SELECT Id, Name, Contact__r.Name, Contact__r.Birthdate, Job_Category__c, RecordType.DeveloperName, Amount__c, Location__c, Office__c, Submitted__c, Status__C FROM Compensation__c
16:17:15.0 (8777946)|SOQL_EXECUTE_END|[11]|Rows:12
16:17:15.0 (8811424)|HEAP_ALLOCATE|[11]|Bytes:52
16:17:15.0 (8891199)|HEAP_ALLOCATE|[11]|Bytes:3535
16:17:15.0 (8997141)|HEAP_ALLOCATE|[11]|Bytes:52
16:17:15.0 (9017306)|SYSTEM_MODE_EXIT|false
16:17:15.9 (9215255)|CUMULATIVE_LIMIT_USAGE
16:17:15.9 (9215255)|LIMIT_USAGE_FOR_NS|(default)|
  Number of SOQL queries: 1 out of 100
  Number of query rows: 12 out of 50000
  Number of SOSL queries: 0 out of 20
  Number of DML statements: 0 out of 150
  Number of DML rows: 0 out of 10000
  Maximum CPU time: 0 out of 10000
  Maximum heap size: 0 out of 6000000
  Number of callouts: 0 out of 100
  Number of Email Invocations: 0 out of 10
  Number of future calls: 0 out of 50
  Number of queueable jobs added to the queue: 0 out of 50
  Number of Mobile Apex push calls: 0 out of 10

16:17:15.9 (9215255)|CUMULATIVE_LIMIT_USAGE_END

16:17:15.0 (9254207)|CODE_UNIT_FINISHED|CompensationsController.getCompensations(String)
16:17:15.0 (9637819)|CODE_UNIT_FINISHED|Aura
16:17:15.0 (10727248)|EXECUTION_FINISHED
s:5
16:17:15.0 (10872120)|HEAP_ALLOCATE|[33]|Bytes:12
16:17:15.0 (10877086)|VARIABLE_SCOPE_BEGIN|[33]|r|RecordType|true|false
16:17:15.0 (10893187)|VARIABLE_ASSIGNMENT|[33]|r|{"DeveloperName":"Study","Id":"012f2000000qOq1AAE"}|0x45a59100
16:17:15.0 (10898966)|STATEMENT_EXECUTE|[33]
16:17:15.0 (10900716)|STATEMENT_EXECUTE|[35]
16:17:15.0 (10907752)|HEAP_ALLOCATE|[EXTERNAL]|Bytes:4
16:17:15.0 (10917978)|HEAP_ALLOCATE|[33]|Bytes:5
16:17:15.0 (10932761)|VARIABLE_ASSIGNMENT|[33]|r|null|
16:17:15.0 (10937477)|STATEMENT_EXECUTE|[37]
16:17:15.0 (10945127)|SYSTEM_MODE_EXIT|false
16:17:15.10 (10969100)|CUMULATIVE_LIMIT_USAGE
16:17:15.10 (10969100)|LIMIT_USAGE_FOR_NS|(default)|
  Number of SOQL queries: 1 out of 100
  Number of query rows: 3 out of 50000
  Number of SOSL queries: 0 out of 20
  Number of DML statements: 0 out of 150
  Number of DML rows: 0 out of 10000
  Maximum CPU time: 0 out of 10000
  Maximum heap size: 0 out of 6000000
  Number of callouts: 0 out of 100
  Number of Email Invocations: 0 out of 10
  Number of future calls: 0 out of 50
  Number of queueable jobs added to the queue: 0 out of 50
  Number of Mobile Apex push calls: 0 out of 10

16:17:15.10 (10969100)|CUMULATIVE_LIMIT_USAGE_END

16:17:15.0 (10996185)|CODE_UNIT_FINISHED|CompensationsController.getRecordTypes()
16:17:15.0 (11048652)|CODE_UNIT_FINISHED|Aura
16:17:15.0 (12092366)|EXECUTION_FINISHED
