43.0 APEX_CODE,FINEST;APEX_PROFILING,INFO;CALLOUT,INFO;DB,INFO;NBA,INFO;SYSTEM,DEBUG;VALIDATION,INFO;VISUALFORCE,INFO;WAVE,INFO;WORKFLOW,INFO
17:36:08.0 (96602)|USER_INFO|[EXTERNAL]|005f2000008Qgef|gabriel.arce@salesforce.com|Argentine Time|GMT-03:00
17:36:08.0 (132315)|EXECUTION_STARTED
17:36:08.0 (137377)|CODE_UNIT_STARTED|[EXTERNAL]|Aura
17:36:08.0 (1213098)|CODE_UNIT_STARTED|[EXTERNAL]|01pf2000002PUqf|CompensationsController.getRecordTypes()
17:36:08.0 (1378660)|HEAP_ALLOCATE|[72]|Bytes:3
17:36:08.0 (1414903)|HEAP_ALLOCATE|[77]|Bytes:152
17:36:08.0 (1426974)|HEAP_ALLOCATE|[342]|Bytes:408
17:36:08.0 (1439456)|HEAP_ALLOCATE|[355]|Bytes:408
17:36:08.0 (1450205)|HEAP_ALLOCATE|[467]|Bytes:48
17:36:08.0 (1470283)|HEAP_ALLOCATE|[139]|Bytes:6
17:36:08.0 (1486024)|HEAP_ALLOCATE|[EXTERNAL]|Bytes:7
17:36:08.0 (1491264)|HEAP_ALLOCATE|[EXTERNAL]|Bytes:4
17:36:08.0 (1524839)|METHOD_ENTRY|[1]|01pf2000002PUqf|CompensationsController.CompensationsController()
17:36:08.0 (1531193)|STATEMENT_EXECUTE|[1]
17:36:08.0 (1537250)|STATEMENT_EXECUTE|[1]
17:36:08.0 (1567622)|HEAP_ALLOCATE|[50]|Bytes:5
17:36:08.0 (1590032)|HEAP_ALLOCATE|[56]|Bytes:5
17:36:08.0 (1597058)|HEAP_ALLOCATE|[64]|Bytes:7
17:36:08.0 (1613456)|SYSTEM_MODE_ENTER|false
17:36:08.0 (1628427)|HEAP_ALLOCATE|[EXTERNAL]|Bytes:5
17:36:08.0 (1636958)|SYSTEM_MODE_EXIT|false
17:36:08.0 (1645334)|METHOD_EXIT|[1]|CompensationsController
17:36:08.0 (1652814)|SYSTEM_MODE_ENTER|false
17:36:08.0 (1736348)|HEAP_ALLOCATE|[30]|Bytes:5
17:36:08.0 (1741553)|STATEMENT_EXECUTE|[29]
17:36:08.0 (1743384)|STATEMENT_EXECUTE|[30]
17:36:08.0 (1746055)|HEAP_ALLOCATE|[30]|Bytes:74
17:36:08.0 (1769324)|HEAP_ALLOCATE|[30]|Bytes:4
17:36:08.0 (2011123)|SOQL_EXECUTE_BEGIN|[30]|Aggregations:0|SELECT DeveloperName FROM RecordType WHERE SobjectType = 'Compensation__c'
17:36:08.0 (10540338)|SOQL_EXECUTE_END|[30]|Rows:3
17:36:08.0 (10569417)|HEAP_ALLOCATE|[30]|Bytes:16
17:36:08.0 (10591304)|HEAP_ALLOCATE|[30]|Bytes:157
17:36:08.0 (10681188)|HEAP_ALLOCATE|[30]|Bytes:16
17:36:08.0 (10699774)|VARIABLE_SCOPE_BEGIN|[30]|recordTypesCompensation|List<RecordType>|true|false
17:36:08.0 (10744389)|VARIABLE_ASSIGNMENT|[30]|recordTypesCompensation|[{"DeveloperName":"Research","Id":"012f2000000qOq6AAE"},{"DeveloperName":"Salary","Id":"012f2000000qOpwAAE"},{"DeveloperName":"Study","Id":"012f2000000qOq1AAE"}]|0x454f9c30
17:36:08.0 (10753957)|STATEMENT_EXECUTE|[32]
17:36:08.0 (10768205)|HEAP_ALLOCATE|[32]|Bytes:4
17:36:08.0 (10811608)|VARIABLE_SCOPE_BEGIN|[32]|nameList|List<String>|true|false
17:36:08.0 (10840400)|HEAP_ALLOCATE|[EXTERNAL]|Bytes:4
17:36:08.0 (10851879)|VARIABLE_ASSIGNMENT|[32]|nameList|[]|0x634955a6
17:36:08.0 (10858072)|STATEMENT_EXECUTE|[33]
17:36:08.0 (10863886)|HEAP_ALLOCATE|[33]|Bytes:3
17:36:08.0 (10908614)|HEAP_ALLOCATE|[EXTERNAL]|Bytes:4
17:36:08.0 (11114691)|HEAP_ALLOCATE|[35]|Bytes:5
17:36:08.0 (11178790)|HEAP_ALLOCATE|[35]|Bytes:12
17:36:08.0 (11193729)|VARIABLE_SCOPE_BEGIN|[35]|r|RecordType|true|false
17:36:08.0 (11216722)|VARIABLE_ASSIGNMENT|[35]|r|{"DeveloperName":"Research","Id":"012f2000000qOq6AAE"}|0x4912aaef
17:36:08.0 (11224028)|STATEMENT_EXECUTE|[35]
17:36:08.0 (11226018)|STATEMENT_EXECUTE|[37]
17:36:08.0 (11284465)|HEAP_ALLOCATE|[EXTERNAL]|Bytes:4
17:36:08.0 (11300957)|HEAP_ALLOCATE|[35]|Bytes:5
17:36:08.0 (11312123)|HEAP_ALLOCATE|[35]|Bytes:12
17:36:08.0 (11318769)|VARIABLE_SCOPE_BEGIN|[35]|r|RecordType|true|false
17:36:08.0 (11334112)|VARIABLE_ASSIGNMENT|[35]|r|{"DeveloperName":"Salary","Id":"012f2000000qOpwAAE"}|0x605f220e
17:36:08.0 (11340336)|STATEMENT_EXECUTE|[35]
17:36:08.0 (11341930)|STATEMENT_EXECUTE|[37]
17:36:08.0 (11353213)|HEAP_ALLOCATE|[EXTERNAL]|Bytes:4
17:36:08.0 (11364273)|HEAP_ALLOCATE|[35]|Bytes:5
17:36:08.0 (11373075)|HEAP_ALLOCATE|[35]|Bytes:12
17:36:08.0 (11378149)|VARIABLE_SCOPE_BEGIN|[35]|r|RecordType|true|false
17:36:08.0 (11390875)|VARIABLE_ASSIGNMENT|[35]|r|{"DeveloperName":"Study","Id":"012f2000000qOq1AAE"}|0x30bd3f68
17:36:08.0 (11396598)|STATEMENT_EXECUTE|[35]
17:36:08.0 (11398191)|STATEMENT_EXECUTE|[37]
17:36:08.0 (11406109)|HEAP_ALLOCATE|[EXTERNAL]|Bytes:4
17:36:08.0 (11416165)|HEAP_ALLOCATE|[35]|Bytes:5
17:36:08.0 (11427176)|VARIABLE_ASSIGNMENT|[35]|r|null|
17:36:08.0 (11433275)|STATEMENT_EXECUTE|[39]
17:36:08.0 (11444909)|SYSTEM_MODE_EXIT|false
17:36:08.11 (11472153)|CUMULATIVE_LIMIT_USAGE
17:36:08.11 (11472153)|LIMIT_USAGE_FOR_NS|(default)|
  Number of SOQL queries: 1 out of 100
  Number of query rows: 3 out of 50000
  Number of SOSL queries: 0 out of 20
  Number of DML statements: 0 out of 150
  Number of DML rows: 0 out of 10000
  Maximum CPU time: 0 out of 10000
  Maximum heap size: 0 out of 6000000
  Number of callouts: 0 out of 100
  Number of Email Invocations: 0 out of 10
  Number of future calls: 0 out of 50
  Number of queueable jobs added to the queue: 0 out of 50
  Number of Mobile Apex push calls: 0 out of 10

17:36:08.11 (11472153)|CUMULATIVE_LIMIT_USAGE_END

17:36:08.0 (11498894)|CODE_UNIT_FINISHED|CompensationsController.getRecordTypes()
17:36:08.0 (11551358)|CODE_UNIT_FINISHED|Aura
17:36:08.0 (12597653)|EXECUTION_FINISHED
