43.0 APEX_CODE,FINEST;APEX_PROFILING,INFO;CALLOUT,INFO;DB,INFO;NBA,INFO;SYSTEM,DEBUG;VALIDATION,INFO;VISUALFORCE,INFO;WAVE,INFO;WORKFLOW,INFO
15:33:49.0 (91805)|USER_INFO|[EXTERNAL]|005f2000008Qgef|gabriel.arce@salesforce.com|Argentine Time|GMT-03:00
15:33:49.0 (134163)|EXECUTION_STARTED
15:33:49.0 (138678)|CODE_UNIT_STARTED|[EXTERNAL]|Aura
15:33:49.0 (847151)|HEAP_ALLOCATE|[72]|Bytes:3
15:33:49.0 (905131)|HEAP_ALLOCATE|[77]|Bytes:152
15:33:49.0 (923550)|HEAP_ALLOCATE|[342]|Bytes:408
15:33:49.0 (940053)|HEAP_ALLOCATE|[355]|Bytes:408
15:33:49.0 (951132)|HEAP_ALLOCATE|[467]|Bytes:48
15:33:49.0 (975847)|HEAP_ALLOCATE|[139]|Bytes:6
15:33:49.0 (995893)|HEAP_ALLOCATE|[EXTERNAL]|Bytes:3
15:33:49.0 (1004998)|HEAP_ALLOCATE|[EXTERNAL]|Bytes:3
15:33:49.0 (1924886)|CODE_UNIT_STARTED|[EXTERNAL]|01pf2000002PUqf|CompensationsController.getCompensations(String)
15:33:49.0 (2034040)|HEAP_ALLOCATE|[EXTERNAL]|Bytes:7
15:33:49.0 (2042261)|HEAP_ALLOCATE|[EXTERNAL]|Bytes:3
15:33:49.0 (2053501)|METHOD_ENTRY|[1]|01pf2000002PUqf|CompensationsController.CompensationsController()
15:33:49.0 (2061098)|STATEMENT_EXECUTE|[1]
15:33:49.0 (2068069)|STATEMENT_EXECUTE|[1]
15:33:49.0 (2101697)|HEAP_ALLOCATE|[50]|Bytes:5
15:33:49.0 (2129096)|HEAP_ALLOCATE|[56]|Bytes:5
15:33:49.0 (2136815)|HEAP_ALLOCATE|[64]|Bytes:7
15:33:49.0 (2156098)|SYSTEM_MODE_ENTER|false
15:33:49.0 (2171619)|HEAP_ALLOCATE|[EXTERNAL]|Bytes:5
15:33:49.0 (2180227)|SYSTEM_MODE_EXIT|false
15:33:49.0 (2188739)|METHOD_EXIT|[1]|CompensationsController
15:33:49.0 (2194104)|HEAP_ALLOCATE|[EXTERNAL]|Bytes:3
15:33:49.0 (2201042)|SYSTEM_MODE_ENTER|false
15:33:49.0 (2207901)|VARIABLE_SCOPE_BEGIN|[5]|recordType|String|false|false
15:33:49.0 (2231115)|VARIABLE_ASSIGNMENT|[5]|recordType|"All"
15:33:49.0 (2243722)|HEAP_ALLOCATE|[7]|Bytes:5
15:33:49.0 (2248945)|STATEMENT_EXECUTE|[5]
15:33:49.0 (2250945)|STATEMENT_EXECUTE|[7]
15:33:49.0 (2253767)|HEAP_ALLOCATE|[7]|Bytes:21
15:33:49.0 (2302157)|USER_DEBUG|[7]|DEBUG|Accesing to the list 
15:33:49.0 (2313151)|STATEMENT_EXECUTE|[8]
15:33:49.0 (2315763)|HEAP_ALLOCATE|[8]|Bytes:6
15:33:49.0 (2329689)|HEAP_ALLOCATE|[8]|Bytes:9
15:33:49.0 (2341805)|USER_DEBUG|[8]|DEBUG|Llegó:All
15:33:49.0 (2350788)|HEAP_ALLOCATE|[9]|Bytes:3
15:33:49.0 (2369355)|STATEMENT_EXECUTE|[9]
15:33:49.0 (2371104)|STATEMENT_EXECUTE|[11]
15:33:49.0 (2373511)|HEAP_ALLOCATE|[11]|Bytes:178
15:33:49.0 (2397676)|HEAP_ALLOCATE|[11]|Bytes:4
15:33:49.0 (3228602)|SOQL_EXECUTE_BEGIN|[11]|Aggregations:0|SELECT Id, Name, Contact__r.Name, Contact__r.Birthdate, Job_Category__c, RecordType.DeveloperName, Amount__c, Location__c, Office__c, Submitted__c, Status__C FROM Compensation__c
15:33:49.0 (9993477)|SOQL_EXECUTE_END|[11]|Rows:12
15:33:49.0 (10023943)|HEAP_ALLOCATE|[11]|Bytes:52
15:33:49.0 (10101158)|HEAP_ALLOCATE|[11]|Bytes:3527
15:33:49.0 (10225803)|HEAP_ALLOCATE|[11]|Bytes:52
15:33:49.0 (10252491)|SYSTEM_MODE_EXIT|false
15:33:49.10 (10280629)|CUMULATIVE_LIMIT_USAGE
15:33:49.10 (10280629)|LIMIT_USAGE_FOR_NS|(default)|
  Number of SOQL queries: 1 out of 100
  Number of query rows: 12 out of 50000
  Number of SOSL queries: 0 out of 20
  Number of DML statements: 0 out of 150
  Number of DML rows: 0 out of 10000
  Maximum CPU time: 0 out of 10000
  Maximum heap size: 0 out of 6000000
  Number of callouts: 0 out of 100
  Number of Email Invocations: 0 out of 10
  Number of future calls: 0 out of 50
  Number of queueable jobs added to the queue: 0 out of 50
  Number of Mobile Apex push calls: 0 out of 10

15:33:49.10 (10280629)|CUMULATIVE_LIMIT_USAGE_END

15:33:49.0 (10325687)|CODE_UNIT_FINISHED|CompensationsController.getCompensations(String)
15:33:49.0 (10718467)|CODE_UNIT_FINISHED|Aura
15:33:49.0 (11821917)|EXECUTION_FINISHED
