43.0 APEX_CODE,FINEST;APEX_PROFILING,INFO;CALLOUT,INFO;DB,INFO;NBA,INFO;SYSTEM,DEBUG;VALIDATION,INFO;VISUALFORCE,INFO;WAVE,INFO;WORKFLOW,INFO
16:36:22.0 (101747)|USER_INFO|[EXTERNAL]|005f2000008Qgef|gabriel.arce@salesforce.com|Argentine Time|GMT-03:00
16:36:22.0 (139459)|EXECUTION_STARTED
16:36:22.0 (143593)|CODE_UNIT_STARTED|[EXTERNAL]|Aura
16:36:22.0 (1399288)|HEAP_ALLOCATE|[72]|Bytes:3
16:36:22.0 (1456955)|HEAP_ALLOCATE|[77]|Bytes:152
16:36:22.0 (1473506)|HEAP_ALLOCATE|[342]|Bytes:408
16:36:22.0 (1489288)|HEAP_ALLOCATE|[355]|Bytes:408
16:36:22.0 (1523192)|HEAP_ALLOCATE|[467]|Bytes:48
16:36:22.0 (1547286)|HEAP_ALLOCATE|[139]|Bytes:6
16:36:22.0 (1566445)|HEAP_ALLOCATE|[EXTERNAL]|Bytes:3
16:36:22.0 (1574531)|HEAP_ALLOCATE|[EXTERNAL]|Bytes:3
16:36:22.0 (2408378)|CODE_UNIT_STARTED|[EXTERNAL]|01pf2000002PUqf|CompensationsController.getCompensations(String)
16:36:22.0 (2569647)|HEAP_ALLOCATE|[EXTERNAL]|Bytes:7
16:36:22.0 (2577171)|HEAP_ALLOCATE|[EXTERNAL]|Bytes:3
16:36:22.0 (2588553)|METHOD_ENTRY|[1]|01pf2000002PUqf|CompensationsController.CompensationsController()
16:36:22.0 (2595251)|STATEMENT_EXECUTE|[1]
16:36:22.0 (2601353)|STATEMENT_EXECUTE|[1]
16:36:22.0 (2630554)|HEAP_ALLOCATE|[50]|Bytes:5
16:36:22.0 (2651296)|HEAP_ALLOCATE|[56]|Bytes:5
16:36:22.0 (2658882)|HEAP_ALLOCATE|[64]|Bytes:7
16:36:22.0 (2675526)|SYSTEM_MODE_ENTER|false
16:36:22.0 (2686542)|HEAP_ALLOCATE|[EXTERNAL]|Bytes:5
16:36:22.0 (2693786)|SYSTEM_MODE_EXIT|false
16:36:22.0 (2701384)|METHOD_EXIT|[1]|CompensationsController
16:36:22.0 (2706272)|HEAP_ALLOCATE|[EXTERNAL]|Bytes:3
16:36:22.0 (2711890)|SYSTEM_MODE_ENTER|false
16:36:22.0 (2719753)|VARIABLE_SCOPE_BEGIN|[5]|recordType|String|false|false
16:36:22.0 (2745700)|VARIABLE_ASSIGNMENT|[5]|recordType|"All"
16:36:22.0 (2757768)|HEAP_ALLOCATE|[7]|Bytes:5
16:36:22.0 (2762406)|STATEMENT_EXECUTE|[5]
16:36:22.0 (2764325)|STATEMENT_EXECUTE|[7]
16:36:22.0 (2767298)|HEAP_ALLOCATE|[7]|Bytes:21
16:36:22.0 (2811868)|USER_DEBUG|[7]|DEBUG|Accesing to the list 
16:36:22.0 (2822624)|STATEMENT_EXECUTE|[8]
16:36:22.0 (2825435)|HEAP_ALLOCATE|[8]|Bytes:6
16:36:22.0 (2837186)|HEAP_ALLOCATE|[8]|Bytes:9
16:36:22.0 (2848136)|USER_DEBUG|[8]|DEBUG|Llegó:All
16:36:22.0 (2856659)|HEAP_ALLOCATE|[9]|Bytes:3
16:36:22.0 (2872402)|STATEMENT_EXECUTE|[9]
16:36:22.0 (2874084)|STATEMENT_EXECUTE|[11]
16:36:22.0 (2876815)|HEAP_ALLOCATE|[11]|Bytes:178
16:36:22.0 (2895439)|HEAP_ALLOCATE|[11]|Bytes:4
16:36:22.0 (3850995)|SOQL_EXECUTE_BEGIN|[11]|Aggregations:0|SELECT Id, Name, Contact__r.Name, Contact__r.Birthdate, Job_Category__c, RecordType.DeveloperName, Amount__c, Location__c, Office__c, Submitted__c, Status__C FROM Compensation__c
16:36:22.0 (12579207)|SOQL_EXECUTE_END|[11]|Rows:12
16:36:22.0 (12615842)|HEAP_ALLOCATE|[11]|Bytes:52
16:36:22.0 (12688523)|HEAP_ALLOCATE|[11]|Bytes:3535
16:36:22.0 (12724259)|HEAP_ALLOCATE|[11]|Bytes:52
16:36:22.0 (12744216)|SYSTEM_MODE_EXIT|false
16:36:22.12 (12765021)|CUMULATIVE_LIMIT_USAGE
16:36:22.12 (12765021)|LIMIT_USAGE_FOR_NS|(default)|
  Number of SOQL queries: 1 out of 100
  Number of query rows: 12 out of 50000
  Number of SOSL queries: 0 out of 20
  Number of DML statements: 0 out of 150
  Number of DML rows: 0 out of 10000
  Maximum CPU time: 0 out of 10000
  Maximum heap size: 0 out of 6000000
  Number of callouts: 0 out of 100
  Number of Email Invocations: 0 out of 10
  Number of future calls: 0 out of 50
  Number of queueable jobs added to the queue: 0 out of 50
  Number of Mobile Apex push calls: 0 out of 10

16:36:22.12 (12765021)|CUMULATIVE_LIMIT_USAGE_END

16:36:22.0 (12793472)|CODE_UNIT_FINISHED|CompensationsController.getCompensations(String)
16:36:22.0 (13162914)|CODE_UNIT_FINISHED|Aura
16:36:22.0 (14333702)|EXECUTION_FINISHED
16:36:22.15 (15817666)|USER_INFO|[EXTERNAL]|005f2000008Qgef|gabriel.arce@salesforce.com|Argentine Time|GMT-03:00
16:36:22.15 (15832043)|EXECUTION_STARTED
16:36:22.15 (15835730)|CODE_UNIT_STARTED|[EXTERNAL]|Aura
16:36:22.15 (16551978)|CODE_UNIT_STARTED|[EXTERNAL]|01pf2000002PUqf|CompensationsController.getRecordTypes()
16:36:22.15 (16632409)|SYSTEM_MODE_ENTER|false
16:36:22.15 (16649729)|HEAP_ALLOCATE|[28]|Bytes:5
16:36:22.15 (16656981)|STATEMENT_EXECUTE|[27]
16:36:22.15 (16659785)|STATEMENT_EXECUTE|[28]
16:36:22.15 (16663550)|HEAP_ALLOCATE|[28]|Bytes:74
16:36:22.15 (16677122)|HEAP_ALLOCATE|[28]|Bytes:4
16:36:22.15 (16815745)|SOQL_EXECUTE_BEGIN|[28]|Aggregations:0|SELECT DeveloperName FROM RecordType WHERE SobjectType = 'Compensation__c'
16:36:22.15 (26198977)|SOQL_EXECUTE_END|[28]|Rows:3
16:36:22.15 (26224007)|HEAP_ALLOCATE|[28]|Bytes:16
16:36:22.15 (26242193)|HEAP_ALLOCATE|[28]|Bytes:157
16:36:22.15 (26296934)|HEAP_ALLOCATE|[28]|Bytes:16
16:36:22.15 (26315025)|VARIABLE_SCOPE_BEGIN|[28]|recordTypesCompensation|List<RecordType>|true|false
16:36:22.15 (26367176)|VARIABLE_ASSIGNMENT|[28]|recordTypesCompensation|[{"DeveloperName":"Research","Id":"012f2000000qOq6AAE"},{"DeveloperName":"Salary","Id":"012f2000000qOpwAAE"},{"DeveloperName":"Study","Id":"012f2000000qOq1AAE"}]|0x12fd4160
16:36:22.15 (26377008)|STATEMENT_EXECUTE|[30]
16:36:22.15 (26386244)|HEAP_ALLOCATE|[30]|Bytes:4
16:36:22.15 (26423760)|VARIABLE_SCOPE_BEGIN|[30]|nameList|List<String>|true|false
16:36:22.15 (26453933)|HEAP_ALLOCATE|[EXTERNAL]|Bytes:4
16:36:22.15 (26464589)|VARIABLE_ASSIGNMENT|[30]|nameList|[]|0x34cb4c0a
16:36:22.15 (26469894)|STATEMENT_EXECUTE|[31]
16:36:22.15 (26510000)|HEAP_ALLOCATE|[EXTERNAL]|Bytes:4
16:36:22.15 (26687300)|HEAP_ALLOCATE|[33]|Bytes:5
16:36:22.15 (26715735)|HEAP_ALLOCATE|[33]|Bytes:12
16:36:22.15 (26725272)|VARIABLE_SCOPE_BEGIN|[33]|r|RecordType|true|false
16:36:22.15 (26746959)|VARIABLE_ASSIGNMENT|[33]|r|{"DeveloperName":"Research","Id":"012f2000000qOq6AAE"}|0x21fd362
16:36:22.15 (26753425)|STATEMENT_EXECUTE|[33]
16:36:22.15 (26755228)|STATEMENT_EXECUTE|[35]
16:36:22.15 (26797934)|HEAP_ALLOCATE|[EXTERNAL]|Bytes:4
16:36:22.15 (26813448)|HEAP_ALLOCATE|[33]|Bytes:5
16:36:22.15 (26824610)|HEAP_ALLOCATE|[33]|Bytes:12
16:36:22.15 (26830765)|VARIABLE_SCOPE_BEGIN|[33]|r|RecordType|true|false
16:36:22.15 (26846239)|VARIABLE_ASSIGNMENT|[33]|r|{"DeveloperName":"Salary","Id":"012f2000000qOpwAAE"}|0x6c5a7437
16:36:22.15 (26851653)|STATEMENT_EXECUTE|[33]
16:36:22.15 (26853405)|STATEMENT_EXECUTE|[35]
16:36:22.15 (26863521)|HEAP_ALLOCATE|[EXTERNAL]|Bytes:4
16:36:22.15 (26874507)|HEAP_ALLOCATE|[33]|Bytes:5
16:36:22.15 (26882640)|HEAP_ALLOCATE|[33]|Bytes:12
16:36:22.15 (26887717)|VARIABLE_SCOPE_BEGIN|[33]|r|RecordType|true|false
16:36:22.15 (26900072)|VARIABLE_ASSIGNMENT|[33]|r|{"DeveloperName":"Study","Id":"012f2000000qOq1AAE"}|0x304fc221
16:36:22.15 (26905384)|STATEMENT_EXECUTE|[33]
16:36:22.15 (26906953)|STATEMENT_EXECUTE|[35]
16:36:22.15 (26913990)|HEAP_ALLOCATE|[EXTERNAL]|Bytes:4
16:36:22.15 (26924508)|HEAP_ALLOCATE|[33]|Bytes:5
16:36:22.15 (26934789)|VARIABLE_ASSIGNMENT|[33]|r|null|
16:36:22.15 (26939514)|STATEMENT_EXECUTE|[37]
16:36:22.15 (26948266)|SYSTEM_MODE_EXIT|false
16:36:22.26 (26967568)|CUMULATIVE_LIMIT_USAGE
16:36:22.26 (26967568)|LIMIT_USAGE_FOR_NS|(default)|
  Number of SOQL queries: 2 out of 100
  Number of query rows: 15 out of 50000
  Number of SOSL queries: 0 out of 20
  Number of DML statements: 0 out of 150
  Number of DML rows: 0 out of 10000
  Maximum CPU time: 0 out of 10000
  Maximum heap size: 0 out of 6000000
  Number of callouts: 0 out of 100
  Number of Email Invocations: 0 out of 10
  Number of future calls: 0 out of 50
  Number of queueable jobs added to the queue: 0 out of 50
  Number of Mobile Apex push calls: 0 out of 10

16:36:22.26 (26967568)|CUMULATIVE_LIMIT_USAGE_END

16:36:22.15 (27013695)|CODE_UNIT_FINISHED|CompensationsController.getRecordTypes()
16:36:22.15 (27075764)|CODE_UNIT_FINISHED|Aura
16:36:22.15 (28186821)|EXECUTION_FINISHED
