43.0 APEX_CODE,FINEST;APEX_PROFILING,INFO;CALLOUT,INFO;DB,INFO;NBA,INFO;SYSTEM,DEBUG;VALIDATION,INFO;VISUALFORCE,INFO;WAVE,INFO;WORKFLOW,INFO
16:06:12.0 (79365)|USER_INFO|[EXTERNAL]|005f2000008Qgef|gabriel.arce@salesforce.com|Argentine Time|GMT-03:00
16:06:12.0 (116849)|EXECUTION_STARTED
16:06:12.0 (121214)|CODE_UNIT_STARTED|[EXTERNAL]|DuplicateDetector
16:06:12.0 (134492)|DUPLICATE_DETECTION_BEGIN
16:06:12.0 (230977)|DUPLICATE_DETECTION_RULE_INVOCATION|DuplicateRuleId:0Bmf2000000uU2T|DuplicateRuleName:Standard Contact Duplicate Rule|DmlType:UPDATE
16:06:12.0 (291928)|DUPLICATE_DETECTION_END
16:06:12.0 (297927)|CODE_UNIT_FINISHED|DuplicateDetector
16:06:12.0 (304739)|EXECUTION_FINISHED
16:06:12.54 (54531271)|USER_INFO|[EXTERNAL]|005f2000008Qgef|gabriel.arce@salesforce.com|Argentine Time|GMT-03:00
16:06:12.54 (54557750)|EXECUTION_STARTED
16:06:12.54 (54562092)|CODE_UNIT_STARTED|[EXTERNAL]|DuplicateDetector
16:06:12.54 (54577995)|DUPLICATE_DETECTION_BEGIN
16:06:12.54 (54657355)|DUPLICATE_DETECTION_RULE_INVOCATION|DuplicateRuleId:0Bmf2000000uU2T|DuplicateRuleName:Standard Contact Duplicate Rule|DmlType:UPDATE
16:06:12.54 (86443827)|DUPLICATE_DETECTION_MATCH_INVOCATION_DETAILS|EntityId:003f200002Ps5aK|ActionTaken:Allow_[Report]|DuplicateRecordIds:
16:06:12.54 (86462390)|DUPLICATE_DETECTION_MATCH_INVOCATION_SUMMARY|EntityType:Contact|NumRecordsToBeSaved:1|NumRecordsToBeSavedWithDuplicates:0|NumDuplicateRecordsFound:0
16:06:12.54 (86472575)|DUPLICATE_DETECTION_MATCH_INVOCATION_DETAILS|EntityId:003f200002Ps5aK|ActionTaken:Allow_[Report]|DuplicateRecordIds:
16:06:12.54 (86483010)|DUPLICATE_DETECTION_MATCH_INVOCATION_SUMMARY|EntityType:Contact|NumRecordsToBeSaved:1|NumRecordsToBeSavedWithDuplicates:0|NumDuplicateRecordsFound:0
16:06:12.54 (86632785)|DUPLICATE_DETECTION_END
16:06:12.54 (86637281)|CODE_UNIT_FINISHED|DuplicateDetector
16:06:12.54 (86645312)|EXECUTION_FINISHED
