43.0 APEX_CODE,FINEST;APEX_PROFILING,INFO;CALLOUT,INFO;DB,INFO;NBA,INFO;SYSTEM,DEBUG;VALIDATION,INFO;VISUALFORCE,INFO;WAVE,INFO;WORKFLOW,INFO
17:50:21.0 (93622)|USER_INFO|[EXTERNAL]|005f2000008Qgef|gabriel.arce@salesforce.com|Argentine Time|GMT-03:00
17:50:21.0 (130059)|EXECUTION_STARTED
17:50:21.0 (133995)|CODE_UNIT_STARTED|[EXTERNAL]|Aura
17:50:21.0 (802063)|HEAP_ALLOCATE|[72]|Bytes:3
17:50:21.0 (846258)|HEAP_ALLOCATE|[77]|Bytes:152
17:50:21.0 (864701)|HEAP_ALLOCATE|[342]|Bytes:408
17:50:21.0 (881232)|HEAP_ALLOCATE|[355]|Bytes:408
17:50:21.0 (892450)|HEAP_ALLOCATE|[467]|Bytes:48
17:50:21.0 (914404)|HEAP_ALLOCATE|[139]|Bytes:6
17:50:21.0 (933678)|HEAP_ALLOCATE|[EXTERNAL]|Bytes:18
17:50:21.0 (941007)|HEAP_ALLOCATE|[EXTERNAL]|Bytes:18
17:50:21.0 (1009239)|HEAP_ALLOCATE|[EXTERNAL]|Bytes:5
17:50:21.0 (1016305)|HEAP_ALLOCATE|[EXTERNAL]|Bytes:5
17:50:21.0 (1786325)|CODE_UNIT_STARTED|[EXTERNAL]|01pf2000002PUqf|CompensationsController.getCompensations(String, String)
17:50:21.0 (1892281)|HEAP_ALLOCATE|[EXTERNAL]|Bytes:7
17:50:21.0 (1900829)|HEAP_ALLOCATE|[EXTERNAL]|Bytes:4
17:50:21.0 (1912368)|METHOD_ENTRY|[1]|01pf2000002PUqf|CompensationsController.CompensationsController()
17:50:21.0 (1918434)|STATEMENT_EXECUTE|[1]
17:50:21.0 (1923809)|STATEMENT_EXECUTE|[1]
17:50:21.0 (1958075)|HEAP_ALLOCATE|[50]|Bytes:5
17:50:21.0 (1995343)|HEAP_ALLOCATE|[56]|Bytes:5
17:50:21.0 (2008483)|HEAP_ALLOCATE|[64]|Bytes:7
17:50:21.0 (2034466)|SYSTEM_MODE_ENTER|false
17:50:21.0 (2046523)|HEAP_ALLOCATE|[EXTERNAL]|Bytes:5
17:50:21.0 (2053299)|SYSTEM_MODE_EXIT|false
17:50:21.0 (2061995)|METHOD_EXIT|[1]|CompensationsController
17:50:21.0 (2070751)|HEAP_ALLOCATE|[EXTERNAL]|Bytes:18
17:50:21.0 (2075004)|HEAP_ALLOCATE|[EXTERNAL]|Bytes:5
17:50:21.0 (2081025)|SYSTEM_MODE_ENTER|false
17:50:21.0 (2087835)|VARIABLE_SCOPE_BEGIN|[5]|contactRecordId|String|false|false
17:50:21.0 (2116091)|VARIABLE_ASSIGNMENT|[5]|contactRecordId|"003f200002PxJqDAAV"
17:50:21.0 (2131866)|VARIABLE_SCOPE_BEGIN|[5]|recordType|String|false|false
17:50:21.0 (2145440)|VARIABLE_ASSIGNMENT|[5]|recordType|"Study"
17:50:21.0 (2161397)|HEAP_ALLOCATE|[7]|Bytes:5
17:50:21.0 (2168562)|STATEMENT_EXECUTE|[5]
17:50:21.0 (2171362)|STATEMENT_EXECUTE|[7]
17:50:21.0 (2175251)|HEAP_ALLOCATE|[7]|Bytes:1
17:50:21.0 (2190532)|HEAP_ALLOCATE|[7]|Bytes:24
17:50:21.0 (2250102)|USER_DEBUG|[7]|DEBUG|003f200002PxJqDAAV Study
17:50:21.0 (2262274)|STATEMENT_EXECUTE|[9]
17:50:21.0 (2265717)|HEAP_ALLOCATE|[9]|Bytes:171
17:50:21.0 (2272159)|VARIABLE_SCOPE_BEGIN|[9]|squery|String|false|false
17:50:21.0 (2288420)|VARIABLE_ASSIGNMENT|[9]|squery|"SELECT Id, Name, Con (151 more) ..."
17:50:21.0 (2293106)|STATEMENT_EXECUTE|[10]
17:50:21.0 (2294794)|STATEMENT_EXECUTE|[11]
17:50:21.0 (2297542)|HEAP_ALLOCATE|[11]|Bytes:21
17:50:21.0 (2301805)|HEAP_ALLOCATE|[11]|Bytes:1
17:50:21.0 (2307351)|HEAP_ALLOCATE|[11]|Bytes:40
17:50:21.0 (2314491)|HEAP_ALLOCATE|[11]|Bytes:211
17:50:21.0 (2323437)|VARIABLE_ASSIGNMENT|[11]|squery|"SELECT Id, Name, Con (191 more) ..."
17:50:21.0 (2329021)|HEAP_ALLOCATE|[12]|Bytes:3
17:50:21.0 (2341008)|STATEMENT_EXECUTE|[12]
17:50:21.0 (2342773)|STATEMENT_EXECUTE|[13]
17:50:21.0 (2344873)|HEAP_ALLOCATE|[13]|Bytes:31
17:50:21.0 (2365438)|HEAP_ALLOCATE|[13]|Bytes:37
17:50:21.0 (2373991)|HEAP_ALLOCATE|[13]|Bytes:248
17:50:21.0 (2387386)|VARIABLE_ASSIGNMENT|[13]|squery|"SELECT Id, Name, Con (228 more) ..."
17:50:21.0 (2395613)|STATEMENT_EXECUTE|[20]
17:50:21.0 (2415791)|USER_DEBUG|[20]|DEBUG|SELECT Id, Name, Contact__r.Name,Contact__r.Birthdate,Job_Category__c,RecordType.DeveloperName,Amount__c,Location__c,Office__c,Submitted__c,Status__C FROM Compensation__c where contact__r.id='003f200002PxJqDAAV' and RecordType.DeveloperName='Study'
17:50:21.0 (2431936)|STATEMENT_EXECUTE|[21]
17:50:21.0 (3428687)|SOQL_EXECUTE_BEGIN|[21]|Aggregations:0|SELECT Id, Name, Contact__r.Name,Contact__r.Birthdate,Job_Category__c,RecordType.DeveloperName,Amount__c,Location__c,Office__c,Submitted__c,Status__C FROM Compensation__c where contact__r.id='003f200002PxJqDAAV' and RecordType.DeveloperName='Study'
17:50:21.0 (7452524)|SOQL_EXECUTE_END|[21]|Rows:0
17:50:21.0 (7502769)|HEAP_ALLOCATE|[21]|Bytes:4
17:50:21.0 (7523127)|HEAP_ALLOCATE|[21]|Bytes:0
17:50:21.0 (7624937)|HEAP_ALLOCATE|[21]|Bytes:4
17:50:21.0 (7647901)|VARIABLE_SCOPE_BEGIN|[21]|returnList|List<Compensation__c>|true|false
17:50:21.0 (7670228)|VARIABLE_ASSIGNMENT|[21]|returnList|[]|0x2d1951d3
17:50:21.0 (7677865)|STATEMENT_EXECUTE|[25]
17:50:21.0 (7685960)|SYSTEM_MODE_EXIT|false
17:50:21.7 (7722610)|CUMULATIVE_LIMIT_USAGE
17:50:21.7 (7722610)|LIMIT_USAGE_FOR_NS|(default)|
  Number of SOQL queries: 1 out of 100
  Number of query rows: 0 out of 50000
  Number of SOSL queries: 0 out of 20
  Number of DML statements: 0 out of 150
  Number of DML rows: 0 out of 10000
  Maximum CPU time: 0 out of 10000
  Maximum heap size: 0 out of 6000000
  Number of callouts: 0 out of 100
  Number of Email Invocations: 0 out of 10
  Number of future calls: 0 out of 50
  Number of queueable jobs added to the queue: 0 out of 50
  Number of Mobile Apex push calls: 0 out of 10

17:50:21.7 (7722610)|CUMULATIVE_LIMIT_USAGE_END

17:50:21.0 (7753358)|CODE_UNIT_FINISHED|CompensationsController.getCompensations(String, String)
17:50:21.0 (7836886)|CODE_UNIT_FINISHED|Aura
17:50:21.0 (8983610)|EXECUTION_FINISHED
