43.0 APEX_CODE,FINEST;APEX_PROFILING,INFO;CALLOUT,INFO;DB,INFO;NBA,INFO;SYSTEM,DEBUG;VALIDATION,INFO;VISUALFORCE,INFO;WAVE,INFO;WORKFLOW,INFO
17:49:38.0 (58797)|USER_INFO|[EXTERNAL]|005f2000008Qgef|gabriel.arce@salesforce.com|Argentine Time|GMT-03:00
17:49:38.0 (88587)|EXECUTION_STARTED
17:49:38.0 (92103)|CODE_UNIT_STARTED|[EXTERNAL]|Aura
17:49:38.0 (1442830)|CODE_UNIT_STARTED|[EXTERNAL]|01pf2000002PUqf|CompensationsController.getRecordTypes()
17:49:38.0 (1551682)|HEAP_ALLOCATE|[72]|Bytes:3
17:49:38.0 (1587403)|HEAP_ALLOCATE|[77]|Bytes:152
17:49:38.0 (1605576)|HEAP_ALLOCATE|[342]|Bytes:408
17:49:38.0 (1629249)|HEAP_ALLOCATE|[355]|Bytes:408
17:49:38.0 (1648581)|HEAP_ALLOCATE|[467]|Bytes:48
17:49:38.0 (1679031)|HEAP_ALLOCATE|[139]|Bytes:6
17:49:38.0 (1730715)|HEAP_ALLOCATE|[EXTERNAL]|Bytes:7
17:49:38.0 (1736955)|HEAP_ALLOCATE|[EXTERNAL]|Bytes:4
17:49:38.0 (1744756)|METHOD_ENTRY|[1]|01pf2000002PUqf|CompensationsController.CompensationsController()
17:49:38.0 (1750200)|STATEMENT_EXECUTE|[1]
17:49:38.0 (1753584)|STATEMENT_EXECUTE|[1]
17:49:38.0 (1785791)|HEAP_ALLOCATE|[50]|Bytes:5
17:49:38.0 (1802816)|HEAP_ALLOCATE|[56]|Bytes:5
17:49:38.0 (1810206)|HEAP_ALLOCATE|[64]|Bytes:7
17:49:38.0 (1824874)|SYSTEM_MODE_ENTER|false
17:49:38.0 (1834833)|HEAP_ALLOCATE|[EXTERNAL]|Bytes:5
17:49:38.0 (1843782)|SYSTEM_MODE_EXIT|false
17:49:38.0 (1854163)|METHOD_EXIT|[1]|CompensationsController
17:49:38.0 (1864098)|SYSTEM_MODE_ENTER|false
17:49:38.0 (1876221)|HEAP_ALLOCATE|[30]|Bytes:5
17:49:38.0 (1882558)|STATEMENT_EXECUTE|[29]
17:49:38.0 (1885562)|STATEMENT_EXECUTE|[30]
17:49:38.0 (1889256)|HEAP_ALLOCATE|[30]|Bytes:74
17:49:38.0 (1912899)|HEAP_ALLOCATE|[30]|Bytes:4
17:49:38.0 (2199082)|SOQL_EXECUTE_BEGIN|[30]|Aggregations:0|SELECT DeveloperName FROM RecordType WHERE SobjectType = 'Compensation__c'
17:49:38.0 (11466424)|SOQL_EXECUTE_END|[30]|Rows:3
17:49:38.0 (11492570)|HEAP_ALLOCATE|[30]|Bytes:16
17:49:38.0 (11511482)|HEAP_ALLOCATE|[30]|Bytes:157
17:49:38.0 (11599945)|HEAP_ALLOCATE|[30]|Bytes:16
17:49:38.0 (11616207)|VARIABLE_SCOPE_BEGIN|[30]|recordTypesCompensation|List<RecordType>|true|false
17:49:38.0 (11667804)|VARIABLE_ASSIGNMENT|[30]|recordTypesCompensation|[{"DeveloperName":"Research","Id":"012f2000000qOq6AAE"},{"DeveloperName":"Salary","Id":"012f2000000qOpwAAE"},{"DeveloperName":"Study","Id":"012f2000000qOq1AAE"}]|0x2729195c
17:49:38.0 (11682170)|STATEMENT_EXECUTE|[32]
17:49:38.0 (11699275)|HEAP_ALLOCATE|[32]|Bytes:4
17:49:38.0 (11746991)|VARIABLE_SCOPE_BEGIN|[32]|nameList|List<String>|true|false
17:49:38.0 (11776400)|HEAP_ALLOCATE|[EXTERNAL]|Bytes:4
17:49:38.0 (11787922)|VARIABLE_ASSIGNMENT|[32]|nameList|[]|0x534afdc1
17:49:38.0 (11793754)|STATEMENT_EXECUTE|[33]
17:49:38.0 (11797929)|HEAP_ALLOCATE|[33]|Bytes:3
17:49:38.0 (11840257)|HEAP_ALLOCATE|[EXTERNAL]|Bytes:4
17:49:38.0 (12020815)|HEAP_ALLOCATE|[35]|Bytes:5
17:49:38.0 (12054474)|HEAP_ALLOCATE|[35]|Bytes:12
17:49:38.0 (12065336)|VARIABLE_SCOPE_BEGIN|[35]|r|RecordType|true|false
17:49:38.0 (12087645)|VARIABLE_ASSIGNMENT|[35]|r|{"DeveloperName":"Research","Id":"012f2000000qOq6AAE"}|0x70dfa04
17:49:38.0 (12095401)|STATEMENT_EXECUTE|[35]
17:49:38.0 (12097277)|STATEMENT_EXECUTE|[37]
17:49:38.0 (12153401)|HEAP_ALLOCATE|[EXTERNAL]|Bytes:4
17:49:38.0 (12170009)|HEAP_ALLOCATE|[35]|Bytes:5
17:49:38.0 (12181291)|HEAP_ALLOCATE|[35]|Bytes:12
17:49:38.0 (12187491)|VARIABLE_SCOPE_BEGIN|[35]|r|RecordType|true|false
17:49:38.0 (12203150)|VARIABLE_ASSIGNMENT|[35]|r|{"DeveloperName":"Salary","Id":"012f2000000qOpwAAE"}|0x32dabd1
17:49:38.0 (12209918)|STATEMENT_EXECUTE|[35]
17:49:38.0 (12211538)|STATEMENT_EXECUTE|[37]
17:49:38.0 (12222968)|HEAP_ALLOCATE|[EXTERNAL]|Bytes:4
17:49:38.0 (12234401)|HEAP_ALLOCATE|[35]|Bytes:5
17:49:38.0 (12243656)|HEAP_ALLOCATE|[35]|Bytes:12
17:49:38.0 (12248810)|VARIABLE_SCOPE_BEGIN|[35]|r|RecordType|true|false
17:49:38.0 (12262032)|VARIABLE_ASSIGNMENT|[35]|r|{"DeveloperName":"Study","Id":"012f2000000qOq1AAE"}|0x25eff037
17:49:38.0 (12267866)|STATEMENT_EXECUTE|[35]
17:49:38.0 (12269434)|STATEMENT_EXECUTE|[37]
17:49:38.0 (12277039)|HEAP_ALLOCATE|[EXTERNAL]|Bytes:4
17:49:38.0 (12287490)|HEAP_ALLOCATE|[35]|Bytes:5
17:49:38.0 (12297260)|VARIABLE_ASSIGNMENT|[35]|r|null|
17:49:38.0 (12302971)|STATEMENT_EXECUTE|[39]
17:49:38.0 (12310882)|SYSTEM_MODE_EXIT|false
17:49:38.12 (12338239)|CUMULATIVE_LIMIT_USAGE
17:49:38.12 (12338239)|LIMIT_USAGE_FOR_NS|(default)|
  Number of SOQL queries: 1 out of 100
  Number of query rows: 3 out of 50000
  Number of SOSL queries: 0 out of 20
  Number of DML statements: 0 out of 150
  Number of DML rows: 0 out of 10000
  Maximum CPU time: 0 out of 10000
  Maximum heap size: 0 out of 6000000
  Number of callouts: 0 out of 100
  Number of Email Invocations: 0 out of 10
  Number of future calls: 0 out of 50
  Number of queueable jobs added to the queue: 0 out of 50
  Number of Mobile Apex push calls: 0 out of 10

17:49:38.12 (12338239)|CUMULATIVE_LIMIT_USAGE_END

17:49:38.0 (12366830)|CODE_UNIT_FINISHED|CompensationsController.getRecordTypes()
17:49:38.0 (12421755)|CODE_UNIT_FINISHED|Aura
17:49:38.0 (13659294)|EXECUTION_FINISHED
