43.0 APEX_CODE,FINEST;APEX_PROFILING,INFO;CALLOUT,INFO;DB,INFO;NBA,INFO;SYSTEM,DEBUG;VALIDATION,INFO;VISUALFORCE,INFO;WAVE,INFO;WORKFLOW,INFO
16:42:40.0 (84803)|USER_INFO|[EXTERNAL]|005f2000008Qgef|gabriel.arce@salesforce.com|Argentine Time|GMT-03:00
16:42:40.0 (123210)|EXECUTION_STARTED
16:42:40.0 (127220)|CODE_UNIT_STARTED|[EXTERNAL]|Aura
16:42:40.0 (1248925)|HEAP_ALLOCATE|[72]|Bytes:3
16:42:40.0 (1297709)|HEAP_ALLOCATE|[77]|Bytes:152
16:42:40.0 (1314369)|HEAP_ALLOCATE|[342]|Bytes:408
16:42:40.0 (1330851)|HEAP_ALLOCATE|[355]|Bytes:408
16:42:40.0 (1341636)|HEAP_ALLOCATE|[467]|Bytes:48
16:42:40.0 (1363399)|HEAP_ALLOCATE|[139]|Bytes:6
16:42:40.0 (1380102)|HEAP_ALLOCATE|[EXTERNAL]|Bytes:3
16:42:40.0 (1388006)|HEAP_ALLOCATE|[EXTERNAL]|Bytes:3
16:42:40.0 (2159042)|CODE_UNIT_STARTED|[EXTERNAL]|01pf2000002PUqf|CompensationsController.getCompensations(String)
16:42:40.0 (2242761)|HEAP_ALLOCATE|[EXTERNAL]|Bytes:7
16:42:40.0 (2250056)|HEAP_ALLOCATE|[EXTERNAL]|Bytes:3
16:42:40.0 (2260008)|METHOD_ENTRY|[1]|01pf2000002PUqf|CompensationsController.CompensationsController()
16:42:40.0 (2265942)|STATEMENT_EXECUTE|[1]
16:42:40.0 (2271431)|STATEMENT_EXECUTE|[1]
16:42:40.0 (2301854)|HEAP_ALLOCATE|[50]|Bytes:5
16:42:40.0 (2321231)|HEAP_ALLOCATE|[56]|Bytes:5
16:42:40.0 (2329688)|HEAP_ALLOCATE|[64]|Bytes:7
16:42:40.0 (2346485)|SYSTEM_MODE_ENTER|false
16:42:40.0 (2357461)|HEAP_ALLOCATE|[EXTERNAL]|Bytes:5
16:42:40.0 (2363321)|SYSTEM_MODE_EXIT|false
16:42:40.0 (2370706)|METHOD_EXIT|[1]|CompensationsController
16:42:40.0 (2376321)|HEAP_ALLOCATE|[EXTERNAL]|Bytes:3
16:42:40.0 (2383118)|SYSTEM_MODE_ENTER|false
16:42:40.0 (2389466)|VARIABLE_SCOPE_BEGIN|[5]|recordType|String|false|false
16:42:40.0 (2415529)|VARIABLE_ASSIGNMENT|[5]|recordType|"All"
16:42:40.0 (2427060)|HEAP_ALLOCATE|[7]|Bytes:5
16:42:40.0 (2431860)|STATEMENT_EXECUTE|[5]
16:42:40.0 (2433863)|STATEMENT_EXECUTE|[7]
16:42:40.0 (2436702)|HEAP_ALLOCATE|[7]|Bytes:21
16:42:40.0 (2476167)|USER_DEBUG|[7]|DEBUG|Accesing to the list 
16:42:40.0 (2488277)|STATEMENT_EXECUTE|[8]
16:42:40.0 (2490903)|HEAP_ALLOCATE|[8]|Bytes:6
16:42:40.0 (2499819)|HEAP_ALLOCATE|[8]|Bytes:9
16:42:40.0 (2511336)|USER_DEBUG|[8]|DEBUG|Llegó:All
16:42:40.0 (2519695)|HEAP_ALLOCATE|[9]|Bytes:3
16:42:40.0 (2531331)|STATEMENT_EXECUTE|[9]
16:42:40.0 (2532955)|STATEMENT_EXECUTE|[11]
16:42:40.0 (2535746)|HEAP_ALLOCATE|[11]|Bytes:178
16:42:40.0 (2549047)|HEAP_ALLOCATE|[11]|Bytes:4
16:42:40.0 (3263585)|SOQL_EXECUTE_BEGIN|[11]|Aggregations:0|SELECT Id, Name, Contact__r.Name, Contact__r.Birthdate, Job_Category__c, RecordType.DeveloperName, Amount__c, Location__c, Office__c, Submitted__c, Status__C FROM Compensation__c
16:42:40.0 (9013152)|SOQL_EXECUTE_END|[11]|Rows:12
16:42:40.0 (9036223)|HEAP_ALLOCATE|[11]|Bytes:52
16:42:40.0 (9101925)|HEAP_ALLOCATE|[11]|Bytes:3535
16:42:40.0 (9167505)|HEAP_ALLOCATE|[11]|Bytes:52
16:42:40.0 (9185111)|SYSTEM_MODE_EXIT|false
16:42:40.9 (9209422)|CUMULATIVE_LIMIT_USAGE
16:42:40.9 (9209422)|LIMIT_USAGE_FOR_NS|(default)|
  Number of SOQL queries: 1 out of 100
  Number of query rows: 12 out of 50000
  Number of SOSL queries: 0 out of 20
  Number of DML statements: 0 out of 150
  Number of DML rows: 0 out of 10000
  Maximum CPU time: 0 out of 10000
  Maximum heap size: 0 out of 6000000
  Number of callouts: 0 out of 100
  Number of Email Invocations: 0 out of 10
  Number of future calls: 0 out of 50
  Number of queueable jobs added to the queue: 0 out of 50
  Number of Mobile Apex push calls: 0 out of 10

16:42:40.9 (9209422)|CUMULATIVE_LIMIT_USAGE_END

16:42:40.0 (9242349)|CODE_UNIT_FINISHED|CompensationsController.getCompensations(String)
16:42:40.0 (9615534)|CODE_UNIT_FINISHED|Aura
16:42:40.0 (10740652)|EXECUTION_FINISHED
16:42:40.12 (12186375)|USER_INFO|[EXTERNAL]|005f2000008Qgef|gabriel.arce@salesforce.com|Argentine Time|GMT-03:00
16:42:40.12 (12202717)|EXECUTION_STARTED
16:42:40.12 (12206405)|CODE_UNIT_STARTED|[EXTERNAL]|Aura
16:42:40.12 (12904494)|CODE_UNIT_STARTED|[EXTERNAL]|01pf2000002PUqf|CompensationsController.getRecordTypes()
16:42:40.12 (12962757)|SYSTEM_MODE_ENTER|false
16:42:40.12 (12980095)|HEAP_ALLOCATE|[28]|Bytes:5
16:42:40.12 (12987892)|STATEMENT_EXECUTE|[27]
16:42:40.12 (12990773)|STATEMENT_EXECUTE|[28]
16:42:40.12 (12994279)|HEAP_ALLOCATE|[28]|Bytes:74
16:42:40.12 (13010327)|HEAP_ALLOCATE|[28]|Bytes:4
16:42:40.12 (13157819)|SOQL_EXECUTE_BEGIN|[28]|Aggregations:0|SELECT DeveloperName FROM RecordType WHERE SobjectType = 'Compensation__c'
16:42:40.12 (19957635)|SOQL_EXECUTE_END|[28]|Rows:3
16:42:40.12 (19980729)|HEAP_ALLOCATE|[28]|Bytes:16
16:42:40.12 (19997363)|HEAP_ALLOCATE|[28]|Bytes:157
16:42:40.12 (20049400)|HEAP_ALLOCATE|[28]|Bytes:16
16:42:40.12 (20069790)|VARIABLE_SCOPE_BEGIN|[28]|recordTypesCompensation|List<RecordType>|true|false
16:42:40.12 (20125448)|VARIABLE_ASSIGNMENT|[28]|recordTypesCompensation|[{"DeveloperName":"Research","Id":"012f2000000qOq6AAE"},{"DeveloperName":"Salary","Id":"012f2000000qOpwAAE"},{"DeveloperName":"Study","Id":"012f2000000qOq1AAE"}]|0x131a5e00
16:42:40.12 (20134916)|STATEMENT_EXECUTE|[30]
16:42:40.12 (20146700)|HEAP_ALLOCATE|[30]|Bytes:4
16:42:40.12 (20182992)|VARIABLE_SCOPE_BEGIN|[30]|nameList|List<String>|true|false
16:42:40.12 (20204682)|HEAP_ALLOCATE|[EXTERNAL]|Bytes:4
16:42:40.12 (20215834)|VARIABLE_ASSIGNMENT|[30]|nameList|[]|0x5a60a376
16:42:40.12 (20221850)|STATEMENT_EXECUTE|[31]
16:42:40.12 (20265168)|HEAP_ALLOCATE|[EXTERNAL]|Bytes:4
16:42:40.12 (20407342)|HEAP_ALLOCATE|[33]|Bytes:5
16:42:40.12 (20440136)|HEAP_ALLOCATE|[33]|Bytes:12
16:42:40.12 (20449999)|VARIABLE_SCOPE_BEGIN|[33]|r|RecordType|true|false
16:42:40.12 (20469633)|VARIABLE_ASSIGNMENT|[33]|r|{"DeveloperName":"Research","Id":"012f2000000qOq6AAE"}|0x4f5448f9
16:42:40.12 (20476278)|STATEMENT_EXECUTE|[33]
16:42:40.12 (20478083)|STATEMENT_EXECUTE|[35]
16:42:40.12 (20523759)|HEAP_ALLOCATE|[EXTERNAL]|Bytes:4
16:42:40.12 (20539887)|HEAP_ALLOCATE|[33]|Bytes:5
16:42:40.12 (20550688)|HEAP_ALLOCATE|[33]|Bytes:12
16:42:40.12 (20557707)|VARIABLE_SCOPE_BEGIN|[33]|r|RecordType|true|false
16:42:40.12 (20573417)|VARIABLE_ASSIGNMENT|[33]|r|{"DeveloperName":"Salary","Id":"012f2000000qOpwAAE"}|0x10702976
16:42:40.12 (20579396)|STATEMENT_EXECUTE|[33]
16:42:40.12 (20581023)|STATEMENT_EXECUTE|[35]
16:42:40.12 (20590920)|HEAP_ALLOCATE|[EXTERNAL]|Bytes:4
16:42:40.12 (20607493)|HEAP_ALLOCATE|[33]|Bytes:5
16:42:40.12 (20618593)|HEAP_ALLOCATE|[33]|Bytes:12
16:42:40.12 (20624680)|VARIABLE_SCOPE_BEGIN|[33]|r|RecordType|true|false
16:42:40.12 (20638470)|VARIABLE_ASSIGNMENT|[33]|r|{"DeveloperName":"Study","Id":"012f2000000qOq1AAE"}|0x9f97044
16:42:40.12 (20646816)|STATEMENT_EXECUTE|[33]
16:42:40.12 (20648320)|STATEMENT_EXECUTE|[35]
16:42:40.12 (20656089)|HEAP_ALLOCATE|[EXTERNAL]|Bytes:4
16:42:40.12 (20666609)|HEAP_ALLOCATE|[33]|Bytes:5
16:42:40.12 (20676986)|VARIABLE_ASSIGNMENT|[33]|r|null|
16:42:40.12 (20681472)|STATEMENT_EXECUTE|[37]
16:42:40.12 (20689633)|SYSTEM_MODE_EXIT|false
16:42:40.20 (20710477)|CUMULATIVE_LIMIT_USAGE
16:42:40.20 (20710477)|LIMIT_USAGE_FOR_NS|(default)|
  Number of SOQL queries: 2 out of 100
  Number of query rows: 15 out of 50000
  Number of SOSL queries: 0 out of 20
  Number of DML statements: 0 out of 150
  Number of DML rows: 0 out of 10000
  Maximum CPU time: 0 out of 10000
  Maximum heap size: 0 out of 6000000
  Number of callouts: 0 out of 100
  Number of Email Invocations: 0 out of 10
  Number of future calls: 0 out of 50
  Number of queueable jobs added to the queue: 0 out of 50
  Number of Mobile Apex push calls: 0 out of 10

16:42:40.20 (20710477)|CUMULATIVE_LIMIT_USAGE_END

16:42:40.12 (20743105)|CODE_UNIT_FINISHED|CompensationsController.getRecordTypes()
16:42:40.12 (20806892)|CODE_UNIT_FINISHED|Aura
16:42:40.12 (21888354)|EXECUTION_FINISHED
