43.0 APEX_CODE,FINEST;APEX_PROFILING,INFO;CALLOUT,INFO;DB,INFO;NBA,INFO;SYSTEM,DEBUG;VALIDATION,INFO;VISUALFORCE,INFO;WAVE,INFO;WORKFLOW,INFO
17:50:18.0 (106382)|USER_INFO|[EXTERNAL]|005f2000008Qgef|gabriel.arce@salesforce.com|Argentine Time|GMT-03:00
17:50:18.0 (156162)|EXECUTION_STARTED
17:50:18.0 (162089)|CODE_UNIT_STARTED|[EXTERNAL]|Aura
17:50:18.0 (1251008)|HEAP_ALLOCATE|[72]|Bytes:3
17:50:18.0 (1339948)|HEAP_ALLOCATE|[77]|Bytes:152
17:50:18.0 (1369967)|HEAP_ALLOCATE|[342]|Bytes:408
17:50:18.0 (1401204)|HEAP_ALLOCATE|[355]|Bytes:408
17:50:18.0 (1427588)|HEAP_ALLOCATE|[467]|Bytes:48
17:50:18.0 (1466199)|HEAP_ALLOCATE|[139]|Bytes:6
17:50:18.0 (1500009)|HEAP_ALLOCATE|[EXTERNAL]|Bytes:18
17:50:18.0 (1539585)|HEAP_ALLOCATE|[EXTERNAL]|Bytes:18
17:50:18.0 (1677545)|HEAP_ALLOCATE|[EXTERNAL]|Bytes:6
17:50:18.0 (1687408)|HEAP_ALLOCATE|[EXTERNAL]|Bytes:6
17:50:18.0 (2623738)|CODE_UNIT_STARTED|[EXTERNAL]|01pf2000002PUqf|CompensationsController.getCompensations(String, String)
17:50:18.0 (2788849)|HEAP_ALLOCATE|[EXTERNAL]|Bytes:7
17:50:18.0 (2799548)|HEAP_ALLOCATE|[EXTERNAL]|Bytes:4
17:50:18.0 (2839812)|METHOD_ENTRY|[1]|01pf2000002PUqf|CompensationsController.CompensationsController()
17:50:18.0 (2850542)|STATEMENT_EXECUTE|[1]
17:50:18.0 (2856813)|STATEMENT_EXECUTE|[1]
17:50:18.0 (2918687)|HEAP_ALLOCATE|[50]|Bytes:5
17:50:18.0 (2954918)|HEAP_ALLOCATE|[56]|Bytes:5
17:50:18.0 (2965970)|HEAP_ALLOCATE|[64]|Bytes:7
17:50:18.0 (2997173)|SYSTEM_MODE_ENTER|false
17:50:18.0 (3176666)|HEAP_ALLOCATE|[EXTERNAL]|Bytes:5
17:50:18.0 (3190594)|SYSTEM_MODE_EXIT|false
17:50:18.0 (3214230)|METHOD_EXIT|[1]|CompensationsController
17:50:18.0 (3222339)|HEAP_ALLOCATE|[EXTERNAL]|Bytes:18
17:50:18.0 (3227711)|HEAP_ALLOCATE|[EXTERNAL]|Bytes:6
17:50:18.0 (3246653)|SYSTEM_MODE_ENTER|false
17:50:18.0 (3253223)|VARIABLE_SCOPE_BEGIN|[5]|contactRecordId|String|false|false
17:50:18.0 (3283051)|VARIABLE_ASSIGNMENT|[5]|contactRecordId|"003f200002PxJqDAAV"
17:50:18.0 (3288764)|VARIABLE_SCOPE_BEGIN|[5]|recordType|String|false|false
17:50:18.0 (3298942)|VARIABLE_ASSIGNMENT|[5]|recordType|"Salary"
17:50:18.0 (3313022)|HEAP_ALLOCATE|[7]|Bytes:5
17:50:18.0 (3320149)|STATEMENT_EXECUTE|[5]
17:50:18.0 (3322773)|STATEMENT_EXECUTE|[7]
17:50:18.0 (3326700)|HEAP_ALLOCATE|[7]|Bytes:1
17:50:18.0 (3345124)|HEAP_ALLOCATE|[7]|Bytes:25
17:50:18.0 (3414442)|USER_DEBUG|[7]|DEBUG|003f200002PxJqDAAV Salary
17:50:18.0 (3448219)|STATEMENT_EXECUTE|[9]
17:50:18.0 (3451735)|HEAP_ALLOCATE|[9]|Bytes:171
17:50:18.0 (3459025)|VARIABLE_SCOPE_BEGIN|[9]|squery|String|false|false
17:50:18.0 (3475550)|VARIABLE_ASSIGNMENT|[9]|squery|"SELECT Id, Name, Con (151 more) ..."
17:50:18.0 (3486324)|STATEMENT_EXECUTE|[10]
17:50:18.0 (3489409)|STATEMENT_EXECUTE|[11]
17:50:18.0 (3493505)|HEAP_ALLOCATE|[11]|Bytes:21
17:50:18.0 (3498568)|HEAP_ALLOCATE|[11]|Bytes:1
17:50:18.0 (3506725)|HEAP_ALLOCATE|[11]|Bytes:40
17:50:18.0 (3518469)|HEAP_ALLOCATE|[11]|Bytes:211
17:50:18.0 (3528827)|VARIABLE_ASSIGNMENT|[11]|squery|"SELECT Id, Name, Con (191 more) ..."
17:50:18.0 (3538197)|HEAP_ALLOCATE|[12]|Bytes:3
17:50:18.0 (3560858)|STATEMENT_EXECUTE|[12]
17:50:18.0 (3563034)|STATEMENT_EXECUTE|[13]
17:50:18.0 (3565759)|HEAP_ALLOCATE|[13]|Bytes:31
17:50:18.0 (3574517)|HEAP_ALLOCATE|[13]|Bytes:38
17:50:18.0 (3580932)|HEAP_ALLOCATE|[13]|Bytes:249
17:50:18.0 (3591968)|VARIABLE_ASSIGNMENT|[13]|squery|"SELECT Id, Name, Con (229 more) ..."
17:50:18.0 (3603071)|STATEMENT_EXECUTE|[20]
17:50:18.0 (3617794)|USER_DEBUG|[20]|DEBUG|SELECT Id, Name, Contact__r.Name,Contact__r.Birthdate,Job_Category__c,RecordType.DeveloperName,Amount__c,Location__c,Office__c,Submitted__c,Status__C FROM Compensation__c where contact__r.id='003f200002PxJqDAAV' and RecordType.DeveloperName='Salary'
17:50:18.0 (3632699)|STATEMENT_EXECUTE|[21]
17:50:18.0 (4684886)|SOQL_EXECUTE_BEGIN|[21]|Aggregations:0|SELECT Id, Name, Contact__r.Name,Contact__r.Birthdate,Job_Category__c,RecordType.DeveloperName,Amount__c,Location__c,Office__c,Submitted__c,Status__C FROM Compensation__c where contact__r.id='003f200002PxJqDAAV' and RecordType.DeveloperName='Salary'
17:50:18.0 (25001198)|SOQL_EXECUTE_END|[21]|Rows:2
17:50:18.0 (25038597)|HEAP_ALLOCATE|[21]|Bytes:12
17:50:18.0 (25086883)|HEAP_ALLOCATE|[21]|Bytes:643
17:50:18.0 (25220318)|HEAP_ALLOCATE|[21]|Bytes:12
17:50:18.0 (25252883)|VARIABLE_SCOPE_BEGIN|[21]|returnList|List<Compensation__c>|true|false
17:50:18.0 (25370458)|VARIABLE_ASSIGNMENT|[21]|returnList|[{"Id":"a06f200000XDMs0AAH","Name":"Compensation Iniesta","Contact__c":"003f200002PxJqDAAV","Job_Category__c":"Junior","RecordTypeId":"012f2000000qOpwAAE","Location__c":"India","Office__c":"Chennai","Submitted__c":true,"Status__c":"NOT SUBMITTED","Contact__r":{"Name":"Andres Iniesta","Birthdate":"1988-05-23T00:00:00.000Z","Id":"003f200002PxJqDAAV"},"RecordType":{"DeveloperName":"Salary","Id":"012f2000000qOpwAAE"}},{"Id":"a06f200000XDVJRAA5","Name":"Nuevita","Contact__c":"003f200002PxJqDAAV","Job_Category__c":"Senior","RecordTypeId":"012f2000000qOpwAAE","Amount__c":"100","Location__c":"US","Office__c":"Michigan","Submitted__c":false,"Status__c":"NOT SUBMITTED","Contact__r":{"Name":"Andres Iniesta","Birthdate":"1988-05-23T00:00:00.000Z","Id":"003f200002PxJqDAAV"},"RecordType":{"DeveloperName":"Salary","Id":"012f2000000qOpwAAE"}}]|0x63289ee7
17:50:18.0 (25395978)|STATEMENT_EXECUTE|[25]
17:50:18.0 (25415797)|SYSTEM_MODE_EXIT|false
17:50:18.25 (25452604)|CUMULATIVE_LIMIT_USAGE
17:50:18.25 (25452604)|LIMIT_USAGE_FOR_NS|(default)|
  Number of SOQL queries: 1 out of 100
  Number of query rows: 2 out of 50000
  Number of SOSL queries: 0 out of 20
  Number of DML statements: 0 out of 150
  Number of DML rows: 0 out of 10000
  Maximum CPU time: 0 out of 10000
  Maximum heap size: 0 out of 6000000
  Number of callouts: 0 out of 100
  Number of Email Invocations: 0 out of 10
  Number of future calls: 0 out of 50
  Number of queueable jobs added to the queue: 0 out of 50
  Number of Mobile Apex push calls: 0 out of 10

17:50:18.25 (25452604)|CUMULATIVE_LIMIT_USAGE_END

17:50:18.0 (25490173)|CODE_UNIT_FINISHED|CompensationsController.getCompensations(String, String)
17:50:18.0 (25625425)|CODE_UNIT_FINISHED|Aura
17:50:18.0 (26841300)|EXECUTION_FINISHED
