43.0 APEX_CODE,FINEST;APEX_PROFILING,INFO;CALLOUT,INFO;DB,INFO;NBA,INFO;SYSTEM,DEBUG;VALIDATION,INFO;VISUALFORCE,INFO;WAVE,INFO;WORKFLOW,INFO
16:14:52.0 (60745)|USER_INFO|[EXTERNAL]|005f2000008Qgef|gabriel.arce@salesforce.com|Argentine Time|GMT-03:00
16:14:52.0 (83961)|EXECUTION_STARTED
16:14:52.0 (87279)|CODE_UNIT_STARTED|[EXTERNAL]|Aura
16:14:52.0 (690874)|HEAP_ALLOCATE|[72]|Bytes:3
16:14:52.0 (747398)|HEAP_ALLOCATE|[77]|Bytes:152
16:14:52.0 (762324)|HEAP_ALLOCATE|[342]|Bytes:408
16:14:52.0 (778370)|HEAP_ALLOCATE|[355]|Bytes:408
16:14:52.0 (789905)|HEAP_ALLOCATE|[467]|Bytes:48
16:14:52.0 (811733)|HEAP_ALLOCATE|[139]|Bytes:6
16:14:52.0 (832408)|HEAP_ALLOCATE|[EXTERNAL]|Bytes:3
16:14:52.0 (856992)|HEAP_ALLOCATE|[EXTERNAL]|Bytes:3
16:14:52.0 (1649827)|CODE_UNIT_STARTED|[EXTERNAL]|01pf2000002PUqf|CompensationsController.getCompensations(String)
16:14:52.0 (1730620)|HEAP_ALLOCATE|[EXTERNAL]|Bytes:7
16:14:52.0 (1737971)|HEAP_ALLOCATE|[EXTERNAL]|Bytes:3
16:14:52.0 (1747253)|METHOD_ENTRY|[1]|01pf2000002PUqf|CompensationsController.CompensationsController()
16:14:52.0 (1752240)|STATEMENT_EXECUTE|[1]
16:14:52.0 (1755704)|STATEMENT_EXECUTE|[1]
16:14:52.0 (1786105)|HEAP_ALLOCATE|[50]|Bytes:5
16:14:52.0 (1804267)|HEAP_ALLOCATE|[56]|Bytes:5
16:14:52.0 (1811496)|HEAP_ALLOCATE|[64]|Bytes:7
16:14:52.0 (1827313)|SYSTEM_MODE_ENTER|false
16:14:52.0 (1836096)|HEAP_ALLOCATE|[EXTERNAL]|Bytes:5
16:14:52.0 (1841898)|SYSTEM_MODE_EXIT|false
16:14:52.0 (1848688)|METHOD_EXIT|[1]|CompensationsController
16:14:52.0 (1853017)|HEAP_ALLOCATE|[EXTERNAL]|Bytes:3
16:14:52.0 (1858302)|SYSTEM_MODE_ENTER|false
16:14:52.0 (1866281)|VARIABLE_SCOPE_BEGIN|[5]|recordType|String|false|false
16:14:52.0 (1892584)|VARIABLE_ASSIGNMENT|[5]|recordType|"All"
16:14:52.0 (1903854)|HEAP_ALLOCATE|[7]|Bytes:5
16:14:52.0 (1908262)|STATEMENT_EXECUTE|[5]
16:14:52.0 (1910241)|STATEMENT_EXECUTE|[7]
16:14:52.0 (1912789)|HEAP_ALLOCATE|[7]|Bytes:21
16:14:52.0 (1976879)|USER_DEBUG|[7]|DEBUG|Accesing to the list 
16:14:52.0 (21480241)|STATEMENT_EXECUTE|[8]
16:14:52.0 (21487598)|HEAP_ALLOCATE|[8]|Bytes:6
16:14:52.0 (21503787)|HEAP_ALLOCATE|[8]|Bytes:9
16:14:52.0 (21527994)|USER_DEBUG|[8]|DEBUG|Llegó:All
16:14:52.0 (21541858)|HEAP_ALLOCATE|[9]|Bytes:3
16:14:52.0 (21556064)|STATEMENT_EXECUTE|[9]
16:14:52.0 (21557963)|STATEMENT_EXECUTE|[11]
16:14:52.0 (21560676)|HEAP_ALLOCATE|[11]|Bytes:178
16:14:52.0 (21574645)|HEAP_ALLOCATE|[11]|Bytes:4
16:14:52.0 (22245315)|SOQL_EXECUTE_BEGIN|[11]|Aggregations:0|SELECT Id, Name, Contact__r.Name, Contact__r.Birthdate, Job_Category__c, RecordType.DeveloperName, Amount__c, Location__c, Office__c, Submitted__c, Status__C FROM Compensation__c
16:14:52.0 (32447669)|SOQL_EXECUTE_END|[11]|Rows:12
16:14:52.0 (32471463)|HEAP_ALLOCATE|[11]|Bytes:52
16:14:52.0 (32544913)|HEAP_ALLOCATE|[11]|Bytes:3535
16:14:52.0 (32571832)|HEAP_ALLOCATE|[11]|Bytes:52
16:14:52.0 (32590532)|SYSTEM_MODE_EXIT|false
16:14:52.32 (32619497)|CUMULATIVE_LIMIT_USAGE
16:14:52.32 (32619497)|LIMIT_USAGE_FOR_NS|(default)|
  Number of SOQL queries: 1 out of 100
  Number of query rows: 12 out of 50000
  Number of SOSL queries: 0 out of 20
  Number of DML statements: 0 out of 150
  Number of DML rows: 0 out of 10000
  Maximum CPU time: 0 out of 10000
  Maximum heap size: 0 out of 6000000
  Number of callouts: 0 out of 100
  Number of Email Invocations: 0 out of 10
  Number of future calls: 0 out of 50
  Number of queueable jobs added to the queue: 0 out of 50
  Number of Mobile Apex push calls: 0 out of 10

16:14:52.32 (32619497)|CUMULATIVE_LIMIT_USAGE_END

16:14:52.0 (32654236)|CODE_UNIT_FINISHED|CompensationsController.getCompensations(String)
16:14:52.0 (33054930)|CODE_UNIT_FINISHED|Aura
16:14:52.0 (34136192)|EXECUTION_FINISHED
