43.0 APEX_CODE,FINEST;APEX_PROFILING,INFO;CALLOUT,INFO;DB,INFO;NBA,INFO;SYSTEM,DEBUG;VALIDATION,INFO;VISUALFORCE,INFO;WAVE,INFO;WORKFLOW,INFO
17:58:40.0 (417774)|USER_INFO|[EXTERNAL]|005f2000008Qgef|gabriel.arce@salesforce.com|Argentine Time|GMT-03:00
17:58:40.0 (458856)|EXECUTION_STARTED
17:58:40.0 (464027)|CODE_UNIT_STARTED|[EXTERNAL]|Aura
17:58:40.0 (1576907)|HEAP_ALLOCATE|[72]|Bytes:3
17:58:40.0 (1635374)|HEAP_ALLOCATE|[77]|Bytes:152
17:58:40.0 (1654078)|HEAP_ALLOCATE|[342]|Bytes:408
17:58:40.0 (1669591)|HEAP_ALLOCATE|[355]|Bytes:408
17:58:40.0 (1682109)|HEAP_ALLOCATE|[467]|Bytes:48
17:58:40.0 (1704715)|HEAP_ALLOCATE|[139]|Bytes:6
17:58:40.0 (1722493)|HEAP_ALLOCATE|[EXTERNAL]|Bytes:3
17:58:40.0 (1731857)|HEAP_ALLOCATE|[EXTERNAL]|Bytes:3
17:58:40.0 (2503870)|CODE_UNIT_STARTED|[EXTERNAL]|01pf2000002PUqf|CompensationsController.getCompensations(String, String)
17:58:40.0 (2592188)|HEAP_ALLOCATE|[EXTERNAL]|Bytes:7
17:58:40.0 (2599088)|HEAP_ALLOCATE|[EXTERNAL]|Bytes:4
17:58:40.0 (2610387)|METHOD_ENTRY|[1]|01pf2000002PUqf|CompensationsController.CompensationsController()
17:58:40.0 (2616806)|STATEMENT_EXECUTE|[1]
17:58:40.0 (2622941)|STATEMENT_EXECUTE|[1]
17:58:40.0 (2656607)|HEAP_ALLOCATE|[50]|Bytes:5
17:58:40.0 (2681584)|HEAP_ALLOCATE|[56]|Bytes:5
17:58:40.0 (2689552)|HEAP_ALLOCATE|[64]|Bytes:7
17:58:40.0 (2706496)|SYSTEM_MODE_ENTER|false
17:58:40.0 (2722103)|HEAP_ALLOCATE|[EXTERNAL]|Bytes:5
17:58:40.0 (2730619)|SYSTEM_MODE_EXIT|false
17:58:40.0 (2739557)|METHOD_EXIT|[1]|CompensationsController
17:58:40.0 (2744951)|HEAP_ALLOCATE|[EXTERNAL]|Bytes:3
17:58:40.0 (2751193)|SYSTEM_MODE_ENTER|false
17:58:40.0 (2757958)|VARIABLE_SCOPE_BEGIN|[5]|contactRecordId|String|false|false
17:58:40.0 (2776842)|VARIABLE_ASSIGNMENT|[5]|contactRecordId|null
17:58:40.0 (2782443)|VARIABLE_SCOPE_BEGIN|[5]|recordType|String|false|false
17:58:40.0 (2793815)|VARIABLE_ASSIGNMENT|[5]|recordType|"All"
17:58:40.0 (2805874)|HEAP_ALLOCATE|[7]|Bytes:5
17:58:40.0 (2810461)|STATEMENT_EXECUTE|[5]
17:58:40.0 (2812392)|STATEMENT_EXECUTE|[7]
17:58:40.0 (2814931)|HEAP_ALLOCATE|[7]|Bytes:1
17:58:40.0 (2828943)|HEAP_ALLOCATE|[7]|Bytes:8
17:58:40.0 (2875796)|USER_DEBUG|[7]|DEBUG|null All
17:58:40.0 (2887356)|STATEMENT_EXECUTE|[9]
17:58:40.0 (2890389)|HEAP_ALLOCATE|[9]|Bytes:171
17:58:40.0 (2896329)|VARIABLE_SCOPE_BEGIN|[9]|squery|String|false|false
17:58:40.0 (2910354)|VARIABLE_ASSIGNMENT|[9]|squery|"SELECT Id, Name, Con (151 more) ..."
17:58:40.0 (2916231)|STATEMENT_EXECUTE|[15]
17:58:40.0 (2919363)|HEAP_ALLOCATE|[16]|Bytes:3
17:58:40.0 (2939087)|STATEMENT_EXECUTE|[16]
17:58:40.0 (2940780)|STATEMENT_EXECUTE|[20]
17:58:40.0 (2951404)|USER_DEBUG|[20]|DEBUG|SELECT Id, Name, Contact__r.Name,Contact__r.Birthdate,Job_Category__c,RecordType.DeveloperName,Amount__c,Location__c,Office__c,Submitted__c,Status__C FROM Compensation__c 
17:58:40.0 (2960889)|STATEMENT_EXECUTE|[21]
17:58:40.0 (5097715)|SOQL_EXECUTE_BEGIN|[21]|Aggregations:0|SELECT Id, Name, Contact__r.Name,Contact__r.Birthdate,Job_Category__c,RecordType.DeveloperName,Amount__c,Location__c,Office__c,Submitted__c,Status__C FROM Compensation__c 
17:58:40.0 (13607980)|SOQL_EXECUTE_END|[21]|Rows:12
17:58:40.0 (13633371)|HEAP_ALLOCATE|[21]|Bytes:52
17:58:40.0 (13701252)|HEAP_ALLOCATE|[21]|Bytes:3535
17:58:40.0 (13774889)|HEAP_ALLOCATE|[21]|Bytes:52
17:58:40.0 (13802114)|VARIABLE_SCOPE_BEGIN|[21]|returnList|List<Compensation__c>|true|false
17:58:40.0 (13832076)|VARIABLE_ASSIGNMENT|[21]|returnList|"List of size 12 too large to display"|0x506b8d5c
17:58:40.0 (13839805)|STATEMENT_EXECUTE|[25]
17:58:40.0 (13850752)|SYSTEM_MODE_EXIT|false
17:58:40.13 (13880750)|CUMULATIVE_LIMIT_USAGE
17:58:40.13 (13880750)|LIMIT_USAGE_FOR_NS|(default)|
  Number of SOQL queries: 1 out of 100
  Number of query rows: 12 out of 50000
  Number of SOSL queries: 0 out of 20
  Number of DML statements: 0 out of 150
  Number of DML rows: 0 out of 10000
  Maximum CPU time: 0 out of 10000
  Maximum heap size: 0 out of 6000000
  Number of callouts: 0 out of 100
  Number of Email Invocations: 0 out of 10
  Number of future calls: 0 out of 50
  Number of queueable jobs added to the queue: 0 out of 50
  Number of Mobile Apex push calls: 0 out of 10

17:58:40.13 (13880750)|CUMULATIVE_LIMIT_USAGE_END

17:58:40.0 (13916898)|CODE_UNIT_FINISHED|CompensationsController.getCompensations(String, String)
17:58:40.0 (14285821)|CODE_UNIT_FINISHED|Aura
17:58:40.0 (15439710)|EXECUTION_FINISHED
