43.0 APEX_CODE,FINEST;APEX_PROFILING,INFO;CALLOUT,INFO;DB,INFO;NBA,INFO;SYSTEM,DEBUG;VALIDATION,INFO;VISUALFORCE,INFO;WAVE,INFO;WORKFLOW,INFO
16:47:53.0 (90989)|USER_INFO|[EXTERNAL]|005f2000008Qgef|gabriel.arce@salesforce.com|Argentine Time|GMT-03:00
16:47:53.0 (245020)|EXECUTION_STARTED
16:47:53.0 (250678)|CODE_UNIT_STARTED|[EXTERNAL]|Aura
16:47:53.0 (1042362)|HEAP_ALLOCATE|[72]|Bytes:3
16:47:53.0 (1116601)|HEAP_ALLOCATE|[77]|Bytes:152
16:47:53.0 (1136461)|HEAP_ALLOCATE|[342]|Bytes:408
16:47:53.0 (1152289)|HEAP_ALLOCATE|[355]|Bytes:408
16:47:53.0 (1163571)|HEAP_ALLOCATE|[467]|Bytes:48
16:47:53.0 (1187633)|HEAP_ALLOCATE|[139]|Bytes:6
16:47:53.0 (1207783)|HEAP_ALLOCATE|[EXTERNAL]|Bytes:3
16:47:53.0 (1235362)|HEAP_ALLOCATE|[EXTERNAL]|Bytes:3
16:47:53.0 (2083993)|CODE_UNIT_STARTED|[EXTERNAL]|01pf2000002PUqf|CompensationsController.getCompensations(String)
16:47:53.0 (2188410)|HEAP_ALLOCATE|[EXTERNAL]|Bytes:7
16:47:53.0 (2195422)|HEAP_ALLOCATE|[EXTERNAL]|Bytes:3
16:47:53.0 (2224738)|METHOD_ENTRY|[1]|01pf2000002PUqf|CompensationsController.CompensationsController()
16:47:53.0 (2232183)|STATEMENT_EXECUTE|[1]
16:47:53.0 (2238486)|STATEMENT_EXECUTE|[1]
16:47:53.0 (2271569)|HEAP_ALLOCATE|[50]|Bytes:5
16:47:53.0 (2298494)|HEAP_ALLOCATE|[56]|Bytes:5
16:47:53.0 (2305872)|HEAP_ALLOCATE|[64]|Bytes:7
16:47:53.0 (2323229)|SYSTEM_MODE_ENTER|false
16:47:53.0 (2416971)|HEAP_ALLOCATE|[EXTERNAL]|Bytes:5
16:47:53.0 (2425744)|SYSTEM_MODE_EXIT|false
16:47:53.0 (2444876)|METHOD_EXIT|[1]|CompensationsController
16:47:53.0 (2450750)|HEAP_ALLOCATE|[EXTERNAL]|Bytes:3
16:47:53.0 (2458673)|SYSTEM_MODE_ENTER|false
16:47:53.0 (2465699)|VARIABLE_SCOPE_BEGIN|[5]|recordType|String|false|false
16:47:53.0 (2492098)|VARIABLE_ASSIGNMENT|[5]|recordType|"All"
16:47:53.0 (2505210)|HEAP_ALLOCATE|[7]|Bytes:5
16:47:53.0 (2509965)|STATEMENT_EXECUTE|[5]
16:47:53.0 (2511950)|STATEMENT_EXECUTE|[7]
16:47:53.0 (2514742)|HEAP_ALLOCATE|[7]|Bytes:21
16:47:53.0 (2581130)|USER_DEBUG|[7]|DEBUG|Accesing to the list 
16:47:53.0 (2610549)|STATEMENT_EXECUTE|[8]
16:47:53.0 (2614212)|HEAP_ALLOCATE|[8]|Bytes:6
16:47:53.0 (2632864)|HEAP_ALLOCATE|[8]|Bytes:9
16:47:53.0 (2652462)|USER_DEBUG|[8]|DEBUG|Llegó:All
16:47:53.0 (2666432)|HEAP_ALLOCATE|[9]|Bytes:3
16:47:53.0 (2688089)|STATEMENT_EXECUTE|[9]
16:47:53.0 (2689760)|STATEMENT_EXECUTE|[11]
16:47:53.0 (2696792)|HEAP_ALLOCATE|[11]|Bytes:178
16:47:53.0 (2717223)|HEAP_ALLOCATE|[11]|Bytes:4
16:47:53.0 (3510967)|SOQL_EXECUTE_BEGIN|[11]|Aggregations:0|SELECT Id, Name, Contact__r.Name, Contact__r.Birthdate, Job_Category__c, RecordType.DeveloperName, Amount__c, Location__c, Office__c, Submitted__c, Status__C FROM Compensation__c
16:47:53.0 (9947883)|SOQL_EXECUTE_END|[11]|Rows:12
16:47:53.0 (9977793)|HEAP_ALLOCATE|[11]|Bytes:52
16:47:53.0 (10062661)|HEAP_ALLOCATE|[11]|Bytes:3535
16:47:53.0 (10152598)|HEAP_ALLOCATE|[11]|Bytes:52
16:47:53.0 (10193136)|SYSTEM_MODE_EXIT|false
16:47:53.10 (10223703)|CUMULATIVE_LIMIT_USAGE
16:47:53.10 (10223703)|LIMIT_USAGE_FOR_NS|(default)|
  Number of SOQL queries: 1 out of 100
  Number of query rows: 12 out of 50000
  Number of SOSL queries: 0 out of 20
  Number of DML statements: 0 out of 150
  Number of DML rows: 0 out of 10000
  Maximum CPU time: 0 out of 10000
  Maximum heap size: 0 out of 6000000
  Number of callouts: 0 out of 100
  Number of Email Invocations: 0 out of 10
  Number of future calls: 0 out of 50
  Number of queueable jobs added to the queue: 0 out of 50
  Number of Mobile Apex push calls: 0 out of 10

16:47:53.10 (10223703)|CUMULATIVE_LIMIT_USAGE_END

16:47:53.0 (10257561)|CODE_UNIT_FINISHED|CompensationsController.getCompensations(String)
16:47:53.0 (10696495)|CODE_UNIT_FINISHED|Aura
16:47:53.0 (11909329)|EXECUTION_FINISHED
16:47:53.13 (13433547)|USER_INFO|[EXTERNAL]|005f2000008Qgef|gabriel.arce@salesforce.com|Argentine Time|GMT-03:00
16:47:53.13 (13448745)|EXECUTION_STARTED
16:47:53.13 (13452638)|CODE_UNIT_STARTED|[EXTERNAL]|Aura
16:47:53.13 (14194438)|CODE_UNIT_STARTED|[EXTERNAL]|01pf2000002PUqf|CompensationsController.getRecordTypes()
16:47:53.13 (14260991)|SYSTEM_MODE_ENTER|false
16:47:53.13 (14285353)|HEAP_ALLOCATE|[28]|Bytes:5
16:47:53.13 (14292517)|STATEMENT_EXECUTE|[27]
16:47:53.13 (14295445)|STATEMENT_EXECUTE|[28]
16:47:53.13 (14299622)|HEAP_ALLOCATE|[28]|Bytes:74
16:47:53.13 (14322519)|HEAP_ALLOCATE|[28]|Bytes:4
16:47:53.13 (14495498)|SOQL_EXECUTE_BEGIN|[28]|Aggregations:0|SELECT DeveloperName FROM RecordType WHERE SobjectType = 'Compensation__c'
16:47:53.13 (23508375)|SOQL_EXECUTE_END|[28]|Rows:3
16:47:53.13 (23546011)|HEAP_ALLOCATE|[28]|Bytes:16
16:47:53.13 (23568943)|HEAP_ALLOCATE|[28]|Bytes:157
16:47:53.13 (23674349)|HEAP_ALLOCATE|[28]|Bytes:16
16:47:53.13 (23703935)|VARIABLE_SCOPE_BEGIN|[28]|recordTypesCompensation|List<RecordType>|true|false
16:47:53.13 (23761321)|VARIABLE_ASSIGNMENT|[28]|recordTypesCompensation|[{"DeveloperName":"Research","Id":"012f2000000qOq6AAE"},{"DeveloperName":"Salary","Id":"012f2000000qOpwAAE"},{"DeveloperName":"Study","Id":"012f2000000qOq1AAE"}]|0x611ba57b
16:47:53.13 (23772794)|STATEMENT_EXECUTE|[30]
16:47:53.13 (23814665)|HEAP_ALLOCATE|[30]|Bytes:4
16:47:53.13 (23927718)|VARIABLE_SCOPE_BEGIN|[30]|nameList|List<String>|true|false
16:47:53.13 (23957355)|HEAP_ALLOCATE|[EXTERNAL]|Bytes:4
16:47:53.13 (23968609)|VARIABLE_ASSIGNMENT|[30]|nameList|[]|0x65d8c86
16:47:53.13 (23974264)|STATEMENT_EXECUTE|[31]
16:47:53.13 (24030258)|HEAP_ALLOCATE|[EXTERNAL]|Bytes:4
16:47:53.13 (24270369)|HEAP_ALLOCATE|[33]|Bytes:5
16:47:53.13 (24330195)|HEAP_ALLOCATE|[33]|Bytes:12
16:47:53.13 (24363754)|VARIABLE_SCOPE_BEGIN|[33]|r|RecordType|true|false
16:47:53.13 (24384775)|VARIABLE_ASSIGNMENT|[33]|r|{"DeveloperName":"Research","Id":"012f2000000qOq6AAE"}|0xc7f5510
16:47:53.13 (24392514)|STATEMENT_EXECUTE|[33]
16:47:53.13 (24394668)|STATEMENT_EXECUTE|[35]
16:47:53.13 (24462961)|HEAP_ALLOCATE|[EXTERNAL]|Bytes:4
16:47:53.13 (24481721)|HEAP_ALLOCATE|[33]|Bytes:5
16:47:53.13 (24493654)|HEAP_ALLOCATE|[33]|Bytes:12
16:47:53.13 (24500124)|VARIABLE_SCOPE_BEGIN|[33]|r|RecordType|true|false
16:47:53.13 (24519068)|VARIABLE_ASSIGNMENT|[33]|r|{"DeveloperName":"Salary","Id":"012f2000000qOpwAAE"}|0x662cd1a5
16:47:53.13 (24526056)|STATEMENT_EXECUTE|[33]
16:47:53.13 (24527636)|STATEMENT_EXECUTE|[35]
16:47:53.13 (24539503)|HEAP_ALLOCATE|[EXTERNAL]|Bytes:4
16:47:53.13 (24550899)|HEAP_ALLOCATE|[33]|Bytes:5
16:47:53.13 (24560382)|HEAP_ALLOCATE|[33]|Bytes:12
16:47:53.13 (24565270)|VARIABLE_SCOPE_BEGIN|[33]|r|RecordType|true|false
16:47:53.13 (24578065)|VARIABLE_ASSIGNMENT|[33]|r|{"DeveloperName":"Study","Id":"012f2000000qOq1AAE"}|0x1b6bc48c
16:47:53.13 (24583202)|STATEMENT_EXECUTE|[33]
16:47:53.13 (24584907)|STATEMENT_EXECUTE|[35]
16:47:53.13 (24592080)|HEAP_ALLOCATE|[EXTERNAL]|Bytes:4
16:47:53.13 (24602244)|HEAP_ALLOCATE|[33]|Bytes:5
16:47:53.13 (24612810)|VARIABLE_ASSIGNMENT|[33]|r|null|
16:47:53.13 (24618994)|STATEMENT_EXECUTE|[37]
16:47:53.13 (24634091)|SYSTEM_MODE_EXIT|false
16:47:53.24 (24658920)|CUMULATIVE_LIMIT_USAGE
16:47:53.24 (24658920)|LIMIT_USAGE_FOR_NS|(default)|
  Number of SOQL queries: 2 out of 100
  Number of query rows: 15 out of 50000
  Number of SOSL queries: 0 out of 20
  Number of DML statements: 0 out of 150
  Number of DML rows: 0 out of 10000
  Maximum CPU time: 0 out of 10000
  Maximum heap size: 0 out of 6000000
  Number of callouts: 0 out of 100
  Number of Email Invocations: 0 out of 10
  Number of future calls: 0 out of 50
  Number of queueable jobs added to the queue: 0 out of 50
  Number of Mobile Apex push calls: 0 out of 10

16:47:53.24 (24658920)|CUMULATIVE_LIMIT_USAGE_END

16:47:53.13 (24696021)|CODE_UNIT_FINISHED|CompensationsController.getRecordTypes()
16:47:53.13 (24791913)|CODE_UNIT_FINISHED|Aura
16:47:53.13 (25990577)|EXECUTION_FINISHED
