43.0 APEX_CODE,FINEST;APEX_PROFILING,INFO;CALLOUT,INFO;DB,INFO;NBA,INFO;SYSTEM,DEBUG;VALIDATION,INFO;VISUALFORCE,INFO;WAVE,INFO;WORKFLOW,INFO
16:45:00.0 (93918)|USER_INFO|[EXTERNAL]|005f2000008Qgef|gabriel.arce@salesforce.com|Argentine Time|GMT-03:00
16:45:00.0 (138070)|EXECUTION_STARTED
16:45:00.0 (142019)|CODE_UNIT_STARTED|[EXTERNAL]|Aura
16:45:00.0 (794343)|HEAP_ALLOCATE|[72]|Bytes:3
16:45:00.0 (839559)|HEAP_ALLOCATE|[77]|Bytes:152
16:45:00.0 (856013)|HEAP_ALLOCATE|[342]|Bytes:408
16:45:00.0 (872115)|HEAP_ALLOCATE|[355]|Bytes:408
16:45:00.0 (883451)|HEAP_ALLOCATE|[467]|Bytes:48
16:45:00.0 (905465)|HEAP_ALLOCATE|[139]|Bytes:6
16:45:00.0 (924626)|HEAP_ALLOCATE|[EXTERNAL]|Bytes:3
16:45:00.0 (937947)|HEAP_ALLOCATE|[EXTERNAL]|Bytes:3
16:45:00.0 (2118758)|CODE_UNIT_STARTED|[EXTERNAL]|01pf2000002PUqf|CompensationsController.getCompensations(String)
16:45:00.0 (2217234)|HEAP_ALLOCATE|[EXTERNAL]|Bytes:7
16:45:00.0 (2225760)|HEAP_ALLOCATE|[EXTERNAL]|Bytes:3
16:45:00.0 (2236584)|METHOD_ENTRY|[1]|01pf2000002PUqf|CompensationsController.CompensationsController()
16:45:00.0 (2242805)|STATEMENT_EXECUTE|[1]
16:45:00.0 (2248083)|STATEMENT_EXECUTE|[1]
16:45:00.0 (2277168)|HEAP_ALLOCATE|[50]|Bytes:5
16:45:00.0 (2300000)|HEAP_ALLOCATE|[56]|Bytes:5
16:45:00.0 (2307787)|HEAP_ALLOCATE|[64]|Bytes:7
16:45:00.0 (2326241)|SYSTEM_MODE_ENTER|false
16:45:00.0 (2337748)|HEAP_ALLOCATE|[EXTERNAL]|Bytes:5
16:45:00.0 (2344196)|SYSTEM_MODE_EXIT|false
16:45:00.0 (2351758)|METHOD_EXIT|[1]|CompensationsController
16:45:00.0 (2356799)|HEAP_ALLOCATE|[EXTERNAL]|Bytes:3
16:45:00.0 (2363414)|SYSTEM_MODE_ENTER|false
16:45:00.0 (2369849)|VARIABLE_SCOPE_BEGIN|[5]|recordType|String|false|false
16:45:00.0 (2393103)|VARIABLE_ASSIGNMENT|[5]|recordType|"All"
16:45:00.0 (2405077)|HEAP_ALLOCATE|[7]|Bytes:5
16:45:00.0 (2409690)|STATEMENT_EXECUTE|[5]
16:45:00.0 (2411683)|STATEMENT_EXECUTE|[7]
16:45:00.0 (2414221)|HEAP_ALLOCATE|[7]|Bytes:21
16:45:00.0 (2455932)|USER_DEBUG|[7]|DEBUG|Accesing to the list 
16:45:00.0 (2467118)|STATEMENT_EXECUTE|[8]
16:45:00.0 (2469567)|HEAP_ALLOCATE|[8]|Bytes:6
16:45:00.0 (2481324)|HEAP_ALLOCATE|[8]|Bytes:9
16:45:00.0 (2492698)|USER_DEBUG|[8]|DEBUG|Llegó:All
16:45:00.0 (2500899)|HEAP_ALLOCATE|[9]|Bytes:3
16:45:00.0 (2514046)|STATEMENT_EXECUTE|[9]
16:45:00.0 (2515696)|STATEMENT_EXECUTE|[11]
16:45:00.0 (2518058)|HEAP_ALLOCATE|[11]|Bytes:178
16:45:00.0 (2536455)|HEAP_ALLOCATE|[11]|Bytes:4
16:45:00.0 (3333076)|SOQL_EXECUTE_BEGIN|[11]|Aggregations:0|SELECT Id, Name, Contact__r.Name, Contact__r.Birthdate, Job_Category__c, RecordType.DeveloperName, Amount__c, Location__c, Office__c, Submitted__c, Status__C FROM Compensation__c
16:45:00.0 (10183259)|SOQL_EXECUTE_END|[11]|Rows:12
16:45:00.0 (10232195)|HEAP_ALLOCATE|[11]|Bytes:52
16:45:00.0 (10314342)|HEAP_ALLOCATE|[11]|Bytes:3535
16:45:00.0 (10428880)|HEAP_ALLOCATE|[11]|Bytes:52
16:45:00.0 (10460480)|SYSTEM_MODE_EXIT|false
16:45:00.10 (10490529)|CUMULATIVE_LIMIT_USAGE
16:45:00.10 (10490529)|LIMIT_USAGE_FOR_NS|(default)|
  Number of SOQL queries: 1 out of 100
  Number of query rows: 12 out of 50000
  Number of SOSL queries: 0 out of 20
  Number of DML statements: 0 out of 150
  Number of DML rows: 0 out of 10000
  Maximum CPU time: 0 out of 10000
  Maximum heap size: 0 out of 6000000
  Number of callouts: 0 out of 100
  Number of Email Invocations: 0 out of 10
  Number of future calls: 0 out of 50
  Number of queueable jobs added to the queue: 0 out of 50
  Number of Mobile Apex push calls: 0 out of 10

16:45:00.10 (10490529)|CUMULATIVE_LIMIT_USAGE_END

16:45:00.0 (10522917)|CODE_UNIT_FINISHED|CompensationsController.getCompensations(String)
16:45:00.0 (11126189)|CODE_UNIT_FINISHED|Aura
16:45:00.0 (12868731)|EXECUTION_FINISHED
16:45:00.21 (21636874)|USER_INFO|[EXTERNAL]|005f2000008Qgef|gabriel.arce@salesforce.com|Argentine Time|GMT-03:00
16:45:00.21 (21664514)|EXECUTION_STARTED
16:45:00.21 (21670391)|CODE_UNIT_STARTED|[EXTERNAL]|Aura
16:45:00.21 (22823688)|CODE_UNIT_STARTED|[EXTERNAL]|01pf2000002PUqf|CompensationsController.getRecordTypes()
16:45:00.21 (22907112)|SYSTEM_MODE_ENTER|false
16:45:00.21 (22935294)|HEAP_ALLOCATE|[28]|Bytes:5
16:45:00.21 (22947829)|STATEMENT_EXECUTE|[27]
16:45:00.21 (22951789)|STATEMENT_EXECUTE|[28]
16:45:00.21 (22956674)|HEAP_ALLOCATE|[28]|Bytes:74
16:45:00.21 (22976030)|HEAP_ALLOCATE|[28]|Bytes:4
16:45:00.21 (23160767)|SOQL_EXECUTE_BEGIN|[28]|Aggregations:0|SELECT DeveloperName FROM RecordType WHERE SobjectType = 'Compensation__c'
16:45:00.21 (31516645)|SOQL_EXECUTE_END|[28]|Rows:3
16:45:00.21 (31542265)|HEAP_ALLOCATE|[28]|Bytes:16
16:45:00.21 (31563696)|HEAP_ALLOCATE|[28]|Bytes:157
16:45:00.21 (31640843)|HEAP_ALLOCATE|[28]|Bytes:16
16:45:00.21 (31661702)|VARIABLE_SCOPE_BEGIN|[28]|recordTypesCompensation|List<RecordType>|true|false
16:45:00.21 (31713328)|VARIABLE_ASSIGNMENT|[28]|recordTypesCompensation|[{"DeveloperName":"Research","Id":"012f2000000qOq6AAE"},{"DeveloperName":"Salary","Id":"012f2000000qOpwAAE"},{"DeveloperName":"Study","Id":"012f2000000qOq1AAE"}]|0x6fd842c2
16:45:00.21 (31723090)|STATEMENT_EXECUTE|[30]
16:45:00.21 (31739182)|HEAP_ALLOCATE|[30]|Bytes:4
16:45:00.21 (31781395)|VARIABLE_SCOPE_BEGIN|[30]|nameList|List<String>|true|false
16:45:00.21 (31808128)|HEAP_ALLOCATE|[EXTERNAL]|Bytes:4
16:45:00.21 (31819667)|VARIABLE_ASSIGNMENT|[30]|nameList|[]|0x476dd3f
16:45:00.21 (31825777)|STATEMENT_EXECUTE|[31]
16:45:00.21 (31875741)|HEAP_ALLOCATE|[EXTERNAL]|Bytes:4
16:45:00.21 (32093515)|HEAP_ALLOCATE|[33]|Bytes:5
16:45:00.21 (32132660)|HEAP_ALLOCATE|[33]|Bytes:12
16:45:00.21 (32144224)|VARIABLE_SCOPE_BEGIN|[33]|r|RecordType|true|false
16:45:00.21 (32164329)|VARIABLE_ASSIGNMENT|[33]|r|{"DeveloperName":"Research","Id":"012f2000000qOq6AAE"}|0x6cc61205
16:45:00.21 (32171207)|STATEMENT_EXECUTE|[33]
16:45:00.21 (32173037)|STATEMENT_EXECUTE|[35]
16:45:00.21 (32221658)|HEAP_ALLOCATE|[EXTERNAL]|Bytes:4
16:45:00.21 (32238359)|HEAP_ALLOCATE|[33]|Bytes:5
16:45:00.21 (32250881)|HEAP_ALLOCATE|[33]|Bytes:12
16:45:00.21 (32257589)|VARIABLE_SCOPE_BEGIN|[33]|r|RecordType|true|false
16:45:00.21 (32272839)|VARIABLE_ASSIGNMENT|[33]|r|{"DeveloperName":"Salary","Id":"012f2000000qOpwAAE"}|0x5e6ba587
16:45:00.21 (32280304)|STATEMENT_EXECUTE|[33]
16:45:00.21 (32281996)|STATEMENT_EXECUTE|[35]
16:45:00.21 (32293341)|HEAP_ALLOCATE|[EXTERNAL]|Bytes:4
16:45:00.21 (32304666)|HEAP_ALLOCATE|[33]|Bytes:5
16:45:00.21 (32313047)|HEAP_ALLOCATE|[33]|Bytes:12
16:45:00.21 (32318056)|VARIABLE_SCOPE_BEGIN|[33]|r|RecordType|true|false
16:45:00.21 (32331308)|VARIABLE_ASSIGNMENT|[33]|r|{"DeveloperName":"Study","Id":"012f2000000qOq1AAE"}|0x60e60e68
16:45:00.21 (32337401)|STATEMENT_EXECUTE|[33]
16:45:00.21 (32338933)|STATEMENT_EXECUTE|[35]
16:45:00.21 (32346138)|HEAP_ALLOCATE|[EXTERNAL]|Bytes:4
16:45:00.21 (32356640)|HEAP_ALLOCATE|[33]|Bytes:5
16:45:00.21 (32367005)|VARIABLE_ASSIGNMENT|[33]|r|null|
16:45:00.21 (32371730)|STATEMENT_EXECUTE|[37]
16:45:00.21 (32383381)|SYSTEM_MODE_EXIT|false
16:45:00.32 (32406165)|CUMULATIVE_LIMIT_USAGE
16:45:00.32 (32406165)|LIMIT_USAGE_FOR_NS|(default)|
  Number of SOQL queries: 2 out of 100
  Number of query rows: 15 out of 50000
  Number of SOSL queries: 0 out of 20
  Number of DML statements: 0 out of 150
  Number of DML rows: 0 out of 10000
  Maximum CPU time: 0 out of 10000
  Maximum heap size: 0 out of 6000000
  Number of callouts: 0 out of 100
  Number of Email Invocations: 0 out of 10
  Number of future calls: 0 out of 50
  Number of queueable jobs added to the queue: 0 out of 50
  Number of Mobile Apex push calls: 0 out of 10

16:45:00.32 (32406165)|CUMULATIVE_LIMIT_USAGE_END

16:45:00.21 (32435203)|CODE_UNIT_FINISHED|CompensationsController.getRecordTypes()
16:45:00.21 (32499370)|CODE_UNIT_FINISHED|Aura
16:45:00.21 (34051868)|EXECUTION_FINISHED
