43.0 APEX_CODE,FINEST;APEX_PROFILING,INFO;CALLOUT,INFO;DB,INFO;NBA,INFO;SYSTEM,DEBUG;VALIDATION,INFO;VISUALFORCE,INFO;WAVE,INFO;WORKFLOW,INFO
15:43:19.0 (90943)|USER_INFO|[EXTERNAL]|005f2000008Qgef|gabriel.arce@salesforce.com|Argentine Time|GMT-03:00
15:43:19.0 (131660)|EXECUTION_STARTED
15:43:19.0 (137000)|CODE_UNIT_STARTED|[EXTERNAL]|Aura
15:43:19.0 (917663)|HEAP_ALLOCATE|[72]|Bytes:3
15:43:19.0 (973507)|HEAP_ALLOCATE|[77]|Bytes:152
15:43:19.0 (992076)|HEAP_ALLOCATE|[342]|Bytes:408
15:43:19.0 (1014263)|HEAP_ALLOCATE|[355]|Bytes:408
15:43:19.0 (1034046)|HEAP_ALLOCATE|[467]|Bytes:48
15:43:19.0 (1061550)|HEAP_ALLOCATE|[139]|Bytes:6
15:43:19.0 (1081791)|HEAP_ALLOCATE|[EXTERNAL]|Bytes:3
15:43:19.0 (1111788)|HEAP_ALLOCATE|[EXTERNAL]|Bytes:3
15:43:19.0 (2180089)|CODE_UNIT_STARTED|[EXTERNAL]|01pf2000002PUqf|CompensationsController.getCompensations(String)
15:43:19.0 (2292783)|HEAP_ALLOCATE|[EXTERNAL]|Bytes:7
15:43:19.0 (2303565)|HEAP_ALLOCATE|[EXTERNAL]|Bytes:3
15:43:19.0 (2315068)|METHOD_ENTRY|[1]|01pf2000002PUqf|CompensationsController.CompensationsController()
15:43:19.0 (2323879)|STATEMENT_EXECUTE|[1]
15:43:19.0 (2330001)|STATEMENT_EXECUTE|[1]
15:43:19.0 (2367918)|HEAP_ALLOCATE|[50]|Bytes:5
15:43:19.0 (2397824)|HEAP_ALLOCATE|[56]|Bytes:5
15:43:19.0 (2412315)|HEAP_ALLOCATE|[64]|Bytes:7
15:43:19.0 (2434906)|SYSTEM_MODE_ENTER|false
15:43:19.0 (2449250)|HEAP_ALLOCATE|[EXTERNAL]|Bytes:5
15:43:19.0 (2458342)|SYSTEM_MODE_EXIT|false
15:43:19.0 (2469356)|METHOD_EXIT|[1]|CompensationsController
15:43:19.0 (2476729)|HEAP_ALLOCATE|[EXTERNAL]|Bytes:3
15:43:19.0 (2485188)|SYSTEM_MODE_ENTER|false
15:43:19.0 (2494760)|VARIABLE_SCOPE_BEGIN|[5]|recordType|String|false|false
15:43:19.0 (2531298)|VARIABLE_ASSIGNMENT|[5]|recordType|"All"
15:43:19.0 (2548735)|HEAP_ALLOCATE|[7]|Bytes:5
15:43:19.0 (2556869)|STATEMENT_EXECUTE|[5]
15:43:19.0 (2559788)|STATEMENT_EXECUTE|[7]
15:43:19.0 (2563916)|HEAP_ALLOCATE|[7]|Bytes:21
15:43:19.0 (2649875)|USER_DEBUG|[7]|DEBUG|Accesing to the list 
15:43:19.0 (2692640)|STATEMENT_EXECUTE|[8]
15:43:19.0 (2697870)|HEAP_ALLOCATE|[8]|Bytes:6
15:43:19.0 (2716357)|HEAP_ALLOCATE|[8]|Bytes:9
15:43:19.0 (2742305)|USER_DEBUG|[8]|DEBUG|Llegó:All
15:43:19.0 (2757848)|HEAP_ALLOCATE|[9]|Bytes:3
15:43:19.0 (2781454)|STATEMENT_EXECUTE|[9]
15:43:19.0 (2784411)|STATEMENT_EXECUTE|[11]
15:43:19.0 (2788134)|HEAP_ALLOCATE|[11]|Bytes:178
15:43:19.0 (2814525)|HEAP_ALLOCATE|[11]|Bytes:4
15:43:19.0 (3771704)|SOQL_EXECUTE_BEGIN|[11]|Aggregations:0|SELECT Id, Name, Contact__r.Name, Contact__r.Birthdate, Job_Category__c, RecordType.DeveloperName, Amount__c, Location__c, Office__c, Submitted__c, Status__C FROM Compensation__c
15:43:19.0 (9902559)|SOQL_EXECUTE_END|[11]|Rows:12
15:43:19.0 (9927740)|HEAP_ALLOCATE|[11]|Bytes:52
15:43:19.0 (10012666)|HEAP_ALLOCATE|[11]|Bytes:3532
15:43:19.0 (10083958)|HEAP_ALLOCATE|[11]|Bytes:52
15:43:19.0 (10103525)|SYSTEM_MODE_EXIT|false
15:43:19.10 (10123756)|CUMULATIVE_LIMIT_USAGE
15:43:19.10 (10123756)|LIMIT_USAGE_FOR_NS|(default)|
  Number of SOQL queries: 1 out of 100
  Number of query rows: 12 out of 50000
  Number of SOSL queries: 0 out of 20
  Number of DML statements: 0 out of 150
  Number of DML rows: 0 out of 10000
  Maximum CPU time: 0 out of 10000
  Maximum heap size: 0 out of 6000000
  Number of callouts: 0 out of 100
  Number of Email Invocations: 0 out of 10
  Number of future calls: 0 out of 50
  Number of queueable jobs added to the queue: 0 out of 50
  Number of Mobile Apex push calls: 0 out of 10

15:43:19.10 (10123756)|CUMULATIVE_LIMIT_USAGE_END

15:43:19.0 (10155750)|CODE_UNIT_FINISHED|CompensationsController.getCompensations(String)
15:43:19.0 (10497655)|CODE_UNIT_FINISHED|Aura
15:43:19.0 (11664900)|EXECUTION_FINISHED
