43.0 APEX_CODE,FINEST;APEX_PROFILING,INFO;CALLOUT,INFO;DB,INFO;NBA,INFO;SYSTEM,DEBUG;VALIDATION,INFO;VISUALFORCE,INFO;WAVE,INFO;WORKFLOW,INFO
18:07:21.0 (402455)|USER_INFO|[EXTERNAL]|005f2000008Qgef|gabriel.arce@salesforce.com|Argentine Time|GMT-03:00
18:07:21.0 (440101)|EXECUTION_STARTED
18:07:21.0 (444176)|CODE_UNIT_STARTED|[EXTERNAL]|Aura
18:07:21.0 (2165833)|CODE_UNIT_STARTED|[EXTERNAL]|01pf2000002PUqf|CompensationsController.getRecordTypes()
18:07:21.0 (2279566)|HEAP_ALLOCATE|[72]|Bytes:3
18:07:21.0 (2315404)|HEAP_ALLOCATE|[77]|Bytes:152
18:07:21.0 (2327279)|HEAP_ALLOCATE|[342]|Bytes:408
18:07:21.0 (2339771)|HEAP_ALLOCATE|[355]|Bytes:408
18:07:21.0 (2351819)|HEAP_ALLOCATE|[467]|Bytes:48
18:07:21.0 (2371609)|HEAP_ALLOCATE|[139]|Bytes:6
18:07:21.0 (2424246)|HEAP_ALLOCATE|[EXTERNAL]|Bytes:7
18:07:21.0 (2430068)|HEAP_ALLOCATE|[EXTERNAL]|Bytes:4
18:07:21.0 (2475562)|METHOD_ENTRY|[1]|01pf2000002PUqf|CompensationsController.CompensationsController()
18:07:21.0 (2487991)|STATEMENT_EXECUTE|[1]
18:07:21.0 (2495277)|STATEMENT_EXECUTE|[1]
18:07:21.0 (2539123)|HEAP_ALLOCATE|[50]|Bytes:5
18:07:21.0 (2564344)|HEAP_ALLOCATE|[56]|Bytes:5
18:07:21.0 (2572778)|HEAP_ALLOCATE|[64]|Bytes:7
18:07:21.0 (2589966)|SYSTEM_MODE_ENTER|false
18:07:21.0 (2749929)|HEAP_ALLOCATE|[EXTERNAL]|Bytes:5
18:07:21.0 (2758720)|SYSTEM_MODE_EXIT|false
18:07:21.0 (2778377)|METHOD_EXIT|[1]|CompensationsController
18:07:21.0 (2788689)|SYSTEM_MODE_ENTER|false
18:07:21.0 (2798608)|HEAP_ALLOCATE|[30]|Bytes:5
18:07:21.0 (2803607)|STATEMENT_EXECUTE|[29]
18:07:21.0 (2805692)|STATEMENT_EXECUTE|[30]
18:07:21.0 (2808857)|HEAP_ALLOCATE|[30]|Bytes:74
18:07:21.0 (2827214)|HEAP_ALLOCATE|[30]|Bytes:4
18:07:21.0 (3162823)|SOQL_EXECUTE_BEGIN|[30]|Aggregations:0|SELECT DeveloperName FROM RecordType WHERE SobjectType = 'Compensation__c'
18:07:21.0 (13213594)|SOQL_EXECUTE_END|[30]|Rows:3
18:07:21.0 (13251223)|HEAP_ALLOCATE|[30]|Bytes:16
18:07:21.0 (13275248)|HEAP_ALLOCATE|[30]|Bytes:157
18:07:21.0 (13402741)|HEAP_ALLOCATE|[30]|Bytes:16
18:07:21.0 (13424953)|VARIABLE_SCOPE_BEGIN|[30]|recordTypesCompensation|List<RecordType>|true|false
18:07:21.0 (13481472)|VARIABLE_ASSIGNMENT|[30]|recordTypesCompensation|[{"DeveloperName":"Research","Id":"012f2000000qOq6AAE"},{"DeveloperName":"Salary","Id":"012f2000000qOpwAAE"},{"DeveloperName":"Study","Id":"012f2000000qOq1AAE"}]|0x3fbf00a3
18:07:21.0 (13491626)|STATEMENT_EXECUTE|[32]
18:07:21.0 (13507925)|HEAP_ALLOCATE|[32]|Bytes:4
18:07:21.0 (13622140)|VARIABLE_SCOPE_BEGIN|[32]|nameList|List<String>|true|false
18:07:21.0 (13653318)|HEAP_ALLOCATE|[EXTERNAL]|Bytes:4
18:07:21.0 (13666087)|VARIABLE_ASSIGNMENT|[32]|nameList|[]|0x570d3b40
18:07:21.0 (13672303)|STATEMENT_EXECUTE|[33]
18:07:21.0 (13678405)|HEAP_ALLOCATE|[33]|Bytes:3
18:07:21.0 (13730857)|HEAP_ALLOCATE|[EXTERNAL]|Bytes:4
18:07:21.0 (13927970)|HEAP_ALLOCATE|[35]|Bytes:5
18:07:21.0 (13981329)|HEAP_ALLOCATE|[35]|Bytes:12
18:07:21.0 (13993264)|VARIABLE_SCOPE_BEGIN|[35]|r|RecordType|true|false
18:07:21.0 (14014528)|VARIABLE_ASSIGNMENT|[35]|r|{"DeveloperName":"Research","Id":"012f2000000qOq6AAE"}|0x7432b87b
18:07:21.0 (14022921)|STATEMENT_EXECUTE|[35]
18:07:21.0 (14024724)|STATEMENT_EXECUTE|[37]
18:07:21.0 (14084058)|HEAP_ALLOCATE|[EXTERNAL]|Bytes:4
18:07:21.0 (14100992)|HEAP_ALLOCATE|[35]|Bytes:5
18:07:21.0 (14111785)|HEAP_ALLOCATE|[35]|Bytes:12
18:07:21.0 (14118209)|VARIABLE_SCOPE_BEGIN|[35]|r|RecordType|true|false
18:07:21.0 (14133629)|VARIABLE_ASSIGNMENT|[35]|r|{"DeveloperName":"Salary","Id":"012f2000000qOpwAAE"}|0x4adb5a86
18:07:21.0 (14139729)|STATEMENT_EXECUTE|[35]
18:07:21.0 (14141332)|STATEMENT_EXECUTE|[37]
18:07:21.0 (14152195)|HEAP_ALLOCATE|[EXTERNAL]|Bytes:4
18:07:21.0 (14163057)|HEAP_ALLOCATE|[35]|Bytes:5
18:07:21.0 (14171974)|HEAP_ALLOCATE|[35]|Bytes:12
18:07:21.0 (14177818)|VARIABLE_SCOPE_BEGIN|[35]|r|RecordType|true|false
18:07:21.0 (14190674)|VARIABLE_ASSIGNMENT|[35]|r|{"DeveloperName":"Study","Id":"012f2000000qOq1AAE"}|0x1ff8d17e
18:07:21.0 (14197012)|STATEMENT_EXECUTE|[35]
18:07:21.0 (14198527)|STATEMENT_EXECUTE|[37]
18:07:21.0 (14205528)|HEAP_ALLOCATE|[EXTERNAL]|Bytes:4
18:07:21.0 (14215795)|HEAP_ALLOCATE|[35]|Bytes:5
18:07:21.0 (14225682)|VARIABLE_ASSIGNMENT|[35]|r|null|
18:07:21.0 (14231310)|STATEMENT_EXECUTE|[39]
18:07:21.0 (14238810)|SYSTEM_MODE_EXIT|false
18:07:21.14 (14260150)|CUMULATIVE_LIMIT_USAGE
18:07:21.14 (14260150)|LIMIT_USAGE_FOR_NS|(default)|
  Number of SOQL queries: 1 out of 100
  Number of query rows: 3 out of 50000
  Number of SOSL queries: 0 out of 20
  Number of DML statements: 0 out of 150
  Number of DML rows: 0 out of 10000
  Maximum CPU time: 0 out of 10000
  Maximum heap size: 0 out of 6000000
  Number of callouts: 0 out of 100
  Number of Email Invocations: 0 out of 10
  Number of future calls: 0 out of 50
  Number of queueable jobs added to the queue: 0 out of 50
  Number of Mobile Apex push calls: 0 out of 10

18:07:21.14 (14260150)|CUMULATIVE_LIMIT_USAGE_END

18:07:21.0 (14281948)|CODE_UNIT_FINISHED|CompensationsController.getRecordTypes()
18:07:21.0 (14331991)|CODE_UNIT_FINISHED|Aura
18:07:21.0 (15658763)|EXECUTION_FINISHED
