43.0 APEX_CODE,FINEST;APEX_PROFILING,INFO;CALLOUT,INFO;DB,INFO;NBA,INFO;SYSTEM,DEBUG;VALIDATION,INFO;VISUALFORCE,INFO;WAVE,INFO;WORKFLOW,INFO
16:05:18.0 (57258)|USER_INFO|[EXTERNAL]|005f2000008Qgef|gabriel.arce@salesforce.com|Argentine Time|GMT-03:00
16:05:18.0 (82046)|EXECUTION_STARTED
16:05:18.0 (85651)|CODE_UNIT_STARTED|[EXTERNAL]|Aura
16:05:18.0 (989653)|HEAP_ALLOCATE|[72]|Bytes:3
16:05:18.0 (1042834)|HEAP_ALLOCATE|[77]|Bytes:152
16:05:18.0 (1059989)|HEAP_ALLOCATE|[342]|Bytes:408
16:05:18.0 (1076380)|HEAP_ALLOCATE|[355]|Bytes:408
16:05:18.0 (1087778)|HEAP_ALLOCATE|[467]|Bytes:48
16:05:18.0 (1110549)|HEAP_ALLOCATE|[139]|Bytes:6
16:05:18.0 (1128980)|HEAP_ALLOCATE|[EXTERNAL]|Bytes:3
16:05:18.0 (1137400)|HEAP_ALLOCATE|[EXTERNAL]|Bytes:3
16:05:18.0 (2159224)|CODE_UNIT_STARTED|[EXTERNAL]|01pf2000002PUqf|CompensationsController.getCompensations(String)
16:05:18.0 (2275838)|HEAP_ALLOCATE|[EXTERNAL]|Bytes:7
16:05:18.0 (2283409)|HEAP_ALLOCATE|[EXTERNAL]|Bytes:3
16:05:18.0 (2292819)|METHOD_ENTRY|[1]|01pf2000002PUqf|CompensationsController.CompensationsController()
16:05:18.0 (2297927)|STATEMENT_EXECUTE|[1]
16:05:18.0 (2301893)|STATEMENT_EXECUTE|[1]
16:05:18.0 (2334237)|HEAP_ALLOCATE|[50]|Bytes:5
16:05:18.0 (2352437)|HEAP_ALLOCATE|[56]|Bytes:5
16:05:18.0 (2360258)|HEAP_ALLOCATE|[64]|Bytes:7
16:05:18.0 (2376532)|SYSTEM_MODE_ENTER|false
16:05:18.0 (2385951)|HEAP_ALLOCATE|[EXTERNAL]|Bytes:5
16:05:18.0 (2392597)|SYSTEM_MODE_EXIT|false
16:05:18.0 (2399918)|METHOD_EXIT|[1]|CompensationsController
16:05:18.0 (2404799)|HEAP_ALLOCATE|[EXTERNAL]|Bytes:3
16:05:18.0 (2410935)|SYSTEM_MODE_ENTER|false
16:05:18.0 (2419958)|VARIABLE_SCOPE_BEGIN|[5]|recordType|String|false|false
16:05:18.0 (2444432)|VARIABLE_ASSIGNMENT|[5]|recordType|"All"
16:05:18.0 (2454871)|HEAP_ALLOCATE|[7]|Bytes:5
16:05:18.0 (2459950)|STATEMENT_EXECUTE|[5]
16:05:18.0 (2461872)|STATEMENT_EXECUTE|[7]
16:05:18.0 (2464638)|HEAP_ALLOCATE|[7]|Bytes:21
16:05:18.0 (2505000)|USER_DEBUG|[7]|DEBUG|Accesing to the list 
16:05:18.0 (2516332)|STATEMENT_EXECUTE|[8]
16:05:18.0 (2519219)|HEAP_ALLOCATE|[8]|Bytes:6
16:05:18.0 (2532951)|HEAP_ALLOCATE|[8]|Bytes:9
16:05:18.0 (2544909)|USER_DEBUG|[8]|DEBUG|Llegó:All
16:05:18.0 (2553541)|HEAP_ALLOCATE|[9]|Bytes:3
16:05:18.0 (2565550)|STATEMENT_EXECUTE|[9]
16:05:18.0 (2567164)|STATEMENT_EXECUTE|[11]
16:05:18.0 (2569540)|HEAP_ALLOCATE|[11]|Bytes:178
16:05:18.0 (2582451)|HEAP_ALLOCATE|[11]|Bytes:4
16:05:18.0 (3267326)|SOQL_EXECUTE_BEGIN|[11]|Aggregations:0|SELECT Id, Name, Contact__r.Name, Contact__r.Birthdate, Job_Category__c, RecordType.DeveloperName, Amount__c, Location__c, Office__c, Submitted__c, Status__C FROM Compensation__c
16:05:18.0 (10621154)|SOQL_EXECUTE_END|[11]|Rows:12
16:05:18.0 (10660077)|HEAP_ALLOCATE|[11]|Bytes:52
16:05:18.0 (10743736)|HEAP_ALLOCATE|[11]|Bytes:3532
16:05:18.0 (10795152)|HEAP_ALLOCATE|[11]|Bytes:52
16:05:18.0 (10820029)|SYSTEM_MODE_EXIT|false
16:05:18.10 (10851043)|CUMULATIVE_LIMIT_USAGE
16:05:18.10 (10851043)|LIMIT_USAGE_FOR_NS|(default)|
  Number of SOQL queries: 1 out of 100
  Number of query rows: 12 out of 50000
  Number of SOSL queries: 0 out of 20
  Number of DML statements: 0 out of 150
  Number of DML rows: 0 out of 10000
  Maximum CPU time: 0 out of 10000
  Maximum heap size: 0 out of 6000000
  Number of callouts: 0 out of 100
  Number of Email Invocations: 0 out of 10
  Number of future calls: 0 out of 50
  Number of queueable jobs added to the queue: 0 out of 50
  Number of Mobile Apex push calls: 0 out of 10

16:05:18.10 (10851043)|CUMULATIVE_LIMIT_USAGE_END

16:05:18.0 (10890065)|CODE_UNIT_FINISHED|CompensationsController.getCompensations(String)
16:05:18.0 (11293385)|CODE_UNIT_FINISHED|Aura
16:05:18.0 (12683301)|EXECUTION_FINISHED
.0 (12866674)|HEAP_ALLOCATE|[33]|Bytes:12
16:05:18.0 (12871859)|VARIABLE_SCOPE_BEGIN|[33]|r|RecordType|true|false
16:05:18.0 (12884967)|VARIABLE_ASSIGNMENT|[33]|r|{"DeveloperName":"Study","Id":"012f2000000qOq1AAE"}|0x1891b346
16:05:18.0 (12891507)|STATEMENT_EXECUTE|[33]
16:05:18.0 (12893174)|STATEMENT_EXECUTE|[35]
16:05:18.0 (12900578)|HEAP_ALLOCATE|[EXTERNAL]|Bytes:4
16:05:18.0 (12911237)|HEAP_ALLOCATE|[33]|Bytes:5
16:05:18.0 (12921685)|VARIABLE_ASSIGNMENT|[33]|r|null|
16:05:18.0 (12927387)|STATEMENT_EXECUTE|[37]
16:05:18.0 (12934563)|SYSTEM_MODE_EXIT|false
16:05:18.12 (12956026)|CUMULATIVE_LIMIT_USAGE
16:05:18.12 (12956026)|LIMIT_USAGE_FOR_NS|(default)|
  Number of SOQL queries: 1 out of 100
  Number of query rows: 3 out of 50000
  Number of SOSL queries: 0 out of 20
  Number of DML statements: 0 out of 150
  Number of DML rows: 0 out of 10000
  Maximum CPU time: 0 out of 10000
  Maximum heap size: 0 out of 6000000
  Number of callouts: 0 out of 100
  Number of Email Invocations: 0 out of 10
  Number of future calls: 0 out of 50
  Number of queueable jobs added to the queue: 0 out of 50
  Number of Mobile Apex push calls: 0 out of 10

16:05:18.12 (12956026)|CUMULATIVE_LIMIT_USAGE_END

16:05:18.0 (12979635)|CODE_UNIT_FINISHED|CompensationsController.getRecordTypes()
16:05:18.0 (13029726)|CODE_UNIT_FINISHED|Aura
16:05:18.0 (14108994)|EXECUTION_FINISHED
