43.0 APEX_CODE,FINEST;APEX_PROFILING,INFO;CALLOUT,INFO;DB,INFO;NBA,INFO;SYSTEM,DEBUG;VALIDATION,INFO;VISUALFORCE,INFO;WAVE,INFO;WORKFLOW,INFO
17:40:47.0 (478247)|USER_INFO|[EXTERNAL]|005f2000008Qgef|gabriel.arce@salesforce.com|Argentine Time|GMT-03:00
17:40:47.0 (693301)|EXECUTION_STARTED
17:40:47.0 (698708)|CODE_UNIT_STARTED|[EXTERNAL]|Aura
17:40:47.0 (1969849)|HEAP_ALLOCATE|[72]|Bytes:3
17:40:47.0 (2040647)|HEAP_ALLOCATE|[77]|Bytes:152
17:40:47.0 (2058956)|HEAP_ALLOCATE|[342]|Bytes:408
17:40:47.0 (2076252)|HEAP_ALLOCATE|[355]|Bytes:408
17:40:47.0 (2087883)|HEAP_ALLOCATE|[467]|Bytes:48
17:40:47.0 (2110955)|HEAP_ALLOCATE|[139]|Bytes:6
17:40:47.0 (2129757)|HEAP_ALLOCATE|[EXTERNAL]|Bytes:3
17:40:47.0 (2149432)|HEAP_ALLOCATE|[EXTERNAL]|Bytes:3
17:40:47.0 (3305139)|CODE_UNIT_STARTED|[EXTERNAL]|01pf2000002PUqf|CompensationsController.getCompensations(String, String)
17:40:47.0 (3431191)|HEAP_ALLOCATE|[EXTERNAL]|Bytes:7
17:40:47.0 (3438361)|HEAP_ALLOCATE|[EXTERNAL]|Bytes:4
17:40:47.0 (3466103)|METHOD_ENTRY|[1]|01pf2000002PUqf|CompensationsController.CompensationsController()
17:40:47.0 (3473607)|STATEMENT_EXECUTE|[1]
17:40:47.0 (3478779)|STATEMENT_EXECUTE|[1]
17:40:47.0 (3511024)|HEAP_ALLOCATE|[50]|Bytes:5
17:40:47.0 (3534901)|HEAP_ALLOCATE|[56]|Bytes:5
17:40:47.0 (3542454)|HEAP_ALLOCATE|[64]|Bytes:7
17:40:47.0 (3560825)|SYSTEM_MODE_ENTER|false
17:40:47.0 (3649957)|HEAP_ALLOCATE|[EXTERNAL]|Bytes:5
17:40:47.0 (3658329)|SYSTEM_MODE_EXIT|false
17:40:47.0 (3676950)|METHOD_EXIT|[1]|CompensationsController
17:40:47.0 (3682963)|HEAP_ALLOCATE|[EXTERNAL]|Bytes:3
17:40:47.0 (3690871)|SYSTEM_MODE_ENTER|false
17:40:47.0 (3696729)|VARIABLE_SCOPE_BEGIN|[5]|contactRecordId|String|false|false
17:40:47.0 (3717771)|VARIABLE_ASSIGNMENT|[5]|contactRecordId|null
17:40:47.0 (3723283)|VARIABLE_SCOPE_BEGIN|[5]|recordType|String|false|false
17:40:47.0 (3733798)|VARIABLE_ASSIGNMENT|[5]|recordType|"All"
17:40:47.0 (3746568)|HEAP_ALLOCATE|[7]|Bytes:5
17:40:47.0 (3751569)|STATEMENT_EXECUTE|[5]
17:40:47.0 (3753520)|STATEMENT_EXECUTE|[7]
17:40:47.0 (3756119)|HEAP_ALLOCATE|[7]|Bytes:1
17:40:47.0 (3768199)|HEAP_ALLOCATE|[7]|Bytes:8
17:40:47.0 (3830242)|USER_DEBUG|[7]|DEBUG|null All
17:40:47.0 (3857802)|STATEMENT_EXECUTE|[9]
17:40:47.0 (3860987)|HEAP_ALLOCATE|[9]|Bytes:171
17:40:47.0 (3867270)|VARIABLE_SCOPE_BEGIN|[9]|squery|String|false|false
17:40:47.0 (3882515)|VARIABLE_ASSIGNMENT|[9]|squery|"SELECT Id, Name, Con (151 more) ..."
17:40:47.0 (3888779)|STATEMENT_EXECUTE|[10]
17:40:47.0 (3890405)|STATEMENT_EXECUTE|[11]
17:40:47.0 (3893080)|HEAP_ALLOCATE|[11]|Bytes:21
17:40:47.0 (3896604)|HEAP_ALLOCATE|[11]|Bytes:1
17:40:47.0 (3902336)|HEAP_ALLOCATE|[11]|Bytes:26
17:40:47.0 (3910270)|HEAP_ALLOCATE|[11]|Bytes:197
17:40:47.0 (3919438)|VARIABLE_ASSIGNMENT|[11]|squery|"SELECT Id, Name, Con (177 more) ..."
17:40:47.0 (3924828)|HEAP_ALLOCATE|[12]|Bytes:3
17:40:47.0 (3942018)|STATEMENT_EXECUTE|[12]
17:40:47.0 (3944222)|STATEMENT_EXECUTE|[20]
17:40:47.0 (3956506)|USER_DEBUG|[20]|DEBUG|SELECT Id, Name, Contact__r.Name,Contact__r.Birthdate,Job_Category__c,RecordType.DeveloperName,Amount__c,Location__c,Office__c,Submitted__c,Status__C FROM Compensation__c where contact__r.id='null'
17:40:47.0 (3966330)|STATEMENT_EXECUTE|[21]
17:40:47.0 (4904902)|EXCEPTION_THROWN|[21]|System.QueryException: invalid ID field: null
17:40:47.0 (4990803)|HEAP_ALLOCATE|[21]|Bytes:26
17:40:47.0 (5067433)|FATAL_ERROR|System.QueryException: invalid ID field: null

Class.CompensationsController.getCompensations: line 21, column 1
17:40:47.0 (5095190)|FATAL_ERROR|System.QueryException: invalid ID field: null

Class.CompensationsController.getCompensations: line 21, column 1
17:40:47.5 (5100805)|CUMULATIVE_LIMIT_USAGE
17:40:47.5 (5100805)|LIMIT_USAGE_FOR_NS|(default)|
  Number of SOQL queries: 0 out of 100
  Number of query rows: 0 out of 50000
  Number of SOSL queries: 0 out of 20
  Number of DML statements: 0 out of 150
  Number of DML rows: 0 out of 10000
  Maximum CPU time: 0 out of 10000
  Maximum heap size: 0 out of 6000000
  Number of callouts: 0 out of 100
  Number of Email Invocations: 0 out of 10
  Number of future calls: 0 out of 50
  Number of queueable jobs added to the queue: 0 out of 50
  Number of Mobile Apex push calls: 0 out of 10

17:40:47.5 (5100805)|CUMULATIVE_LIMIT_USAGE_END

17:40:47.0 (5132188)|CODE_UNIT_FINISHED|CompensationsController.getCompensations(String, String)
17:40:47.0 (11465260)|CODE_UNIT_FINISHED|Aura
17:40:47.0 (12572076)|EXECUTION_FINISHED
