43.0 APEX_CODE,FINEST;APEX_PROFILING,INFO;CALLOUT,INFO;DB,INFO;NBA,INFO;SYSTEM,DEBUG;VALIDATION,INFO;VISUALFORCE,INFO;WAVE,INFO;WORKFLOW,INFO
16:17:18.0 (64251)|USER_INFO|[EXTERNAL]|005f2000008Qgef|gabriel.arce@salesforce.com|Argentine Time|GMT-03:00
16:17:18.0 (91713)|EXECUTION_STARTED
16:17:18.0 (95067)|CODE_UNIT_STARTED|[EXTERNAL]|Aura
16:17:18.0 (648758)|HEAP_ALLOCATE|[72]|Bytes:3
16:17:18.0 (683865)|HEAP_ALLOCATE|[77]|Bytes:152
16:17:18.0 (694551)|HEAP_ALLOCATE|[342]|Bytes:408
16:17:18.0 (707579)|HEAP_ALLOCATE|[355]|Bytes:408
16:17:18.0 (718692)|HEAP_ALLOCATE|[467]|Bytes:48
16:17:18.0 (737079)|HEAP_ALLOCATE|[139]|Bytes:6
16:17:18.0 (752761)|HEAP_ALLOCATE|[EXTERNAL]|Bytes:3
16:17:18.0 (762179)|HEAP_ALLOCATE|[EXTERNAL]|Bytes:3
16:17:18.0 (1573470)|CODE_UNIT_STARTED|[EXTERNAL]|01pf2000002PUqf|CompensationsController.getCompensations(String)
16:17:18.0 (1673075)|HEAP_ALLOCATE|[EXTERNAL]|Bytes:7
16:17:18.0 (1684500)|HEAP_ALLOCATE|[EXTERNAL]|Bytes:3
16:17:18.0 (1697435)|METHOD_ENTRY|[1]|01pf2000002PUqf|CompensationsController.CompensationsController()
16:17:18.0 (1705588)|STATEMENT_EXECUTE|[1]
16:17:18.0 (1710821)|STATEMENT_EXECUTE|[1]
16:17:18.0 (1748817)|HEAP_ALLOCATE|[50]|Bytes:5
16:17:18.0 (1773339)|HEAP_ALLOCATE|[56]|Bytes:5
16:17:18.0 (1784345)|HEAP_ALLOCATE|[64]|Bytes:7
16:17:18.0 (1806596)|SYSTEM_MODE_ENTER|false
16:17:18.0 (1819126)|HEAP_ALLOCATE|[EXTERNAL]|Bytes:5
16:17:18.0 (1828002)|SYSTEM_MODE_EXIT|false
16:17:18.0 (1838412)|METHOD_EXIT|[1]|CompensationsController
16:17:18.0 (1845077)|HEAP_ALLOCATE|[EXTERNAL]|Bytes:3
16:17:18.0 (1854051)|SYSTEM_MODE_ENTER|false
16:17:18.0 (1863197)|VARIABLE_SCOPE_BEGIN|[5]|recordType|String|false|false
16:17:18.0 (1897535)|VARIABLE_ASSIGNMENT|[5]|recordType|"All"
16:17:18.0 (1913183)|HEAP_ALLOCATE|[7]|Bytes:5
16:17:18.0 (1920633)|STATEMENT_EXECUTE|[5]
16:17:18.0 (1923335)|STATEMENT_EXECUTE|[7]
16:17:18.0 (1927106)|HEAP_ALLOCATE|[7]|Bytes:21
16:17:18.0 (1976748)|USER_DEBUG|[7]|DEBUG|Accesing to the list 
16:17:18.0 (2010197)|STATEMENT_EXECUTE|[8]
16:17:18.0 (2014839)|HEAP_ALLOCATE|[8]|Bytes:6
16:17:18.0 (2027779)|HEAP_ALLOCATE|[8]|Bytes:9
16:17:18.0 (2046694)|USER_DEBUG|[8]|DEBUG|Llegó:All
16:17:18.0 (2059209)|HEAP_ALLOCATE|[9]|Bytes:3
16:17:18.0 (2078128)|STATEMENT_EXECUTE|[9]
16:17:18.0 (2080649)|STATEMENT_EXECUTE|[11]
16:17:18.0 (2084281)|HEAP_ALLOCATE|[11]|Bytes:178
16:17:18.0 (2102535)|HEAP_ALLOCATE|[11]|Bytes:4
16:17:18.0 (3124440)|SOQL_EXECUTE_BEGIN|[11]|Aggregations:0|SELECT Id, Name, Contact__r.Name, Contact__r.Birthdate, Job_Category__c, RecordType.DeveloperName, Amount__c, Location__c, Office__c, Submitted__c, Status__C FROM Compensation__c
16:17:18.0 (11817361)|SOQL_EXECUTE_END|[11]|Rows:12
16:17:18.0 (11842494)|HEAP_ALLOCATE|[11]|Bytes:52
16:17:18.0 (11917475)|HEAP_ALLOCATE|[11]|Bytes:3535
16:17:18.0 (11984876)|HEAP_ALLOCATE|[11]|Bytes:52
16:17:18.0 (12003778)|SYSTEM_MODE_EXIT|false
16:17:18.12 (12035225)|CUMULATIVE_LIMIT_USAGE
16:17:18.12 (12035225)|LIMIT_USAGE_FOR_NS|(default)|
  Number of SOQL queries: 1 out of 100
  Number of query rows: 12 out of 50000
  Number of SOSL queries: 0 out of 20
  Number of DML statements: 0 out of 150
  Number of DML rows: 0 out of 10000
  Maximum CPU time: 0 out of 10000
  Maximum heap size: 0 out of 6000000
  Number of callouts: 0 out of 100
  Number of Email Invocations: 0 out of 10
  Number of future calls: 0 out of 50
  Number of queueable jobs added to the queue: 0 out of 50
  Number of Mobile Apex push calls: 0 out of 10

16:17:18.12 (12035225)|CUMULATIVE_LIMIT_USAGE_END

16:17:18.0 (12062167)|CODE_UNIT_FINISHED|CompensationsController.getCompensations(String)
16:17:18.0 (12457836)|CODE_UNIT_FINISHED|Aura
16:17:18.0 (13565787)|EXECUTION_FINISHED
