43.0 APEX_CODE,FINEST;APEX_PROFILING,INFO;CALLOUT,INFO;DB,INFO;NBA,INFO;SYSTEM,DEBUG;VALIDATION,INFO;VISUALFORCE,INFO;WAVE,INFO;WORKFLOW,INFO
16:43:51.0 (69533)|USER_INFO|[EXTERNAL]|005f2000008Qgef|gabriel.arce@salesforce.com|Argentine Time|GMT-03:00
16:43:51.0 (100573)|EXECUTION_STARTED
16:43:51.0 (104154)|CODE_UNIT_STARTED|[EXTERNAL]|Aura
16:43:51.0 (1165602)|CODE_UNIT_STARTED|[EXTERNAL]|01pf2000002PUqf|CompensationsController.getRecordTypes()
16:43:51.0 (1297063)|HEAP_ALLOCATE|[72]|Bytes:3
16:43:51.0 (1340857)|HEAP_ALLOCATE|[77]|Bytes:152
16:43:51.0 (1356354)|HEAP_ALLOCATE|[342]|Bytes:408
16:43:51.0 (1370592)|HEAP_ALLOCATE|[355]|Bytes:408
16:43:51.0 (1381467)|HEAP_ALLOCATE|[467]|Bytes:48
16:43:51.0 (1404910)|HEAP_ALLOCATE|[139]|Bytes:6
16:43:51.0 (1456251)|HEAP_ALLOCATE|[EXTERNAL]|Bytes:7
16:43:51.0 (1462707)|HEAP_ALLOCATE|[EXTERNAL]|Bytes:3
16:43:51.0 (1470552)|METHOD_ENTRY|[1]|01pf2000002PUqf|CompensationsController.CompensationsController()
16:43:51.0 (1476030)|STATEMENT_EXECUTE|[1]
16:43:51.0 (1480703)|STATEMENT_EXECUTE|[1]
16:43:51.0 (1511346)|HEAP_ALLOCATE|[50]|Bytes:5
16:43:51.0 (1530396)|HEAP_ALLOCATE|[56]|Bytes:5
16:43:51.0 (1537619)|HEAP_ALLOCATE|[64]|Bytes:7
16:43:51.0 (1553021)|SYSTEM_MODE_ENTER|false
16:43:51.0 (1563951)|HEAP_ALLOCATE|[EXTERNAL]|Bytes:5
16:43:51.0 (1571117)|SYSTEM_MODE_EXIT|false
16:43:51.0 (1579987)|METHOD_EXIT|[1]|CompensationsController
16:43:51.0 (1587636)|SYSTEM_MODE_ENTER|false
16:43:51.0 (1596581)|HEAP_ALLOCATE|[28]|Bytes:5
16:43:51.0 (1600913)|STATEMENT_EXECUTE|[27]
16:43:51.0 (1602885)|STATEMENT_EXECUTE|[28]
16:43:51.0 (1605717)|HEAP_ALLOCATE|[28]|Bytes:74
16:43:51.0 (1623989)|HEAP_ALLOCATE|[28]|Bytes:4
16:43:51.0 (1848376)|SOQL_EXECUTE_BEGIN|[28]|Aggregations:0|SELECT DeveloperName FROM RecordType WHERE SobjectType = 'Compensation__c'
16:43:51.0 (10435799)|SOQL_EXECUTE_END|[28]|Rows:3
16:43:51.0 (10465577)|HEAP_ALLOCATE|[28]|Bytes:16
16:43:51.0 (10487083)|HEAP_ALLOCATE|[28]|Bytes:157
16:43:51.0 (10619336)|HEAP_ALLOCATE|[28]|Bytes:16
16:43:51.0 (10640883)|VARIABLE_SCOPE_BEGIN|[28]|recordTypesCompensation|List<RecordType>|true|false
16:43:51.0 (10690036)|VARIABLE_ASSIGNMENT|[28]|recordTypesCompensation|[{"DeveloperName":"Research","Id":"012f2000000qOq6AAE"},{"DeveloperName":"Salary","Id":"012f2000000qOpwAAE"},{"DeveloperName":"Study","Id":"012f2000000qOq1AAE"}]|0x5d0c5428
16:43:51.0 (10700109)|STATEMENT_EXECUTE|[30]
16:43:51.0 (10717150)|HEAP_ALLOCATE|[30]|Bytes:4
16:43:51.0 (10763671)|VARIABLE_SCOPE_BEGIN|[30]|nameList|List<String>|true|false
16:43:51.0 (10793565)|HEAP_ALLOCATE|[EXTERNAL]|Bytes:4
16:43:51.0 (10804619)|VARIABLE_ASSIGNMENT|[30]|nameList|[]|0x57e34d90
16:43:51.0 (10811063)|STATEMENT_EXECUTE|[31]
16:43:51.0 (10818351)|HEAP_ALLOCATE|[31]|Bytes:3
16:43:51.0 (10871768)|HEAP_ALLOCATE|[EXTERNAL]|Bytes:4
16:43:51.0 (11067719)|HEAP_ALLOCATE|[33]|Bytes:5
16:43:51.0 (11107456)|HEAP_ALLOCATE|[33]|Bytes:12
16:43:51.0 (11118854)|VARIABLE_SCOPE_BEGIN|[33]|r|RecordType|true|false
16:43:51.0 (11138834)|VARIABLE_ASSIGNMENT|[33]|r|{"DeveloperName":"Research","Id":"012f2000000qOq6AAE"}|0x43b6443a
16:43:51.0 (11146608)|STATEMENT_EXECUTE|[33]
16:43:51.0 (11148739)|STATEMENT_EXECUTE|[35]
16:43:51.0 (11201302)|HEAP_ALLOCATE|[EXTERNAL]|Bytes:4
16:43:51.0 (11217238)|HEAP_ALLOCATE|[33]|Bytes:5
16:43:51.0 (11227869)|HEAP_ALLOCATE|[33]|Bytes:12
16:43:51.0 (11234515)|VARIABLE_SCOPE_BEGIN|[33]|r|RecordType|true|false
16:43:51.0 (11251159)|VARIABLE_ASSIGNMENT|[33]|r|{"DeveloperName":"Salary","Id":"012f2000000qOpwAAE"}|0xe740e11
16:43:51.0 (11257686)|STATEMENT_EXECUTE|[33]
16:43:51.0 (11259353)|STATEMENT_EXECUTE|[35]
16:43:51.0 (11270180)|HEAP_ALLOCATE|[EXTERNAL]|Bytes:4
16:43:51.0 (11280639)|HEAP_ALLOCATE|[33]|Bytes:5
16:43:51.0 (11288915)|HEAP_ALLOCATE|[33]|Bytes:12
16:43:51.0 (11294225)|VARIABLE_SCOPE_BEGIN|[33]|r|RecordType|true|false
16:43:51.0 (11308176)|VARIABLE_ASSIGNMENT|[33]|r|{"DeveloperName":"Study","Id":"012f2000000qOq1AAE"}|0x5c9f2139
16:43:51.0 (11314570)|STATEMENT_EXECUTE|[33]
16:43:51.0 (11316537)|STATEMENT_EXECUTE|[35]
16:43:51.0 (11324012)|HEAP_ALLOCATE|[EXTERNAL]|Bytes:4
16:43:51.0 (11334096)|HEAP_ALLOCATE|[33]|Bytes:5
16:43:51.0 (11344373)|VARIABLE_ASSIGNMENT|[33]|r|null|
16:43:51.0 (11349738)|STATEMENT_EXECUTE|[37]
16:43:51.0 (11362030)|SYSTEM_MODE_EXIT|false
16:43:51.11 (11390942)|CUMULATIVE_LIMIT_USAGE
16:43:51.11 (11390942)|LIMIT_USAGE_FOR_NS|(default)|
  Number of SOQL queries: 1 out of 100
  Number of query rows: 3 out of 50000
  Number of SOSL queries: 0 out of 20
  Number of DML statements: 0 out of 150
  Number of DML rows: 0 out of 10000
  Maximum CPU time: 0 out of 10000
  Maximum heap size: 0 out of 6000000
  Number of callouts: 0 out of 100
  Number of Email Invocations: 0 out of 10
  Number of future calls: 0 out of 50
  Number of queueable jobs added to the queue: 0 out of 50
  Number of Mobile Apex push calls: 0 out of 10

16:43:51.11 (11390942)|CUMULATIVE_LIMIT_USAGE_END

16:43:51.0 (11422142)|CODE_UNIT_FINISHED|CompensationsController.getRecordTypes()
16:43:51.0 (11483334)|CODE_UNIT_FINISHED|Aura
16:43:51.0 (13322759)|EXECUTION_FINISHED
