43.0 APEX_CODE,FINEST;APEX_PROFILING,INFO;CALLOUT,INFO;DB,INFO;NBA,INFO;SYSTEM,DEBUG;VALIDATION,INFO;VISUALFORCE,INFO;WAVE,INFO;WORKFLOW,INFO
15:35:22.0 (80662)|USER_INFO|[EXTERNAL]|005f2000008Qgef|gabriel.arce@salesforce.com|Argentine Time|GMT-03:00
15:35:22.0 (118016)|EXECUTION_STARTED
15:35:22.0 (120511)|CODE_UNIT_STARTED|[EXTERNAL]|DuplicateDetector
15:35:22.0 (132167)|DUPLICATE_DETECTION_BEGIN
15:35:22.0 (235950)|DUPLICATE_DETECTION_RULE_INVOCATION|DuplicateRuleId:0Bmf2000000uU2T|DuplicateRuleName:Standard Contact Duplicate Rule|DmlType:UPDATE
15:35:22.0 (308391)|DUPLICATE_DETECTION_END
15:35:22.0 (312699)|CODE_UNIT_FINISHED|DuplicateDetector
15:35:22.0 (318895)|EXECUTION_FINISHED
15:35:22.60 (60476292)|USER_INFO|[EXTERNAL]|005f2000008Qgef|gabriel.arce@salesforce.com|Argentine Time|GMT-03:00
15:35:22.60 (60494099)|EXECUTION_STARTED
15:35:22.60 (60496385)|CODE_UNIT_STARTED|[EXTERNAL]|DuplicateDetector
15:35:22.60 (60508058)|DUPLICATE_DETECTION_BEGIN
15:35:22.60 (60577815)|DUPLICATE_DETECTION_RULE_INVOCATION|DuplicateRuleId:0Bmf2000000uU2T|DuplicateRuleName:Standard Contact Duplicate Rule|DmlType:UPDATE
15:35:22.60 (95504872)|DUPLICATE_DETECTION_MATCH_INVOCATION_DETAILS|EntityId:003f200002Ps5aK|ActionTaken:Allow_[Report]|DuplicateRecordIds:
15:35:22.60 (95536082)|DUPLICATE_DETECTION_MATCH_INVOCATION_SUMMARY|EntityType:Contact|NumRecordsToBeSaved:1|NumRecordsToBeSavedWithDuplicates:0|NumDuplicateRecordsFound:0
15:35:22.60 (95552034)|DUPLICATE_DETECTION_MATCH_INVOCATION_DETAILS|EntityId:003f200002Ps5aK|ActionTaken:Allow_[Report]|DuplicateRecordIds:
15:35:22.60 (95558215)|DUPLICATE_DETECTION_MATCH_INVOCATION_SUMMARY|EntityType:Contact|NumRecordsToBeSaved:1|NumRecordsToBeSavedWithDuplicates:0|NumDuplicateRecordsFound:0
15:35:22.60 (95777451)|DUPLICATE_DETECTION_END
15:35:22.60 (95781935)|CODE_UNIT_FINISHED|DuplicateDetector
15:35:22.60 (95790424)|EXECUTION_FINISHED
