43.0 APEX_CODE,FINEST;APEX_PROFILING,INFO;CALLOUT,INFO;DB,INFO;NBA,INFO;SYSTEM,DEBUG;VALIDATION,INFO;VISUALFORCE,INFO;WAVE,INFO;WORKFLOW,INFO
17:48:56.0 (74568)|USER_INFO|[EXTERNAL]|005f2000008Qgef|gabriel.arce@salesforce.com|Argentine Time|GMT-03:00
17:48:56.0 (108636)|EXECUTION_STARTED
17:48:56.0 (113823)|CODE_UNIT_STARTED|[EXTERNAL]|Aura
17:48:56.0 (1251822)|CODE_UNIT_STARTED|[EXTERNAL]|01pf2000002PUqf|CompensationsController.getCompensations(String, String)
17:48:56.0 (1366774)|HEAP_ALLOCATE|[72]|Bytes:3
17:48:56.0 (1404032)|HEAP_ALLOCATE|[77]|Bytes:152
17:48:56.0 (1416091)|HEAP_ALLOCATE|[342]|Bytes:408
17:48:56.0 (1428462)|HEAP_ALLOCATE|[355]|Bytes:408
17:48:56.0 (1439489)|HEAP_ALLOCATE|[467]|Bytes:48
17:48:56.0 (1460481)|HEAP_ALLOCATE|[139]|Bytes:6
17:48:56.0 (1530935)|HEAP_ALLOCATE|[EXTERNAL]|Bytes:7
17:48:56.0 (1540415)|HEAP_ALLOCATE|[EXTERNAL]|Bytes:4
17:48:56.0 (1550483)|METHOD_ENTRY|[1]|01pf2000002PUqf|CompensationsController.CompensationsController()
17:48:56.0 (1557872)|STATEMENT_EXECUTE|[1]
17:48:56.0 (1562273)|STATEMENT_EXECUTE|[1]
17:48:56.0 (1598691)|HEAP_ALLOCATE|[50]|Bytes:5
17:48:56.0 (1621397)|HEAP_ALLOCATE|[56]|Bytes:5
17:48:56.0 (1634511)|HEAP_ALLOCATE|[64]|Bytes:7
17:48:56.0 (1656485)|SYSTEM_MODE_ENTER|false
17:48:56.0 (1669719)|HEAP_ALLOCATE|[EXTERNAL]|Bytes:5
17:48:56.0 (1678930)|SYSTEM_MODE_EXIT|false
17:48:56.0 (1689009)|METHOD_EXIT|[1]|CompensationsController
17:48:56.0 (1700260)|SYSTEM_MODE_ENTER|false
17:48:56.0 (1709607)|VARIABLE_SCOPE_BEGIN|[5]|contactRecordId|String|false|false
17:48:56.0 (1739082)|VARIABLE_ASSIGNMENT|[5]|contactRecordId|null
17:48:56.0 (1747133)|VARIABLE_SCOPE_BEGIN|[5]|recordType|String|false|false
17:48:56.0 (1759055)|VARIABLE_ASSIGNMENT|[5]|recordType|null
17:48:56.0 (1773527)|HEAP_ALLOCATE|[7]|Bytes:5
17:48:56.0 (1780689)|STATEMENT_EXECUTE|[5]
17:48:56.0 (1783422)|STATEMENT_EXECUTE|[7]
17:48:56.0 (1787078)|HEAP_ALLOCATE|[7]|Bytes:1
17:48:56.0 (1809335)|HEAP_ALLOCATE|[7]|Bytes:9
17:48:56.0 (1859919)|USER_DEBUG|[7]|DEBUG|null null
17:48:56.0 (1876512)|STATEMENT_EXECUTE|[9]
17:48:56.0 (1880927)|HEAP_ALLOCATE|[9]|Bytes:171
17:48:56.0 (1890161)|VARIABLE_SCOPE_BEGIN|[9]|squery|String|false|false
17:48:56.0 (1916149)|VARIABLE_ASSIGNMENT|[9]|squery|"SELECT Id, Name, Con (151 more) ..."
17:48:56.0 (1925143)|STATEMENT_EXECUTE|[15]
17:48:56.0 (1929579)|STATEMENT_EXECUTE|[16]
17:48:56.0 (1931808)|STATEMENT_EXECUTE|[17]
17:48:56.0 (1935761)|HEAP_ALLOCATE|[17]|Bytes:32
17:48:56.0 (1941854)|HEAP_ALLOCATE|[17]|Bytes:1
17:48:56.0 (1950649)|HEAP_ALLOCATE|[17]|Bytes:37
17:48:56.0 (1961571)|HEAP_ALLOCATE|[17]|Bytes:208
17:48:56.0 (1973958)|VARIABLE_ASSIGNMENT|[17]|squery|"SELECT Id, Name, Con (188 more) ..."
17:48:56.0 (1981018)|STATEMENT_EXECUTE|[20]
17:48:56.0 (1999761)|USER_DEBUG|[20]|DEBUG|SELECT Id, Name, Contact__r.Name,Contact__r.Birthdate,Job_Category__c,RecordType.DeveloperName,Amount__c,Location__c,Office__c,Submitted__c,Status__C FROM Compensation__c where RecordType.DeveloperName='null'
17:48:56.0 (2013232)|STATEMENT_EXECUTE|[21]
17:48:56.0 (3023811)|SOQL_EXECUTE_BEGIN|[21]|Aggregations:0|SELECT Id, Name, Contact__r.Name,Contact__r.Birthdate,Job_Category__c,RecordType.DeveloperName,Amount__c,Location__c,Office__c,Submitted__c,Status__C FROM Compensation__c where RecordType.DeveloperName='null'
17:48:56.0 (7388207)|SOQL_EXECUTE_END|[21]|Rows:0
17:48:56.0 (7415880)|HEAP_ALLOCATE|[21]|Bytes:4
17:48:56.0 (7430420)|HEAP_ALLOCATE|[21]|Bytes:0
17:48:56.0 (7497972)|HEAP_ALLOCATE|[21]|Bytes:4
17:48:56.0 (7521045)|VARIABLE_SCOPE_BEGIN|[21]|returnList|List<Compensation__c>|true|false
17:48:56.0 (7544833)|VARIABLE_ASSIGNMENT|[21]|returnList|[]|0x4b6e0f15
17:48:56.0 (7551930)|STATEMENT_EXECUTE|[25]
17:48:56.0 (7561505)|SYSTEM_MODE_EXIT|false
17:48:56.7 (7591779)|CUMULATIVE_LIMIT_USAGE
17:48:56.7 (7591779)|LIMIT_USAGE_FOR_NS|(default)|
  Number of SOQL queries: 1 out of 100
  Number of query rows: 0 out of 50000
  Number of SOSL queries: 0 out of 20
  Number of DML statements: 0 out of 150
  Number of DML rows: 0 out of 10000
  Maximum CPU time: 0 out of 10000
  Maximum heap size: 0 out of 6000000
  Number of callouts: 0 out of 100
  Number of Email Invocations: 0 out of 10
  Number of future calls: 0 out of 50
  Number of queueable jobs added to the queue: 0 out of 50
  Number of Mobile Apex push calls: 0 out of 10

17:48:56.7 (7591779)|CUMULATIVE_LIMIT_USAGE_END

17:48:56.0 (7621733)|CODE_UNIT_FINISHED|CompensationsController.getCompensations(String, String)
17:48:56.0 (7682962)|CODE_UNIT_FINISHED|Aura
17:48:56.0 (8797478)|EXECUTION_FINISHED
