43.0 APEX_CODE,FINEST;APEX_PROFILING,INFO;CALLOUT,INFO;DB,INFO;NBA,INFO;SYSTEM,DEBUG;VALIDATION,INFO;VISUALFORCE,INFO;WAVE,INFO;WORKFLOW,INFO
17:44:34.0 (69689)|USER_INFO|[EXTERNAL]|005f2000008Qgef|gabriel.arce@salesforce.com|Argentine Time|GMT-03:00
17:44:34.0 (102111)|EXECUTION_STARTED
17:44:34.0 (106493)|CODE_UNIT_STARTED|[EXTERNAL]|Aura
17:44:34.0 (734970)|HEAP_ALLOCATE|[72]|Bytes:3
17:44:34.0 (780360)|HEAP_ALLOCATE|[77]|Bytes:152
17:44:34.0 (795599)|HEAP_ALLOCATE|[342]|Bytes:408
17:44:34.0 (808856)|HEAP_ALLOCATE|[355]|Bytes:408
17:44:34.0 (820261)|HEAP_ALLOCATE|[467]|Bytes:48
17:44:34.0 (844778)|HEAP_ALLOCATE|[139]|Bytes:6
17:44:34.0 (862566)|HEAP_ALLOCATE|[EXTERNAL]|Bytes:3
17:44:34.0 (869495)|HEAP_ALLOCATE|[EXTERNAL]|Bytes:3
17:44:34.0 (1776893)|CODE_UNIT_STARTED|[EXTERNAL]|01pf2000002PUqf|CompensationsController.getCompensations(String, String)
17:44:34.0 (1889818)|HEAP_ALLOCATE|[EXTERNAL]|Bytes:7
17:44:34.0 (1901333)|HEAP_ALLOCATE|[EXTERNAL]|Bytes:4
17:44:34.0 (1912029)|METHOD_ENTRY|[1]|01pf2000002PUqf|CompensationsController.CompensationsController()
17:44:34.0 (1918843)|STATEMENT_EXECUTE|[1]
17:44:34.0 (1923102)|STATEMENT_EXECUTE|[1]
17:44:34.0 (1959628)|HEAP_ALLOCATE|[50]|Bytes:5
17:44:34.0 (1981851)|HEAP_ALLOCATE|[56]|Bytes:5
17:44:34.0 (1993576)|HEAP_ALLOCATE|[64]|Bytes:7
17:44:34.0 (2015394)|SYSTEM_MODE_ENTER|false
17:44:34.0 (2029345)|HEAP_ALLOCATE|[EXTERNAL]|Bytes:5
17:44:34.0 (2037477)|SYSTEM_MODE_EXIT|false
17:44:34.0 (2047820)|METHOD_EXIT|[1]|CompensationsController
17:44:34.0 (2054311)|HEAP_ALLOCATE|[EXTERNAL]|Bytes:3
17:44:34.0 (2062702)|SYSTEM_MODE_ENTER|false
17:44:34.0 (2074362)|VARIABLE_SCOPE_BEGIN|[5]|contactRecordId|String|false|false
17:44:34.0 (2102750)|VARIABLE_ASSIGNMENT|[5]|contactRecordId|null
17:44:34.0 (2113156)|VARIABLE_SCOPE_BEGIN|[5]|recordType|String|false|false
17:44:34.0 (2133046)|VARIABLE_ASSIGNMENT|[5]|recordType|"All"
17:44:34.0 (2147077)|HEAP_ALLOCATE|[7]|Bytes:5
17:44:34.0 (2154207)|STATEMENT_EXECUTE|[5]
17:44:34.0 (2156899)|STATEMENT_EXECUTE|[7]
17:44:34.0 (2160698)|HEAP_ALLOCATE|[7]|Bytes:1
17:44:34.0 (2175469)|HEAP_ALLOCATE|[7]|Bytes:8
17:44:34.0 (2228511)|USER_DEBUG|[7]|DEBUG|null All
17:44:34.0 (2245147)|STATEMENT_EXECUTE|[9]
17:44:34.0 (2249531)|HEAP_ALLOCATE|[9]|Bytes:171
17:44:34.0 (2258219)|VARIABLE_SCOPE_BEGIN|[9]|squery|String|false|false
17:44:34.0 (2282405)|VARIABLE_ASSIGNMENT|[9]|squery|"SELECT Id, Name, Con (151 more) ..."
17:44:34.0 (2291595)|STATEMENT_EXECUTE|[15]
17:44:34.0 (2295673)|HEAP_ALLOCATE|[16]|Bytes:3
17:44:34.0 (2314573)|STATEMENT_EXECUTE|[16]
17:44:34.0 (2317240)|STATEMENT_EXECUTE|[20]
17:44:34.0 (2335252)|USER_DEBUG|[20]|DEBUG|SELECT Id, Name, Contact__r.Name,Contact__r.Birthdate,Job_Category__c,RecordType.DeveloperName,Amount__c,Location__c,Office__c,Submitted__c,Status__C FROM Compensation__c 
17:44:34.0 (2351452)|STATEMENT_EXECUTE|[21]
17:44:34.0 (3451693)|SOQL_EXECUTE_BEGIN|[21]|Aggregations:0|SELECT Id, Name, Contact__r.Name,Contact__r.Birthdate,Job_Category__c,RecordType.DeveloperName,Amount__c,Location__c,Office__c,Submitted__c,Status__C FROM Compensation__c 
17:44:34.0 (20510270)|SOQL_EXECUTE_END|[21]|Rows:12
17:44:34.0 (20550596)|HEAP_ALLOCATE|[21]|Bytes:52
17:44:34.0 (20656548)|HEAP_ALLOCATE|[21]|Bytes:3535
17:44:34.0 (20695248)|HEAP_ALLOCATE|[21]|Bytes:52
17:44:34.0 (20731783)|VARIABLE_SCOPE_BEGIN|[21]|returnList|List<Compensation__c>|true|false
17:44:34.0 (20773259)|VARIABLE_ASSIGNMENT|[21]|returnList|"List of size 12 too large to display"|0x27747de8
17:44:34.0 (20785401)|STATEMENT_EXECUTE|[25]
17:44:34.0 (20800847)|SYSTEM_MODE_EXIT|false
17:44:34.20 (20844270)|CUMULATIVE_LIMIT_USAGE
17:44:34.20 (20844270)|LIMIT_USAGE_FOR_NS|(default)|
  Number of SOQL queries: 1 out of 100
  Number of query rows: 12 out of 50000
  Number of SOSL queries: 0 out of 20
  Number of DML statements: 0 out of 150
  Number of DML rows: 0 out of 10000
  Maximum CPU time: 0 out of 10000
  Maximum heap size: 0 out of 6000000
  Number of callouts: 0 out of 100
  Number of Email Invocations: 0 out of 10
  Number of future calls: 0 out of 50
  Number of queueable jobs added to the queue: 0 out of 50
  Number of Mobile Apex push calls: 0 out of 10

17:44:34.20 (20844270)|CUMULATIVE_LIMIT_USAGE_END

17:44:34.0 (20888024)|CODE_UNIT_FINISHED|CompensationsController.getCompensations(String, String)
17:44:34.0 (21553111)|CODE_UNIT_FINISHED|Aura
17:44:34.0 (22811811)|EXECUTION_FINISHED
