43.0 APEX_CODE,FINEST;APEX_PROFILING,INFO;CALLOUT,INFO;DB,INFO;NBA,INFO;SYSTEM,DEBUG;VALIDATION,INFO;VISUALFORCE,INFO;WAVE,INFO;WORKFLOW,INFO
17:37:29.0 (92209)|USER_INFO|[EXTERNAL]|005f2000008Qgef|gabriel.arce@salesforce.com|Argentine Time|GMT-03:00
17:37:29.0 (125600)|EXECUTION_STARTED
17:37:29.0 (129521)|CODE_UNIT_STARTED|[EXTERNAL]|Aura
17:37:29.0 (1213534)|CODE_UNIT_STARTED|[EXTERNAL]|01pf2000002PUqf|CompensationsController.getRecordTypes()
17:37:29.0 (1407916)|HEAP_ALLOCATE|[72]|Bytes:3
17:37:29.0 (1455999)|HEAP_ALLOCATE|[77]|Bytes:152
17:37:29.0 (1472673)|HEAP_ALLOCATE|[342]|Bytes:408
17:37:29.0 (1489256)|HEAP_ALLOCATE|[355]|Bytes:408
17:37:29.0 (1500392)|HEAP_ALLOCATE|[467]|Bytes:48
17:37:29.0 (1525326)|HEAP_ALLOCATE|[139]|Bytes:6
17:37:29.0 (1543741)|HEAP_ALLOCATE|[EXTERNAL]|Bytes:7
17:37:29.0 (1549977)|HEAP_ALLOCATE|[EXTERNAL]|Bytes:4
17:37:29.0 (1559612)|METHOD_ENTRY|[1]|01pf2000002PUqf|CompensationsController.CompensationsController()
17:37:29.0 (1565745)|STATEMENT_EXECUTE|[1]
17:37:29.0 (1570260)|STATEMENT_EXECUTE|[1]
17:37:29.0 (1596675)|HEAP_ALLOCATE|[50]|Bytes:5
17:37:29.0 (1615837)|HEAP_ALLOCATE|[56]|Bytes:5
17:37:29.0 (1623040)|HEAP_ALLOCATE|[64]|Bytes:7
17:37:29.0 (1636721)|SYSTEM_MODE_ENTER|false
17:37:29.0 (1647940)|HEAP_ALLOCATE|[EXTERNAL]|Bytes:5
17:37:29.0 (1653995)|SYSTEM_MODE_EXIT|false
17:37:29.0 (1661938)|METHOD_EXIT|[1]|CompensationsController
17:37:29.0 (1669463)|SYSTEM_MODE_ENTER|false
17:37:29.0 (1678270)|HEAP_ALLOCATE|[30]|Bytes:5
17:37:29.0 (1682788)|STATEMENT_EXECUTE|[29]
17:37:29.0 (1684657)|STATEMENT_EXECUTE|[30]
17:37:29.0 (1687625)|HEAP_ALLOCATE|[30]|Bytes:74
17:37:29.0 (1703552)|HEAP_ALLOCATE|[30]|Bytes:4
17:37:29.0 (1920355)|SOQL_EXECUTE_BEGIN|[30]|Aggregations:0|SELECT DeveloperName FROM RecordType WHERE SobjectType = 'Compensation__c'
17:37:29.0 (9732889)|SOQL_EXECUTE_END|[30]|Rows:3
17:37:29.0 (9756449)|HEAP_ALLOCATE|[30]|Bytes:16
17:37:29.0 (9772976)|HEAP_ALLOCATE|[30]|Bytes:157
17:37:29.0 (9830614)|HEAP_ALLOCATE|[30]|Bytes:16
17:37:29.0 (9849219)|VARIABLE_SCOPE_BEGIN|[30]|recordTypesCompensation|List<RecordType>|true|false
17:37:29.0 (9903104)|VARIABLE_ASSIGNMENT|[30]|recordTypesCompensation|[{"DeveloperName":"Research","Id":"012f2000000qOq6AAE"},{"DeveloperName":"Salary","Id":"012f2000000qOpwAAE"},{"DeveloperName":"Study","Id":"012f2000000qOq1AAE"}]|0x1de3a641
17:37:29.0 (9912580)|STATEMENT_EXECUTE|[32]
17:37:29.0 (9925632)|HEAP_ALLOCATE|[32]|Bytes:4
17:37:29.0 (9964863)|VARIABLE_SCOPE_BEGIN|[32]|nameList|List<String>|true|false
17:37:29.0 (9990573)|HEAP_ALLOCATE|[EXTERNAL]|Bytes:4
17:37:29.0 (10001102)|VARIABLE_ASSIGNMENT|[32]|nameList|[]|0x3a907259
17:37:29.0 (10008060)|STATEMENT_EXECUTE|[33]
17:37:29.0 (10012630)|HEAP_ALLOCATE|[33]|Bytes:3
17:37:29.0 (10060990)|HEAP_ALLOCATE|[EXTERNAL]|Bytes:4
17:37:29.0 (10251093)|HEAP_ALLOCATE|[35]|Bytes:5
17:37:29.0 (10281895)|HEAP_ALLOCATE|[35]|Bytes:12
17:37:29.0 (10297684)|VARIABLE_SCOPE_BEGIN|[35]|r|RecordType|true|false
17:37:29.0 (10318058)|VARIABLE_ASSIGNMENT|[35]|r|{"DeveloperName":"Research","Id":"012f2000000qOq6AAE"}|0x40a91c70
17:37:29.0 (10325221)|STATEMENT_EXECUTE|[35]
17:37:29.0 (10327235)|STATEMENT_EXECUTE|[37]
17:37:29.0 (10373631)|HEAP_ALLOCATE|[EXTERNAL]|Bytes:4
17:37:29.0 (10390010)|HEAP_ALLOCATE|[35]|Bytes:5
17:37:29.0 (10400629)|HEAP_ALLOCATE|[35]|Bytes:12
17:37:29.0 (10407378)|VARIABLE_SCOPE_BEGIN|[35]|r|RecordType|true|false
17:37:29.0 (10423260)|VARIABLE_ASSIGNMENT|[35]|r|{"DeveloperName":"Salary","Id":"012f2000000qOpwAAE"}|0x7912bc86
17:37:29.0 (10429219)|STATEMENT_EXECUTE|[35]
17:37:29.0 (10430759)|STATEMENT_EXECUTE|[37]
17:37:29.0 (10441790)|HEAP_ALLOCATE|[EXTERNAL]|Bytes:4
17:37:29.0 (10452573)|HEAP_ALLOCATE|[35]|Bytes:5
17:37:29.0 (10460925)|HEAP_ALLOCATE|[35]|Bytes:12
17:37:29.0 (10465772)|VARIABLE_SCOPE_BEGIN|[35]|r|RecordType|true|false
17:37:29.0 (10477967)|VARIABLE_ASSIGNMENT|[35]|r|{"DeveloperName":"Study","Id":"012f2000000qOq1AAE"}|0x4b3ce1f0
17:37:29.0 (10483652)|STATEMENT_EXECUTE|[35]
17:37:29.0 (10485288)|STATEMENT_EXECUTE|[37]
17:37:29.0 (10492657)|HEAP_ALLOCATE|[EXTERNAL]|Bytes:4
17:37:29.0 (10502783)|HEAP_ALLOCATE|[35]|Bytes:5
17:37:29.0 (10513080)|VARIABLE_ASSIGNMENT|[35]|r|null|
17:37:29.0 (10518983)|STATEMENT_EXECUTE|[39]
17:37:29.0 (10528129)|SYSTEM_MODE_EXIT|false
17:37:29.10 (10560028)|CUMULATIVE_LIMIT_USAGE
17:37:29.10 (10560028)|LIMIT_USAGE_FOR_NS|(default)|
  Number of SOQL queries: 1 out of 100
  Number of query rows: 3 out of 50000
  Number of SOSL queries: 0 out of 20
  Number of DML statements: 0 out of 150
  Number of DML rows: 0 out of 10000
  Maximum CPU time: 0 out of 10000
  Maximum heap size: 0 out of 6000000
  Number of callouts: 0 out of 100
  Number of Email Invocations: 0 out of 10
  Number of future calls: 0 out of 50
  Number of queueable jobs added to the queue: 0 out of 50
  Number of Mobile Apex push calls: 0 out of 10

17:37:29.10 (10560028)|CUMULATIVE_LIMIT_USAGE_END

17:37:29.0 (10590626)|CODE_UNIT_FINISHED|CompensationsController.getRecordTypes()
17:37:29.0 (10656543)|CODE_UNIT_FINISHED|Aura
17:37:29.0 (12704104)|EXECUTION_FINISHED
