43.0 APEX_CODE,FINEST;APEX_PROFILING,INFO;CALLOUT,INFO;DB,INFO;NBA,INFO;SYSTEM,DEBUG;VALIDATION,INFO;VISUALFORCE,INFO;WAVE,INFO;WORKFLOW,INFO
16:39:06.0 (104207)|USER_INFO|[EXTERNAL]|005f2000008Qgef|gabriel.arce@salesforce.com|Argentine Time|GMT-03:00
16:39:06.0 (153503)|EXECUTION_STARTED
16:39:06.0 (159263)|CODE_UNIT_STARTED|[EXTERNAL]|Aura
16:39:06.0 (996758)|HEAP_ALLOCATE|[72]|Bytes:3
16:39:06.0 (1050763)|HEAP_ALLOCATE|[77]|Bytes:152
16:39:06.0 (1076187)|HEAP_ALLOCATE|[342]|Bytes:408
16:39:06.0 (1099693)|HEAP_ALLOCATE|[355]|Bytes:408
16:39:06.0 (1118784)|HEAP_ALLOCATE|[467]|Bytes:48
16:39:06.0 (1147620)|HEAP_ALLOCATE|[139]|Bytes:6
16:39:06.0 (1171449)|HEAP_ALLOCATE|[EXTERNAL]|Bytes:3
16:39:06.0 (1182260)|HEAP_ALLOCATE|[EXTERNAL]|Bytes:3
16:39:06.0 (2037980)|CODE_UNIT_STARTED|[EXTERNAL]|01pf2000002PUqf|CompensationsController.getCompensations(String)
16:39:06.0 (2133400)|HEAP_ALLOCATE|[EXTERNAL]|Bytes:7
16:39:06.0 (2144174)|HEAP_ALLOCATE|[EXTERNAL]|Bytes:3
16:39:06.0 (2155573)|METHOD_ENTRY|[1]|01pf2000002PUqf|CompensationsController.CompensationsController()
16:39:06.0 (2165193)|STATEMENT_EXECUTE|[1]
16:39:06.0 (2169811)|STATEMENT_EXECUTE|[1]
16:39:06.0 (2220706)|HEAP_ALLOCATE|[50]|Bytes:5
16:39:06.0 (2271293)|HEAP_ALLOCATE|[56]|Bytes:5
16:39:06.0 (2296627)|HEAP_ALLOCATE|[64]|Bytes:7
16:39:06.0 (2342361)|SYSTEM_MODE_ENTER|false
16:39:06.0 (2357371)|HEAP_ALLOCATE|[EXTERNAL]|Bytes:5
16:39:06.0 (2367286)|SYSTEM_MODE_EXIT|false
16:39:06.0 (2377645)|METHOD_EXIT|[1]|CompensationsController
16:39:06.0 (2384111)|HEAP_ALLOCATE|[EXTERNAL]|Bytes:3
16:39:06.0 (2393000)|SYSTEM_MODE_ENTER|false
16:39:06.0 (2400770)|VARIABLE_SCOPE_BEGIN|[5]|recordType|String|false|false
16:39:06.0 (2434713)|VARIABLE_ASSIGNMENT|[5]|recordType|"All"
16:39:06.0 (2455372)|HEAP_ALLOCATE|[7]|Bytes:5
16:39:06.0 (2461637)|STATEMENT_EXECUTE|[5]
16:39:06.0 (2464159)|STATEMENT_EXECUTE|[7]
16:39:06.0 (2467135)|HEAP_ALLOCATE|[7]|Bytes:21
16:39:06.0 (2516363)|USER_DEBUG|[7]|DEBUG|Accesing to the list 
16:39:06.0 (2532672)|STATEMENT_EXECUTE|[8]
16:39:06.0 (2536202)|HEAP_ALLOCATE|[8]|Bytes:6
16:39:06.0 (2550676)|HEAP_ALLOCATE|[8]|Bytes:9
16:39:06.0 (2568855)|USER_DEBUG|[8]|DEBUG|Llegó:All
16:39:06.0 (2581936)|HEAP_ALLOCATE|[9]|Bytes:3
16:39:06.0 (2608939)|STATEMENT_EXECUTE|[9]
16:39:06.0 (2611129)|STATEMENT_EXECUTE|[11]
16:39:06.0 (2614497)|HEAP_ALLOCATE|[11]|Bytes:178
16:39:06.0 (2632157)|HEAP_ALLOCATE|[11]|Bytes:4
16:39:06.0 (3610519)|SOQL_EXECUTE_BEGIN|[11]|Aggregations:0|SELECT Id, Name, Contact__r.Name, Contact__r.Birthdate, Job_Category__c, RecordType.DeveloperName, Amount__c, Location__c, Office__c, Submitted__c, Status__C FROM Compensation__c
16:39:06.0 (12706867)|SOQL_EXECUTE_END|[11]|Rows:12
16:39:06.0 (12745537)|HEAP_ALLOCATE|[11]|Bytes:52
16:39:06.0 (12860560)|HEAP_ALLOCATE|[11]|Bytes:3535
16:39:06.0 (12943014)|HEAP_ALLOCATE|[11]|Bytes:52
16:39:06.0 (12965418)|SYSTEM_MODE_EXIT|false
16:39:06.12 (12994264)|CUMULATIVE_LIMIT_USAGE
16:39:06.12 (12994264)|LIMIT_USAGE_FOR_NS|(default)|
  Number of SOQL queries: 1 out of 100
  Number of query rows: 12 out of 50000
  Number of SOSL queries: 0 out of 20
  Number of DML statements: 0 out of 150
  Number of DML rows: 0 out of 10000
  Maximum CPU time: 0 out of 10000
  Maximum heap size: 0 out of 6000000
  Number of callouts: 0 out of 100
  Number of Email Invocations: 0 out of 10
  Number of future calls: 0 out of 50
  Number of queueable jobs added to the queue: 0 out of 50
  Number of Mobile Apex push calls: 0 out of 10

16:39:06.12 (12994264)|CUMULATIVE_LIMIT_USAGE_END

16:39:06.0 (13025406)|CODE_UNIT_FINISHED|CompensationsController.getCompensations(String)
16:39:06.0 (13613406)|CODE_UNIT_FINISHED|Aura
16:39:06.0 (14785578)|EXECUTION_FINISHED
0979873)|HEAP_ALLOCATE|[33]|Bytes:12
16:39:06.0 (10984727)|VARIABLE_SCOPE_BEGIN|[33]|r|RecordType|true|false
16:39:06.0 (10999042)|VARIABLE_ASSIGNMENT|[33]|r|{"DeveloperName":"Study","Id":"012f2000000qOq1AAE"}|0x6116efb3
16:39:06.0 (11004863)|STATEMENT_EXECUTE|[33]
16:39:06.0 (11007392)|STATEMENT_EXECUTE|[35]
16:39:06.0 (11014930)|HEAP_ALLOCATE|[EXTERNAL]|Bytes:4
16:39:06.0 (11025576)|HEAP_ALLOCATE|[33]|Bytes:5
16:39:06.0 (11035992)|VARIABLE_ASSIGNMENT|[33]|r|null|
16:39:06.0 (11041001)|STATEMENT_EXECUTE|[37]
16:39:06.0 (11052125)|SYSTEM_MODE_EXIT|false
16:39:06.11 (11090103)|CUMULATIVE_LIMIT_USAGE
16:39:06.11 (11090103)|LIMIT_USAGE_FOR_NS|(default)|
  Number of SOQL queries: 1 out of 100
  Number of query rows: 3 out of 50000
  Number of SOSL queries: 0 out of 20
  Number of DML statements: 0 out of 150
  Number of DML rows: 0 out of 10000
  Maximum CPU time: 0 out of 10000
  Maximum heap size: 0 out of 6000000
  Number of callouts: 0 out of 100
  Number of Email Invocations: 0 out of 10
  Number of future calls: 0 out of 50
  Number of queueable jobs added to the queue: 0 out of 50
  Number of Mobile Apex push calls: 0 out of 10

16:39:06.11 (11090103)|CUMULATIVE_LIMIT_USAGE_END

16:39:06.0 (11124304)|CODE_UNIT_FINISHED|CompensationsController.getRecordTypes()
16:39:06.0 (11195033)|CODE_UNIT_FINISHED|Aura
16:39:06.0 (12281624)|EXECUTION_FINISHED
