43.0 APEX_CODE,FINEST;APEX_PROFILING,INFO;CALLOUT,INFO;DB,INFO;NBA,INFO;SYSTEM,DEBUG;VALIDATION,INFO;VISUALFORCE,INFO;WAVE,INFO;WORKFLOW,INFO
18:08:04.0 (111866)|USER_INFO|[EXTERNAL]|005f2000008Qgef|gabriel.arce@salesforce.com|Argentine Time|GMT-03:00
18:08:04.0 (160202)|EXECUTION_STARTED
18:08:04.0 (166150)|CODE_UNIT_STARTED|[EXTERNAL]|Aura
18:08:04.0 (1043461)|HEAP_ALLOCATE|[72]|Bytes:3
18:08:04.0 (1152367)|HEAP_ALLOCATE|[77]|Bytes:152
18:08:04.0 (1172894)|HEAP_ALLOCATE|[342]|Bytes:408
18:08:04.0 (1189273)|HEAP_ALLOCATE|[355]|Bytes:408
18:08:04.0 (1201029)|HEAP_ALLOCATE|[467]|Bytes:48
18:08:04.0 (1226391)|HEAP_ALLOCATE|[139]|Bytes:6
18:08:04.0 (1270540)|HEAP_ALLOCATE|[EXTERNAL]|Bytes:18
18:08:04.0 (1284535)|HEAP_ALLOCATE|[EXTERNAL]|Bytes:18
18:08:04.0 (1360261)|HEAP_ALLOCATE|[EXTERNAL]|Bytes:3
18:08:04.0 (1374847)|HEAP_ALLOCATE|[EXTERNAL]|Bytes:3
18:08:04.0 (2347740)|CODE_UNIT_STARTED|[EXTERNAL]|01pf2000002PUqf|CompensationsController.getCompensations(String, String)
18:08:04.0 (2471153)|HEAP_ALLOCATE|[EXTERNAL]|Bytes:7
18:08:04.0 (2479467)|HEAP_ALLOCATE|[EXTERNAL]|Bytes:4
18:08:04.0 (2494127)|METHOD_ENTRY|[1]|01pf2000002PUqf|CompensationsController.CompensationsController()
18:08:04.0 (2500576)|STATEMENT_EXECUTE|[1]
18:08:04.0 (2507199)|STATEMENT_EXECUTE|[1]
18:08:04.0 (2546877)|HEAP_ALLOCATE|[50]|Bytes:5
18:08:04.0 (2580392)|HEAP_ALLOCATE|[56]|Bytes:5
18:08:04.0 (2595181)|HEAP_ALLOCATE|[64]|Bytes:7
18:08:04.0 (2615578)|SYSTEM_MODE_ENTER|false
18:08:04.0 (2631577)|HEAP_ALLOCATE|[EXTERNAL]|Bytes:5
18:08:04.0 (2641140)|SYSTEM_MODE_EXIT|false
18:08:04.0 (2650448)|METHOD_EXIT|[1]|CompensationsController
18:08:04.0 (2656258)|HEAP_ALLOCATE|[EXTERNAL]|Bytes:18
18:08:04.0 (2660141)|HEAP_ALLOCATE|[EXTERNAL]|Bytes:3
18:08:04.0 (2666476)|SYSTEM_MODE_ENTER|false
18:08:04.0 (2673574)|VARIABLE_SCOPE_BEGIN|[5]|contactRecordId|String|false|false
18:08:04.0 (2701172)|VARIABLE_ASSIGNMENT|[5]|contactRecordId|"003f200002Ps5aKAAR"
18:08:04.0 (2707266)|VARIABLE_SCOPE_BEGIN|[5]|recordType|String|false|false
18:08:04.0 (2715629)|VARIABLE_ASSIGNMENT|[5]|recordType|"All"
18:08:04.0 (2727338)|HEAP_ALLOCATE|[7]|Bytes:5
18:08:04.0 (2732151)|STATEMENT_EXECUTE|[5]
18:08:04.0 (2734261)|STATEMENT_EXECUTE|[7]
18:08:04.0 (2737093)|HEAP_ALLOCATE|[7]|Bytes:1
18:08:04.0 (2751848)|HEAP_ALLOCATE|[7]|Bytes:22
18:08:04.0 (2801117)|USER_DEBUG|[7]|DEBUG|003f200002Ps5aKAAR All
18:08:04.0 (2813515)|STATEMENT_EXECUTE|[9]
18:08:04.0 (2816665)|HEAP_ALLOCATE|[9]|Bytes:171
18:08:04.0 (2823210)|VARIABLE_SCOPE_BEGIN|[9]|squery|String|false|false
18:08:04.0 (2836917)|VARIABLE_ASSIGNMENT|[9]|squery|"SELECT Id, Name, Con (151 more) ..."
18:08:04.0 (2843297)|STATEMENT_EXECUTE|[10]
18:08:04.0 (2844869)|STATEMENT_EXECUTE|[11]
18:08:04.0 (2847770)|HEAP_ALLOCATE|[11]|Bytes:21
18:08:04.0 (2851962)|HEAP_ALLOCATE|[11]|Bytes:1
18:08:04.0 (2857874)|HEAP_ALLOCATE|[11]|Bytes:40
18:08:04.0 (2865455)|HEAP_ALLOCATE|[11]|Bytes:211
18:08:04.0 (2873567)|VARIABLE_ASSIGNMENT|[11]|squery|"SELECT Id, Name, Con (191 more) ..."
18:08:04.0 (2878737)|HEAP_ALLOCATE|[12]|Bytes:3
18:08:04.0 (2897363)|STATEMENT_EXECUTE|[12]
18:08:04.0 (2899404)|STATEMENT_EXECUTE|[20]
18:08:04.0 (2910617)|USER_DEBUG|[20]|DEBUG|SELECT Id, Name, Contact__r.Name,Contact__r.Birthdate,Job_Category__c,RecordType.DeveloperName,Amount__c,Location__c,Office__c,Submitted__c,Status__C FROM Compensation__c where contact__r.id='003f200002Ps5aKAAR'
18:08:04.0 (2919982)|STATEMENT_EXECUTE|[21]
18:08:04.0 (3793926)|SOQL_EXECUTE_BEGIN|[21]|Aggregations:0|SELECT Id, Name, Contact__r.Name,Contact__r.Birthdate,Job_Category__c,RecordType.DeveloperName,Amount__c,Location__c,Office__c,Submitted__c,Status__C FROM Compensation__c where contact__r.id='003f200002Ps5aKAAR'
18:08:04.0 (12287050)|SOQL_EXECUTE_END|[21]|Rows:9
18:08:04.0 (12323268)|HEAP_ALLOCATE|[21]|Bytes:40
18:08:04.0 (12398831)|HEAP_ALLOCATE|[21]|Bytes:2629
18:08:04.0 (12504154)|HEAP_ALLOCATE|[21]|Bytes:40
18:08:04.0 (12543627)|VARIABLE_SCOPE_BEGIN|[21]|returnList|List<Compensation__c>|true|false
18:08:04.0 (12584997)|VARIABLE_ASSIGNMENT|[21]|returnList|"List of size 9 too large to display"|0x1ae00cd9
18:08:04.0 (12598848)|STATEMENT_EXECUTE|[25]
18:08:04.0 (12618668)|SYSTEM_MODE_EXIT|false
18:08:04.12 (12657349)|CUMULATIVE_LIMIT_USAGE
18:08:04.12 (12657349)|LIMIT_USAGE_FOR_NS|(default)|
  Number of SOQL queries: 1 out of 100
  Number of query rows: 9 out of 50000
  Number of SOSL queries: 0 out of 20
  Number of DML statements: 0 out of 150
  Number of DML rows: 0 out of 10000
  Maximum CPU time: 0 out of 10000
  Maximum heap size: 0 out of 6000000
  Number of callouts: 0 out of 100
  Number of Email Invocations: 0 out of 10
  Number of future calls: 0 out of 50
  Number of queueable jobs added to the queue: 0 out of 50
  Number of Mobile Apex push calls: 0 out of 10

18:08:04.12 (12657349)|CUMULATIVE_LIMIT_USAGE_END

18:08:04.0 (12705440)|CODE_UNIT_FINISHED|CompensationsController.getCompensations(String, String)
18:08:04.0 (13163780)|CODE_UNIT_FINISHED|Aura
18:08:04.0 (14398795)|EXECUTION_FINISHED
18:08:04.16 (16103469)|USER_INFO|[EXTERNAL]|005f2000008Qgef|gabriel.arce@salesforce.com|Argentine Time|GMT-03:00
18:08:04.16 (16126693)|EXECUTION_STARTED
18:08:04.16 (16132387)|CODE_UNIT_STARTED|[EXTERNAL]|Aura
18:08:04.16 (16928905)|CODE_UNIT_STARTED|[EXTERNAL]|01pf2000002PUqf|CompensationsController.getRecordTypes()
18:08:04.16 (17020814)|SYSTEM_MODE_ENTER|false
18:08:04.16 (17055098)|HEAP_ALLOCATE|[30]|Bytes:5
18:08:04.16 (17063062)|STATEMENT_EXECUTE|[29]
18:08:04.16 (17068563)|STATEMENT_EXECUTE|[30]
18:08:04.16 (17074607)|HEAP_ALLOCATE|[30]|Bytes:74
18:08:04.16 (17102962)|HEAP_ALLOCATE|[30]|Bytes:4
18:08:04.16 (17276292)|SOQL_EXECUTE_BEGIN|[30]|Aggregations:0|SELECT DeveloperName FROM RecordType WHERE SobjectType = 'Compensation__c'
18:08:04.16 (27130414)|SOQL_EXECUTE_END|[30]|Rows:3
18:08:04.16 (27182992)|HEAP_ALLOCATE|[30]|Bytes:16
18:08:04.16 (27215858)|HEAP_ALLOCATE|[30]|Bytes:157
18:08:04.16 (27343388)|HEAP_ALLOCATE|[30]|Bytes:16
18:08:04.16 (27373142)|VARIABLE_SCOPE_BEGIN|[30]|recordTypesCompensation|List<RecordType>|true|false
18:08:04.16 (27443832)|VARIABLE_ASSIGNMENT|[30]|recordTypesCompensation|[{"DeveloperName":"Research","Id":"012f2000000qOq6AAE"},{"DeveloperName":"Salary","Id":"012f2000000qOpwAAE"},{"DeveloperName":"Study","Id":"012f2000000qOq1AAE"}]|0x70776d5f
18:08:04.16 (27461147)|STATEMENT_EXECUTE|[32]
18:08:04.16 (27483784)|HEAP_ALLOCATE|[32]|Bytes:4
18:08:04.16 (27539150)|VARIABLE_SCOPE_BEGIN|[32]|nameList|List<String>|true|false
18:08:04.16 (27576413)|HEAP_ALLOCATE|[EXTERNAL]|Bytes:4
18:08:04.16 (27588958)|VARIABLE_ASSIGNMENT|[32]|nameList|[]|0x5665e4e9
18:08:04.16 (27597789)|STATEMENT_EXECUTE|[33]
18:08:04.16 (27654102)|HEAP_ALLOCATE|[EXTERNAL]|Bytes:4
18:08:04.16 (27887034)|HEAP_ALLOCATE|[35]|Bytes:5
18:08:04.16 (27935220)|HEAP_ALLOCATE|[35]|Bytes:12
18:08:04.16 (27951629)|VARIABLE_SCOPE_BEGIN|[35]|r|RecordType|true|false
18:08:04.16 (27978058)|VARIABLE_ASSIGNMENT|[35]|r|{"DeveloperName":"Research","Id":"012f2000000qOq6AAE"}|0x2ac36afb
18:08:04.16 (27993835)|STATEMENT_EXECUTE|[35]
18:08:04.16 (27996380)|STATEMENT_EXECUTE|[37]
18:08:04.16 (28069706)|HEAP_ALLOCATE|[EXTERNAL]|Bytes:4
18:08:04.16 (28100104)|HEAP_ALLOCATE|[35]|Bytes:5
18:08:04.16 (28118849)|HEAP_ALLOCATE|[35]|Bytes:12
18:08:04.16 (28130004)|VARIABLE_SCOPE_BEGIN|[35]|r|RecordType|true|false
18:08:04.16 (28152974)|VARIABLE_ASSIGNMENT|[35]|r|{"DeveloperName":"Salary","Id":"012f2000000qOpwAAE"}|0x537881e6
18:08:04.16 (28163324)|STATEMENT_EXECUTE|[35]
18:08:04.16 (28165698)|STATEMENT_EXECUTE|[37]
18:08:04.16 (28182540)|HEAP_ALLOCATE|[EXTERNAL]|Bytes:4
18:08:04.16 (28200963)|HEAP_ALLOCATE|[35]|Bytes:5
18:08:04.16 (28214634)|HEAP_ALLOCATE|[35]|Bytes:12
18:08:04.16 (28222893)|VARIABLE_SCOPE_BEGIN|[35]|r|RecordType|true|false
18:08:04.16 (28245329)|VARIABLE_ASSIGNMENT|[35]|r|{"DeveloperName":"Study","Id":"012f2000000qOq1AAE"}|0x549d9cf3
18:08:04.16 (28254879)|STATEMENT_EXECUTE|[35]
18:08:04.16 (28257319)|STATEMENT_EXECUTE|[37]
18:08:04.16 (28270895)|HEAP_ALLOCATE|[EXTERNAL]|Bytes:4
18:08:04.16 (28289634)|HEAP_ALLOCATE|[35]|Bytes:5
18:08:04.16 (28307819)|VARIABLE_ASSIGNMENT|[35]|r|null|
18:08:04.16 (28316315)|STATEMENT_EXECUTE|[39]
18:08:04.16 (28332722)|SYSTEM_MODE_EXIT|false
18:08:04.28 (28360469)|CUMULATIVE_LIMIT_USAGE
18:08:04.28 (28360469)|LIMIT_USAGE_FOR_NS|(default)|
  Number of SOQL queries: 2 out of 100
  Number of query rows: 12 out of 50000
  Number of SOSL queries: 0 out of 20
  Number of DML statements: 0 out of 150
  Number of DML rows: 0 out of 10000
  Maximum CPU time: 0 out of 10000
  Maximum heap size: 0 out of 6000000
  Number of callouts: 0 out of 100
  Number of Email Invocations: 0 out of 10
  Number of future calls: 0 out of 50
  Number of queueable jobs added to the queue: 0 out of 50
  Number of Mobile Apex push calls: 0 out of 10

18:08:04.28 (28360469)|CUMULATIVE_LIMIT_USAGE_END

18:08:04.16 (28394561)|CODE_UNIT_FINISHED|CompensationsController.getRecordTypes()
18:08:04.16 (28466958)|CODE_UNIT_FINISHED|Aura
18:08:04.16 (29636940)|EXECUTION_FINISHED
