43.0 APEX_CODE,FINEST;APEX_PROFILING,INFO;CALLOUT,INFO;DB,INFO;NBA,INFO;SYSTEM,DEBUG;VALIDATION,INFO;VISUALFORCE,INFO;WAVE,INFO;WORKFLOW,INFO
17:30:07.0 (77182)|USER_INFO|[EXTERNAL]|005f2000008Qgef|gabriel.arce@salesforce.com|Argentine Time|GMT-03:00
17:30:07.0 (113153)|EXECUTION_STARTED
17:30:07.0 (117430)|CODE_UNIT_STARTED|[EXTERNAL]|Aura
17:30:07.0 (768814)|HEAP_ALLOCATE|[72]|Bytes:3
17:30:07.0 (829002)|HEAP_ALLOCATE|[77]|Bytes:152
17:30:07.0 (848750)|HEAP_ALLOCATE|[342]|Bytes:408
17:30:07.0 (867106)|HEAP_ALLOCATE|[355]|Bytes:408
17:30:07.0 (887757)|HEAP_ALLOCATE|[467]|Bytes:48
17:30:07.0 (910922)|HEAP_ALLOCATE|[139]|Bytes:6
17:30:07.0 (933565)|HEAP_ALLOCATE|[EXTERNAL]|Bytes:5
17:30:07.0 (941394)|HEAP_ALLOCATE|[EXTERNAL]|Bytes:5
17:30:07.0 (1860113)|CODE_UNIT_STARTED|[EXTERNAL]|01pf2000002PUqf|CompensationsController.getCompensations(String, String)
17:30:07.0 (1959829)|HEAP_ALLOCATE|[EXTERNAL]|Bytes:7
17:30:07.0 (1967461)|HEAP_ALLOCATE|[EXTERNAL]|Bytes:5
17:30:07.0 (1978630)|METHOD_ENTRY|[1]|01pf2000002PUqf|CompensationsController.CompensationsController()
17:30:07.0 (1984900)|STATEMENT_EXECUTE|[1]
17:30:07.0 (1990447)|STATEMENT_EXECUTE|[1]
17:30:07.0 (2022155)|HEAP_ALLOCATE|[50]|Bytes:5
17:30:07.0 (2044433)|HEAP_ALLOCATE|[56]|Bytes:5
17:30:07.0 (2051676)|HEAP_ALLOCATE|[64]|Bytes:7
17:30:07.0 (2069404)|SYSTEM_MODE_ENTER|false
17:30:07.0 (2080574)|HEAP_ALLOCATE|[EXTERNAL]|Bytes:5
17:30:07.0 (2086705)|SYSTEM_MODE_EXIT|false
17:30:07.0 (2094452)|METHOD_EXIT|[1]|CompensationsController
17:30:07.0 (2099570)|HEAP_ALLOCATE|[EXTERNAL]|Bytes:5
17:30:07.0 (2105650)|SYSTEM_MODE_ENTER|false
17:30:07.0 (2112060)|VARIABLE_SCOPE_BEGIN|[5]|contactRecordId|String|false|false
17:30:07.0 (2138733)|VARIABLE_ASSIGNMENT|[5]|contactRecordId|"Study"
17:30:07.0 (2144146)|VARIABLE_SCOPE_BEGIN|[5]|recordType|String|false|false
17:30:07.0 (2152691)|VARIABLE_ASSIGNMENT|[5]|recordType|null
17:30:07.0 (2162885)|HEAP_ALLOCATE|[7]|Bytes:5
17:30:07.0 (2167620)|STATEMENT_EXECUTE|[5]
17:30:07.0 (2169502)|STATEMENT_EXECUTE|[7]
17:30:07.0 (2172386)|HEAP_ALLOCATE|[7]|Bytes:21
17:30:07.0 (2211570)|USER_DEBUG|[7]|DEBUG|Accesing to the list 
17:30:07.0 (2222505)|STATEMENT_EXECUTE|[8]
17:30:07.0 (2225077)|HEAP_ALLOCATE|[8]|Bytes:6
17:30:07.0 (2234467)|HEAP_ALLOCATE|[8]|Bytes:10
17:30:07.0 (2246637)|USER_DEBUG|[8]|DEBUG|Llegó:null
17:30:07.0 (2253615)|STATEMENT_EXECUTE|[9]
17:30:07.0 (2257707)|HEAP_ALLOCATE|[9]|Bytes:11
17:30:07.0 (2266686)|USER_DEBUG|[9]|DEBUG|Llegó:Study
17:30:07.0 (2273654)|STATEMENT_EXECUTE|[10]
17:30:07.0 (2276097)|HEAP_ALLOCATE|[10]|Bytes:171
17:30:07.0 (2281183)|VARIABLE_SCOPE_BEGIN|[10]|squery|String|false|false
17:30:07.0 (2295905)|VARIABLE_ASSIGNMENT|[10]|squery|"SELECT Id, Name, Con (151 more) ..."
17:30:07.0 (2311426)|STATEMENT_EXECUTE|[11]
17:30:07.0 (2313214)|STATEMENT_EXECUTE|[12]
17:30:07.0 (2315359)|HEAP_ALLOCATE|[12]|Bytes:21
17:30:07.0 (2319856)|HEAP_ALLOCATE|[12]|Bytes:1
17:30:07.0 (2326551)|HEAP_ALLOCATE|[12]|Bytes:27
17:30:07.0 (2331409)|HEAP_ALLOCATE|[12]|Bytes:198
17:30:07.0 (2339620)|VARIABLE_ASSIGNMENT|[12]|squery|"SELECT Id, Name, Con (178 more) ..."
17:30:07.0 (2344582)|STATEMENT_EXECUTE|[13]
17:30:07.0 (2346224)|STATEMENT_EXECUTE|[14]
17:30:07.0 (2348603)|HEAP_ALLOCATE|[14]|Bytes:31
17:30:07.0 (2353686)|HEAP_ALLOCATE|[14]|Bytes:36
17:30:07.0 (2358553)|HEAP_ALLOCATE|[14]|Bytes:234
17:30:07.0 (2365485)|VARIABLE_ASSIGNMENT|[14]|squery|"SELECT Id, Name, Con (214 more) ..."
17:30:07.0 (2369795)|STATEMENT_EXECUTE|[22]
17:30:07.0 (3293757)|EXCEPTION_THROWN|[22]|System.QueryException: invalid ID field: Study
17:30:07.0 (3377894)|HEAP_ALLOCATE|[22]|Bytes:27
17:30:07.0 (3455010)|FATAL_ERROR|System.QueryException: invalid ID field: Study

Class.CompensationsController.getCompensations: line 22, column 1
17:30:07.0 (3467950)|FATAL_ERROR|System.QueryException: invalid ID field: Study

Class.CompensationsController.getCompensations: line 22, column 1
17:30:07.3 (3472608)|CUMULATIVE_LIMIT_USAGE
17:30:07.3 (3472608)|LIMIT_USAGE_FOR_NS|(default)|
  Number of SOQL queries: 0 out of 100
  Number of query rows: 0 out of 50000
  Number of SOSL queries: 0 out of 20
  Number of DML statements: 0 out of 150
  Number of DML rows: 0 out of 10000
  Maximum CPU time: 0 out of 10000
  Maximum heap size: 0 out of 6000000
  Number of callouts: 0 out of 100
  Number of Email Invocations: 0 out of 10
  Number of future calls: 0 out of 50
  Number of queueable jobs added to the queue: 0 out of 50
  Number of Mobile Apex push calls: 0 out of 10

17:30:07.3 (3472608)|CUMULATIVE_LIMIT_USAGE_END

17:30:07.0 (3501269)|CODE_UNIT_FINISHED|CompensationsController.getCompensations(String, String)
17:30:07.0 (9619939)|CODE_UNIT_FINISHED|Aura
17:30:07.0 (10806372)|EXECUTION_FINISHED
