43.0 APEX_CODE,FINEST;APEX_PROFILING,INFO;CALLOUT,INFO;DB,INFO;NBA,INFO;SYSTEM,DEBUG;VALIDATION,INFO;VISUALFORCE,INFO;WAVE,INFO;WORKFLOW,INFO
16:18:22.0 (90553)|USER_INFO|[EXTERNAL]|005f2000008Qgef|gabriel.arce@salesforce.com|Argentine Time|GMT-03:00
16:18:22.0 (131724)|EXECUTION_STARTED
16:18:22.0 (137169)|CODE_UNIT_STARTED|[EXTERNAL]|Aura
16:18:22.0 (787124)|HEAP_ALLOCATE|[72]|Bytes:3
16:18:22.0 (850992)|HEAP_ALLOCATE|[77]|Bytes:152
16:18:22.0 (872325)|HEAP_ALLOCATE|[342]|Bytes:408
16:18:22.0 (888863)|HEAP_ALLOCATE|[355]|Bytes:408
16:18:22.0 (899782)|HEAP_ALLOCATE|[467]|Bytes:48
16:18:22.0 (921981)|HEAP_ALLOCATE|[139]|Bytes:6
16:18:22.0 (942494)|HEAP_ALLOCATE|[EXTERNAL]|Bytes:3
16:18:22.0 (962417)|HEAP_ALLOCATE|[EXTERNAL]|Bytes:3
16:18:22.0 (2095377)|CODE_UNIT_STARTED|[EXTERNAL]|01pf2000002PUqf|CompensationsController.getCompensations(String)
16:18:22.0 (2167172)|HEAP_ALLOCATE|[EXTERNAL]|Bytes:7
16:18:22.0 (2174993)|HEAP_ALLOCATE|[EXTERNAL]|Bytes:3
16:18:22.0 (2184022)|METHOD_ENTRY|[1]|01pf2000002PUqf|CompensationsController.CompensationsController()
16:18:22.0 (2189603)|STATEMENT_EXECUTE|[1]
16:18:22.0 (2193112)|STATEMENT_EXECUTE|[1]
16:18:22.0 (2222927)|HEAP_ALLOCATE|[50]|Bytes:5
16:18:22.0 (2241269)|HEAP_ALLOCATE|[56]|Bytes:5
16:18:22.0 (2248950)|HEAP_ALLOCATE|[64]|Bytes:7
16:18:22.0 (2265337)|SYSTEM_MODE_ENTER|false
16:18:22.0 (2274454)|HEAP_ALLOCATE|[EXTERNAL]|Bytes:5
16:18:22.0 (2280634)|SYSTEM_MODE_EXIT|false
16:18:22.0 (2287259)|METHOD_EXIT|[1]|CompensationsController
16:18:22.0 (2292556)|HEAP_ALLOCATE|[EXTERNAL]|Bytes:3
16:18:22.0 (2298824)|SYSTEM_MODE_ENTER|false
16:18:22.0 (2306868)|VARIABLE_SCOPE_BEGIN|[5]|recordType|String|false|false
16:18:22.0 (2332070)|VARIABLE_ASSIGNMENT|[5]|recordType|"All"
16:18:22.0 (2343308)|HEAP_ALLOCATE|[7]|Bytes:5
16:18:22.0 (2348920)|STATEMENT_EXECUTE|[5]
16:18:22.0 (2350865)|STATEMENT_EXECUTE|[7]
16:18:22.0 (2353406)|HEAP_ALLOCATE|[7]|Bytes:21
16:18:22.0 (2390766)|USER_DEBUG|[7]|DEBUG|Accesing to the list 
16:18:22.0 (2402550)|STATEMENT_EXECUTE|[8]
16:18:22.0 (2405544)|HEAP_ALLOCATE|[8]|Bytes:6
16:18:22.0 (2416349)|HEAP_ALLOCATE|[8]|Bytes:9
16:18:22.0 (2428737)|USER_DEBUG|[8]|DEBUG|Llegó:All
16:18:22.0 (2436984)|HEAP_ALLOCATE|[9]|Bytes:3
16:18:22.0 (2456720)|STATEMENT_EXECUTE|[9]
16:18:22.0 (2458407)|STATEMENT_EXECUTE|[11]
16:18:22.0 (2461102)|HEAP_ALLOCATE|[11]|Bytes:178
16:18:22.0 (2474248)|HEAP_ALLOCATE|[11]|Bytes:4
16:18:22.0 (3188743)|SOQL_EXECUTE_BEGIN|[11]|Aggregations:0|SELECT Id, Name, Contact__r.Name, Contact__r.Birthdate, Job_Category__c, RecordType.DeveloperName, Amount__c, Location__c, Office__c, Submitted__c, Status__C FROM Compensation__c
16:18:22.0 (9914447)|SOQL_EXECUTE_END|[11]|Rows:12
16:18:22.0 (9946784)|HEAP_ALLOCATE|[11]|Bytes:52
16:18:22.0 (10028861)|HEAP_ALLOCATE|[11]|Bytes:3535
16:18:22.0 (10130762)|HEAP_ALLOCATE|[11]|Bytes:52
16:18:22.0 (10154273)|SYSTEM_MODE_EXIT|false
16:18:22.10 (10186050)|CUMULATIVE_LIMIT_USAGE
16:18:22.10 (10186050)|LIMIT_USAGE_FOR_NS|(default)|
  Number of SOQL queries: 1 out of 100
  Number of query rows: 12 out of 50000
  Number of SOSL queries: 0 out of 20
  Number of DML statements: 0 out of 150
  Number of DML rows: 0 out of 10000
  Maximum CPU time: 0 out of 10000
  Maximum heap size: 0 out of 6000000
  Number of callouts: 0 out of 100
  Number of Email Invocations: 0 out of 10
  Number of future calls: 0 out of 50
  Number of queueable jobs added to the queue: 0 out of 50
  Number of Mobile Apex push calls: 0 out of 10

16:18:22.10 (10186050)|CUMULATIVE_LIMIT_USAGE_END

16:18:22.0 (10222188)|CODE_UNIT_FINISHED|CompensationsController.getCompensations(String)
16:18:22.0 (10590222)|CODE_UNIT_FINISHED|Aura
16:18:22.0 (11779784)|EXECUTION_FINISHED
