43.0 APEX_CODE,FINEST;APEX_PROFILING,INFO;CALLOUT,INFO;DB,INFO;NBA,INFO;SYSTEM,DEBUG;VALIDATION,INFO;VISUALFORCE,INFO;WAVE,INFO;WORKFLOW,INFO
17:49:57.0 (84099)|USER_INFO|[EXTERNAL]|005f2000008Qgef|gabriel.arce@salesforce.com|Argentine Time|GMT-03:00
17:49:57.0 (121146)|EXECUTION_STARTED
17:49:57.0 (125687)|CODE_UNIT_STARTED|[EXTERNAL]|Aura
17:49:57.0 (792808)|HEAP_ALLOCATE|[72]|Bytes:3
17:49:57.0 (837338)|HEAP_ALLOCATE|[77]|Bytes:152
17:49:57.0 (854629)|HEAP_ALLOCATE|[342]|Bytes:408
17:49:57.0 (871550)|HEAP_ALLOCATE|[355]|Bytes:408
17:49:57.0 (882489)|HEAP_ALLOCATE|[467]|Bytes:48
17:49:57.0 (904910)|HEAP_ALLOCATE|[139]|Bytes:6
17:49:57.0 (922725)|HEAP_ALLOCATE|[EXTERNAL]|Bytes:8
17:49:57.0 (930662)|HEAP_ALLOCATE|[EXTERNAL]|Bytes:8
17:49:57.0 (1797704)|CODE_UNIT_STARTED|[EXTERNAL]|01pf2000002PUqf|CompensationsController.getCompensations(String, String)
17:49:57.0 (1882248)|HEAP_ALLOCATE|[EXTERNAL]|Bytes:7
17:49:57.0 (1889500)|HEAP_ALLOCATE|[EXTERNAL]|Bytes:4
17:49:57.0 (1899265)|METHOD_ENTRY|[1]|01pf2000002PUqf|CompensationsController.CompensationsController()
17:49:57.0 (1905011)|STATEMENT_EXECUTE|[1]
17:49:57.0 (1910297)|STATEMENT_EXECUTE|[1]
17:49:57.0 (1937759)|HEAP_ALLOCATE|[50]|Bytes:5
17:49:57.0 (1960095)|HEAP_ALLOCATE|[56]|Bytes:5
17:49:57.0 (1968231)|HEAP_ALLOCATE|[64]|Bytes:7
17:49:57.0 (1985697)|SYSTEM_MODE_ENTER|false
17:49:57.0 (1999339)|HEAP_ALLOCATE|[EXTERNAL]|Bytes:5
17:49:57.0 (2005840)|SYSTEM_MODE_EXIT|false
17:49:57.0 (2015925)|METHOD_EXIT|[1]|CompensationsController
17:49:57.0 (2023132)|HEAP_ALLOCATE|[EXTERNAL]|Bytes:8
17:49:57.0 (2029704)|SYSTEM_MODE_ENTER|false
17:49:57.0 (2035833)|VARIABLE_SCOPE_BEGIN|[5]|contactRecordId|String|false|false
17:49:57.0 (2056354)|VARIABLE_ASSIGNMENT|[5]|contactRecordId|null
17:49:57.0 (2061283)|VARIABLE_SCOPE_BEGIN|[5]|recordType|String|false|false
17:49:57.0 (2074054)|VARIABLE_ASSIGNMENT|[5]|recordType|"Research"
17:49:57.0 (2084737)|HEAP_ALLOCATE|[7]|Bytes:5
17:49:57.0 (2089965)|STATEMENT_EXECUTE|[5]
17:49:57.0 (2091791)|STATEMENT_EXECUTE|[7]
17:49:57.0 (2094825)|HEAP_ALLOCATE|[7]|Bytes:1
17:49:57.0 (2105864)|HEAP_ALLOCATE|[7]|Bytes:13
17:49:57.0 (2151319)|USER_DEBUG|[7]|DEBUG|null Research
17:49:57.0 (2161499)|STATEMENT_EXECUTE|[9]
17:49:57.0 (2164545)|HEAP_ALLOCATE|[9]|Bytes:171
17:49:57.0 (2170365)|VARIABLE_SCOPE_BEGIN|[9]|squery|String|false|false
17:49:57.0 (2185302)|VARIABLE_ASSIGNMENT|[9]|squery|"SELECT Id, Name, Con (151 more) ..."
17:49:57.0 (2190180)|STATEMENT_EXECUTE|[15]
17:49:57.0 (2193209)|HEAP_ALLOCATE|[16]|Bytes:3
17:49:57.0 (2206607)|STATEMENT_EXECUTE|[16]
17:49:57.0 (2208405)|STATEMENT_EXECUTE|[17]
17:49:57.0 (2210804)|HEAP_ALLOCATE|[17]|Bytes:32
17:49:57.0 (2214994)|HEAP_ALLOCATE|[17]|Bytes:1
17:49:57.0 (2220844)|HEAP_ALLOCATE|[17]|Bytes:41
17:49:57.0 (2227500)|HEAP_ALLOCATE|[17]|Bytes:212
17:49:57.0 (2236675)|VARIABLE_ASSIGNMENT|[17]|squery|"SELECT Id, Name, Con (192 more) ..."
17:49:57.0 (2241298)|STATEMENT_EXECUTE|[20]
17:49:57.0 (2253037)|USER_DEBUG|[20]|DEBUG|SELECT Id, Name, Contact__r.Name,Contact__r.Birthdate,Job_Category__c,RecordType.DeveloperName,Amount__c,Location__c,Office__c,Submitted__c,Status__C FROM Compensation__c where RecordType.DeveloperName='Research'
17:49:57.0 (2261739)|STATEMENT_EXECUTE|[21]
17:49:57.0 (2998142)|SOQL_EXECUTE_BEGIN|[21]|Aggregations:0|SELECT Id, Name, Contact__r.Name,Contact__r.Birthdate,Job_Category__c,RecordType.DeveloperName,Amount__c,Location__c,Office__c,Submitted__c,Status__C FROM Compensation__c where RecordType.DeveloperName='Research'
17:49:57.0 (10889329)|SOQL_EXECUTE_END|[21]|Rows:1
17:49:57.0 (10913961)|HEAP_ALLOCATE|[21]|Bytes:8
17:49:57.0 (10936838)|HEAP_ALLOCATE|[21]|Bytes:401
17:49:57.0 (11025503)|HEAP_ALLOCATE|[21]|Bytes:8
17:49:57.0 (11052481)|VARIABLE_SCOPE_BEGIN|[21]|returnList|List<Compensation__c>|true|false
17:49:57.0 (11138997)|VARIABLE_ASSIGNMENT|[21]|returnList|[{"Id":"a06f200000XDLXaAAP","Name":"Research 1","Contact__c":"003f200002Ps5aKAAR","Job_Category__c":"Semi-Senior","RecordTypeId":"012f2000000qOq6AAE","Amount__c":"2000","Location__c":"India","Office__c":"Chennai","Submitted__c":false,"Status__c":"NOT SUBMITTED","Contact__r":{"Name":"Gabrielsssssssss Arc (1 more) ...","Birthdate":"1978-06-14T00:00:00.000Z","Id":"003f200002Ps5aKAAR"},"RecordType":{"DeveloperName":"Research","Id":"012f2000000qOq6AAE"}}]|0x25afee27
17:49:57.0 (11158300)|STATEMENT_EXECUTE|[25]
17:49:57.0 (11169143)|SYSTEM_MODE_EXIT|false
17:49:57.11 (11194379)|CUMULATIVE_LIMIT_USAGE
17:49:57.11 (11194379)|LIMIT_USAGE_FOR_NS|(default)|
  Number of SOQL queries: 1 out of 100
  Number of query rows: 1 out of 50000
  Number of SOSL queries: 0 out of 20
  Number of DML statements: 0 out of 150
  Number of DML rows: 0 out of 10000
  Maximum CPU time: 0 out of 10000
  Maximum heap size: 0 out of 6000000
  Number of callouts: 0 out of 100
  Number of Email Invocations: 0 out of 10
  Number of future calls: 0 out of 50
  Number of queueable jobs added to the queue: 0 out of 50
  Number of Mobile Apex push calls: 0 out of 10

17:49:57.11 (11194379)|CUMULATIVE_LIMIT_USAGE_END

17:49:57.0 (11224432)|CODE_UNIT_FINISHED|CompensationsController.getCompensations(String, String)
17:49:57.0 (11320397)|CODE_UNIT_FINISHED|Aura
17:49:57.0 (12784294)|EXECUTION_FINISHED
