43.0 APEX_CODE,FINEST;APEX_PROFILING,INFO;CALLOUT,INFO;DB,INFO;NBA,INFO;SYSTEM,DEBUG;VALIDATION,INFO;VISUALFORCE,INFO;WAVE,INFO;WORKFLOW,INFO
16:49:47.0 (79737)|USER_INFO|[EXTERNAL]|005f2000008Qgef|gabriel.arce@salesforce.com|Argentine Time|GMT-03:00
16:49:47.0 (136304)|EXECUTION_STARTED
16:49:47.0 (143194)|CODE_UNIT_STARTED|[EXTERNAL]|Aura
16:49:47.0 (1219532)|CODE_UNIT_STARTED|[EXTERNAL]|01pf2000002PUqf|CompensationsController.getRecordTypes()
16:49:47.0 (1340317)|HEAP_ALLOCATE|[72]|Bytes:3
16:49:47.0 (1380012)|HEAP_ALLOCATE|[77]|Bytes:152
16:49:47.0 (1395342)|HEAP_ALLOCATE|[342]|Bytes:408
16:49:47.0 (1411326)|HEAP_ALLOCATE|[355]|Bytes:408
16:49:47.0 (1422124)|HEAP_ALLOCATE|[467]|Bytes:48
16:49:47.0 (1445379)|HEAP_ALLOCATE|[139]|Bytes:6
16:49:47.0 (1487267)|HEAP_ALLOCATE|[EXTERNAL]|Bytes:7
16:49:47.0 (1493712)|HEAP_ALLOCATE|[EXTERNAL]|Bytes:3
16:49:47.0 (1503809)|METHOD_ENTRY|[1]|01pf2000002PUqf|CompensationsController.CompensationsController()
16:49:47.0 (1510153)|STATEMENT_EXECUTE|[1]
16:49:47.0 (1515714)|STATEMENT_EXECUTE|[1]
16:49:47.0 (1544422)|HEAP_ALLOCATE|[50]|Bytes:5
16:49:47.0 (1560876)|HEAP_ALLOCATE|[56]|Bytes:5
16:49:47.0 (1568259)|HEAP_ALLOCATE|[64]|Bytes:7
16:49:47.0 (1584524)|SYSTEM_MODE_ENTER|false
16:49:47.0 (1594050)|HEAP_ALLOCATE|[EXTERNAL]|Bytes:5
16:49:47.0 (1600285)|SYSTEM_MODE_EXIT|false
16:49:47.0 (1608528)|METHOD_EXIT|[1]|CompensationsController
16:49:47.0 (1615876)|SYSTEM_MODE_ENTER|false
16:49:47.0 (1624301)|HEAP_ALLOCATE|[28]|Bytes:5
16:49:47.0 (1628450)|STATEMENT_EXECUTE|[27]
16:49:47.0 (1630373)|STATEMENT_EXECUTE|[28]
16:49:47.0 (1632982)|HEAP_ALLOCATE|[28]|Bytes:74
16:49:47.0 (1646018)|HEAP_ALLOCATE|[28]|Bytes:4
16:49:47.0 (1857151)|SOQL_EXECUTE_BEGIN|[28]|Aggregations:0|SELECT DeveloperName FROM RecordType WHERE SobjectType = 'Compensation__c'
16:49:47.0 (10306224)|SOQL_EXECUTE_END|[28]|Rows:3
16:49:47.0 (10331611)|HEAP_ALLOCATE|[28]|Bytes:16
16:49:47.0 (10348032)|HEAP_ALLOCATE|[28]|Bytes:157
16:49:47.0 (10437267)|HEAP_ALLOCATE|[28]|Bytes:16
16:49:47.0 (10457845)|VARIABLE_SCOPE_BEGIN|[28]|recordTypesCompensation|List<RecordType>|true|false
16:49:47.0 (10517092)|VARIABLE_ASSIGNMENT|[28]|recordTypesCompensation|[{"DeveloperName":"Research","Id":"012f2000000qOq6AAE"},{"DeveloperName":"Salary","Id":"012f2000000qOpwAAE"},{"DeveloperName":"Study","Id":"012f2000000qOq1AAE"}]|0x6a0ab277
16:49:47.0 (10528569)|STATEMENT_EXECUTE|[30]
16:49:47.0 (10540338)|HEAP_ALLOCATE|[30]|Bytes:4
16:49:47.0 (10644494)|VARIABLE_SCOPE_BEGIN|[30]|nameList|List<String>|true|false
16:49:47.0 (10670595)|HEAP_ALLOCATE|[EXTERNAL]|Bytes:4
16:49:47.0 (10683207)|VARIABLE_ASSIGNMENT|[30]|nameList|[]|0x696b3aa6
16:49:47.0 (10690181)|STATEMENT_EXECUTE|[31]
16:49:47.0 (10694102)|HEAP_ALLOCATE|[31]|Bytes:3
16:49:47.0 (10753159)|HEAP_ALLOCATE|[EXTERNAL]|Bytes:4
16:49:47.0 (10918323)|HEAP_ALLOCATE|[33]|Bytes:5
16:49:47.0 (10968803)|HEAP_ALLOCATE|[33]|Bytes:12
16:49:47.0 (10980190)|VARIABLE_SCOPE_BEGIN|[33]|r|RecordType|true|false
16:49:47.0 (11000596)|VARIABLE_ASSIGNMENT|[33]|r|{"DeveloperName":"Research","Id":"012f2000000qOq6AAE"}|0x5113232a
16:49:47.0 (11008368)|STATEMENT_EXECUTE|[33]
16:49:47.0 (11010200)|STATEMENT_EXECUTE|[35]
16:49:47.0 (11056722)|HEAP_ALLOCATE|[EXTERNAL]|Bytes:4
16:49:47.0 (11073498)|HEAP_ALLOCATE|[33]|Bytes:5
16:49:47.0 (11085020)|HEAP_ALLOCATE|[33]|Bytes:12
16:49:47.0 (11091747)|VARIABLE_SCOPE_BEGIN|[33]|r|RecordType|true|false
16:49:47.0 (11108464)|VARIABLE_ASSIGNMENT|[33]|r|{"DeveloperName":"Salary","Id":"012f2000000qOpwAAE"}|0x619d9da4
16:49:47.0 (11116009)|STATEMENT_EXECUTE|[33]
16:49:47.0 (11117568)|STATEMENT_EXECUTE|[35]
16:49:47.0 (11128648)|HEAP_ALLOCATE|[EXTERNAL]|Bytes:4
16:49:47.0 (11140094)|HEAP_ALLOCATE|[33]|Bytes:5
16:49:47.0 (11149007)|HEAP_ALLOCATE|[33]|Bytes:12
16:49:47.0 (11154349)|VARIABLE_SCOPE_BEGIN|[33]|r|RecordType|true|false
16:49:47.0 (11168459)|VARIABLE_ASSIGNMENT|[33]|r|{"DeveloperName":"Study","Id":"012f2000000qOq1AAE"}|0x7ba237eb
16:49:47.0 (11174887)|STATEMENT_EXECUTE|[33]
16:49:47.0 (11176640)|STATEMENT_EXECUTE|[35]
16:49:47.0 (11184259)|HEAP_ALLOCATE|[EXTERNAL]|Bytes:4
16:49:47.0 (11194735)|HEAP_ALLOCATE|[33]|Bytes:5
16:49:47.0 (11205401)|VARIABLE_ASSIGNMENT|[33]|r|null|
16:49:47.0 (11210150)|STATEMENT_EXECUTE|[37]
16:49:47.0 (11219313)|SYSTEM_MODE_EXIT|false
16:49:47.11 (11256142)|CUMULATIVE_LIMIT_USAGE
16:49:47.11 (11256142)|LIMIT_USAGE_FOR_NS|(default)|
  Number of SOQL queries: 1 out of 100
  Number of query rows: 3 out of 50000
  Number of SOSL queries: 0 out of 20
  Number of DML statements: 0 out of 150
  Number of DML rows: 0 out of 10000
  Maximum CPU time: 0 out of 10000
  Maximum heap size: 0 out of 6000000
  Number of callouts: 0 out of 100
  Number of Email Invocations: 0 out of 10
  Number of future calls: 0 out of 50
  Number of queueable jobs added to the queue: 0 out of 50
  Number of Mobile Apex push calls: 0 out of 10

16:49:47.11 (11256142)|CUMULATIVE_LIMIT_USAGE_END

16:49:47.0 (11289130)|CODE_UNIT_FINISHED|CompensationsController.getRecordTypes()
16:49:47.0 (11367078)|CODE_UNIT_FINISHED|Aura
16:49:47.0 (12579728)|EXECUTION_FINISHED
