43.0 APEX_CODE,FINEST;APEX_PROFILING,INFO;CALLOUT,INFO;DB,INFO;NBA,INFO;SYSTEM,DEBUG;VALIDATION,INFO;VISUALFORCE,INFO;WAVE,INFO;WORKFLOW,INFO
16:51:34.0 (103945)|USER_INFO|[EXTERNAL]|005f2000008Qgef|gabriel.arce@salesforce.com|Argentine Time|GMT-03:00
16:51:34.0 (161814)|EXECUTION_STARTED
16:51:34.0 (166139)|CODE_UNIT_STARTED|[EXTERNAL]|DuplicateDetector
16:51:34.0 (185456)|DUPLICATE_DETECTION_BEGIN
16:51:34.0 (282771)|DUPLICATE_DETECTION_RULE_INVOCATION|DuplicateRuleId:0Bmf2000000uU2T|DuplicateRuleName:Standard Contact Duplicate Rule|DmlType:
16:51:34.0 (28439838)|DUPLICATE_DETECTION_MATCH_INVOCATION_DETAILS|EntityId:003f200002PxJqD|ActionTaken:|DuplicateRecordIds:
16:51:34.0 (28463898)|DUPLICATE_DETECTION_MATCH_INVOCATION_SUMMARY|EntityType:Contact|NumRecordsToBeSaved:1|NumRecordsToBeSavedWithDuplicates:0|NumDuplicateRecordsFound:0
16:51:34.0 (28477850)|DUPLICATE_DETECTION_MATCH_INVOCATION_DETAILS|EntityId:003f200002PxJqD|ActionTaken:|DuplicateRecordIds:
16:51:34.0 (28486089)|DUPLICATE_DETECTION_MATCH_INVOCATION_SUMMARY|EntityType:Contact|NumRecordsToBeSaved:1|NumRecordsToBeSavedWithDuplicates:0|NumDuplicateRecordsFound:0
16:51:34.0 (28697827)|DUPLICATE_DETECTION_END
16:51:34.0 (28704240)|CODE_UNIT_FINISHED|DuplicateDetector
16:51:34.0 (28714934)|EXECUTION_FINISHED
5
16:51:34.0 (1851554)|SYSTEM_MODE_EXIT|false
16:51:34.0 (1860054)|METHOD_EXIT|[1]|CompensationsController
16:51:34.0 (1867397)|SYSTEM_MODE_ENTER|false
16:51:34.0 (1876290)|HEAP_ALLOCATE|[28]|Bytes:5
16:51:34.0 (1880809)|STATEMENT_EXECUTE|[27]
16:51:34.0 (1882705)|STATEMENT_EXECUTE|[28]
16:51:34.0 (1885751)|HEAP_ALLOCATE|[28]|Bytes:74
16:51:34.0 (1904527)|HEAP_ALLOCATE|[28]|Bytes:4
16:51:34.0 (2177298)|SOQL_EXECUTE_BEGIN|[28]|Aggregations:0|SELECT DeveloperName FROM RecordType WHERE SobjectType = 'Compensation__c'
16:51:34.0 (10719673)|SOQL_EXECUTE_END|[28]|Rows:3
16:51:34.0 (10740157)|HEAP_ALLOCATE|[28]|Bytes:16
16:51:34.0 (10754566)|HEAP_ALLOCATE|[28]|Bytes:157
16:51:34.0 (10824228)|HEAP_ALLOCATE|[28]|Bytes:16
16:51:34.0 (10841049)|VARIABLE_SCOPE_BEGIN|[28]|recordTypesCompensation|List<RecordType>|true|false
16:51:34.0 (10884176)|VARIABLE_ASSIGNMENT|[28]|recordTypesCompensation|[{"DeveloperName":"Research","Id":"012f2000000qOq6AAE"},{"DeveloperName":"Salary","Id":"012f2000000qOpwAAE"},{"DeveloperName":"Study","Id":"012f2000000qOq1AAE"}]|0x302c8247
16:51:34.0 (10892659)|STATEMENT_EXECUTE|[30]
16:51:34.0 (10905234)|HEAP_ALLOCATE|[30]|Bytes:4
16:51:34.0 (10943031)|VARIABLE_SCOPE_BEGIN|[30]|nameList|List<String>|true|false
16:51:34.0 (10967379)|HEAP_ALLOCATE|[EXTERNAL]|Bytes:4
16:51:34.0 (10978602)|VARIABLE_ASSIGNMENT|[30]|nameList|[]|0x76a26f61
16:51:34.0 (10984246)|STATEMENT_EXECUTE|[31]
16:51:34.0 (10988037)|HEAP_ALLOCATE|[31]|Bytes:3
16:51:34.0 (11033150)|HEAP_ALLOCATE|[EXTERNAL]|Bytes:4
16:51:34.0 (11192719)|HEAP_ALLOCATE|[33]|Bytes:5
16:51:34.0 (11223046)|HEAP_ALLOCATE|[33]|Bytes:12
16:51:34.0 (11232968)|VARIABLE_SCOPE_BEGIN|[33]|r|RecordType|true|false
16:51:34.0 (11252775)|VARIABLE_ASSIGNMENT|[33]|r|{"DeveloperName":"Research","Id":"012f2000000qOq6AAE"}|0x17076657
16:51:34.0 (11259605)|STATEMENT_EXECUTE|[33]
16:51:34.0 (11261270)|STATEMENT_EXECUTE|[35]
16:51:34.0 (11304991)|HEAP_ALLOCATE|[EXTERNAL]|Bytes:4
16:51:34.0 (11320996)|HEAP_ALLOCATE|[33]|Bytes:5
16:51:34.0 (11331342)|HEAP_ALLOCATE|[33]|Bytes:12
16:51:34.0 (11337538)|VARIABLE_SCOPE_BEGIN|[33]|r|RecordType|true|false
16:51:34.0 (11353496)|VARIABLE_ASSIGNMENT|[33]|r|{"DeveloperName":"Salary","Id":"012f2000000qOpwAAE"}|0x723bdab1
16:51:34.0 (11360013)|STATEMENT_EXECUTE|[33]
16:51:34.0 (11361593)|STATEMENT_EXECUTE|[35]
16:51:34.0 (11372012)|HEAP_ALLOCATE|[EXTERNAL]|Bytes:4
16:51:34.0 (11384143)|HEAP_ALLOCATE|[33]|Bytes:5
16:51:34.0 (11392479)|HEAP_ALLOCATE|[33]|Bytes:12
16:51:34.0 (11397459)|VARIABLE_SCOPE_BEGIN|[33]|r|RecordType|true|false
16:51:34.0 (11416169)|VARIABLE_ASSIGNMENT|[33]|r|{"DeveloperName":"Study","Id":"012f2000000qOq1AAE"}|0x3f4201dc
16:51:34.0 (11422100)|STATEMENT_EXECUTE|[33]
16:51:34.0 (11423570)|STATEMENT_EXECUTE|[35]
16:51:34.0 (11431690)|HEAP_ALLOCATE|[EXTERNAL]|Bytes:4
16:51:34.0 (11442805)|HEAP_ALLOCATE|[33]|Bytes:5
16:51:34.0 (11453106)|VARIABLE_ASSIGNMENT|[33]|r|null|
16:51:34.0 (11457795)|STATEMENT_EXECUTE|[37]
16:51:34.0 (11465080)|SYSTEM_MODE_EXIT|false
16:51:34.11 (11485736)|CUMULATIVE_LIMIT_USAGE
16:51:34.11 (11485736)|LIMIT_USAGE_FOR_NS|(default)|
  Number of SOQL queries: 1 out of 100
  Number of query rows: 3 out of 50000
  Number of SOSL queries: 0 out of 20
  Number of DML statements: 0 out of 150
  Number of DML rows: 0 out of 10000
  Maximum CPU time: 0 out of 10000
  Maximum heap size: 0 out of 6000000
  Number of callouts: 0 out of 100
  Number of Email Invocations: 0 out of 10
  Number of future calls: 0 out of 50
  Number of queueable jobs added to the queue: 0 out of 50
  Number of Mobile Apex push calls: 0 out of 10

16:51:34.11 (11485736)|CUMULATIVE_LIMIT_USAGE_END

16:51:34.0 (11506640)|CODE_UNIT_FINISHED|CompensationsController.getRecordTypes()
16:51:34.0 (11553638)|CODE_UNIT_FINISHED|Aura
16:51:34.0 (12649520)|EXECUTION_FINISHED
