43.0 APEX_CODE,FINEST;APEX_PROFILING,INFO;CALLOUT,INFO;DB,INFO;NBA,INFO;SYSTEM,DEBUG;VALIDATION,INFO;VISUALFORCE,INFO;WAVE,INFO;WORKFLOW,INFO
17:50:12.47 (47452529)|USER_INFO|[EXTERNAL]|005f2000008Qgef|gabriel.arce@salesforce.com|Argentine Time|GMT-03:00
17:50:12.47 (47495380)|EXECUTION_STARTED
17:50:12.47 (47501577)|CODE_UNIT_STARTED|[EXTERNAL]|Aura
17:50:12.47 (48235187)|HEAP_ALLOCATE|[72]|Bytes:3
17:50:12.47 (48297866)|HEAP_ALLOCATE|[77]|Bytes:152
17:50:12.47 (48316568)|HEAP_ALLOCATE|[342]|Bytes:408
17:50:12.47 (48331475)|HEAP_ALLOCATE|[355]|Bytes:408
17:50:12.47 (48342567)|HEAP_ALLOCATE|[467]|Bytes:48
17:50:12.47 (48366989)|HEAP_ALLOCATE|[139]|Bytes:6
17:50:12.47 (48386757)|HEAP_ALLOCATE|[EXTERNAL]|Bytes:18
17:50:12.47 (48395782)|HEAP_ALLOCATE|[EXTERNAL]|Bytes:18
17:50:12.47 (48449305)|HEAP_ALLOCATE|[EXTERNAL]|Bytes:3
17:50:12.47 (48454643)|HEAP_ALLOCATE|[EXTERNAL]|Bytes:3
17:50:12.47 (49397082)|CODE_UNIT_STARTED|[EXTERNAL]|01pf2000002PUqf|CompensationsController.getCompensations(String, String)
17:50:12.47 (49496655)|HEAP_ALLOCATE|[EXTERNAL]|Bytes:7
17:50:12.47 (49503975)|HEAP_ALLOCATE|[EXTERNAL]|Bytes:4
17:50:12.47 (49513694)|METHOD_ENTRY|[1]|01pf2000002PUqf|CompensationsController.CompensationsController()
17:50:12.47 (49520079)|STATEMENT_EXECUTE|[1]
17:50:12.47 (49526248)|STATEMENT_EXECUTE|[1]
17:50:12.47 (49561392)|HEAP_ALLOCATE|[50]|Bytes:5
17:50:12.47 (49588181)|HEAP_ALLOCATE|[56]|Bytes:5
17:50:12.47 (49595809)|HEAP_ALLOCATE|[64]|Bytes:7
17:50:12.47 (49613652)|SYSTEM_MODE_ENTER|false
17:50:12.47 (49629962)|HEAP_ALLOCATE|[EXTERNAL]|Bytes:5
17:50:12.47 (49638469)|SYSTEM_MODE_EXIT|false
17:50:12.47 (49647913)|METHOD_EXIT|[1]|CompensationsController
17:50:12.47 (49653581)|HEAP_ALLOCATE|[EXTERNAL]|Bytes:18
17:50:12.47 (49656629)|HEAP_ALLOCATE|[EXTERNAL]|Bytes:3
17:50:12.47 (49661897)|SYSTEM_MODE_ENTER|false
17:50:12.47 (49668229)|VARIABLE_SCOPE_BEGIN|[5]|contactRecordId|String|false|false
17:50:12.47 (49693691)|VARIABLE_ASSIGNMENT|[5]|contactRecordId|"003f200002PxJqDAAV"
17:50:12.47 (49699633)|VARIABLE_SCOPE_BEGIN|[5]|recordType|String|false|false
17:50:12.47 (49707368)|VARIABLE_ASSIGNMENT|[5]|recordType|"All"
17:50:12.47 (49719134)|HEAP_ALLOCATE|[7]|Bytes:5
17:50:12.47 (49723981)|STATEMENT_EXECUTE|[5]
17:50:12.47 (49726107)|STATEMENT_EXECUTE|[7]
17:50:12.47 (49728912)|HEAP_ALLOCATE|[7]|Bytes:1
17:50:12.47 (49748296)|HEAP_ALLOCATE|[7]|Bytes:22
17:50:12.47 (49798236)|USER_DEBUG|[7]|DEBUG|003f200002PxJqDAAV All
17:50:12.47 (49810341)|STATEMENT_EXECUTE|[9]
17:50:12.47 (49813308)|HEAP_ALLOCATE|[9]|Bytes:171
17:50:12.47 (49819822)|VARIABLE_SCOPE_BEGIN|[9]|squery|String|false|false
17:50:12.47 (49834442)|VARIABLE_ASSIGNMENT|[9]|squery|"SELECT Id, Name, Con (151 more) ..."
17:50:12.47 (49840938)|STATEMENT_EXECUTE|[10]
17:50:12.47 (49842581)|STATEMENT_EXECUTE|[11]
17:50:12.47 (49845582)|HEAP_ALLOCATE|[11]|Bytes:21
17:50:12.47 (49849050)|HEAP_ALLOCATE|[11]|Bytes:1
17:50:12.47 (49854357)|HEAP_ALLOCATE|[11]|Bytes:40
17:50:12.47 (49862120)|HEAP_ALLOCATE|[11]|Bytes:211
17:50:12.47 (49870441)|VARIABLE_ASSIGNMENT|[11]|squery|"SELECT Id, Name, Con (191 more) ..."
17:50:12.47 (49876017)|HEAP_ALLOCATE|[12]|Bytes:3
17:50:12.47 (49895913)|STATEMENT_EXECUTE|[12]
17:50:12.47 (49897992)|STATEMENT_EXECUTE|[20]
17:50:12.47 (49910667)|USER_DEBUG|[20]|DEBUG|SELECT Id, Name, Contact__r.Name,Contact__r.Birthdate,Job_Category__c,RecordType.DeveloperName,Amount__c,Location__c,Office__c,Submitted__c,Status__C FROM Compensation__c where contact__r.id='003f200002PxJqDAAV'
17:50:12.47 (49920026)|STATEMENT_EXECUTE|[21]
17:50:12.47 (50779254)|SOQL_EXECUTE_BEGIN|[21]|Aggregations:0|SELECT Id, Name, Contact__r.Name,Contact__r.Birthdate,Job_Category__c,RecordType.DeveloperName,Amount__c,Location__c,Office__c,Submitted__c,Status__C FROM Compensation__c where contact__r.id='003f200002PxJqDAAV'
17:50:12.47 (58372656)|SOQL_EXECUTE_END|[21]|Rows:2
17:50:12.47 (58408984)|HEAP_ALLOCATE|[21]|Bytes:12
17:50:12.47 (58453466)|HEAP_ALLOCATE|[21]|Bytes:643
17:50:12.47 (58585883)|HEAP_ALLOCATE|[21]|Bytes:12
17:50:12.47 (58622434)|VARIABLE_SCOPE_BEGIN|[21]|returnList|List<Compensation__c>|true|false
17:50:12.47 (58735466)|VARIABLE_ASSIGNMENT|[21]|returnList|[{"Id":"a06f200000XDMs0AAH","Name":"Compensation Iniesta","Contact__c":"003f200002PxJqDAAV","Job_Category__c":"Junior","RecordTypeId":"012f2000000qOpwAAE","Location__c":"India","Office__c":"Chennai","Submitted__c":true,"Status__c":"NOT SUBMITTED","Contact__r":{"Name":"Andres Iniesta","Birthdate":"1988-05-23T00:00:00.000Z","Id":"003f200002PxJqDAAV"},"RecordType":{"DeveloperName":"Salary","Id":"012f2000000qOpwAAE"}},{"Id":"a06f200000XDVJRAA5","Name":"Nuevita","Contact__c":"003f200002PxJqDAAV","Job_Category__c":"Senior","RecordTypeId":"012f2000000qOpwAAE","Amount__c":"100","Location__c":"US","Office__c":"Michigan","Submitted__c":false,"Status__c":"NOT SUBMITTED","Contact__r":{"Name":"Andres Iniesta","Birthdate":"1988-05-23T00:00:00.000Z","Id":"003f200002PxJqDAAV"},"RecordType":{"DeveloperName":"Salary","Id":"012f2000000qOpwAAE"}}]|0xebb4c62
17:50:12.47 (58759642)|STATEMENT_EXECUTE|[25]
17:50:12.47 (58776199)|SYSTEM_MODE_EXIT|false
17:50:12.58 (58804733)|CUMULATIVE_LIMIT_USAGE
17:50:12.58 (58804733)|LIMIT_USAGE_FOR_NS|(default)|
  Number of SOQL queries: 1 out of 100
  Number of query rows: 2 out of 50000
  Number of SOSL queries: 0 out of 20
  Number of DML statements: 0 out of 150
  Number of DML rows: 0 out of 10000
  Maximum CPU time: 0 out of 10000
  Maximum heap size: 0 out of 6000000
  Number of callouts: 0 out of 100
  Number of Email Invocations: 0 out of 10
  Number of future calls: 0 out of 50
  Number of queueable jobs added to the queue: 0 out of 50
  Number of Mobile Apex push calls: 0 out of 10

17:50:12.58 (58804733)|CUMULATIVE_LIMIT_USAGE_END

17:50:12.47 (58836896)|CODE_UNIT_FINISHED|CompensationsController.getCompensations(String, String)
17:50:12.47 (58962303)|CODE_UNIT_FINISHED|Aura
17:50:12.47 (60215007)|EXECUTION_FINISHED
