43.0 APEX_CODE,FINEST;APEX_PROFILING,INFO;CALLOUT,INFO;DB,INFO;NBA,INFO;SYSTEM,DEBUG;VALIDATION,INFO;VISUALFORCE,INFO;WAVE,INFO;WORKFLOW,INFO
17:47:34.0 (77808)|USER_INFO|[EXTERNAL]|005f2000008Qgef|gabriel.arce@salesforce.com|Argentine Time|GMT-03:00
17:47:34.0 (108829)|EXECUTION_STARTED
17:47:34.0 (113857)|CODE_UNIT_STARTED|[EXTERNAL]|Aura
17:47:34.0 (1188550)|CODE_UNIT_STARTED|[EXTERNAL]|01pf2000002PUqf|CompensationsController.getRecordTypes()
17:47:34.0 (1323000)|HEAP_ALLOCATE|[72]|Bytes:3
17:47:34.0 (1368927)|HEAP_ALLOCATE|[77]|Bytes:152
17:47:34.0 (1388140)|HEAP_ALLOCATE|[342]|Bytes:408
17:47:34.0 (1410876)|HEAP_ALLOCATE|[355]|Bytes:408
17:47:34.0 (1431682)|HEAP_ALLOCATE|[467]|Bytes:48
17:47:34.0 (1463917)|HEAP_ALLOCATE|[139]|Bytes:6
17:47:34.0 (1518026)|HEAP_ALLOCATE|[EXTERNAL]|Bytes:7
17:47:34.0 (1527438)|HEAP_ALLOCATE|[EXTERNAL]|Bytes:4
17:47:34.0 (1538409)|METHOD_ENTRY|[1]|01pf2000002PUqf|CompensationsController.CompensationsController()
17:47:34.0 (1547342)|STATEMENT_EXECUTE|[1]
17:47:34.0 (1552262)|STATEMENT_EXECUTE|[1]
17:47:34.0 (1590369)|HEAP_ALLOCATE|[50]|Bytes:5
17:47:34.0 (1614918)|HEAP_ALLOCATE|[56]|Bytes:5
17:47:34.0 (1629031)|HEAP_ALLOCATE|[64]|Bytes:7
17:47:34.0 (1650553)|SYSTEM_MODE_ENTER|false
17:47:34.0 (1663203)|HEAP_ALLOCATE|[EXTERNAL]|Bytes:5
17:47:34.0 (1672742)|SYSTEM_MODE_EXIT|false
17:47:34.0 (1683882)|METHOD_EXIT|[1]|CompensationsController
17:47:34.0 (1695004)|SYSTEM_MODE_ENTER|false
17:47:34.0 (1709137)|HEAP_ALLOCATE|[30]|Bytes:5
17:47:34.0 (1716886)|STATEMENT_EXECUTE|[29]
17:47:34.0 (1719672)|STATEMENT_EXECUTE|[30]
17:47:34.0 (1723935)|HEAP_ALLOCATE|[30]|Bytes:74
17:47:34.0 (1743282)|HEAP_ALLOCATE|[30]|Bytes:4
17:47:34.0 (2042494)|SOQL_EXECUTE_BEGIN|[30]|Aggregations:0|SELECT DeveloperName FROM RecordType WHERE SobjectType = 'Compensation__c'
17:47:34.0 (10876971)|SOQL_EXECUTE_END|[30]|Rows:3
17:47:34.0 (10912106)|HEAP_ALLOCATE|[30]|Bytes:16
17:47:34.0 (10936432)|HEAP_ALLOCATE|[30]|Bytes:157
17:47:34.0 (11080321)|HEAP_ALLOCATE|[30]|Bytes:16
17:47:34.0 (11112223)|VARIABLE_SCOPE_BEGIN|[30]|recordTypesCompensation|List<RecordType>|true|false
17:47:34.0 (11187876)|VARIABLE_ASSIGNMENT|[30]|recordTypesCompensation|[{"DeveloperName":"Research","Id":"012f2000000qOq6AAE"},{"DeveloperName":"Salary","Id":"012f2000000qOpwAAE"},{"DeveloperName":"Study","Id":"012f2000000qOq1AAE"}]|0x40b21deb
17:47:34.0 (11205601)|STATEMENT_EXECUTE|[32]
17:47:34.0 (11228325)|HEAP_ALLOCATE|[32]|Bytes:4
17:47:34.0 (11287292)|VARIABLE_SCOPE_BEGIN|[32]|nameList|List<String>|true|false
17:47:34.0 (11328865)|HEAP_ALLOCATE|[EXTERNAL]|Bytes:4
17:47:34.0 (11342172)|VARIABLE_ASSIGNMENT|[32]|nameList|[]|0x4e5f1ad0
17:47:34.0 (11348796)|STATEMENT_EXECUTE|[33]
17:47:34.0 (11356650)|HEAP_ALLOCATE|[33]|Bytes:3
17:47:34.0 (11414258)|HEAP_ALLOCATE|[EXTERNAL]|Bytes:4
17:47:34.0 (11636859)|HEAP_ALLOCATE|[35]|Bytes:5
17:47:34.0 (11684924)|HEAP_ALLOCATE|[35]|Bytes:12
17:47:34.0 (11697620)|VARIABLE_SCOPE_BEGIN|[35]|r|RecordType|true|false
17:47:34.0 (11719066)|VARIABLE_ASSIGNMENT|[35]|r|{"DeveloperName":"Research","Id":"012f2000000qOq6AAE"}|0x530d959f
17:47:34.0 (11727170)|STATEMENT_EXECUTE|[35]
17:47:34.0 (11729101)|STATEMENT_EXECUTE|[37]
17:47:34.0 (11787247)|HEAP_ALLOCATE|[EXTERNAL]|Bytes:4
17:47:34.0 (11805152)|HEAP_ALLOCATE|[35]|Bytes:5
17:47:34.0 (11816598)|HEAP_ALLOCATE|[35]|Bytes:12
17:47:34.0 (11823157)|VARIABLE_SCOPE_BEGIN|[35]|r|RecordType|true|false
17:47:34.0 (11839985)|VARIABLE_ASSIGNMENT|[35]|r|{"DeveloperName":"Salary","Id":"012f2000000qOpwAAE"}|0x65b28cb4
17:47:34.0 (11846741)|STATEMENT_EXECUTE|[35]
17:47:34.0 (11848722)|STATEMENT_EXECUTE|[37]
17:47:34.0 (11859325)|HEAP_ALLOCATE|[EXTERNAL]|Bytes:4
17:47:34.0 (11870735)|HEAP_ALLOCATE|[35]|Bytes:5
17:47:34.0 (11879436)|HEAP_ALLOCATE|[35]|Bytes:12
17:47:34.0 (11884987)|VARIABLE_SCOPE_BEGIN|[35]|r|RecordType|true|false
17:47:34.0 (11898489)|VARIABLE_ASSIGNMENT|[35]|r|{"DeveloperName":"Study","Id":"012f2000000qOq1AAE"}|0x41dba3ba
17:47:34.0 (11904374)|STATEMENT_EXECUTE|[35]
17:47:34.0 (11906142)|STATEMENT_EXECUTE|[37]
17:47:34.0 (11913508)|HEAP_ALLOCATE|[EXTERNAL]|Bytes:4
17:47:34.0 (11923809)|HEAP_ALLOCATE|[35]|Bytes:5
17:47:34.0 (11935122)|VARIABLE_ASSIGNMENT|[35]|r|null|
17:47:34.0 (11941686)|STATEMENT_EXECUTE|[39]
17:47:34.0 (11954362)|SYSTEM_MODE_EXIT|false
17:47:34.11 (11979355)|CUMULATIVE_LIMIT_USAGE
17:47:34.11 (11979355)|LIMIT_USAGE_FOR_NS|(default)|
  Number of SOQL queries: 1 out of 100
  Number of query rows: 3 out of 50000
  Number of SOSL queries: 0 out of 20
  Number of DML statements: 0 out of 150
  Number of DML rows: 0 out of 10000
  Maximum CPU time: 0 out of 10000
  Maximum heap size: 0 out of 6000000
  Number of callouts: 0 out of 100
  Number of Email Invocations: 0 out of 10
  Number of future calls: 0 out of 50
  Number of queueable jobs added to the queue: 0 out of 50
  Number of Mobile Apex push calls: 0 out of 10

17:47:34.11 (11979355)|CUMULATIVE_LIMIT_USAGE_END

17:47:34.0 (12013109)|CODE_UNIT_FINISHED|CompensationsController.getRecordTypes()
17:47:34.0 (12086864)|CODE_UNIT_FINISHED|Aura
17:47:34.0 (13223926)|EXECUTION_FINISHED
