43.0 APEX_CODE,FINEST;APEX_PROFILING,INFO;CALLOUT,INFO;DB,INFO;NBA,INFO;SYSTEM,DEBUG;VALIDATION,INFO;VISUALFORCE,INFO;WAVE,INFO;WORKFLOW,INFO
17:36:16.0 (76574)|USER_INFO|[EXTERNAL]|005f2000008Qgef|gabriel.arce@salesforce.com|Argentine Time|GMT-03:00
17:36:16.0 (108702)|EXECUTION_STARTED
17:36:16.0 (113714)|CODE_UNIT_STARTED|[EXTERNAL]|Aura
17:36:16.0 (936771)|HEAP_ALLOCATE|[72]|Bytes:3
17:36:16.0 (1029679)|HEAP_ALLOCATE|[77]|Bytes:152
17:36:16.0 (1062982)|HEAP_ALLOCATE|[342]|Bytes:408
17:36:16.0 (1089872)|HEAP_ALLOCATE|[355]|Bytes:408
17:36:16.0 (1109998)|HEAP_ALLOCATE|[467]|Bytes:48
17:36:16.0 (1145382)|HEAP_ALLOCATE|[139]|Bytes:6
17:36:16.0 (1177660)|HEAP_ALLOCATE|[EXTERNAL]|Bytes:3
17:36:16.0 (1233721)|HEAP_ALLOCATE|[EXTERNAL]|Bytes:3
17:36:16.0 (36973412)|CODE_UNIT_STARTED|[EXTERNAL]|01pf2000002PUqf|CompensationsController.getCompensations(String, String)
17:36:16.0 (37128713)|HEAP_ALLOCATE|[EXTERNAL]|Bytes:7
17:36:16.0 (37143353)|HEAP_ALLOCATE|[EXTERNAL]|Bytes:4
17:36:16.0 (37160253)|METHOD_ENTRY|[1]|01pf2000002PUqf|CompensationsController.CompensationsController()
17:36:16.0 (37170692)|STATEMENT_EXECUTE|[1]
17:36:16.0 (37178261)|STATEMENT_EXECUTE|[1]
17:36:16.0 (37227640)|HEAP_ALLOCATE|[50]|Bytes:5
17:36:16.0 (37258969)|HEAP_ALLOCATE|[56]|Bytes:5
17:36:16.0 (37274255)|HEAP_ALLOCATE|[64]|Bytes:7
17:36:16.0 (37302579)|SYSTEM_MODE_ENTER|false
17:36:16.0 (37315757)|HEAP_ALLOCATE|[EXTERNAL]|Bytes:5
17:36:16.0 (37325315)|SYSTEM_MODE_EXIT|false
17:36:16.0 (37337194)|METHOD_EXIT|[1]|CompensationsController
17:36:16.0 (37345493)|HEAP_ALLOCATE|[EXTERNAL]|Bytes:3
17:36:16.0 (37355216)|SYSTEM_MODE_ENTER|false
17:36:16.0 (37368398)|VARIABLE_SCOPE_BEGIN|[5]|contactRecordId|String|false|false
17:36:16.0 (37399142)|VARIABLE_ASSIGNMENT|[5]|contactRecordId|null
17:36:16.0 (37413230)|VARIABLE_SCOPE_BEGIN|[5]|recordType|String|false|false
17:36:16.0 (37427946)|VARIABLE_ASSIGNMENT|[5]|recordType|"All"
17:36:16.0 (37440594)|HEAP_ALLOCATE|[7]|Bytes:5
17:36:16.0 (37445511)|STATEMENT_EXECUTE|[5]
17:36:16.0 (37447617)|STATEMENT_EXECUTE|[7]
17:36:16.0 (37450593)|HEAP_ALLOCATE|[7]|Bytes:1
17:36:16.0 (37463796)|HEAP_ALLOCATE|[7]|Bytes:8
17:36:16.0 (64918207)|USER_DEBUG|[7]|DEBUG|null All
17:36:16.0 (64986717)|STATEMENT_EXECUTE|[9]
17:36:16.0 (64997369)|HEAP_ALLOCATE|[9]|Bytes:171
17:36:16.0 (65017952)|VARIABLE_SCOPE_BEGIN|[9]|squery|String|false|false
17:36:16.0 (65061343)|VARIABLE_ASSIGNMENT|[9]|squery|"SELECT Id, Name, Con (151 more) ..."
17:36:16.0 (65072763)|STATEMENT_EXECUTE|[10]
17:36:16.0 (65075341)|STATEMENT_EXECUTE|[11]
17:36:16.0 (65079492)|HEAP_ALLOCATE|[11]|Bytes:21
17:36:16.0 (65087339)|HEAP_ALLOCATE|[11]|Bytes:1
17:36:16.0 (65100274)|HEAP_ALLOCATE|[11]|Bytes:26
17:36:16.0 (65117759)|HEAP_ALLOCATE|[11]|Bytes:197
17:36:16.0 (65137904)|VARIABLE_ASSIGNMENT|[11]|squery|"SELECT Id, Name, Con (177 more) ..."
17:36:16.0 (65147486)|HEAP_ALLOCATE|[12]|Bytes:3
17:36:16.0 (65187875)|STATEMENT_EXECUTE|[12]
17:36:16.0 (65194268)|STATEMENT_EXECUTE|[20]
17:36:16.0 (65219910)|USER_DEBUG|[20]|DEBUG|SELECT Id, Name, Contact__r.Name,Contact__r.Birthdate,Job_Category__c,RecordType.DeveloperName,Amount__c,Location__c,Office__c,Submitted__c,Status__C FROM Compensation__c where contact__r.id='null'
17:36:16.0 (65236956)|STATEMENT_EXECUTE|[21]
17:36:16.0 (66737381)|EXCEPTION_THROWN|[21]|System.QueryException: invalid ID field: null
17:36:16.0 (66895760)|HEAP_ALLOCATE|[21]|Bytes:26
17:36:16.0 (67048046)|FATAL_ERROR|System.QueryException: invalid ID field: null

Class.CompensationsController.getCompensations: line 21, column 1
17:36:16.0 (67088132)|FATAL_ERROR|System.QueryException: invalid ID field: null

Class.CompensationsController.getCompensations: line 21, column 1
17:36:16.67 (67097114)|CUMULATIVE_LIMIT_USAGE
17:36:16.67 (67097114)|LIMIT_USAGE_FOR_NS|(default)|
  Number of SOQL queries: 0 out of 100
  Number of query rows: 0 out of 50000
  Number of SOSL queries: 0 out of 20
  Number of DML statements: 0 out of 150
  Number of DML rows: 0 out of 10000
  Maximum CPU time: 0 out of 10000
  Maximum heap size: 0 out of 6000000
  Number of callouts: 0 out of 100
  Number of Email Invocations: 0 out of 10
  Number of future calls: 0 out of 50
  Number of queueable jobs added to the queue: 0 out of 50
  Number of Mobile Apex push calls: 0 out of 10

17:36:16.67 (67097114)|CUMULATIVE_LIMIT_USAGE_END

17:36:16.0 (67136034)|CODE_UNIT_FINISHED|CompensationsController.getCompensations(String, String)
17:36:16.0 (118965436)|CODE_UNIT_FINISHED|Aura
17:36:16.0 (120812733)|EXECUTION_FINISHED
