43.0 APEX_CODE,FINEST;APEX_PROFILING,INFO;CALLOUT,INFO;DB,INFO;NBA,INFO;SYSTEM,DEBUG;VALIDATION,INFO;VISUALFORCE,INFO;WAVE,INFO;WORKFLOW,INFO
15:33:57.0 (76493)|USER_INFO|[EXTERNAL]|005f2000008Qgef|gabriel.arce@salesforce.com|Argentine Time|GMT-03:00
15:33:57.0 (114562)|EXECUTION_STARTED
15:33:57.0 (117583)|CODE_UNIT_STARTED|[EXTERNAL]|DuplicateDetector
15:33:57.0 (129311)|DUPLICATE_DETECTION_BEGIN
15:33:57.0 (228849)|DUPLICATE_DETECTION_RULE_INVOCATION|DuplicateRuleId:0Bmf2000000uU2T|DuplicateRuleName:Standard Contact Duplicate Rule|DmlType:UPDATE
15:33:57.0 (307780)|DUPLICATE_DETECTION_END
15:33:57.0 (313011)|CODE_UNIT_FINISHED|DuplicateDetector
15:33:57.0 (318721)|EXECUTION_FINISHED
15:33:57.60 (60041549)|USER_INFO|[EXTERNAL]|005f2000008Qgef|gabriel.arce@salesforce.com|Argentine Time|GMT-03:00
15:33:57.60 (60060179)|EXECUTION_STARTED
15:33:57.60 (60062930)|CODE_UNIT_STARTED|[EXTERNAL]|DuplicateDetector
15:33:57.60 (60073881)|DUPLICATE_DETECTION_BEGIN
15:33:57.60 (60131094)|DUPLICATE_DETECTION_RULE_INVOCATION|DuplicateRuleId:0Bmf2000000uU2T|DuplicateRuleName:Standard Contact Duplicate Rule|DmlType:UPDATE
15:33:57.60 (106374172)|DUPLICATE_DETECTION_MATCH_INVOCATION_DETAILS|EntityId:003f200002Ps5aK|ActionTaken:Allow_[Report]|DuplicateRecordIds:
15:33:57.60 (106416692)|DUPLICATE_DETECTION_MATCH_INVOCATION_SUMMARY|EntityType:Contact|NumRecordsToBeSaved:1|NumRecordsToBeSavedWithDuplicates:0|NumDuplicateRecordsFound:0
15:33:57.60 (106432186)|DUPLICATE_DETECTION_MATCH_INVOCATION_DETAILS|EntityId:003f200002Ps5aK|ActionTaken:Allow_[Report]|DuplicateRecordIds:
15:33:57.60 (106437991)|DUPLICATE_DETECTION_MATCH_INVOCATION_SUMMARY|EntityType:Contact|NumRecordsToBeSaved:1|NumRecordsToBeSavedWithDuplicates:0|NumDuplicateRecordsFound:0
15:33:57.60 (106603353)|DUPLICATE_DETECTION_END
15:33:57.60 (106608059)|CODE_UNIT_FINISHED|DuplicateDetector
15:33:57.60 (106615675)|EXECUTION_FINISHED
