43.0 APEX_CODE,FINEST;APEX_PROFILING,INFO;CALLOUT,INFO;DB,INFO;NBA,INFO;SYSTEM,DEBUG;VALIDATION,INFO;VISUALFORCE,INFO;WAVE,INFO;WORKFLOW,INFO
17:41:37.0 (83783)|USER_INFO|[EXTERNAL]|005f2000008Qgef|gabriel.arce@salesforce.com|Argentine Time|GMT-03:00
17:41:37.0 (119685)|EXECUTION_STARTED
17:41:37.0 (127081)|CODE_UNIT_STARTED|[EXTERNAL]|Aura
17:41:37.0 (895515)|HEAP_ALLOCATE|[72]|Bytes:3
17:41:37.0 (937495)|HEAP_ALLOCATE|[77]|Bytes:152
17:41:37.0 (952719)|HEAP_ALLOCATE|[342]|Bytes:408
17:41:37.0 (968211)|HEAP_ALLOCATE|[355]|Bytes:408
17:41:37.0 (980229)|HEAP_ALLOCATE|[467]|Bytes:48
17:41:37.0 (1000571)|HEAP_ALLOCATE|[139]|Bytes:6
17:41:37.0 (1018144)|HEAP_ALLOCATE|[EXTERNAL]|Bytes:3
17:41:37.0 (1026191)|HEAP_ALLOCATE|[EXTERNAL]|Bytes:3
17:41:37.0 (2160514)|CODE_UNIT_STARTED|[EXTERNAL]|01pf2000002PUqf|CompensationsController.getCompensations(String, String)
17:41:37.0 (2314486)|HEAP_ALLOCATE|[EXTERNAL]|Bytes:7
17:41:37.0 (2325917)|HEAP_ALLOCATE|[EXTERNAL]|Bytes:4
17:41:37.0 (2341677)|METHOD_ENTRY|[1]|01pf2000002PUqf|CompensationsController.CompensationsController()
17:41:37.0 (2350260)|STATEMENT_EXECUTE|[1]
17:41:37.0 (2357232)|STATEMENT_EXECUTE|[1]
17:41:37.0 (2398630)|HEAP_ALLOCATE|[50]|Bytes:5
17:41:37.0 (2442715)|HEAP_ALLOCATE|[56]|Bytes:5
17:41:37.0 (2459060)|HEAP_ALLOCATE|[64]|Bytes:7
17:41:37.0 (2488917)|SYSTEM_MODE_ENTER|false
17:41:37.0 (2505638)|HEAP_ALLOCATE|[EXTERNAL]|Bytes:5
17:41:37.0 (2515722)|SYSTEM_MODE_EXIT|false
17:41:37.0 (2528299)|METHOD_EXIT|[1]|CompensationsController
17:41:37.0 (2536187)|HEAP_ALLOCATE|[EXTERNAL]|Bytes:3
17:41:37.0 (2547505)|SYSTEM_MODE_ENTER|false
17:41:37.0 (2557592)|VARIABLE_SCOPE_BEGIN|[5]|contactRecordId|String|false|false
17:41:37.0 (2589903)|VARIABLE_ASSIGNMENT|[5]|contactRecordId|null
17:41:37.0 (2599160)|VARIABLE_SCOPE_BEGIN|[5]|recordType|String|false|false
17:41:37.0 (2618013)|VARIABLE_ASSIGNMENT|[5]|recordType|"All"
17:41:37.0 (2634975)|HEAP_ALLOCATE|[7]|Bytes:5
17:41:37.0 (2642661)|STATEMENT_EXECUTE|[5]
17:41:37.0 (2645415)|STATEMENT_EXECUTE|[7]
17:41:37.0 (2649621)|HEAP_ALLOCATE|[7]|Bytes:1
17:41:37.0 (2666439)|HEAP_ALLOCATE|[7]|Bytes:8
17:41:37.0 (2721299)|USER_DEBUG|[7]|DEBUG|null All
17:41:37.0 (2738911)|STATEMENT_EXECUTE|[9]
17:41:37.0 (2743142)|HEAP_ALLOCATE|[9]|Bytes:171
17:41:37.0 (2752579)|VARIABLE_SCOPE_BEGIN|[9]|squery|String|false|false
17:41:37.0 (2772337)|VARIABLE_ASSIGNMENT|[9]|squery|"SELECT Id, Name, Con (151 more) ..."
17:41:37.0 (2780921)|STATEMENT_EXECUTE|[10]
17:41:37.0 (2783478)|STATEMENT_EXECUTE|[11]
17:41:37.0 (2786910)|HEAP_ALLOCATE|[11]|Bytes:21
17:41:37.0 (2793390)|HEAP_ALLOCATE|[11]|Bytes:1
17:41:37.0 (2802098)|HEAP_ALLOCATE|[11]|Bytes:26
17:41:37.0 (2813283)|HEAP_ALLOCATE|[11]|Bytes:197
17:41:37.0 (2827701)|VARIABLE_ASSIGNMENT|[11]|squery|"SELECT Id, Name, Con (177 more) ..."
17:41:37.0 (2836640)|HEAP_ALLOCATE|[12]|Bytes:3
17:41:37.0 (2856637)|STATEMENT_EXECUTE|[12]
17:41:37.0 (2859747)|STATEMENT_EXECUTE|[20]
17:41:37.0 (2879737)|USER_DEBUG|[20]|DEBUG|SELECT Id, Name, Contact__r.Name,Contact__r.Birthdate,Job_Category__c,RecordType.DeveloperName,Amount__c,Location__c,Office__c,Submitted__c,Status__C FROM Compensation__c where contact__r.id='null'
17:41:37.0 (2898010)|STATEMENT_EXECUTE|[21]
17:41:37.0 (4123687)|EXCEPTION_THROWN|[21]|System.QueryException: invalid ID field: null
17:41:37.0 (4254711)|HEAP_ALLOCATE|[21]|Bytes:26
17:41:37.0 (4403637)|FATAL_ERROR|System.QueryException: invalid ID field: null

Class.CompensationsController.getCompensations: line 21, column 1
17:41:37.0 (4417940)|FATAL_ERROR|System.QueryException: invalid ID field: null

Class.CompensationsController.getCompensations: line 21, column 1
17:41:37.4 (4423981)|CUMULATIVE_LIMIT_USAGE
17:41:37.4 (4423981)|LIMIT_USAGE_FOR_NS|(default)|
  Number of SOQL queries: 0 out of 100
  Number of query rows: 0 out of 50000
  Number of SOSL queries: 0 out of 20
  Number of DML statements: 0 out of 150
  Number of DML rows: 0 out of 10000
  Maximum CPU time: 0 out of 10000
  Maximum heap size: 0 out of 6000000
  Number of callouts: 0 out of 100
  Number of Email Invocations: 0 out of 10
  Number of future calls: 0 out of 50
  Number of queueable jobs added to the queue: 0 out of 50
  Number of Mobile Apex push calls: 0 out of 10

17:41:37.4 (4423981)|CUMULATIVE_LIMIT_USAGE_END

17:41:37.0 (4493249)|CODE_UNIT_FINISHED|CompensationsController.getCompensations(String, String)
17:41:37.0 (13394664)|CODE_UNIT_FINISHED|Aura
17:41:37.0 (14734842)|EXECUTION_FINISHED
