43.0 APEX_CODE,FINEST;APEX_PROFILING,INFO;CALLOUT,INFO;DB,INFO;NBA,INFO;SYSTEM,DEBUG;VALIDATION,INFO;VISUALFORCE,INFO;WAVE,INFO;WORKFLOW,INFO
16:19:30.0 (107614)|USER_INFO|[EXTERNAL]|005f2000008Qgef|gabriel.arce@salesforce.com|Argentine Time|GMT-03:00
16:19:30.0 (160944)|EXECUTION_STARTED
16:19:30.0 (167174)|CODE_UNIT_STARTED|[EXTERNAL]|Aura
16:19:30.0 (1007861)|HEAP_ALLOCATE|[72]|Bytes:3
16:19:30.0 (1060287)|HEAP_ALLOCATE|[77]|Bytes:152
16:19:30.0 (1090353)|HEAP_ALLOCATE|[342]|Bytes:408
16:19:30.0 (1107298)|HEAP_ALLOCATE|[355]|Bytes:408
16:19:30.0 (1129515)|HEAP_ALLOCATE|[467]|Bytes:48
16:19:30.0 (1154238)|HEAP_ALLOCATE|[139]|Bytes:6
16:19:30.0 (1172621)|HEAP_ALLOCATE|[EXTERNAL]|Bytes:3
16:19:30.0 (1180536)|HEAP_ALLOCATE|[EXTERNAL]|Bytes:3
16:19:30.0 (2392495)|CODE_UNIT_STARTED|[EXTERNAL]|01pf2000002PUqf|CompensationsController.getCompensations(String)
16:19:30.0 (2521317)|HEAP_ALLOCATE|[EXTERNAL]|Bytes:7
16:19:30.0 (2532135)|HEAP_ALLOCATE|[EXTERNAL]|Bytes:3
16:19:30.0 (2546599)|METHOD_ENTRY|[1]|01pf2000002PUqf|CompensationsController.CompensationsController()
16:19:30.0 (2554905)|STATEMENT_EXECUTE|[1]
16:19:30.0 (2562037)|STATEMENT_EXECUTE|[1]
16:19:30.0 (2602741)|HEAP_ALLOCATE|[50]|Bytes:5
16:19:30.0 (2633317)|HEAP_ALLOCATE|[56]|Bytes:5
16:19:30.0 (2644468)|HEAP_ALLOCATE|[64]|Bytes:7
16:19:30.0 (2667251)|SYSTEM_MODE_ENTER|false
16:19:30.0 (2685087)|HEAP_ALLOCATE|[EXTERNAL]|Bytes:5
16:19:30.0 (2695027)|SYSTEM_MODE_EXIT|false
16:19:30.0 (2710350)|METHOD_EXIT|[1]|CompensationsController
16:19:30.0 (2721456)|HEAP_ALLOCATE|[EXTERNAL]|Bytes:3
16:19:30.0 (2734503)|SYSTEM_MODE_ENTER|false
16:19:30.0 (2744742)|VARIABLE_SCOPE_BEGIN|[5]|recordType|String|false|false
16:19:30.0 (2776638)|VARIABLE_ASSIGNMENT|[5]|recordType|"All"
16:19:30.0 (2791821)|HEAP_ALLOCATE|[7]|Bytes:5
16:19:30.0 (2798906)|STATEMENT_EXECUTE|[5]
16:19:30.0 (2801503)|STATEMENT_EXECUTE|[7]
16:19:30.0 (2805018)|HEAP_ALLOCATE|[7]|Bytes:21
16:19:30.0 (2860842)|USER_DEBUG|[7]|DEBUG|Accesing to the list 
16:19:30.0 (2877403)|STATEMENT_EXECUTE|[8]
16:19:30.0 (2881020)|HEAP_ALLOCATE|[8]|Bytes:6
16:19:30.0 (2898616)|HEAP_ALLOCATE|[8]|Bytes:9
16:19:30.0 (2919365)|USER_DEBUG|[8]|DEBUG|Llegó:All
16:19:30.0 (2932385)|HEAP_ALLOCATE|[9]|Bytes:3
16:19:30.0 (2953739)|STATEMENT_EXECUTE|[9]
16:19:30.0 (2956086)|STATEMENT_EXECUTE|[11]
16:19:30.0 (2959506)|HEAP_ALLOCATE|[11]|Bytes:178
16:19:30.0 (2985619)|HEAP_ALLOCATE|[11]|Bytes:4
16:19:30.0 (4052713)|SOQL_EXECUTE_BEGIN|[11]|Aggregations:0|SELECT Id, Name, Contact__r.Name, Contact__r.Birthdate, Job_Category__c, RecordType.DeveloperName, Amount__c, Location__c, Office__c, Submitted__c, Status__C FROM Compensation__c
16:19:30.0 (11241047)|SOQL_EXECUTE_END|[11]|Rows:12
16:19:30.0 (11275742)|HEAP_ALLOCATE|[11]|Bytes:52
16:19:30.0 (11380510)|HEAP_ALLOCATE|[11]|Bytes:3535
16:19:30.0 (11479452)|HEAP_ALLOCATE|[11]|Bytes:52
16:19:30.0 (11498356)|SYSTEM_MODE_EXIT|false
16:19:30.11 (11536503)|CUMULATIVE_LIMIT_USAGE
16:19:30.11 (11536503)|LIMIT_USAGE_FOR_NS|(default)|
  Number of SOQL queries: 1 out of 100
  Number of query rows: 12 out of 50000
  Number of SOSL queries: 0 out of 20
  Number of DML statements: 0 out of 150
  Number of DML rows: 0 out of 10000
  Maximum CPU time: 0 out of 10000
  Maximum heap size: 0 out of 6000000
  Number of callouts: 0 out of 100
  Number of Email Invocations: 0 out of 10
  Number of future calls: 0 out of 50
  Number of queueable jobs added to the queue: 0 out of 50
  Number of Mobile Apex push calls: 0 out of 10

16:19:30.11 (11536503)|CUMULATIVE_LIMIT_USAGE_END

16:19:30.0 (11579443)|CODE_UNIT_FINISHED|CompensationsController.getCompensations(String)
16:19:30.0 (12250860)|CODE_UNIT_FINISHED|Aura
16:19:30.0 (13489504)|EXECUTION_FINISHED
