43.0 APEX_CODE,FINEST;APEX_PROFILING,INFO;CALLOUT,INFO;DB,INFO;NBA,INFO;SYSTEM,DEBUG;VALIDATION,INFO;VISUALFORCE,INFO;WAVE,INFO;WORKFLOW,INFO
17:49:48.0 (96845)|USER_INFO|[EXTERNAL]|005f2000008Qgef|gabriel.arce@salesforce.com|Argentine Time|GMT-03:00
17:49:48.0 (134593)|EXECUTION_STARTED
17:49:48.0 (139666)|CODE_UNIT_STARTED|[EXTERNAL]|Aura
17:49:48.0 (1043525)|HEAP_ALLOCATE|[72]|Bytes:3
17:49:48.0 (1111973)|HEAP_ALLOCATE|[77]|Bytes:152
17:49:48.0 (1138885)|HEAP_ALLOCATE|[342]|Bytes:408
17:49:48.0 (1162852)|HEAP_ALLOCATE|[355]|Bytes:408
17:49:48.0 (1180014)|HEAP_ALLOCATE|[467]|Bytes:48
17:49:48.0 (1213645)|HEAP_ALLOCATE|[139]|Bytes:6
17:49:48.0 (1241617)|HEAP_ALLOCATE|[EXTERNAL]|Bytes:6
17:49:48.0 (1253318)|HEAP_ALLOCATE|[EXTERNAL]|Bytes:6
17:49:48.0 (2417373)|CODE_UNIT_STARTED|[EXTERNAL]|01pf2000002PUqf|CompensationsController.getCompensations(String, String)
17:49:48.0 (2556473)|HEAP_ALLOCATE|[EXTERNAL]|Bytes:7
17:49:48.0 (2572783)|HEAP_ALLOCATE|[EXTERNAL]|Bytes:4
17:49:48.0 (2587619)|METHOD_ENTRY|[1]|01pf2000002PUqf|CompensationsController.CompensationsController()
17:49:48.0 (2596760)|STATEMENT_EXECUTE|[1]
17:49:48.0 (2604782)|STATEMENT_EXECUTE|[1]
17:49:48.0 (2643259)|HEAP_ALLOCATE|[50]|Bytes:5
17:49:48.0 (2671562)|HEAP_ALLOCATE|[56]|Bytes:5
17:49:48.0 (2680307)|HEAP_ALLOCATE|[64]|Bytes:7
17:49:48.0 (2699343)|SYSTEM_MODE_ENTER|false
17:49:48.0 (2714122)|HEAP_ALLOCATE|[EXTERNAL]|Bytes:5
17:49:48.0 (2725731)|SYSTEM_MODE_EXIT|false
17:49:48.0 (2737832)|METHOD_EXIT|[1]|CompensationsController
17:49:48.0 (2745579)|HEAP_ALLOCATE|[EXTERNAL]|Bytes:6
17:49:48.0 (2755848)|SYSTEM_MODE_ENTER|false
17:49:48.0 (2765258)|VARIABLE_SCOPE_BEGIN|[5]|contactRecordId|String|false|false
17:49:48.0 (2792677)|VARIABLE_ASSIGNMENT|[5]|contactRecordId|null
17:49:48.0 (2800813)|VARIABLE_SCOPE_BEGIN|[5]|recordType|String|false|false
17:49:48.0 (2818770)|VARIABLE_ASSIGNMENT|[5]|recordType|"Salary"
17:49:48.0 (2837650)|HEAP_ALLOCATE|[7]|Bytes:5
17:49:48.0 (2845098)|STATEMENT_EXECUTE|[5]
17:49:48.0 (2847712)|STATEMENT_EXECUTE|[7]
17:49:48.0 (2851697)|HEAP_ALLOCATE|[7]|Bytes:1
17:49:48.0 (2871417)|HEAP_ALLOCATE|[7]|Bytes:11
17:49:48.0 (2937387)|USER_DEBUG|[7]|DEBUG|null Salary
17:49:48.0 (2956417)|STATEMENT_EXECUTE|[9]
17:49:48.0 (2961037)|HEAP_ALLOCATE|[9]|Bytes:171
17:49:48.0 (2971365)|VARIABLE_SCOPE_BEGIN|[9]|squery|String|false|false
17:49:48.0 (2993853)|VARIABLE_ASSIGNMENT|[9]|squery|"SELECT Id, Name, Con (151 more) ..."
17:49:48.0 (3002409)|STATEMENT_EXECUTE|[15]
17:49:48.0 (3011936)|HEAP_ALLOCATE|[16]|Bytes:3
17:49:48.0 (3040425)|STATEMENT_EXECUTE|[16]
17:49:48.0 (3043627)|STATEMENT_EXECUTE|[17]
17:49:48.0 (3047552)|HEAP_ALLOCATE|[17]|Bytes:32
17:49:48.0 (3054210)|HEAP_ALLOCATE|[17]|Bytes:1
17:49:48.0 (3063050)|HEAP_ALLOCATE|[17]|Bytes:39
17:49:48.0 (3073635)|HEAP_ALLOCATE|[17]|Bytes:210
17:49:48.0 (3088653)|VARIABLE_ASSIGNMENT|[17]|squery|"SELECT Id, Name, Con (190 more) ..."
17:49:48.0 (3096379)|STATEMENT_EXECUTE|[20]
17:49:48.0 (3118704)|USER_DEBUG|[20]|DEBUG|SELECT Id, Name, Contact__r.Name,Contact__r.Birthdate,Job_Category__c,RecordType.DeveloperName,Amount__c,Location__c,Office__c,Submitted__c,Status__C FROM Compensation__c where RecordType.DeveloperName='Salary'
17:49:48.0 (3134508)|STATEMENT_EXECUTE|[21]
17:49:48.0 (4351625)|SOQL_EXECUTE_BEGIN|[21]|Aggregations:0|SELECT Id, Name, Contact__r.Name,Contact__r.Birthdate,Job_Category__c,RecordType.DeveloperName,Amount__c,Location__c,Office__c,Submitted__c,Status__C FROM Compensation__c where RecordType.DeveloperName='Salary'
17:49:48.0 (14430887)|SOQL_EXECUTE_END|[21]|Rows:10
17:49:48.0 (14473294)|HEAP_ALLOCATE|[21]|Bytes:44
17:49:48.0 (14569333)|HEAP_ALLOCATE|[21]|Bytes:2894
17:49:48.0 (14709066)|HEAP_ALLOCATE|[21]|Bytes:44
17:49:48.0 (14740124)|VARIABLE_SCOPE_BEGIN|[21]|returnList|List<Compensation__c>|true|false
17:49:48.0 (14774136)|VARIABLE_ASSIGNMENT|[21]|returnList|"List of size 10 too large to display"|0xfb34b48
17:49:48.0 (14782619)|STATEMENT_EXECUTE|[25]
17:49:48.0 (14796155)|SYSTEM_MODE_EXIT|false
17:49:48.14 (14823313)|CUMULATIVE_LIMIT_USAGE
17:49:48.14 (14823313)|LIMIT_USAGE_FOR_NS|(default)|
  Number of SOQL queries: 1 out of 100
  Number of query rows: 10 out of 50000
  Number of SOSL queries: 0 out of 20
  Number of DML statements: 0 out of 150
  Number of DML rows: 0 out of 10000
  Maximum CPU time: 0 out of 10000
  Maximum heap size: 0 out of 6000000
  Number of callouts: 0 out of 100
  Number of Email Invocations: 0 out of 10
  Number of future calls: 0 out of 50
  Number of queueable jobs added to the queue: 0 out of 50
  Number of Mobile Apex push calls: 0 out of 10

17:49:48.14 (14823313)|CUMULATIVE_LIMIT_USAGE_END

17:49:48.0 (14855045)|CODE_UNIT_FINISHED|CompensationsController.getCompensations(String, String)
17:49:48.0 (15267876)|CODE_UNIT_FINISHED|Aura
17:49:48.0 (16839676)|EXECUTION_FINISHED
