43.0 APEX_CODE,FINEST;APEX_PROFILING,INFO;CALLOUT,INFO;DB,INFO;NBA,INFO;SYSTEM,DEBUG;VALIDATION,INFO;VISUALFORCE,INFO;WAVE,INFO;WORKFLOW,INFO
17:48:11.0 (113658)|USER_INFO|[EXTERNAL]|005f2000008Qgef|gabriel.arce@salesforce.com|Argentine Time|GMT-03:00
17:48:11.0 (161637)|EXECUTION_STARTED
17:48:11.0 (168889)|CODE_UNIT_STARTED|[EXTERNAL]|Aura
17:48:11.0 (1593591)|CODE_UNIT_STARTED|[EXTERNAL]|01pf2000002PUqf|CompensationsController.getCompensations(String, String)
17:48:11.0 (1734350)|HEAP_ALLOCATE|[72]|Bytes:3
17:48:11.0 (1782041)|HEAP_ALLOCATE|[77]|Bytes:152
17:48:11.0 (1802282)|HEAP_ALLOCATE|[342]|Bytes:408
17:48:11.0 (1824570)|HEAP_ALLOCATE|[355]|Bytes:408
17:48:11.0 (1845078)|HEAP_ALLOCATE|[467]|Bytes:48
17:48:11.0 (1877808)|HEAP_ALLOCATE|[139]|Bytes:6
17:48:11.0 (1972008)|HEAP_ALLOCATE|[EXTERNAL]|Bytes:7
17:48:11.0 (1981637)|HEAP_ALLOCATE|[EXTERNAL]|Bytes:4
17:48:11.0 (1996637)|METHOD_ENTRY|[1]|01pf2000002PUqf|CompensationsController.CompensationsController()
17:48:11.0 (2005474)|STATEMENT_EXECUTE|[1]
17:48:11.0 (2013155)|STATEMENT_EXECUTE|[1]
17:48:11.0 (2057658)|HEAP_ALLOCATE|[50]|Bytes:5
17:48:11.0 (2086723)|HEAP_ALLOCATE|[56]|Bytes:5
17:48:11.0 (2099649)|HEAP_ALLOCATE|[64]|Bytes:7
17:48:11.0 (2121292)|SYSTEM_MODE_ENTER|false
17:48:11.0 (2134981)|HEAP_ALLOCATE|[EXTERNAL]|Bytes:5
17:48:11.0 (2144311)|SYSTEM_MODE_EXIT|false
17:48:11.0 (2154069)|METHOD_EXIT|[1]|CompensationsController
17:48:11.0 (2165158)|SYSTEM_MODE_ENTER|false
17:48:11.0 (2174362)|VARIABLE_SCOPE_BEGIN|[5]|contactRecordId|String|false|false
17:48:11.0 (2209151)|VARIABLE_ASSIGNMENT|[5]|contactRecordId|null
17:48:11.0 (2217198)|VARIABLE_SCOPE_BEGIN|[5]|recordType|String|false|false
17:48:11.0 (2229406)|VARIABLE_ASSIGNMENT|[5]|recordType|null
17:48:11.0 (2243953)|HEAP_ALLOCATE|[7]|Bytes:5
17:48:11.0 (2251270)|STATEMENT_EXECUTE|[5]
17:48:11.0 (2253999)|STATEMENT_EXECUTE|[7]
17:48:11.0 (2257813)|HEAP_ALLOCATE|[7]|Bytes:1
17:48:11.0 (2281693)|HEAP_ALLOCATE|[7]|Bytes:9
17:48:11.0 (2334816)|USER_DEBUG|[7]|DEBUG|null null
17:48:11.0 (2352537)|STATEMENT_EXECUTE|[9]
17:48:11.0 (2356711)|HEAP_ALLOCATE|[9]|Bytes:171
17:48:11.0 (2366212)|VARIABLE_SCOPE_BEGIN|[9]|squery|String|false|false
17:48:11.0 (2391142)|VARIABLE_ASSIGNMENT|[9]|squery|"SELECT Id, Name, Con (151 more) ..."
17:48:11.0 (2399800)|STATEMENT_EXECUTE|[15]
17:48:11.0 (2405157)|STATEMENT_EXECUTE|[16]
17:48:11.0 (2407459)|STATEMENT_EXECUTE|[17]
17:48:11.0 (2411139)|HEAP_ALLOCATE|[17]|Bytes:32
17:48:11.0 (2416948)|HEAP_ALLOCATE|[17]|Bytes:1
17:48:11.0 (2427143)|HEAP_ALLOCATE|[17]|Bytes:37
17:48:11.0 (2443185)|HEAP_ALLOCATE|[17]|Bytes:208
17:48:11.0 (2457026)|VARIABLE_ASSIGNMENT|[17]|squery|"SELECT Id, Name, Con (188 more) ..."
17:48:11.0 (2468852)|STATEMENT_EXECUTE|[20]
17:48:11.0 (2489569)|USER_DEBUG|[20]|DEBUG|SELECT Id, Name, Contact__r.Name,Contact__r.Birthdate,Job_Category__c,RecordType.DeveloperName,Amount__c,Location__c,Office__c,Submitted__c,Status__C FROM Compensation__c where RecordType.DeveloperName='null'
17:48:11.0 (2505054)|STATEMENT_EXECUTE|[21]
17:48:11.0 (3511249)|SOQL_EXECUTE_BEGIN|[21]|Aggregations:0|SELECT Id, Name, Contact__r.Name,Contact__r.Birthdate,Job_Category__c,RecordType.DeveloperName,Amount__c,Location__c,Office__c,Submitted__c,Status__C FROM Compensation__c where RecordType.DeveloperName='null'
17:48:11.0 (6902684)|SOQL_EXECUTE_END|[21]|Rows:0
17:48:11.0 (6951364)|HEAP_ALLOCATE|[21]|Bytes:4
17:48:11.0 (6974347)|HEAP_ALLOCATE|[21]|Bytes:0
17:48:11.0 (7144176)|HEAP_ALLOCATE|[21]|Bytes:4
17:48:11.0 (7187181)|VARIABLE_SCOPE_BEGIN|[21]|returnList|List<Compensation__c>|true|false
17:48:11.0 (7230227)|VARIABLE_ASSIGNMENT|[21]|returnList|[]|0x494b5657
17:48:11.0 (7242118)|STATEMENT_EXECUTE|[25]
17:48:11.0 (7260408)|SYSTEM_MODE_EXIT|false
17:48:11.7 (7300715)|CUMULATIVE_LIMIT_USAGE
17:48:11.7 (7300715)|LIMIT_USAGE_FOR_NS|(default)|
  Number of SOQL queries: 1 out of 100
  Number of query rows: 0 out of 50000
  Number of SOSL queries: 0 out of 20
  Number of DML statements: 0 out of 150
  Number of DML rows: 0 out of 10000
  Maximum CPU time: 0 out of 10000
  Maximum heap size: 0 out of 6000000
  Number of callouts: 0 out of 100
  Number of Email Invocations: 0 out of 10
  Number of future calls: 0 out of 50
  Number of queueable jobs added to the queue: 0 out of 50
  Number of Mobile Apex push calls: 0 out of 10

17:48:11.7 (7300715)|CUMULATIVE_LIMIT_USAGE_END

17:48:11.0 (7346013)|CODE_UNIT_FINISHED|CompensationsController.getCompensations(String, String)
17:48:11.0 (7430555)|CODE_UNIT_FINISHED|Aura
17:48:11.0 (8878866)|EXECUTION_FINISHED
