43.0 APEX_CODE,FINEST;APEX_PROFILING,INFO;CALLOUT,INFO;DB,INFO;NBA,INFO;SYSTEM,DEBUG;VALIDATION,INFO;VISUALFORCE,INFO;WAVE,INFO;WORKFLOW,INFO
17:49:59.0 (77136)|USER_INFO|[EXTERNAL]|005f2000008Qgef|gabriel.arce@salesforce.com|Argentine Time|GMT-03:00
17:49:59.0 (111619)|EXECUTION_STARTED
17:49:59.0 (117397)|CODE_UNIT_STARTED|[EXTERNAL]|Aura
17:49:59.0 (781854)|HEAP_ALLOCATE|[72]|Bytes:3
17:49:59.0 (841253)|HEAP_ALLOCATE|[77]|Bytes:152
17:49:59.0 (859115)|HEAP_ALLOCATE|[342]|Bytes:408
17:49:59.0 (875271)|HEAP_ALLOCATE|[355]|Bytes:408
17:49:59.0 (886177)|HEAP_ALLOCATE|[467]|Bytes:48
17:49:59.0 (908188)|HEAP_ALLOCATE|[139]|Bytes:6
17:49:59.0 (926530)|HEAP_ALLOCATE|[EXTERNAL]|Bytes:3
17:49:59.0 (934545)|HEAP_ALLOCATE|[EXTERNAL]|Bytes:3
17:49:59.0 (1707065)|CODE_UNIT_STARTED|[EXTERNAL]|01pf2000002PUqf|CompensationsController.getCompensations(String, String)
17:49:59.0 (1792174)|HEAP_ALLOCATE|[EXTERNAL]|Bytes:7
17:49:59.0 (1799324)|HEAP_ALLOCATE|[EXTERNAL]|Bytes:4
17:49:59.0 (1809072)|METHOD_ENTRY|[1]|01pf2000002PUqf|CompensationsController.CompensationsController()
17:49:59.0 (1815383)|STATEMENT_EXECUTE|[1]
17:49:59.0 (1820500)|STATEMENT_EXECUTE|[1]
17:49:59.0 (1850939)|HEAP_ALLOCATE|[50]|Bytes:5
17:49:59.0 (1872250)|HEAP_ALLOCATE|[56]|Bytes:5
17:49:59.0 (1880258)|HEAP_ALLOCATE|[64]|Bytes:7
17:49:59.0 (1896901)|SYSTEM_MODE_ENTER|false
17:49:59.0 (1909087)|HEAP_ALLOCATE|[EXTERNAL]|Bytes:5
17:49:59.0 (1917102)|SYSTEM_MODE_EXIT|false
17:49:59.0 (1924505)|METHOD_EXIT|[1]|CompensationsController
17:49:59.0 (1930331)|HEAP_ALLOCATE|[EXTERNAL]|Bytes:3
17:49:59.0 (1936421)|SYSTEM_MODE_ENTER|false
17:49:59.0 (1942559)|VARIABLE_SCOPE_BEGIN|[5]|contactRecordId|String|false|false
17:49:59.0 (1963330)|VARIABLE_ASSIGNMENT|[5]|contactRecordId|null
17:49:59.0 (1968867)|VARIABLE_SCOPE_BEGIN|[5]|recordType|String|false|false
17:49:59.0 (1981101)|VARIABLE_ASSIGNMENT|[5]|recordType|"All"
17:49:59.0 (1991890)|HEAP_ALLOCATE|[7]|Bytes:5
17:49:59.0 (1996643)|STATEMENT_EXECUTE|[5]
17:49:59.0 (1998670)|STATEMENT_EXECUTE|[7]
17:49:59.0 (2001451)|HEAP_ALLOCATE|[7]|Bytes:1
17:49:59.0 (2013598)|HEAP_ALLOCATE|[7]|Bytes:8
17:49:59.0 (2051997)|USER_DEBUG|[7]|DEBUG|null All
17:49:59.0 (2063034)|STATEMENT_EXECUTE|[9]
17:49:59.0 (2065843)|HEAP_ALLOCATE|[9]|Bytes:171
17:49:59.0 (2071920)|VARIABLE_SCOPE_BEGIN|[9]|squery|String|false|false
17:49:59.0 (2087292)|VARIABLE_ASSIGNMENT|[9]|squery|"SELECT Id, Name, Con (151 more) ..."
17:49:59.0 (2092050)|STATEMENT_EXECUTE|[15]
17:49:59.0 (2098464)|HEAP_ALLOCATE|[16]|Bytes:3
17:49:59.0 (2113430)|STATEMENT_EXECUTE|[16]
17:49:59.0 (2115352)|STATEMENT_EXECUTE|[20]
17:49:59.0 (2126231)|USER_DEBUG|[20]|DEBUG|SELECT Id, Name, Contact__r.Name,Contact__r.Birthdate,Job_Category__c,RecordType.DeveloperName,Amount__c,Location__c,Office__c,Submitted__c,Status__C FROM Compensation__c 
17:49:59.0 (2135498)|STATEMENT_EXECUTE|[21]
17:49:59.0 (2947783)|SOQL_EXECUTE_BEGIN|[21]|Aggregations:0|SELECT Id, Name, Contact__r.Name,Contact__r.Birthdate,Job_Category__c,RecordType.DeveloperName,Amount__c,Location__c,Office__c,Submitted__c,Status__C FROM Compensation__c 
17:49:59.0 (9130985)|SOQL_EXECUTE_END|[21]|Rows:12
17:49:59.0 (9154666)|HEAP_ALLOCATE|[21]|Bytes:52
17:49:59.0 (9224115)|HEAP_ALLOCATE|[21]|Bytes:3535
17:49:59.0 (9297258)|HEAP_ALLOCATE|[21]|Bytes:52
17:49:59.0 (9324334)|VARIABLE_SCOPE_BEGIN|[21]|returnList|List<Compensation__c>|true|false
17:49:59.0 (9347308)|VARIABLE_ASSIGNMENT|[21]|returnList|"List of size 12 too large to display"|0x1a2ecc05
17:49:59.0 (9354584)|STATEMENT_EXECUTE|[25]
17:49:59.0 (9363992)|SYSTEM_MODE_EXIT|false
17:49:59.9 (9390076)|CUMULATIVE_LIMIT_USAGE
17:49:59.9 (9390076)|LIMIT_USAGE_FOR_NS|(default)|
  Number of SOQL queries: 1 out of 100
  Number of query rows: 12 out of 50000
  Number of SOSL queries: 0 out of 20
  Number of DML statements: 0 out of 150
  Number of DML rows: 0 out of 10000
  Maximum CPU time: 0 out of 10000
  Maximum heap size: 0 out of 6000000
  Number of callouts: 0 out of 100
  Number of Email Invocations: 0 out of 10
  Number of future calls: 0 out of 50
  Number of queueable jobs added to the queue: 0 out of 50
  Number of Mobile Apex push calls: 0 out of 10

17:49:59.9 (9390076)|CUMULATIVE_LIMIT_USAGE_END

17:49:59.0 (9421382)|CODE_UNIT_FINISHED|CompensationsController.getCompensations(String, String)
17:49:59.0 (9778216)|CODE_UNIT_FINISHED|Aura
17:49:59.0 (10834734)|EXECUTION_FINISHED
