43.0 APEX_CODE,FINEST;APEX_PROFILING,INFO;CALLOUT,INFO;DB,INFO;NBA,INFO;SYSTEM,DEBUG;VALIDATION,INFO;VISUALFORCE,INFO;WAVE,INFO;WORKFLOW,INFO
16:15:18.0 (81404)|USER_INFO|[EXTERNAL]|005f2000008Qgef|gabriel.arce@salesforce.com|Argentine Time|GMT-03:00
16:15:18.0 (114114)|EXECUTION_STARTED
16:15:18.0 (118511)|CODE_UNIT_STARTED|[EXTERNAL]|Aura
16:15:18.0 (1533100)|CODE_UNIT_STARTED|[EXTERNAL]|01pf2000002PUqf|CompensationsController.getRecordTypes()
16:15:18.0 (1633502)|HEAP_ALLOCATE|[72]|Bytes:3
16:15:18.0 (1666554)|HEAP_ALLOCATE|[77]|Bytes:152
16:15:18.0 (1678019)|HEAP_ALLOCATE|[342]|Bytes:408
16:15:18.0 (1690393)|HEAP_ALLOCATE|[355]|Bytes:408
16:15:18.0 (1701488)|HEAP_ALLOCATE|[467]|Bytes:48
16:15:18.0 (1720928)|HEAP_ALLOCATE|[139]|Bytes:6
16:15:18.0 (1786355)|HEAP_ALLOCATE|[EXTERNAL]|Bytes:7
16:15:18.0 (1792630)|HEAP_ALLOCATE|[EXTERNAL]|Bytes:3
16:15:18.0 (1801914)|METHOD_ENTRY|[1]|01pf2000002PUqf|CompensationsController.CompensationsController()
16:15:18.0 (1808004)|STATEMENT_EXECUTE|[1]
16:15:18.0 (1813298)|STATEMENT_EXECUTE|[1]
16:15:18.0 (1843127)|HEAP_ALLOCATE|[50]|Bytes:5
16:15:18.0 (1865355)|HEAP_ALLOCATE|[56]|Bytes:5
16:15:18.0 (1882649)|HEAP_ALLOCATE|[64]|Bytes:7
16:15:18.0 (1907927)|SYSTEM_MODE_ENTER|false
16:15:18.0 (1920740)|HEAP_ALLOCATE|[EXTERNAL]|Bytes:5
16:15:18.0 (1927569)|SYSTEM_MODE_EXIT|false
16:15:18.0 (1936309)|METHOD_EXIT|[1]|CompensationsController
16:15:18.0 (1944339)|SYSTEM_MODE_ENTER|false
16:15:18.0 (1954119)|HEAP_ALLOCATE|[28]|Bytes:5
16:15:18.0 (1960263)|STATEMENT_EXECUTE|[27]
16:15:18.0 (1962895)|STATEMENT_EXECUTE|[28]
16:15:18.0 (1967013)|HEAP_ALLOCATE|[28]|Bytes:74
16:15:18.0 (1982631)|HEAP_ALLOCATE|[28]|Bytes:4
16:15:18.0 (2187567)|SOQL_EXECUTE_BEGIN|[28]|Aggregations:0|SELECT DeveloperName FROM RecordType WHERE SobjectType = 'Compensation__c'
16:15:18.0 (8831931)|SOQL_EXECUTE_END|[28]|Rows:3
16:15:18.0 (8855790)|HEAP_ALLOCATE|[28]|Bytes:16
16:15:18.0 (8877310)|HEAP_ALLOCATE|[28]|Bytes:157
16:15:18.0 (8980526)|HEAP_ALLOCATE|[28]|Bytes:16
16:15:18.0 (8997845)|VARIABLE_SCOPE_BEGIN|[28]|recordTypesCompensation|List<RecordType>|true|false
16:15:18.0 (9044992)|VARIABLE_ASSIGNMENT|[28]|recordTypesCompensation|[{"DeveloperName":"Research","Id":"012f2000000qOq6AAE"},{"DeveloperName":"Salary","Id":"012f2000000qOpwAAE"},{"DeveloperName":"Study","Id":"012f2000000qOq1AAE"}]|0x8514b77
16:15:18.0 (9054965)|STATEMENT_EXECUTE|[30]
16:15:18.0 (9068523)|HEAP_ALLOCATE|[30]|Bytes:4
16:15:18.0 (9104975)|VARIABLE_SCOPE_BEGIN|[30]|nameList|List<String>|true|false
16:15:18.0 (9129271)|HEAP_ALLOCATE|[EXTERNAL]|Bytes:4
16:15:18.0 (9140110)|VARIABLE_ASSIGNMENT|[30]|nameList|[]|0x77efe025
16:15:18.0 (9145814)|STATEMENT_EXECUTE|[31]
16:15:18.0 (9150746)|HEAP_ALLOCATE|[31]|Bytes:3
16:15:18.0 (9193791)|HEAP_ALLOCATE|[EXTERNAL]|Bytes:4
16:15:18.0 (9383585)|HEAP_ALLOCATE|[33]|Bytes:5
16:15:18.0 (9417635)|HEAP_ALLOCATE|[33]|Bytes:12
16:15:18.0 (9428951)|VARIABLE_SCOPE_BEGIN|[33]|r|RecordType|true|false
16:15:18.0 (9448171)|VARIABLE_ASSIGNMENT|[33]|r|{"DeveloperName":"Research","Id":"012f2000000qOq6AAE"}|0x4e4b4166
16:15:18.0 (9454941)|STATEMENT_EXECUTE|[33]
16:15:18.0 (9456741)|STATEMENT_EXECUTE|[35]
16:15:18.0 (9504199)|HEAP_ALLOCATE|[EXTERNAL]|Bytes:4
16:15:18.0 (9520200)|HEAP_ALLOCATE|[33]|Bytes:5
16:15:18.0 (9530632)|HEAP_ALLOCATE|[33]|Bytes:12
16:15:18.0 (9536891)|VARIABLE_SCOPE_BEGIN|[33]|r|RecordType|true|false
16:15:18.0 (9551889)|VARIABLE_ASSIGNMENT|[33]|r|{"DeveloperName":"Salary","Id":"012f2000000qOpwAAE"}|0x462d7e42
16:15:18.0 (9557739)|STATEMENT_EXECUTE|[33]
16:15:18.0 (9559400)|STATEMENT_EXECUTE|[35]
16:15:18.0 (9570022)|HEAP_ALLOCATE|[EXTERNAL]|Bytes:4
16:15:18.0 (9581079)|HEAP_ALLOCATE|[33]|Bytes:5
16:15:18.0 (9589442)|HEAP_ALLOCATE|[33]|Bytes:12
16:15:18.0 (9594274)|VARIABLE_SCOPE_BEGIN|[33]|r|RecordType|true|false
16:15:18.0 (9607054)|VARIABLE_ASSIGNMENT|[33]|r|{"DeveloperName":"Study","Id":"012f2000000qOq1AAE"}|0x2bc4d9e1
16:15:18.0 (9612268)|STATEMENT_EXECUTE|[33]
16:15:18.0 (9613978)|STATEMENT_EXECUTE|[35]
16:15:18.0 (9621541)|HEAP_ALLOCATE|[EXTERNAL]|Bytes:4
16:15:18.0 (9631669)|HEAP_ALLOCATE|[33]|Bytes:5
16:15:18.0 (9641771)|VARIABLE_ASSIGNMENT|[33]|r|null|
16:15:18.0 (9646803)|STATEMENT_EXECUTE|[37]
16:15:18.0 (9656887)|SYSTEM_MODE_EXIT|false
16:15:18.9 (9685942)|CUMULATIVE_LIMIT_USAGE
16:15:18.9 (9685942)|LIMIT_USAGE_FOR_NS|(default)|
  Number of SOQL queries: 1 out of 100
  Number of query rows: 3 out of 50000
  Number of SOSL queries: 0 out of 20
  Number of DML statements: 0 out of 150
  Number of DML rows: 0 out of 10000
  Maximum CPU time: 0 out of 10000
  Maximum heap size: 0 out of 6000000
  Number of callouts: 0 out of 100
  Number of Email Invocations: 0 out of 10
  Number of future calls: 0 out of 50
  Number of queueable jobs added to the queue: 0 out of 50
  Number of Mobile Apex push calls: 0 out of 10

16:15:18.9 (9685942)|CUMULATIVE_LIMIT_USAGE_END

16:15:18.0 (9722321)|CODE_UNIT_FINISHED|CompensationsController.getRecordTypes()
16:15:18.0 (9786920)|CODE_UNIT_FINISHED|Aura
16:15:18.0 (11090185)|EXECUTION_FINISHED
