43.0 APEX_CODE,FINEST;APEX_PROFILING,INFO;CALLOUT,INFO;DB,INFO;NBA,INFO;SYSTEM,DEBUG;VALIDATION,INFO;VISUALFORCE,INFO;WAVE,INFO;WORKFLOW,INFO
19:16:22.0 (350044)|USER_INFO|[EXTERNAL]|005f2000008Qgef|gabriel.arce@salesforce.com|Argentine Time|GMT-03:00
19:16:22.0 (569026)|EXECUTION_STARTED
19:16:22.0 (575127)|CODE_UNIT_STARTED|[EXTERNAL]|01pf2000002ParU|TestTriggerCompensation.TestDeleteSubmittedCompensation()
19:16:22.0 (883451)|HEAP_ALLOCATE|[72]|Bytes:3
19:16:22.0 (940138)|HEAP_ALLOCATE|[77]|Bytes:152
19:16:22.0 (957661)|HEAP_ALLOCATE|[342]|Bytes:408
19:16:22.0 (971843)|HEAP_ALLOCATE|[355]|Bytes:408
19:16:22.0 (983257)|HEAP_ALLOCATE|[467]|Bytes:48
19:16:22.0 (1010876)|HEAP_ALLOCATE|[139]|Bytes:6
19:16:22.0 (1028754)|HEAP_ALLOCATE|[EXTERNAL]|Bytes:80
19:16:22.0 (1077995)|METHOD_ENTRY|[2]|01pf2000002ParU|TestTriggerCompensation.TestTriggerCompensation()
19:16:22.0 (1084709)|STATEMENT_EXECUTE|[2]
19:16:22.0 (1089982)|STATEMENT_EXECUTE|[2]
19:16:22.0 (1102023)|METHOD_EXIT|[2]|TestTriggerCompensation
19:16:22.0 (1235618)|HEAP_ALLOCATE|[50]|Bytes:5
19:16:22.0 (1264202)|HEAP_ALLOCATE|[56]|Bytes:5
19:16:22.0 (1272728)|HEAP_ALLOCATE|[64]|Bytes:7
19:16:22.0 (1320370)|STATEMENT_EXECUTE|[42]
19:16:22.0 (1322952)|STATEMENT_EXECUTE|[44]
19:16:22.0 (1326240)|HEAP_ALLOCATE|[44]|Bytes:81
19:16:22.0 (1364544)|HEAP_ALLOCATE|[44]|Bytes:4
19:16:22.0 (1696334)|SOQL_EXECUTE_BEGIN|[44]|Aggregations:0|SELECT id, Submitted__c, Status__c FROM Compensation__c WHERE Submitted__c = TRUE
19:16:22.0 (6006456)|SOQL_EXECUTE_END|[44]|Rows:0
19:16:22.0 (6035312)|HEAP_ALLOCATE|[44]|Bytes:4
19:16:22.0 (6049911)|HEAP_ALLOCATE|[44]|Bytes:0
19:16:22.0 (6174760)|HEAP_ALLOCATE|[44]|Bytes:4
19:16:22.0 (6192182)|VARIABLE_SCOPE_BEGIN|[44]|compensations|List<Compensation__c>|true|false
19:16:22.0 (6326492)|VARIABLE_ASSIGNMENT|[44]|compensations|[]|0x50f56d06
19:16:22.0 (6334806)|STATEMENT_EXECUTE|[47]
19:16:22.0 (6368993)|HEAP_ALLOCATE|[47]|Bytes:70
19:16:22.0 (6383105)|SYSTEM_METHOD_ENTRY|[1]|Test.Test()
19:16:22.0 (6387346)|STATEMENT_EXECUTE|[1]
19:16:22.0 (6394791)|SYSTEM_METHOD_EXIT|[1]|Test
19:16:22.0 (6435796)|METHOD_ENTRY|[47]||System.Test.startTest()
19:16:22.0 (7698296)|METHOD_EXIT|[47]||System.Test.startTest()
19:16:22.0 (7712683)|STATEMENT_EXECUTE|[49]
19:16:22.0 (7869423)|HEAP_ALLOCATE|[49]|Bytes:31
19:16:22.0 (7986255)|FATAL_ERROR|System.ListException: List index out of bounds: 0

Class.TestTriggerCompensation.TestDeleteSubmittedCompensation: line 49, column 1
19:16:22.0 (7998944)|FATAL_ERROR|System.ListException: List index out of bounds: 0

Class.TestTriggerCompensation.TestDeleteSubmittedCompensation: line 49, column 1
19:16:22.8 (8005063)|CUMULATIVE_LIMIT_USAGE
19:16:22.8 (8005063)|LIMIT_USAGE_FOR_NS|(default)|
  Number of SOQL queries: 1 out of 100
  Number of query rows: 0 out of 50000
  Number of SOSL queries: 0 out of 20
  Number of DML statements: 0 out of 150
  Number of DML rows: 0 out of 10000
  Maximum CPU time: 0 out of 10000
  Maximum heap size: 0 out of 6000000
  Number of callouts: 0 out of 100
  Number of Email Invocations: 0 out of 10
  Number of future calls: 0 out of 50
  Number of queueable jobs added to the queue: 0 out of 50
  Number of Mobile Apex push calls: 0 out of 10

19:16:22.8 (8005063)|TESTING_LIMITS
19:16:22.8 (8005063)|LIMIT_USAGE_FOR_NS|(default)|
  Number of SOQL queries: 0 out of 100
  Number of query rows: 0 out of 50000
  Number of SOSL queries: 0 out of 20
  Number of DML statements: 0 out of 150
  Number of DML rows: 0 out of 10000
  Maximum CPU time: 0 out of 10000
  Maximum heap size: 0 out of 6000000
  Number of callouts: 0 out of 100
  Number of Email Invocations: 0 out of 10
  Number of future calls: 0 out of 50
  Number of queueable jobs added to the queue: 0 out of 50
  Number of Mobile Apex push calls: 0 out of 10

19:16:22.8 (8005063)|CUMULATIVE_LIMIT_USAGE_END

19:16:22.0 (8041980)|CODE_UNIT_FINISHED|TestTriggerCompensation.TestDeleteSubmittedCompensation()
19:16:22.0 (8755539)|EXECUTION_FINISHED
19:16:22.36 (36018407)|USER_INFO|[EXTERNAL]|005f2000008Qgef|gabriel.arce@salesforce.com|Argentine Time|GMT-03:00
19:16:22.36 (36042607)|EXECUTION_STARTED
19:16:22.36 (36047943)|CODE_UNIT_STARTED|[EXTERNAL]|01pf2000002ParU|TestTriggerCompensation.TestDeleteunSubmittedCompensation()
19:16:22.36 (36212757)|HEAP_ALLOCATE|[72]|Bytes:3
19:16:22.36 (36256558)|HEAP_ALLOCATE|[77]|Bytes:152
19:16:22.36 (36274174)|HEAP_ALLOCATE|[342]|Bytes:408
19:16:22.36 (36288877)|HEAP_ALLOCATE|[355]|Bytes:408
19:16:22.36 (36301340)|HEAP_ALLOCATE|[467]|Bytes:48
19:16:22.36 (36325872)|HEAP_ALLOCATE|[139]|Bytes:6
19:16:22.36 (36341697)|HEAP_ALLOCATE|[EXTERNAL]|Bytes:80
19:16:22.36 (36354180)|METHOD_ENTRY|[2]|01pf2000002ParU|TestTriggerCompensation.TestTriggerCompensation()
19:16:22.36 (36360486)|STATEMENT_EXECUTE|[2]
19:16:22.36 (36366223)|STATEMENT_EXECUTE|[2]
19:16:22.36 (36370513)|METHOD_EXIT|[2]|TestTriggerCompensation
19:16:22.36 (36475782)|HEAP_ALLOCATE|[50]|Bytes:5
19:16:22.36 (36503087)|HEAP_ALLOCATE|[56]|Bytes:5
19:16:22.36 (36513363)|HEAP_ALLOCATE|[64]|Bytes:7
19:16:22.36 (36554671)|STATEMENT_EXECUTE|[62]
19:16:22.36 (36556928)|STATEMENT_EXECUTE|[64]
19:16:22.36 (36560439)|HEAP_ALLOCATE|[64]|Bytes:81
19:16:22.36 (36584434)|HEAP_ALLOCATE|[64]|Bytes:4
19:16:22.36 (36854869)|SOQL_EXECUTE_BEGIN|[64]|Aggregations:0|SELECT id, Submitted__c, Status__c FROM Compensation__c WHERE Submitted__c = TRUE
19:16:22.36 (39638390)|SOQL_EXECUTE_END|[64]|Rows:0
19:16:22.36 (39666397)|HEAP_ALLOCATE|[64]|Bytes:4
19:16:22.36 (39680134)|HEAP_ALLOCATE|[64]|Bytes:0
19:16:22.36 (39732103)|HEAP_ALLOCATE|[64]|Bytes:4
19:16:22.36 (39746676)|VARIABLE_SCOPE_BEGIN|[64]|compensations|List<Compensation__c>|true|false
19:16:22.36 (39779465)|VARIABLE_ASSIGNMENT|[64]|compensations|[]|0x5e51df0e
19:16:22.36 (39786942)|STATEMENT_EXECUTE|[66]
19:16:22.36 (39801675)|HEAP_ALLOCATE|[66]|Bytes:70
19:16:22.36 (39814313)|SYSTEM_METHOD_ENTRY|[1]|Test.Test()
19:16:22.36 (39818154)|STATEMENT_EXECUTE|[1]
19:16:22.36 (39826603)|SYSTEM_METHOD_EXIT|[1]|Test
19:16:22.36 (39842008)|METHOD_ENTRY|[66]||System.Test.startTest()
19:16:22.36 (41123378)|METHOD_EXIT|[66]||System.Test.startTest()
19:16:22.36 (41132481)|STATEMENT_EXECUTE|[68]
19:16:22.36 (41221548)|HEAP_ALLOCATE|[68]|Bytes:31
19:16:22.36 (41402111)|FATAL_ERROR|System.ListException: List index out of bounds: 0

Class.TestTriggerCompensation.TestDeleteunSubmittedCompensation: line 68, column 1
19:16:22.36 (41429304)|FATAL_ERROR|System.ListException: List index out of bounds: 0

Class.TestTriggerCompensation.TestDeleteunSubmittedCompensation: line 68, column 1
19:16:22.41 (41444352)|CUMULATIVE_LIMIT_USAGE
19:16:22.41 (41444352)|LIMIT_USAGE_FOR_NS|(default)|
  Number of SOQL queries: 1 out of 100
  Number of query rows: 0 out of 50000
  Number of SOSL queries: 0 out of 20
  Number of DML statements: 0 out of 150
  Number of DML rows: 0 out of 10000
  Maximum CPU time: 0 out of 10000
  Maximum heap size: 0 out of 6000000
  Number of callouts: 0 out of 100
  Number of Email Invocations: 0 out of 10
  Number of future calls: 0 out of 50
  Number of queueable jobs added to the queue: 0 out of 50
  Number of Mobile Apex push calls: 0 out of 10

19:16:22.41 (41444352)|TESTING_LIMITS
19:16:22.41 (41444352)|LIMIT_USAGE_FOR_NS|(default)|
  Number of SOQL queries: 0 out of 100
  Number of query rows: 0 out of 50000
  Number of SOSL queries: 0 out of 20
  Number of DML statements: 0 out of 150
  Number of DML rows: 0 out of 10000
  Maximum CPU time: 0 out of 10000
  Maximum heap size: 0 out of 6000000
  Number of callouts: 0 out of 100
  Number of Email Invocations: 0 out of 10
  Number of future calls: 0 out of 50
  Number of queueable jobs added to the queue: 0 out of 50
  Number of Mobile Apex push calls: 0 out of 10

19:16:22.41 (41444352)|CUMULATIVE_LIMIT_USAGE_END

19:16:22.36 (41479330)|CODE_UNIT_FINISHED|TestTriggerCompensation.TestDeleteunSubmittedCompensation()
19:16:22.36 (42231352)|EXECUTION_FINISHED
19:16:22.51 (51658519)|USER_INFO|[EXTERNAL]|005f2000008Qgef|gabriel.arce@salesforce.com|Argentine Time|GMT-03:00
19:16:22.51 (51676028)|EXECUTION_STARTED
19:16:22.51 (51680686)|CODE_UNIT_STARTED|[EXTERNAL]|01pf2000002ParU|TestTriggerCompensation.TestModifySubmittedCompensation()
19:16:22.51 (51815206)|HEAP_ALLOCATE|[72]|Bytes:3
19:16:22.51 (51849363)|HEAP_ALLOCATE|[77]|Bytes:152
19:16:22.51 (51865245)|HEAP_ALLOCATE|[342]|Bytes:408
19:16:22.51 (51878805)|HEAP_ALLOCATE|[355]|Bytes:408
19:16:22.51 (51889935)|HEAP_ALLOCATE|[467]|Bytes:48
19:16:22.51 (51914714)|HEAP_ALLOCATE|[139]|Bytes:6
19:16:22.51 (51930480)|HEAP_ALLOCATE|[EXTERNAL]|Bytes:80
19:16:22.51 (51940230)|METHOD_ENTRY|[2]|01pf2000002ParU|TestTriggerCompensation.TestTriggerCompensation()
19:16:22.51 (51945396)|STATEMENT_EXECUTE|[2]
19:16:22.51 (51949376)|STATEMENT_EXECUTE|[2]
19:16:22.51 (51953029)|METHOD_EXIT|[2]|TestTriggerCompensation
19:16:22.51 (52090374)|HEAP_ALLOCATE|[50]|Bytes:5
19:16:22.51 (52116371)|HEAP_ALLOCATE|[56]|Bytes:5
19:16:22.51 (52124619)|HEAP_ALLOCATE|[64]|Bytes:7
19:16:22.51 (52156925)|STATEMENT_EXECUTE|[4]
19:16:22.51 (52159192)|STATEMENT_EXECUTE|[6]
19:16:22.51 (52161628)|HEAP_ALLOCATE|[6]|Bytes:81
19:16:22.51 (52184704)|HEAP_ALLOCATE|[6]|Bytes:4
19:16:22.51 (52428044)|SOQL_EXECUTE_BEGIN|[6]|Aggregations:0|SELECT id, Submitted__c, Status__c FROM Compensation__c WHERE Submitted__c = TRUE
19:16:22.51 (54782666)|SOQL_EXECUTE_END|[6]|Rows:0
19:16:22.51 (54811935)|HEAP_ALLOCATE|[6]|Bytes:4
19:16:22.51 (54827105)|HEAP_ALLOCATE|[6]|Bytes:0
19:16:22.51 (54872922)|HEAP_ALLOCATE|[6]|Bytes:4
19:16:22.51 (54885450)|VARIABLE_SCOPE_BEGIN|[6]|compensations|List<Compensation__c>|true|false
19:16:22.51 (54918766)|VARIABLE_ASSIGNMENT|[6]|compensations|[]|0x21b5858d
19:16:22.51 (54926290)|STATEMENT_EXECUTE|[7]
19:16:22.51 (54929874)|HEAP_ALLOCATE|[7]|Bytes:6
19:16:22.51 (55016881)|HEAP_ALLOCATE|[7]|Bytes:31
19:16:22.51 (55141505)|FATAL_ERROR|System.ListException: List index out of bounds: 0

Class.TestTriggerCompensation.TestModifySubmittedCompensation: line 7, column 1
19:16:22.51 (55153972)|FATAL_ERROR|System.ListException: List index out of bounds: 0

Class.TestTriggerCompensation.TestModifySubmittedCompensation: line 7, column 1
19:16:22.55 (55159812)|CUMULATIVE_LIMIT_USAGE
19:16:22.55 (55159812)|LIMIT_USAGE_FOR_NS|(default)|
  Number of SOQL queries: 1 out of 100
  Number of query rows: 0 out of 50000
  Number of SOSL queries: 0 out of 20
  Number of DML statements: 0 out of 150
  Number of DML rows: 0 out of 10000
  Maximum CPU time: 0 out of 10000
  Maximum heap size: 0 out of 6000000
  Number of callouts: 0 out of 100
  Number of Email Invocations: 0 out of 10
  Number of future calls: 0 out of 50
  Number of queueable jobs added to the queue: 0 out of 50
  Number of Mobile Apex push calls: 0 out of 10

19:16:22.55 (55159812)|CUMULATIVE_LIMIT_USAGE_END

19:16:22.51 (55189040)|CODE_UNIT_FINISHED|TestTriggerCompensation.TestModifySubmittedCompensation()
19:16:22.51 (56326175)|EXECUTION_FINISHED
19:16:22.66 (66919632)|USER_INFO|[EXTERNAL]|005f2000008Qgef|gabriel.arce@salesforce.com|Argentine Time|GMT-03:00
19:16:22.66 (66945436)|EXECUTION_STARTED
19:16:22.66 (66951964)|CODE_UNIT_STARTED|[EXTERNAL]|01pf2000002ParU|TestTriggerCompensation.TestModifyunSubmittedCompensation()
19:16:22.66 (67142263)|HEAP_ALLOCATE|[72]|Bytes:3
19:16:22.66 (67189769)|HEAP_ALLOCATE|[77]|Bytes:152
19:16:22.66 (67207381)|HEAP_ALLOCATE|[342]|Bytes:408
19:16:22.66 (67222015)|HEAP_ALLOCATE|[355]|Bytes:408
19:16:22.66 (67234361)|HEAP_ALLOCATE|[467]|Bytes:48
19:16:22.66 (67259808)|HEAP_ALLOCATE|[139]|Bytes:6
19:16:22.66 (67275294)|HEAP_ALLOCATE|[EXTERNAL]|Bytes:80
19:16:22.66 (67286867)|METHOD_ENTRY|[2]|01pf2000002ParU|TestTriggerCompensation.TestTriggerCompensation()
19:16:22.66 (67293040)|STATEMENT_EXECUTE|[2]
19:16:22.66 (67298866)|STATEMENT_EXECUTE|[2]
19:16:22.66 (67303390)|METHOD_EXIT|[2]|TestTriggerCompensation
19:16:22.66 (67413281)|HEAP_ALLOCATE|[50]|Bytes:5
19:16:22.66 (67445928)|HEAP_ALLOCATE|[56]|Bytes:5
19:16:22.66 (67454757)|HEAP_ALLOCATE|[64]|Bytes:7
19:16:22.66 (67496621)|STATEMENT_EXECUTE|[24]
19:16:22.66 (67498903)|STATEMENT_EXECUTE|[26]
19:16:22.66 (67501762)|HEAP_ALLOCATE|[26]|Bytes:82
19:16:22.66 (67527166)|HEAP_ALLOCATE|[26]|Bytes:4
19:16:22.66 (67805682)|SOQL_EXECUTE_BEGIN|[26]|Aggregations:0|SELECT id, Submitted__c, Status__c FROM Compensation__c WHERE Submitted__c = FALSE
19:16:22.66 (70159940)|SOQL_EXECUTE_END|[26]|Rows:0
19:16:22.66 (70186357)|HEAP_ALLOCATE|[26]|Bytes:4
19:16:22.66 (70200734)|HEAP_ALLOCATE|[26]|Bytes:0
19:16:22.66 (70254972)|HEAP_ALLOCATE|[26]|Bytes:4
19:16:22.66 (70268730)|VARIABLE_SCOPE_BEGIN|[26]|compensations|List<Compensation__c>|true|false
19:16:22.66 (70300523)|VARIABLE_ASSIGNMENT|[26]|compensations|[]|0x4a51f9a5
19:16:22.66 (70307634)|STATEMENT_EXECUTE|[27]
19:16:22.66 (70311133)|HEAP_ALLOCATE|[27]|Bytes:6
19:16:22.66 (70404217)|HEAP_ALLOCATE|[27]|Bytes:31
19:16:22.66 (70504221)|FATAL_ERROR|System.ListException: List index out of bounds: 0

Class.TestTriggerCompensation.TestModifyunSubmittedCompensation: line 27, column 1
19:16:22.66 (70517804)|FATAL_ERROR|System.ListException: List index out of bounds: 0

Class.TestTriggerCompensation.TestModifyunSubmittedCompensation: line 27, column 1
19:16:22.70 (70523538)|CUMULATIVE_LIMIT_USAGE
19:16:22.70 (70523538)|LIMIT_USAGE_FOR_NS|(default)|
  Number of SOQL queries: 1 out of 100
  Number of query rows: 0 out of 50000
  Number of SOSL queries: 0 out of 20
  Number of DML statements: 0 out of 150
  Number of DML rows: 0 out of 10000
  Maximum CPU time: 0 out of 10000
  Maximum heap size: 0 out of 6000000
  Number of callouts: 0 out of 100
  Number of Email Invocations: 0 out of 10
  Number of future calls: 0 out of 50
  Number of queueable jobs added to the queue: 0 out of 50
  Number of Mobile Apex push calls: 0 out of 10

19:16:22.70 (70523538)|CUMULATIVE_LIMIT_USAGE_END

19:16:22.66 (70552492)|CODE_UNIT_FINISHED|TestTriggerCompensation.TestModifyunSubmittedCompensation()
19:16:22.66 (71459051)|EXECUTION_FINISHED
