43.0 APEX_CODE,FINEST;APEX_PROFILING,INFO;CALLOUT,INFO;DB,INFO;NBA,INFO;SYSTEM,DEBUG;VALIDATION,INFO;VISUALFORCE,INFO;WAVE,INFO;WORKFLOW,INFO
16:14:58.0 (57875)|USER_INFO|[EXTERNAL]|005f2000008Qgef|gabriel.arce@salesforce.com|Argentine Time|GMT-03:00
16:14:58.0 (90070)|EXECUTION_STARTED
16:14:58.0 (94251)|CODE_UNIT_STARTED|[EXTERNAL]|Aura
16:14:58.0 (731818)|HEAP_ALLOCATE|[72]|Bytes:3
16:14:58.0 (777239)|HEAP_ALLOCATE|[77]|Bytes:152
16:14:58.0 (795701)|HEAP_ALLOCATE|[342]|Bytes:408
16:14:58.0 (817453)|HEAP_ALLOCATE|[355]|Bytes:408
16:14:58.0 (837099)|HEAP_ALLOCATE|[467]|Bytes:48
16:14:58.0 (865107)|HEAP_ALLOCATE|[139]|Bytes:6
16:14:58.0 (888901)|HEAP_ALLOCATE|[EXTERNAL]|Bytes:3
16:14:58.0 (898676)|HEAP_ALLOCATE|[EXTERNAL]|Bytes:3
16:14:58.0 (1686229)|CODE_UNIT_STARTED|[EXTERNAL]|01pf2000002PUqf|CompensationsController.getCompensations(String)
16:14:58.0 (1804209)|HEAP_ALLOCATE|[EXTERNAL]|Bytes:7
16:14:58.0 (1812249)|HEAP_ALLOCATE|[EXTERNAL]|Bytes:3
16:14:58.0 (1820820)|METHOD_ENTRY|[1]|01pf2000002PUqf|CompensationsController.CompensationsController()
16:14:58.0 (1826210)|STATEMENT_EXECUTE|[1]
16:14:58.0 (1829716)|STATEMENT_EXECUTE|[1]
16:14:58.0 (1858251)|HEAP_ALLOCATE|[50]|Bytes:5
16:14:58.0 (1876755)|HEAP_ALLOCATE|[56]|Bytes:5
16:14:58.0 (1884438)|HEAP_ALLOCATE|[64]|Bytes:7
16:14:58.0 (1900574)|SYSTEM_MODE_ENTER|false
16:14:58.0 (1909113)|HEAP_ALLOCATE|[EXTERNAL]|Bytes:5
16:14:58.0 (1915270)|SYSTEM_MODE_EXIT|false
16:14:58.0 (1922640)|METHOD_EXIT|[1]|CompensationsController
16:14:58.0 (1927469)|HEAP_ALLOCATE|[EXTERNAL]|Bytes:3
16:14:58.0 (1933167)|SYSTEM_MODE_ENTER|false
16:14:58.0 (1941091)|VARIABLE_SCOPE_BEGIN|[5]|recordType|String|false|false
16:14:58.0 (1965927)|VARIABLE_ASSIGNMENT|[5]|recordType|"All"
16:14:58.0 (1976068)|HEAP_ALLOCATE|[7]|Bytes:5
16:14:58.0 (1980783)|STATEMENT_EXECUTE|[5]
16:14:58.0 (1982535)|STATEMENT_EXECUTE|[7]
16:14:58.0 (1984837)|HEAP_ALLOCATE|[7]|Bytes:21
16:14:58.0 (2022770)|USER_DEBUG|[7]|DEBUG|Accesing to the list 
16:14:58.0 (2034496)|STATEMENT_EXECUTE|[8]
16:14:58.0 (2036922)|HEAP_ALLOCATE|[8]|Bytes:6
16:14:58.0 (2046948)|HEAP_ALLOCATE|[8]|Bytes:9
16:14:58.0 (2058883)|USER_DEBUG|[8]|DEBUG|Llegó:All
16:14:58.0 (2072894)|HEAP_ALLOCATE|[9]|Bytes:3
16:14:58.0 (2089319)|STATEMENT_EXECUTE|[9]
16:14:58.0 (2090930)|STATEMENT_EXECUTE|[11]
16:14:58.0 (2093055)|HEAP_ALLOCATE|[11]|Bytes:178
16:14:58.0 (2105826)|HEAP_ALLOCATE|[11]|Bytes:4
16:14:58.0 (2696533)|SOQL_EXECUTE_BEGIN|[11]|Aggregations:0|SELECT Id, Name, Contact__r.Name, Contact__r.Birthdate, Job_Category__c, RecordType.DeveloperName, Amount__c, Location__c, Office__c, Submitted__c, Status__C FROM Compensation__c
16:14:58.0 (8871240)|SOQL_EXECUTE_END|[11]|Rows:12
16:14:58.0 (8892255)|HEAP_ALLOCATE|[11]|Bytes:52
16:14:58.0 (8980729)|HEAP_ALLOCATE|[11]|Bytes:3535
16:14:58.0 (9009780)|HEAP_ALLOCATE|[11]|Bytes:52
16:14:58.0 (9027977)|SYSTEM_MODE_EXIT|false
16:14:58.9 (9055373)|CUMULATIVE_LIMIT_USAGE
16:14:58.9 (9055373)|LIMIT_USAGE_FOR_NS|(default)|
  Number of SOQL queries: 1 out of 100
  Number of query rows: 12 out of 50000
  Number of SOSL queries: 0 out of 20
  Number of DML statements: 0 out of 150
  Number of DML rows: 0 out of 10000
  Maximum CPU time: 0 out of 10000
  Maximum heap size: 0 out of 6000000
  Number of callouts: 0 out of 100
  Number of Email Invocations: 0 out of 10
  Number of future calls: 0 out of 50
  Number of queueable jobs added to the queue: 0 out of 50
  Number of Mobile Apex push calls: 0 out of 10

16:14:58.9 (9055373)|CUMULATIVE_LIMIT_USAGE_END

16:14:58.0 (9092436)|CODE_UNIT_FINISHED|CompensationsController.getCompensations(String)
16:14:58.0 (9480723)|CODE_UNIT_FINISHED|Aura
16:14:58.0 (10565349)|EXECUTION_FINISHED
ytes:5
16:14:58.0 (10599775)|HEAP_ALLOCATE|[33]|Bytes:12
16:14:58.0 (10605121)|VARIABLE_SCOPE_BEGIN|[33]|r|RecordType|true|false
16:14:58.0 (10618828)|VARIABLE_ASSIGNMENT|[33]|r|{"DeveloperName":"Study","Id":"012f2000000qOq1AAE"}|0x608d8732
16:14:58.0 (10625094)|STATEMENT_EXECUTE|[33]
16:14:58.0 (10626823)|STATEMENT_EXECUTE|[35]
16:14:58.0 (10634093)|HEAP_ALLOCATE|[EXTERNAL]|Bytes:4
16:14:58.0 (10644260)|HEAP_ALLOCATE|[33]|Bytes:5
16:14:58.0 (10656485)|VARIABLE_ASSIGNMENT|[33]|r|null|
16:14:58.0 (10662495)|STATEMENT_EXECUTE|[37]
16:14:58.0 (10669766)|SYSTEM_MODE_EXIT|false
16:14:58.10 (10690629)|CUMULATIVE_LIMIT_USAGE
16:14:58.10 (10690629)|LIMIT_USAGE_FOR_NS|(default)|
  Number of SOQL queries: 1 out of 100
  Number of query rows: 3 out of 50000
  Number of SOSL queries: 0 out of 20
  Number of DML statements: 0 out of 150
  Number of DML rows: 0 out of 10000
  Maximum CPU time: 0 out of 10000
  Maximum heap size: 0 out of 6000000
  Number of callouts: 0 out of 100
  Number of Email Invocations: 0 out of 10
  Number of future calls: 0 out of 50
  Number of queueable jobs added to the queue: 0 out of 50
  Number of Mobile Apex push calls: 0 out of 10

16:14:58.10 (10690629)|CUMULATIVE_LIMIT_USAGE_END

16:14:58.0 (10713566)|CODE_UNIT_FINISHED|CompensationsController.getRecordTypes()
16:14:58.0 (10767021)|CODE_UNIT_FINISHED|Aura
16:14:58.0 (11889889)|EXECUTION_FINISHED
