43.0 APEX_CODE,FINEST;APEX_PROFILING,INFO;CALLOUT,INFO;DB,INFO;NBA,INFO;SYSTEM,DEBUG;VALIDATION,INFO;VISUALFORCE,INFO;WAVE,INFO;WORKFLOW,INFO
17:03:51.0 (100687)|USER_INFO|[EXTERNAL]|005f2000008Qgef|gabriel.arce@salesforce.com|Argentine Time|GMT-03:00
17:03:51.0 (135104)|EXECUTION_STARTED
17:03:51.0 (139456)|CODE_UNIT_STARTED|[EXTERNAL]|Aura
17:03:51.0 (785918)|HEAP_ALLOCATE|[72]|Bytes:3
17:03:51.0 (842729)|HEAP_ALLOCATE|[77]|Bytes:152
17:03:51.0 (870683)|HEAP_ALLOCATE|[342]|Bytes:408
17:03:51.0 (892075)|HEAP_ALLOCATE|[355]|Bytes:408
17:03:51.0 (904295)|HEAP_ALLOCATE|[467]|Bytes:48
17:03:51.0 (927578)|HEAP_ALLOCATE|[139]|Bytes:6
17:03:51.0 (946707)|HEAP_ALLOCATE|[EXTERNAL]|Bytes:18
17:03:51.0 (954217)|HEAP_ALLOCATE|[EXTERNAL]|Bytes:18
17:03:51.0 (1027871)|HEAP_ALLOCATE|[EXTERNAL]|Bytes:3
17:03:51.0 (1034501)|HEAP_ALLOCATE|[EXTERNAL]|Bytes:3
17:03:51.0 (1804976)|CODE_UNIT_STARTED|[EXTERNAL]|01pf2000002PUqf|CompensationsController.getCompensations(String, String)
17:03:51.0 (1936622)|HEAP_ALLOCATE|[EXTERNAL]|Bytes:7
17:03:51.0 (1944837)|HEAP_ALLOCATE|[EXTERNAL]|Bytes:5
17:03:51.0 (1956274)|METHOD_ENTRY|[1]|01pf2000002PUqf|CompensationsController.CompensationsController()
17:03:51.0 (1962577)|STATEMENT_EXECUTE|[1]
17:03:51.0 (1967325)|STATEMENT_EXECUTE|[1]
17:03:51.0 (2002279)|HEAP_ALLOCATE|[50]|Bytes:5
17:03:51.0 (2025731)|HEAP_ALLOCATE|[56]|Bytes:5
17:03:51.0 (2033259)|HEAP_ALLOCATE|[64]|Bytes:7
17:03:51.0 (2055435)|SYSTEM_MODE_ENTER|false
17:03:51.0 (2068478)|HEAP_ALLOCATE|[EXTERNAL]|Bytes:5
17:03:51.0 (2075862)|SYSTEM_MODE_EXIT|false
17:03:51.0 (2084011)|METHOD_EXIT|[1]|CompensationsController
17:03:51.0 (2089291)|HEAP_ALLOCATE|[EXTERNAL]|Bytes:18
17:03:51.0 (2092794)|HEAP_ALLOCATE|[EXTERNAL]|Bytes:3
17:03:51.0 (2098454)|SYSTEM_MODE_ENTER|false
17:03:51.0 (2106550)|VARIABLE_SCOPE_BEGIN|[5]|contactRecordId|String|false|false
17:03:51.0 (2125200)|VARIABLE_ASSIGNMENT|[5]|contactRecordId|"003f200002PxJqDAAV"
17:03:51.0 (2131084)|VARIABLE_SCOPE_BEGIN|[5]|recordType|String|false|false
17:03:51.0 (2138976)|VARIABLE_ASSIGNMENT|[5]|recordType|"All"
17:03:51.0 (2149852)|HEAP_ALLOCATE|[7]|Bytes:5
17:03:51.0 (2155456)|STATEMENT_EXECUTE|[5]
17:03:51.0 (2157544)|STATEMENT_EXECUTE|[7]
17:03:51.0 (2161467)|HEAP_ALLOCATE|[7]|Bytes:21
17:03:51.0 (2228309)|USER_DEBUG|[7]|DEBUG|Accesing to the list 
17:03:51.0 (2248726)|STATEMENT_EXECUTE|[8]
17:03:51.0 (2253692)|HEAP_ALLOCATE|[8]|Bytes:6
17:03:51.0 (2270084)|HEAP_ALLOCATE|[8]|Bytes:9
17:03:51.0 (2289822)|USER_DEBUG|[8]|DEBUG|Llegó:All
17:03:51.0 (2297773)|STATEMENT_EXECUTE|[9]
17:03:51.0 (2302466)|HEAP_ALLOCATE|[9]|Bytes:24
17:03:51.0 (2313753)|USER_DEBUG|[9]|DEBUG|Llegó:003f200002PxJqDAAV
17:03:51.0 (2322632)|HEAP_ALLOCATE|[10]|Bytes:3
17:03:51.0 (2340711)|STATEMENT_EXECUTE|[10]
17:03:51.0 (2343008)|STATEMENT_EXECUTE|[12]
17:03:51.0 (2346054)|HEAP_ALLOCATE|[12]|Bytes:178
17:03:51.0 (2365271)|HEAP_ALLOCATE|[12]|Bytes:4
17:03:51.0 (3071249)|SOQL_EXECUTE_BEGIN|[12]|Aggregations:0|SELECT Id, Name, Contact__r.Name, Contact__r.Birthdate, Job_Category__c, RecordType.DeveloperName, Amount__c, Location__c, Office__c, Submitted__c, Status__C FROM Compensation__c
17:03:51.0 (10434512)|SOQL_EXECUTE_END|[12]|Rows:12
17:03:51.0 (10479076)|HEAP_ALLOCATE|[12]|Bytes:52
17:03:51.0 (10587857)|HEAP_ALLOCATE|[12]|Bytes:3535
17:03:51.0 (10636456)|HEAP_ALLOCATE|[12]|Bytes:52
17:03:51.0 (10668297)|SYSTEM_MODE_EXIT|false
17:03:51.10 (10707823)|CUMULATIVE_LIMIT_USAGE
17:03:51.10 (10707823)|LIMIT_USAGE_FOR_NS|(default)|
  Number of SOQL queries: 1 out of 100
  Number of query rows: 12 out of 50000
  Number of SOSL queries: 0 out of 20
  Number of DML statements: 0 out of 150
  Number of DML rows: 0 out of 10000
  Maximum CPU time: 0 out of 10000
  Maximum heap size: 0 out of 6000000
  Number of callouts: 0 out of 100
  Number of Email Invocations: 0 out of 10
  Number of future calls: 0 out of 50
  Number of queueable jobs added to the queue: 0 out of 50
  Number of Mobile Apex push calls: 0 out of 10

17:03:51.10 (10707823)|CUMULATIVE_LIMIT_USAGE_END

17:03:51.0 (10750090)|CODE_UNIT_FINISHED|CompensationsController.getCompensations(String, String)
17:03:51.0 (11341224)|CODE_UNIT_FINISHED|Aura
17:03:51.0 (12598653)|EXECUTION_FINISHED
